[2023-06-08T18:28:55.596+0300] {processor.py:157} INFO - Started process (PID=15571) to work on /Users/dogukanulu/opt/anaconda3/lib/python3.9/site-packages/airflow/example_dags/plugins/event_listener.py
[2023-06-08T18:28:55.596+0300] {processor.py:826} INFO - Processing file /Users/dogukanulu/opt/anaconda3/lib/python3.9/site-packages/airflow/example_dags/plugins/event_listener.py for tasks to queue
[2023-06-08T18:28:55.597+0300] {logging_mixin.py:149} INFO - [2023-06-08T18:28:55.597+0300] {dagbag.py:541} INFO - Filling up the DagBag from /Users/dogukanulu/opt/anaconda3/lib/python3.9/site-packages/airflow/example_dags/plugins/event_listener.py
[2023-06-08T18:28:55.597+0300] {processor.py:838} WARNING - No viable dags retrieved from /Users/dogukanulu/opt/anaconda3/lib/python3.9/site-packages/airflow/example_dags/plugins/event_listener.py
[2023-06-08T18:28:55.943+0300] {processor.py:179} INFO - Processing /Users/dogukanulu/opt/anaconda3/lib/python3.9/site-packages/airflow/example_dags/plugins/event_listener.py took 0.348 seconds
[2023-06-08T18:30:27.630+0300] {processor.py:157} INFO - Started process (PID=15697) to work on /Users/dogukanulu/opt/anaconda3/lib/python3.9/site-packages/airflow/example_dags/plugins/event_listener.py
[2023-06-08T18:30:27.631+0300] {processor.py:826} INFO - Processing file /Users/dogukanulu/opt/anaconda3/lib/python3.9/site-packages/airflow/example_dags/plugins/event_listener.py for tasks to queue
[2023-06-08T18:30:27.631+0300] {logging_mixin.py:149} INFO - [2023-06-08T18:30:27.631+0300] {dagbag.py:541} INFO - Filling up the DagBag from /Users/dogukanulu/opt/anaconda3/lib/python3.9/site-packages/airflow/example_dags/plugins/event_listener.py
[2023-06-08T18:30:27.631+0300] {processor.py:838} WARNING - No viable dags retrieved from /Users/dogukanulu/opt/anaconda3/lib/python3.9/site-packages/airflow/example_dags/plugins/event_listener.py
[2023-06-08T18:30:27.978+0300] {processor.py:179} INFO - Processing /Users/dogukanulu/opt/anaconda3/lib/python3.9/site-packages/airflow/example_dags/plugins/event_listener.py took 0.349 seconds
[2023-06-08T18:31:28.741+0300] {processor.py:157} INFO - Started process (PID=15851) to work on /Users/dogukanulu/opt/anaconda3/lib/python3.9/site-packages/airflow/example_dags/plugins/event_listener.py
[2023-06-08T18:31:28.742+0300] {processor.py:826} INFO - Processing file /Users/dogukanulu/opt/anaconda3/lib/python3.9/site-packages/airflow/example_dags/plugins/event_listener.py for tasks to queue
[2023-06-08T18:31:28.743+0300] {logging_mixin.py:149} INFO - [2023-06-08T18:31:28.743+0300] {dagbag.py:541} INFO - Filling up the DagBag from /Users/dogukanulu/opt/anaconda3/lib/python3.9/site-packages/airflow/example_dags/plugins/event_listener.py
[2023-06-08T18:31:28.743+0300] {processor.py:838} WARNING - No viable dags retrieved from /Users/dogukanulu/opt/anaconda3/lib/python3.9/site-packages/airflow/example_dags/plugins/event_listener.py
[2023-06-08T18:31:29.099+0300] {processor.py:179} INFO - Processing /Users/dogukanulu/opt/anaconda3/lib/python3.9/site-packages/airflow/example_dags/plugins/event_listener.py took 0.359 seconds
[2023-06-08T18:32:30.140+0300] {processor.py:157} INFO - Started process (PID=15934) to work on /Users/dogukanulu/opt/anaconda3/lib/python3.9/site-packages/airflow/example_dags/plugins/event_listener.py
[2023-06-08T18:32:30.142+0300] {processor.py:826} INFO - Processing file /Users/dogukanulu/opt/anaconda3/lib/python3.9/site-packages/airflow/example_dags/plugins/event_listener.py for tasks to queue
[2023-06-08T18:32:30.142+0300] {logging_mixin.py:149} INFO - [2023-06-08T18:32:30.142+0300] {dagbag.py:541} INFO - Filling up the DagBag from /Users/dogukanulu/opt/anaconda3/lib/python3.9/site-packages/airflow/example_dags/plugins/event_listener.py
[2023-06-08T18:32:30.143+0300] {processor.py:838} WARNING - No viable dags retrieved from /Users/dogukanulu/opt/anaconda3/lib/python3.9/site-packages/airflow/example_dags/plugins/event_listener.py
[2023-06-08T18:32:30.487+0300] {processor.py:179} INFO - Processing /Users/dogukanulu/opt/anaconda3/lib/python3.9/site-packages/airflow/example_dags/plugins/event_listener.py took 0.347 seconds
[2023-06-08T18:33:31.167+0300] {processor.py:157} INFO - Started process (PID=16016) to work on /Users/dogukanulu/opt/anaconda3/lib/python3.9/site-packages/airflow/example_dags/plugins/event_listener.py
[2023-06-08T18:33:31.168+0300] {processor.py:826} INFO - Processing file /Users/dogukanulu/opt/anaconda3/lib/python3.9/site-packages/airflow/example_dags/plugins/event_listener.py for tasks to queue
[2023-06-08T18:33:31.168+0300] {logging_mixin.py:149} INFO - [2023-06-08T18:33:31.168+0300] {dagbag.py:541} INFO - Filling up the DagBag from /Users/dogukanulu/opt/anaconda3/lib/python3.9/site-packages/airflow/example_dags/plugins/event_listener.py
[2023-06-08T18:33:31.169+0300] {processor.py:838} WARNING - No viable dags retrieved from /Users/dogukanulu/opt/anaconda3/lib/python3.9/site-packages/airflow/example_dags/plugins/event_listener.py
[2023-06-08T18:33:31.517+0300] {processor.py:179} INFO - Processing /Users/dogukanulu/opt/anaconda3/lib/python3.9/site-packages/airflow/example_dags/plugins/event_listener.py took 0.351 seconds
[2023-06-08T18:34:36.252+0300] {processor.py:157} INFO - Started process (PID=16103) to work on /Users/dogukanulu/opt/anaconda3/lib/python3.9/site-packages/airflow/example_dags/plugins/event_listener.py
[2023-06-08T18:34:36.253+0300] {processor.py:826} INFO - Processing file /Users/dogukanulu/opt/anaconda3/lib/python3.9/site-packages/airflow/example_dags/plugins/event_listener.py for tasks to queue
[2023-06-08T18:34:36.253+0300] {logging_mixin.py:149} INFO - [2023-06-08T18:34:36.253+0300] {dagbag.py:541} INFO - Filling up the DagBag from /Users/dogukanulu/opt/anaconda3/lib/python3.9/site-packages/airflow/example_dags/plugins/event_listener.py
[2023-06-08T18:34:36.254+0300] {processor.py:838} WARNING - No viable dags retrieved from /Users/dogukanulu/opt/anaconda3/lib/python3.9/site-packages/airflow/example_dags/plugins/event_listener.py
[2023-06-08T18:34:36.599+0300] {processor.py:179} INFO - Processing /Users/dogukanulu/opt/anaconda3/lib/python3.9/site-packages/airflow/example_dags/plugins/event_listener.py took 0.348 seconds
[2023-06-08T18:35:40.620+0300] {processor.py:157} INFO - Started process (PID=16193) to work on /Users/dogukanulu/opt/anaconda3/lib/python3.9/site-packages/airflow/example_dags/plugins/event_listener.py
[2023-06-08T18:35:40.621+0300] {processor.py:826} INFO - Processing file /Users/dogukanulu/opt/anaconda3/lib/python3.9/site-packages/airflow/example_dags/plugins/event_listener.py for tasks to queue
[2023-06-08T18:35:40.621+0300] {logging_mixin.py:149} INFO - [2023-06-08T18:35:40.621+0300] {dagbag.py:541} INFO - Filling up the DagBag from /Users/dogukanulu/opt/anaconda3/lib/python3.9/site-packages/airflow/example_dags/plugins/event_listener.py
[2023-06-08T18:35:40.622+0300] {processor.py:838} WARNING - No viable dags retrieved from /Users/dogukanulu/opt/anaconda3/lib/python3.9/site-packages/airflow/example_dags/plugins/event_listener.py
[2023-06-08T18:35:40.994+0300] {processor.py:179} INFO - Processing /Users/dogukanulu/opt/anaconda3/lib/python3.9/site-packages/airflow/example_dags/plugins/event_listener.py took 0.374 seconds
[2023-06-08T18:36:43.071+0300] {processor.py:157} INFO - Started process (PID=16306) to work on /Users/dogukanulu/opt/anaconda3/lib/python3.9/site-packages/airflow/example_dags/plugins/event_listener.py
[2023-06-08T18:36:43.073+0300] {processor.py:826} INFO - Processing file /Users/dogukanulu/opt/anaconda3/lib/python3.9/site-packages/airflow/example_dags/plugins/event_listener.py for tasks to queue
[2023-06-08T18:36:43.073+0300] {logging_mixin.py:149} INFO - [2023-06-08T18:36:43.073+0300] {dagbag.py:541} INFO - Filling up the DagBag from /Users/dogukanulu/opt/anaconda3/lib/python3.9/site-packages/airflow/example_dags/plugins/event_listener.py
[2023-06-08T18:36:43.074+0300] {processor.py:838} WARNING - No viable dags retrieved from /Users/dogukanulu/opt/anaconda3/lib/python3.9/site-packages/airflow/example_dags/plugins/event_listener.py
[2023-06-08T18:36:43.420+0300] {processor.py:179} INFO - Processing /Users/dogukanulu/opt/anaconda3/lib/python3.9/site-packages/airflow/example_dags/plugins/event_listener.py took 0.349 seconds
[2023-06-08T18:37:46.582+0300] {processor.py:157} INFO - Started process (PID=16394) to work on /Users/dogukanulu/opt/anaconda3/lib/python3.9/site-packages/airflow/example_dags/plugins/event_listener.py
[2023-06-08T18:37:46.583+0300] {processor.py:826} INFO - Processing file /Users/dogukanulu/opt/anaconda3/lib/python3.9/site-packages/airflow/example_dags/plugins/event_listener.py for tasks to queue
[2023-06-08T18:37:46.584+0300] {logging_mixin.py:149} INFO - [2023-06-08T18:37:46.584+0300] {dagbag.py:541} INFO - Filling up the DagBag from /Users/dogukanulu/opt/anaconda3/lib/python3.9/site-packages/airflow/example_dags/plugins/event_listener.py
[2023-06-08T18:37:46.584+0300] {processor.py:838} WARNING - No viable dags retrieved from /Users/dogukanulu/opt/anaconda3/lib/python3.9/site-packages/airflow/example_dags/plugins/event_listener.py
[2023-06-08T18:37:46.936+0300] {processor.py:179} INFO - Processing /Users/dogukanulu/opt/anaconda3/lib/python3.9/site-packages/airflow/example_dags/plugins/event_listener.py took 0.354 seconds
[2023-06-08T18:38:52.236+0300] {processor.py:157} INFO - Started process (PID=16486) to work on /Users/dogukanulu/opt/anaconda3/lib/python3.9/site-packages/airflow/example_dags/plugins/event_listener.py
[2023-06-08T18:38:52.238+0300] {processor.py:826} INFO - Processing file /Users/dogukanulu/opt/anaconda3/lib/python3.9/site-packages/airflow/example_dags/plugins/event_listener.py for tasks to queue
[2023-06-08T18:38:52.238+0300] {logging_mixin.py:149} INFO - [2023-06-08T18:38:52.238+0300] {dagbag.py:541} INFO - Filling up the DagBag from /Users/dogukanulu/opt/anaconda3/lib/python3.9/site-packages/airflow/example_dags/plugins/event_listener.py
[2023-06-08T18:38:52.238+0300] {processor.py:838} WARNING - No viable dags retrieved from /Users/dogukanulu/opt/anaconda3/lib/python3.9/site-packages/airflow/example_dags/plugins/event_listener.py
[2023-06-08T18:38:52.585+0300] {processor.py:179} INFO - Processing /Users/dogukanulu/opt/anaconda3/lib/python3.9/site-packages/airflow/example_dags/plugins/event_listener.py took 0.349 seconds
[2023-06-08T18:39:54.993+0300] {processor.py:157} INFO - Started process (PID=16602) to work on /Users/dogukanulu/opt/anaconda3/lib/python3.9/site-packages/airflow/example_dags/plugins/event_listener.py
[2023-06-08T18:39:54.993+0300] {processor.py:826} INFO - Processing file /Users/dogukanulu/opt/anaconda3/lib/python3.9/site-packages/airflow/example_dags/plugins/event_listener.py for tasks to queue
[2023-06-08T18:39:54.993+0300] {logging_mixin.py:149} INFO - [2023-06-08T18:39:54.993+0300] {dagbag.py:541} INFO - Filling up the DagBag from /Users/dogukanulu/opt/anaconda3/lib/python3.9/site-packages/airflow/example_dags/plugins/event_listener.py
[2023-06-08T18:39:54.994+0300] {processor.py:838} WARNING - No viable dags retrieved from /Users/dogukanulu/opt/anaconda3/lib/python3.9/site-packages/airflow/example_dags/plugins/event_listener.py
[2023-06-08T18:39:55.339+0300] {processor.py:179} INFO - Processing /Users/dogukanulu/opt/anaconda3/lib/python3.9/site-packages/airflow/example_dags/plugins/event_listener.py took 0.347 seconds
[2023-06-08T18:40:57.207+0300] {processor.py:157} INFO - Started process (PID=16691) to work on /Users/dogukanulu/opt/anaconda3/lib/python3.9/site-packages/airflow/example_dags/plugins/event_listener.py
[2023-06-08T18:40:57.209+0300] {processor.py:826} INFO - Processing file /Users/dogukanulu/opt/anaconda3/lib/python3.9/site-packages/airflow/example_dags/plugins/event_listener.py for tasks to queue
[2023-06-08T18:40:57.209+0300] {logging_mixin.py:149} INFO - [2023-06-08T18:40:57.209+0300] {dagbag.py:541} INFO - Filling up the DagBag from /Users/dogukanulu/opt/anaconda3/lib/python3.9/site-packages/airflow/example_dags/plugins/event_listener.py
[2023-06-08T18:40:57.210+0300] {processor.py:838} WARNING - No viable dags retrieved from /Users/dogukanulu/opt/anaconda3/lib/python3.9/site-packages/airflow/example_dags/plugins/event_listener.py
[2023-06-08T18:40:57.555+0300] {processor.py:179} INFO - Processing /Users/dogukanulu/opt/anaconda3/lib/python3.9/site-packages/airflow/example_dags/plugins/event_listener.py took 0.348 seconds
[2023-06-08T18:42:00.020+0300] {processor.py:157} INFO - Started process (PID=16775) to work on /Users/dogukanulu/opt/anaconda3/lib/python3.9/site-packages/airflow/example_dags/plugins/event_listener.py
[2023-06-08T18:42:00.022+0300] {processor.py:826} INFO - Processing file /Users/dogukanulu/opt/anaconda3/lib/python3.9/site-packages/airflow/example_dags/plugins/event_listener.py for tasks to queue
[2023-06-08T18:42:00.022+0300] {logging_mixin.py:149} INFO - [2023-06-08T18:42:00.022+0300] {dagbag.py:541} INFO - Filling up the DagBag from /Users/dogukanulu/opt/anaconda3/lib/python3.9/site-packages/airflow/example_dags/plugins/event_listener.py
[2023-06-08T18:42:00.023+0300] {processor.py:838} WARNING - No viable dags retrieved from /Users/dogukanulu/opt/anaconda3/lib/python3.9/site-packages/airflow/example_dags/plugins/event_listener.py
[2023-06-08T18:42:00.368+0300] {processor.py:179} INFO - Processing /Users/dogukanulu/opt/anaconda3/lib/python3.9/site-packages/airflow/example_dags/plugins/event_listener.py took 0.348 seconds
[2023-06-08T18:43:03.646+0300] {processor.py:157} INFO - Started process (PID=16871) to work on /Users/dogukanulu/opt/anaconda3/lib/python3.9/site-packages/airflow/example_dags/plugins/event_listener.py
[2023-06-08T18:43:03.648+0300] {processor.py:826} INFO - Processing file /Users/dogukanulu/opt/anaconda3/lib/python3.9/site-packages/airflow/example_dags/plugins/event_listener.py for tasks to queue
[2023-06-08T18:43:03.648+0300] {logging_mixin.py:149} INFO - [2023-06-08T18:43:03.648+0300] {dagbag.py:541} INFO - Filling up the DagBag from /Users/dogukanulu/opt/anaconda3/lib/python3.9/site-packages/airflow/example_dags/plugins/event_listener.py
[2023-06-08T18:43:03.649+0300] {processor.py:838} WARNING - No viable dags retrieved from /Users/dogukanulu/opt/anaconda3/lib/python3.9/site-packages/airflow/example_dags/plugins/event_listener.py
[2023-06-08T18:43:03.996+0300] {processor.py:179} INFO - Processing /Users/dogukanulu/opt/anaconda3/lib/python3.9/site-packages/airflow/example_dags/plugins/event_listener.py took 0.351 seconds
[2023-06-08T18:44:04.146+0300] {processor.py:157} INFO - Started process (PID=16958) to work on /Users/dogukanulu/opt/anaconda3/lib/python3.9/site-packages/airflow/example_dags/plugins/event_listener.py
[2023-06-08T18:44:04.147+0300] {processor.py:826} INFO - Processing file /Users/dogukanulu/opt/anaconda3/lib/python3.9/site-packages/airflow/example_dags/plugins/event_listener.py for tasks to queue
[2023-06-08T18:44:04.147+0300] {logging_mixin.py:149} INFO - [2023-06-08T18:44:04.147+0300] {dagbag.py:541} INFO - Filling up the DagBag from /Users/dogukanulu/opt/anaconda3/lib/python3.9/site-packages/airflow/example_dags/plugins/event_listener.py
[2023-06-08T18:44:04.147+0300] {processor.py:838} WARNING - No viable dags retrieved from /Users/dogukanulu/opt/anaconda3/lib/python3.9/site-packages/airflow/example_dags/plugins/event_listener.py
[2023-06-08T18:44:04.494+0300] {processor.py:179} INFO - Processing /Users/dogukanulu/opt/anaconda3/lib/python3.9/site-packages/airflow/example_dags/plugins/event_listener.py took 0.348 seconds
