[2023-06-08T18:28:53.546+0300] {processor.py:157} INFO - Started process (PID=15570) to work on /Users/dogukanulu/opt/anaconda3/lib/python3.9/site-packages/airflow/example_dags/plugins/listener_plugin.py
[2023-06-08T18:28:53.546+0300] {processor.py:826} INFO - Processing file /Users/dogukanulu/opt/anaconda3/lib/python3.9/site-packages/airflow/example_dags/plugins/listener_plugin.py for tasks to queue
[2023-06-08T18:28:53.547+0300] {logging_mixin.py:149} INFO - [2023-06-08T18:28:53.547+0300] {dagbag.py:541} INFO - Filling up the DagBag from /Users/dogukanulu/opt/anaconda3/lib/python3.9/site-packages/airflow/example_dags/plugins/listener_plugin.py
[2023-06-08T18:28:53.548+0300] {processor.py:838} WARNING - No viable dags retrieved from /Users/dogukanulu/opt/anaconda3/lib/python3.9/site-packages/airflow/example_dags/plugins/listener_plugin.py
[2023-06-08T18:28:53.894+0300] {processor.py:179} INFO - Processing /Users/dogukanulu/opt/anaconda3/lib/python3.9/site-packages/airflow/example_dags/plugins/listener_plugin.py took 0.349 seconds
[2023-06-08T18:30:25.574+0300] {processor.py:157} INFO - Started process (PID=15692) to work on /Users/dogukanulu/opt/anaconda3/lib/python3.9/site-packages/airflow/example_dags/plugins/listener_plugin.py
[2023-06-08T18:30:25.575+0300] {processor.py:826} INFO - Processing file /Users/dogukanulu/opt/anaconda3/lib/python3.9/site-packages/airflow/example_dags/plugins/listener_plugin.py for tasks to queue
[2023-06-08T18:30:25.575+0300] {logging_mixin.py:149} INFO - [2023-06-08T18:30:25.575+0300] {dagbag.py:541} INFO - Filling up the DagBag from /Users/dogukanulu/opt/anaconda3/lib/python3.9/site-packages/airflow/example_dags/plugins/listener_plugin.py
[2023-06-08T18:30:25.576+0300] {processor.py:838} WARNING - No viable dags retrieved from /Users/dogukanulu/opt/anaconda3/lib/python3.9/site-packages/airflow/example_dags/plugins/listener_plugin.py
[2023-06-08T18:30:25.923+0300] {processor.py:179} INFO - Processing /Users/dogukanulu/opt/anaconda3/lib/python3.9/site-packages/airflow/example_dags/plugins/listener_plugin.py took 0.349 seconds
[2023-06-08T18:31:26.656+0300] {processor.py:157} INFO - Started process (PID=15848) to work on /Users/dogukanulu/opt/anaconda3/lib/python3.9/site-packages/airflow/example_dags/plugins/listener_plugin.py
[2023-06-08T18:31:26.658+0300] {processor.py:826} INFO - Processing file /Users/dogukanulu/opt/anaconda3/lib/python3.9/site-packages/airflow/example_dags/plugins/listener_plugin.py for tasks to queue
[2023-06-08T18:31:26.658+0300] {logging_mixin.py:149} INFO - [2023-06-08T18:31:26.658+0300] {dagbag.py:541} INFO - Filling up the DagBag from /Users/dogukanulu/opt/anaconda3/lib/python3.9/site-packages/airflow/example_dags/plugins/listener_plugin.py
[2023-06-08T18:31:26.660+0300] {processor.py:838} WARNING - No viable dags retrieved from /Users/dogukanulu/opt/anaconda3/lib/python3.9/site-packages/airflow/example_dags/plugins/listener_plugin.py
[2023-06-08T18:31:27.017+0300] {processor.py:179} INFO - Processing /Users/dogukanulu/opt/anaconda3/lib/python3.9/site-packages/airflow/example_dags/plugins/listener_plugin.py took 0.361 seconds
[2023-06-08T18:32:28.034+0300] {processor.py:157} INFO - Started process (PID=15933) to work on /Users/dogukanulu/opt/anaconda3/lib/python3.9/site-packages/airflow/example_dags/plugins/listener_plugin.py
[2023-06-08T18:32:28.036+0300] {processor.py:826} INFO - Processing file /Users/dogukanulu/opt/anaconda3/lib/python3.9/site-packages/airflow/example_dags/plugins/listener_plugin.py for tasks to queue
[2023-06-08T18:32:28.036+0300] {logging_mixin.py:149} INFO - [2023-06-08T18:32:28.036+0300] {dagbag.py:541} INFO - Filling up the DagBag from /Users/dogukanulu/opt/anaconda3/lib/python3.9/site-packages/airflow/example_dags/plugins/listener_plugin.py
[2023-06-08T18:32:28.037+0300] {processor.py:838} WARNING - No viable dags retrieved from /Users/dogukanulu/opt/anaconda3/lib/python3.9/site-packages/airflow/example_dags/plugins/listener_plugin.py
[2023-06-08T18:32:28.407+0300] {processor.py:179} INFO - Processing /Users/dogukanulu/opt/anaconda3/lib/python3.9/site-packages/airflow/example_dags/plugins/listener_plugin.py took 0.373 seconds
[2023-06-08T18:33:29.099+0300] {processor.py:157} INFO - Started process (PID=16015) to work on /Users/dogukanulu/opt/anaconda3/lib/python3.9/site-packages/airflow/example_dags/plugins/listener_plugin.py
[2023-06-08T18:33:29.101+0300] {processor.py:826} INFO - Processing file /Users/dogukanulu/opt/anaconda3/lib/python3.9/site-packages/airflow/example_dags/plugins/listener_plugin.py for tasks to queue
[2023-06-08T18:33:29.101+0300] {logging_mixin.py:149} INFO - [2023-06-08T18:33:29.101+0300] {dagbag.py:541} INFO - Filling up the DagBag from /Users/dogukanulu/opt/anaconda3/lib/python3.9/site-packages/airflow/example_dags/plugins/listener_plugin.py
[2023-06-08T18:33:29.103+0300] {processor.py:838} WARNING - No viable dags retrieved from /Users/dogukanulu/opt/anaconda3/lib/python3.9/site-packages/airflow/example_dags/plugins/listener_plugin.py
[2023-06-08T18:33:29.452+0300] {processor.py:179} INFO - Processing /Users/dogukanulu/opt/anaconda3/lib/python3.9/site-packages/airflow/example_dags/plugins/listener_plugin.py took 0.353 seconds
[2023-06-08T18:34:34.928+0300] {processor.py:157} INFO - Started process (PID=16102) to work on /Users/dogukanulu/opt/anaconda3/lib/python3.9/site-packages/airflow/example_dags/plugins/listener_plugin.py
[2023-06-08T18:34:34.930+0300] {processor.py:826} INFO - Processing file /Users/dogukanulu/opt/anaconda3/lib/python3.9/site-packages/airflow/example_dags/plugins/listener_plugin.py for tasks to queue
[2023-06-08T18:34:34.930+0300] {logging_mixin.py:149} INFO - [2023-06-08T18:34:34.930+0300] {dagbag.py:541} INFO - Filling up the DagBag from /Users/dogukanulu/opt/anaconda3/lib/python3.9/site-packages/airflow/example_dags/plugins/listener_plugin.py
[2023-06-08T18:34:34.931+0300] {processor.py:838} WARNING - No viable dags retrieved from /Users/dogukanulu/opt/anaconda3/lib/python3.9/site-packages/airflow/example_dags/plugins/listener_plugin.py
[2023-06-08T18:34:35.278+0300] {processor.py:179} INFO - Processing /Users/dogukanulu/opt/anaconda3/lib/python3.9/site-packages/airflow/example_dags/plugins/listener_plugin.py took 0.350 seconds
[2023-06-08T18:35:38.760+0300] {processor.py:157} INFO - Started process (PID=16192) to work on /Users/dogukanulu/opt/anaconda3/lib/python3.9/site-packages/airflow/example_dags/plugins/listener_plugin.py
[2023-06-08T18:35:38.761+0300] {processor.py:826} INFO - Processing file /Users/dogukanulu/opt/anaconda3/lib/python3.9/site-packages/airflow/example_dags/plugins/listener_plugin.py for tasks to queue
[2023-06-08T18:35:38.761+0300] {logging_mixin.py:149} INFO - [2023-06-08T18:35:38.761+0300] {dagbag.py:541} INFO - Filling up the DagBag from /Users/dogukanulu/opt/anaconda3/lib/python3.9/site-packages/airflow/example_dags/plugins/listener_plugin.py
[2023-06-08T18:35:38.763+0300] {processor.py:838} WARNING - No viable dags retrieved from /Users/dogukanulu/opt/anaconda3/lib/python3.9/site-packages/airflow/example_dags/plugins/listener_plugin.py
[2023-06-08T18:35:39.256+0300] {processor.py:179} INFO - Processing /Users/dogukanulu/opt/anaconda3/lib/python3.9/site-packages/airflow/example_dags/plugins/listener_plugin.py took 0.497 seconds
[2023-06-08T18:36:41.765+0300] {processor.py:157} INFO - Started process (PID=16302) to work on /Users/dogukanulu/opt/anaconda3/lib/python3.9/site-packages/airflow/example_dags/plugins/listener_plugin.py
[2023-06-08T18:36:41.766+0300] {processor.py:826} INFO - Processing file /Users/dogukanulu/opt/anaconda3/lib/python3.9/site-packages/airflow/example_dags/plugins/listener_plugin.py for tasks to queue
[2023-06-08T18:36:41.766+0300] {logging_mixin.py:149} INFO - [2023-06-08T18:36:41.766+0300] {dagbag.py:541} INFO - Filling up the DagBag from /Users/dogukanulu/opt/anaconda3/lib/python3.9/site-packages/airflow/example_dags/plugins/listener_plugin.py
[2023-06-08T18:36:41.768+0300] {processor.py:838} WARNING - No viable dags retrieved from /Users/dogukanulu/opt/anaconda3/lib/python3.9/site-packages/airflow/example_dags/plugins/listener_plugin.py
[2023-06-08T18:36:42.123+0300] {processor.py:179} INFO - Processing /Users/dogukanulu/opt/anaconda3/lib/python3.9/site-packages/airflow/example_dags/plugins/listener_plugin.py took 0.359 seconds
[2023-06-08T18:37:45.061+0300] {processor.py:157} INFO - Started process (PID=16391) to work on /Users/dogukanulu/opt/anaconda3/lib/python3.9/site-packages/airflow/example_dags/plugins/listener_plugin.py
[2023-06-08T18:37:45.062+0300] {processor.py:826} INFO - Processing file /Users/dogukanulu/opt/anaconda3/lib/python3.9/site-packages/airflow/example_dags/plugins/listener_plugin.py for tasks to queue
[2023-06-08T18:37:45.063+0300] {logging_mixin.py:149} INFO - [2023-06-08T18:37:45.063+0300] {dagbag.py:541} INFO - Filling up the DagBag from /Users/dogukanulu/opt/anaconda3/lib/python3.9/site-packages/airflow/example_dags/plugins/listener_plugin.py
[2023-06-08T18:37:45.064+0300] {processor.py:838} WARNING - No viable dags retrieved from /Users/dogukanulu/opt/anaconda3/lib/python3.9/site-packages/airflow/example_dags/plugins/listener_plugin.py
[2023-06-08T18:37:45.412+0300] {processor.py:179} INFO - Processing /Users/dogukanulu/opt/anaconda3/lib/python3.9/site-packages/airflow/example_dags/plugins/listener_plugin.py took 0.351 seconds
[2023-06-08T18:38:50.164+0300] {processor.py:157} INFO - Started process (PID=16483) to work on /Users/dogukanulu/opt/anaconda3/lib/python3.9/site-packages/airflow/example_dags/plugins/listener_plugin.py
[2023-06-08T18:38:50.165+0300] {processor.py:826} INFO - Processing file /Users/dogukanulu/opt/anaconda3/lib/python3.9/site-packages/airflow/example_dags/plugins/listener_plugin.py for tasks to queue
[2023-06-08T18:38:50.166+0300] {logging_mixin.py:149} INFO - [2023-06-08T18:38:50.166+0300] {dagbag.py:541} INFO - Filling up the DagBag from /Users/dogukanulu/opt/anaconda3/lib/python3.9/site-packages/airflow/example_dags/plugins/listener_plugin.py
[2023-06-08T18:38:50.167+0300] {processor.py:838} WARNING - No viable dags retrieved from /Users/dogukanulu/opt/anaconda3/lib/python3.9/site-packages/airflow/example_dags/plugins/listener_plugin.py
[2023-06-08T18:38:50.522+0300] {processor.py:179} INFO - Processing /Users/dogukanulu/opt/anaconda3/lib/python3.9/site-packages/airflow/example_dags/plugins/listener_plugin.py took 0.359 seconds
[2023-06-08T18:39:52.942+0300] {processor.py:157} INFO - Started process (PID=16599) to work on /Users/dogukanulu/opt/anaconda3/lib/python3.9/site-packages/airflow/example_dags/plugins/listener_plugin.py
[2023-06-08T18:39:52.943+0300] {processor.py:826} INFO - Processing file /Users/dogukanulu/opt/anaconda3/lib/python3.9/site-packages/airflow/example_dags/plugins/listener_plugin.py for tasks to queue
[2023-06-08T18:39:52.943+0300] {logging_mixin.py:149} INFO - [2023-06-08T18:39:52.943+0300] {dagbag.py:541} INFO - Filling up the DagBag from /Users/dogukanulu/opt/anaconda3/lib/python3.9/site-packages/airflow/example_dags/plugins/listener_plugin.py
[2023-06-08T18:39:52.944+0300] {processor.py:838} WARNING - No viable dags retrieved from /Users/dogukanulu/opt/anaconda3/lib/python3.9/site-packages/airflow/example_dags/plugins/listener_plugin.py
[2023-06-08T18:39:53.295+0300] {processor.py:179} INFO - Processing /Users/dogukanulu/opt/anaconda3/lib/python3.9/site-packages/airflow/example_dags/plugins/listener_plugin.py took 0.353 seconds
[2023-06-08T18:40:55.993+0300] {processor.py:157} INFO - Started process (PID=16688) to work on /Users/dogukanulu/opt/anaconda3/lib/python3.9/site-packages/airflow/example_dags/plugins/listener_plugin.py
[2023-06-08T18:40:55.995+0300] {processor.py:826} INFO - Processing file /Users/dogukanulu/opt/anaconda3/lib/python3.9/site-packages/airflow/example_dags/plugins/listener_plugin.py for tasks to queue
[2023-06-08T18:40:55.995+0300] {logging_mixin.py:149} INFO - [2023-06-08T18:40:55.995+0300] {dagbag.py:541} INFO - Filling up the DagBag from /Users/dogukanulu/opt/anaconda3/lib/python3.9/site-packages/airflow/example_dags/plugins/listener_plugin.py
[2023-06-08T18:40:55.997+0300] {processor.py:838} WARNING - No viable dags retrieved from /Users/dogukanulu/opt/anaconda3/lib/python3.9/site-packages/airflow/example_dags/plugins/listener_plugin.py
[2023-06-08T18:40:56.342+0300] {processor.py:179} INFO - Processing /Users/dogukanulu/opt/anaconda3/lib/python3.9/site-packages/airflow/example_dags/plugins/listener_plugin.py took 0.349 seconds
[2023-06-08T18:41:57.936+0300] {processor.py:157} INFO - Started process (PID=16774) to work on /Users/dogukanulu/opt/anaconda3/lib/python3.9/site-packages/airflow/example_dags/plugins/listener_plugin.py
[2023-06-08T18:41:57.936+0300] {processor.py:826} INFO - Processing file /Users/dogukanulu/opt/anaconda3/lib/python3.9/site-packages/airflow/example_dags/plugins/listener_plugin.py for tasks to queue
[2023-06-08T18:41:57.937+0300] {logging_mixin.py:149} INFO - [2023-06-08T18:41:57.937+0300] {dagbag.py:541} INFO - Filling up the DagBag from /Users/dogukanulu/opt/anaconda3/lib/python3.9/site-packages/airflow/example_dags/plugins/listener_plugin.py
[2023-06-08T18:41:57.938+0300] {processor.py:838} WARNING - No viable dags retrieved from /Users/dogukanulu/opt/anaconda3/lib/python3.9/site-packages/airflow/example_dags/plugins/listener_plugin.py
[2023-06-08T18:41:58.287+0300] {processor.py:179} INFO - Processing /Users/dogukanulu/opt/anaconda3/lib/python3.9/site-packages/airflow/example_dags/plugins/listener_plugin.py took 0.352 seconds
[2023-06-08T18:43:01.552+0300] {processor.py:157} INFO - Started process (PID=16868) to work on /Users/dogukanulu/opt/anaconda3/lib/python3.9/site-packages/airflow/example_dags/plugins/listener_plugin.py
[2023-06-08T18:43:01.554+0300] {processor.py:826} INFO - Processing file /Users/dogukanulu/opt/anaconda3/lib/python3.9/site-packages/airflow/example_dags/plugins/listener_plugin.py for tasks to queue
[2023-06-08T18:43:01.554+0300] {logging_mixin.py:149} INFO - [2023-06-08T18:43:01.554+0300] {dagbag.py:541} INFO - Filling up the DagBag from /Users/dogukanulu/opt/anaconda3/lib/python3.9/site-packages/airflow/example_dags/plugins/listener_plugin.py
[2023-06-08T18:43:01.556+0300] {processor.py:838} WARNING - No viable dags retrieved from /Users/dogukanulu/opt/anaconda3/lib/python3.9/site-packages/airflow/example_dags/plugins/listener_plugin.py
[2023-06-08T18:43:01.902+0300] {processor.py:179} INFO - Processing /Users/dogukanulu/opt/anaconda3/lib/python3.9/site-packages/airflow/example_dags/plugins/listener_plugin.py took 0.350 seconds
[2023-06-08T18:44:02.066+0300] {processor.py:157} INFO - Started process (PID=16955) to work on /Users/dogukanulu/opt/anaconda3/lib/python3.9/site-packages/airflow/example_dags/plugins/listener_plugin.py
[2023-06-08T18:44:02.066+0300] {processor.py:826} INFO - Processing file /Users/dogukanulu/opt/anaconda3/lib/python3.9/site-packages/airflow/example_dags/plugins/listener_plugin.py for tasks to queue
[2023-06-08T18:44:02.067+0300] {logging_mixin.py:149} INFO - [2023-06-08T18:44:02.067+0300] {dagbag.py:541} INFO - Filling up the DagBag from /Users/dogukanulu/opt/anaconda3/lib/python3.9/site-packages/airflow/example_dags/plugins/listener_plugin.py
[2023-06-08T18:44:02.068+0300] {processor.py:838} WARNING - No viable dags retrieved from /Users/dogukanulu/opt/anaconda3/lib/python3.9/site-packages/airflow/example_dags/plugins/listener_plugin.py
[2023-06-08T18:44:02.415+0300] {processor.py:179} INFO - Processing /Users/dogukanulu/opt/anaconda3/lib/python3.9/site-packages/airflow/example_dags/plugins/listener_plugin.py took 0.350 seconds
