[2023-06-08T18:28:49.895+0300] {processor.py:157} INFO - Started process (PID=15565) to work on /Users/dogukanulu/opt/anaconda3/lib/python3.9/site-packages/airflow/example_dags/plugins/workday.py
[2023-06-08T18:28:49.896+0300] {processor.py:826} INFO - Processing file /Users/dogukanulu/opt/anaconda3/lib/python3.9/site-packages/airflow/example_dags/plugins/workday.py for tasks to queue
[2023-06-08T18:28:49.896+0300] {logging_mixin.py:149} INFO - [2023-06-08T18:28:49.896+0300] {dagbag.py:541} INFO - Filling up the DagBag from /Users/dogukanulu/opt/anaconda3/lib/python3.9/site-packages/airflow/example_dags/plugins/workday.py
[2023-06-08T18:28:51.239+0300] {logging_mixin.py:149} INFO - [2023-06-08T18:28:51.239+0300] {utils.py:159} INFO - NumExpr defaulting to 8 threads.
[2023-06-08T18:28:51.445+0300] {processor.py:838} WARNING - No viable dags retrieved from /Users/dogukanulu/opt/anaconda3/lib/python3.9/site-packages/airflow/example_dags/plugins/workday.py
[2023-06-08T18:28:51.779+0300] {processor.py:179} INFO - Processing /Users/dogukanulu/opt/anaconda3/lib/python3.9/site-packages/airflow/example_dags/plugins/workday.py took 1.887 seconds
[2023-06-08T18:30:22.176+0300] {processor.py:157} INFO - Started process (PID=15689) to work on /Users/dogukanulu/opt/anaconda3/lib/python3.9/site-packages/airflow/example_dags/plugins/workday.py
[2023-06-08T18:30:22.176+0300] {processor.py:826} INFO - Processing file /Users/dogukanulu/opt/anaconda3/lib/python3.9/site-packages/airflow/example_dags/plugins/workday.py for tasks to queue
[2023-06-08T18:30:22.177+0300] {logging_mixin.py:149} INFO - [2023-06-08T18:30:22.177+0300] {dagbag.py:541} INFO - Filling up the DagBag from /Users/dogukanulu/opt/anaconda3/lib/python3.9/site-packages/airflow/example_dags/plugins/workday.py
[2023-06-08T18:30:23.346+0300] {logging_mixin.py:149} INFO - [2023-06-08T18:30:23.346+0300] {utils.py:159} INFO - NumExpr defaulting to 8 threads.
[2023-06-08T18:30:23.502+0300] {processor.py:838} WARNING - No viable dags retrieved from /Users/dogukanulu/opt/anaconda3/lib/python3.9/site-packages/airflow/example_dags/plugins/workday.py
[2023-06-08T18:30:23.825+0300] {processor.py:179} INFO - Processing /Users/dogukanulu/opt/anaconda3/lib/python3.9/site-packages/airflow/example_dags/plugins/workday.py took 1.650 seconds
[2023-06-08T18:31:22.964+0300] {processor.py:157} INFO - Started process (PID=15845) to work on /Users/dogukanulu/opt/anaconda3/lib/python3.9/site-packages/airflow/example_dags/plugins/workday.py
[2023-06-08T18:31:22.966+0300] {processor.py:826} INFO - Processing file /Users/dogukanulu/opt/anaconda3/lib/python3.9/site-packages/airflow/example_dags/plugins/workday.py for tasks to queue
[2023-06-08T18:31:22.966+0300] {logging_mixin.py:149} INFO - [2023-06-08T18:31:22.966+0300] {dagbag.py:541} INFO - Filling up the DagBag from /Users/dogukanulu/opt/anaconda3/lib/python3.9/site-packages/airflow/example_dags/plugins/workday.py
[2023-06-08T18:31:24.322+0300] {logging_mixin.py:149} INFO - [2023-06-08T18:31:24.322+0300] {utils.py:159} INFO - NumExpr defaulting to 8 threads.
[2023-06-08T18:31:24.534+0300] {processor.py:838} WARNING - No viable dags retrieved from /Users/dogukanulu/opt/anaconda3/lib/python3.9/site-packages/airflow/example_dags/plugins/workday.py
[2023-06-08T18:31:24.881+0300] {processor.py:179} INFO - Processing /Users/dogukanulu/opt/anaconda3/lib/python3.9/site-packages/airflow/example_dags/plugins/workday.py took 1.917 seconds
[2023-06-08T18:32:25.074+0300] {processor.py:157} INFO - Started process (PID=15928) to work on /Users/dogukanulu/opt/anaconda3/lib/python3.9/site-packages/airflow/example_dags/plugins/workday.py
[2023-06-08T18:32:25.075+0300] {processor.py:826} INFO - Processing file /Users/dogukanulu/opt/anaconda3/lib/python3.9/site-packages/airflow/example_dags/plugins/workday.py for tasks to queue
[2023-06-08T18:32:25.075+0300] {logging_mixin.py:149} INFO - [2023-06-08T18:32:25.075+0300] {dagbag.py:541} INFO - Filling up the DagBag from /Users/dogukanulu/opt/anaconda3/lib/python3.9/site-packages/airflow/example_dags/plugins/workday.py
[2023-06-08T18:32:26.320+0300] {logging_mixin.py:149} INFO - [2023-06-08T18:32:26.320+0300] {utils.py:159} INFO - NumExpr defaulting to 8 threads.
[2023-06-08T18:32:26.512+0300] {processor.py:838} WARNING - No viable dags retrieved from /Users/dogukanulu/opt/anaconda3/lib/python3.9/site-packages/airflow/example_dags/plugins/workday.py
[2023-06-08T18:32:26.842+0300] {processor.py:179} INFO - Processing /Users/dogukanulu/opt/anaconda3/lib/python3.9/site-packages/airflow/example_dags/plugins/workday.py took 1.768 seconds
[2023-06-08T18:33:25.446+0300] {processor.py:157} INFO - Started process (PID=16010) to work on /Users/dogukanulu/opt/anaconda3/lib/python3.9/site-packages/airflow/example_dags/plugins/workday.py
[2023-06-08T18:33:25.447+0300] {processor.py:826} INFO - Processing file /Users/dogukanulu/opt/anaconda3/lib/python3.9/site-packages/airflow/example_dags/plugins/workday.py for tasks to queue
[2023-06-08T18:33:25.447+0300] {logging_mixin.py:149} INFO - [2023-06-08T18:33:25.447+0300] {dagbag.py:541} INFO - Filling up the DagBag from /Users/dogukanulu/opt/anaconda3/lib/python3.9/site-packages/airflow/example_dags/plugins/workday.py
[2023-06-08T18:33:26.768+0300] {logging_mixin.py:149} INFO - [2023-06-08T18:33:26.767+0300] {utils.py:159} INFO - NumExpr defaulting to 8 threads.
[2023-06-08T18:33:26.987+0300] {processor.py:838} WARNING - No viable dags retrieved from /Users/dogukanulu/opt/anaconda3/lib/python3.9/site-packages/airflow/example_dags/plugins/workday.py
[2023-06-08T18:33:27.324+0300] {processor.py:179} INFO - Processing /Users/dogukanulu/opt/anaconda3/lib/python3.9/site-packages/airflow/example_dags/plugins/workday.py took 1.879 seconds
[2023-06-08T18:34:31.247+0300] {processor.py:157} INFO - Started process (PID=16097) to work on /Users/dogukanulu/opt/anaconda3/lib/python3.9/site-packages/airflow/example_dags/plugins/workday.py
[2023-06-08T18:34:31.249+0300] {processor.py:826} INFO - Processing file /Users/dogukanulu/opt/anaconda3/lib/python3.9/site-packages/airflow/example_dags/plugins/workday.py for tasks to queue
[2023-06-08T18:34:31.249+0300] {logging_mixin.py:149} INFO - [2023-06-08T18:34:31.249+0300] {dagbag.py:541} INFO - Filling up the DagBag from /Users/dogukanulu/opt/anaconda3/lib/python3.9/site-packages/airflow/example_dags/plugins/workday.py
[2023-06-08T18:34:32.608+0300] {logging_mixin.py:149} INFO - [2023-06-08T18:34:32.608+0300] {utils.py:159} INFO - NumExpr defaulting to 8 threads.
[2023-06-08T18:34:32.818+0300] {processor.py:838} WARNING - No viable dags retrieved from /Users/dogukanulu/opt/anaconda3/lib/python3.9/site-packages/airflow/example_dags/plugins/workday.py
[2023-06-08T18:34:33.144+0300] {processor.py:179} INFO - Processing /Users/dogukanulu/opt/anaconda3/lib/python3.9/site-packages/airflow/example_dags/plugins/workday.py took 1.897 seconds
[2023-06-08T18:35:34.884+0300] {processor.py:157} INFO - Started process (PID=16187) to work on /Users/dogukanulu/opt/anaconda3/lib/python3.9/site-packages/airflow/example_dags/plugins/workday.py
[2023-06-08T18:35:34.885+0300] {processor.py:826} INFO - Processing file /Users/dogukanulu/opt/anaconda3/lib/python3.9/site-packages/airflow/example_dags/plugins/workday.py for tasks to queue
[2023-06-08T18:35:34.886+0300] {logging_mixin.py:149} INFO - [2023-06-08T18:35:34.886+0300] {dagbag.py:541} INFO - Filling up the DagBag from /Users/dogukanulu/opt/anaconda3/lib/python3.9/site-packages/airflow/example_dags/plugins/workday.py
[2023-06-08T18:35:36.220+0300] {logging_mixin.py:149} INFO - [2023-06-08T18:35:36.220+0300] {utils.py:159} INFO - NumExpr defaulting to 8 threads.
[2023-06-08T18:35:36.425+0300] {processor.py:838} WARNING - No viable dags retrieved from /Users/dogukanulu/opt/anaconda3/lib/python3.9/site-packages/airflow/example_dags/plugins/workday.py
[2023-06-08T18:35:36.785+0300] {processor.py:179} INFO - Processing /Users/dogukanulu/opt/anaconda3/lib/python3.9/site-packages/airflow/example_dags/plugins/workday.py took 1.901 seconds
[2023-06-08T18:36:38.083+0300] {processor.py:157} INFO - Started process (PID=16299) to work on /Users/dogukanulu/opt/anaconda3/lib/python3.9/site-packages/airflow/example_dags/plugins/workday.py
[2023-06-08T18:36:38.084+0300] {processor.py:826} INFO - Processing file /Users/dogukanulu/opt/anaconda3/lib/python3.9/site-packages/airflow/example_dags/plugins/workday.py for tasks to queue
[2023-06-08T18:36:38.084+0300] {logging_mixin.py:149} INFO - [2023-06-08T18:36:38.084+0300] {dagbag.py:541} INFO - Filling up the DagBag from /Users/dogukanulu/opt/anaconda3/lib/python3.9/site-packages/airflow/example_dags/plugins/workday.py
[2023-06-08T18:36:39.430+0300] {logging_mixin.py:149} INFO - [2023-06-08T18:36:39.430+0300] {utils.py:159} INFO - NumExpr defaulting to 8 threads.
[2023-06-08T18:36:39.641+0300] {processor.py:838} WARNING - No viable dags retrieved from /Users/dogukanulu/opt/anaconda3/lib/python3.9/site-packages/airflow/example_dags/plugins/workday.py
[2023-06-08T18:36:39.977+0300] {processor.py:179} INFO - Processing /Users/dogukanulu/opt/anaconda3/lib/python3.9/site-packages/airflow/example_dags/plugins/workday.py took 1.895 seconds
[2023-06-08T18:37:41.385+0300] {processor.py:157} INFO - Started process (PID=16385) to work on /Users/dogukanulu/opt/anaconda3/lib/python3.9/site-packages/airflow/example_dags/plugins/workday.py
[2023-06-08T18:37:41.386+0300] {processor.py:826} INFO - Processing file /Users/dogukanulu/opt/anaconda3/lib/python3.9/site-packages/airflow/example_dags/plugins/workday.py for tasks to queue
[2023-06-08T18:37:41.386+0300] {logging_mixin.py:149} INFO - [2023-06-08T18:37:41.386+0300] {dagbag.py:541} INFO - Filling up the DagBag from /Users/dogukanulu/opt/anaconda3/lib/python3.9/site-packages/airflow/example_dags/plugins/workday.py
[2023-06-08T18:37:42.750+0300] {logging_mixin.py:149} INFO - [2023-06-08T18:37:42.750+0300] {utils.py:159} INFO - NumExpr defaulting to 8 threads.
[2023-06-08T18:37:42.967+0300] {processor.py:838} WARNING - No viable dags retrieved from /Users/dogukanulu/opt/anaconda3/lib/python3.9/site-packages/airflow/example_dags/plugins/workday.py
[2023-06-08T18:37:43.302+0300] {processor.py:179} INFO - Processing /Users/dogukanulu/opt/anaconda3/lib/python3.9/site-packages/airflow/example_dags/plugins/workday.py took 1.917 seconds
[2023-06-08T18:38:47.214+0300] {processor.py:157} INFO - Started process (PID=16480) to work on /Users/dogukanulu/opt/anaconda3/lib/python3.9/site-packages/airflow/example_dags/plugins/workday.py
[2023-06-08T18:38:47.215+0300] {processor.py:826} INFO - Processing file /Users/dogukanulu/opt/anaconda3/lib/python3.9/site-packages/airflow/example_dags/plugins/workday.py for tasks to queue
[2023-06-08T18:38:47.215+0300] {logging_mixin.py:149} INFO - [2023-06-08T18:38:47.215+0300] {dagbag.py:541} INFO - Filling up the DagBag from /Users/dogukanulu/opt/anaconda3/lib/python3.9/site-packages/airflow/example_dags/plugins/workday.py
[2023-06-08T18:38:48.553+0300] {logging_mixin.py:149} INFO - [2023-06-08T18:38:48.553+0300] {utils.py:159} INFO - NumExpr defaulting to 8 threads.
[2023-06-08T18:38:48.759+0300] {processor.py:838} WARNING - No viable dags retrieved from /Users/dogukanulu/opt/anaconda3/lib/python3.9/site-packages/airflow/example_dags/plugins/workday.py
[2023-06-08T18:38:49.092+0300] {processor.py:179} INFO - Processing /Users/dogukanulu/opt/anaconda3/lib/python3.9/site-packages/airflow/example_dags/plugins/workday.py took 1.879 seconds
[2023-06-08T18:39:49.986+0300] {processor.py:157} INFO - Started process (PID=16594) to work on /Users/dogukanulu/opt/anaconda3/lib/python3.9/site-packages/airflow/example_dags/plugins/workday.py
[2023-06-08T18:39:49.987+0300] {processor.py:826} INFO - Processing file /Users/dogukanulu/opt/anaconda3/lib/python3.9/site-packages/airflow/example_dags/plugins/workday.py for tasks to queue
[2023-06-08T18:39:49.987+0300] {logging_mixin.py:149} INFO - [2023-06-08T18:39:49.987+0300] {dagbag.py:541} INFO - Filling up the DagBag from /Users/dogukanulu/opt/anaconda3/lib/python3.9/site-packages/airflow/example_dags/plugins/workday.py
[2023-06-08T18:39:51.124+0300] {logging_mixin.py:149} INFO - [2023-06-08T18:39:51.124+0300] {utils.py:159} INFO - NumExpr defaulting to 8 threads.
[2023-06-08T18:39:51.246+0300] {processor.py:838} WARNING - No viable dags retrieved from /Users/dogukanulu/opt/anaconda3/lib/python3.9/site-packages/airflow/example_dags/plugins/workday.py
[2023-06-08T18:39:51.567+0300] {processor.py:179} INFO - Processing /Users/dogukanulu/opt/anaconda3/lib/python3.9/site-packages/airflow/example_dags/plugins/workday.py took 1.581 seconds
[2023-06-08T18:40:52.398+0300] {processor.py:157} INFO - Started process (PID=16685) to work on /Users/dogukanulu/opt/anaconda3/lib/python3.9/site-packages/airflow/example_dags/plugins/workday.py
[2023-06-08T18:40:52.399+0300] {processor.py:826} INFO - Processing file /Users/dogukanulu/opt/anaconda3/lib/python3.9/site-packages/airflow/example_dags/plugins/workday.py for tasks to queue
[2023-06-08T18:40:52.399+0300] {logging_mixin.py:149} INFO - [2023-06-08T18:40:52.399+0300] {dagbag.py:541} INFO - Filling up the DagBag from /Users/dogukanulu/opt/anaconda3/lib/python3.9/site-packages/airflow/example_dags/plugins/workday.py
[2023-06-08T18:40:53.712+0300] {logging_mixin.py:149} INFO - [2023-06-08T18:40:53.712+0300] {utils.py:159} INFO - NumExpr defaulting to 8 threads.
[2023-06-08T18:40:53.902+0300] {processor.py:838} WARNING - No viable dags retrieved from /Users/dogukanulu/opt/anaconda3/lib/python3.9/site-packages/airflow/example_dags/plugins/workday.py
[2023-06-08T18:40:54.225+0300] {processor.py:179} INFO - Processing /Users/dogukanulu/opt/anaconda3/lib/python3.9/site-packages/airflow/example_dags/plugins/workday.py took 1.828 seconds
[2023-06-08T18:41:54.492+0300] {processor.py:157} INFO - Started process (PID=16769) to work on /Users/dogukanulu/opt/anaconda3/lib/python3.9/site-packages/airflow/example_dags/plugins/workday.py
[2023-06-08T18:41:54.497+0300] {processor.py:826} INFO - Processing file /Users/dogukanulu/opt/anaconda3/lib/python3.9/site-packages/airflow/example_dags/plugins/workday.py for tasks to queue
[2023-06-08T18:41:54.498+0300] {logging_mixin.py:149} INFO - [2023-06-08T18:41:54.497+0300] {dagbag.py:541} INFO - Filling up the DagBag from /Users/dogukanulu/opt/anaconda3/lib/python3.9/site-packages/airflow/example_dags/plugins/workday.py
[2023-06-08T18:41:55.672+0300] {logging_mixin.py:149} INFO - [2023-06-08T18:41:55.672+0300] {utils.py:159} INFO - NumExpr defaulting to 8 threads.
[2023-06-08T18:41:55.832+0300] {processor.py:838} WARNING - No viable dags retrieved from /Users/dogukanulu/opt/anaconda3/lib/python3.9/site-packages/airflow/example_dags/plugins/workday.py
[2023-06-08T18:41:56.159+0300] {processor.py:179} INFO - Processing /Users/dogukanulu/opt/anaconda3/lib/python3.9/site-packages/airflow/example_dags/plugins/workday.py took 1.668 seconds
[2023-06-08T18:42:57.847+0300] {processor.py:157} INFO - Started process (PID=16863) to work on /Users/dogukanulu/opt/anaconda3/lib/python3.9/site-packages/airflow/example_dags/plugins/workday.py
[2023-06-08T18:42:57.848+0300] {processor.py:826} INFO - Processing file /Users/dogukanulu/opt/anaconda3/lib/python3.9/site-packages/airflow/example_dags/plugins/workday.py for tasks to queue
[2023-06-08T18:42:57.849+0300] {logging_mixin.py:149} INFO - [2023-06-08T18:42:57.849+0300] {dagbag.py:541} INFO - Filling up the DagBag from /Users/dogukanulu/opt/anaconda3/lib/python3.9/site-packages/airflow/example_dags/plugins/workday.py
[2023-06-08T18:42:59.222+0300] {logging_mixin.py:149} INFO - [2023-06-08T18:42:59.222+0300] {utils.py:159} INFO - NumExpr defaulting to 8 threads.
[2023-06-08T18:42:59.437+0300] {processor.py:838} WARNING - No viable dags retrieved from /Users/dogukanulu/opt/anaconda3/lib/python3.9/site-packages/airflow/example_dags/plugins/workday.py
[2023-06-08T18:42:59.783+0300] {processor.py:179} INFO - Processing /Users/dogukanulu/opt/anaconda3/lib/python3.9/site-packages/airflow/example_dags/plugins/workday.py took 1.937 seconds
[2023-06-08T18:43:59.429+0300] {processor.py:157} INFO - Started process (PID=16952) to work on /Users/dogukanulu/opt/anaconda3/lib/python3.9/site-packages/airflow/example_dags/plugins/workday.py
[2023-06-08T18:43:59.430+0300] {processor.py:826} INFO - Processing file /Users/dogukanulu/opt/anaconda3/lib/python3.9/site-packages/airflow/example_dags/plugins/workday.py for tasks to queue
[2023-06-08T18:43:59.430+0300] {logging_mixin.py:149} INFO - [2023-06-08T18:43:59.430+0300] {dagbag.py:541} INFO - Filling up the DagBag from /Users/dogukanulu/opt/anaconda3/lib/python3.9/site-packages/airflow/example_dags/plugins/workday.py
[2023-06-08T18:44:00.576+0300] {logging_mixin.py:149} INFO - [2023-06-08T18:44:00.576+0300] {utils.py:159} INFO - NumExpr defaulting to 8 threads.
[2023-06-08T18:44:00.701+0300] {processor.py:838} WARNING - No viable dags retrieved from /Users/dogukanulu/opt/anaconda3/lib/python3.9/site-packages/airflow/example_dags/plugins/workday.py
[2023-06-08T18:44:01.025+0300] {processor.py:179} INFO - Processing /Users/dogukanulu/opt/anaconda3/lib/python3.9/site-packages/airflow/example_dags/plugins/workday.py took 1.594 seconds
