[2023-06-08T18:29:21.630+0300] {processor.py:157} INFO - Started process (PID=15607) to work on /Users/dogukanulu/opt/anaconda3/lib/python3.9/site-packages/airflow/example_dags/example_sla_dag.py
[2023-06-08T18:29:21.631+0300] {processor.py:826} INFO - Processing file /Users/dogukanulu/opt/anaconda3/lib/python3.9/site-packages/airflow/example_dags/example_sla_dag.py for tasks to queue
[2023-06-08T18:29:21.631+0300] {logging_mixin.py:149} INFO - [2023-06-08T18:29:21.631+0300] {dagbag.py:541} INFO - Filling up the DagBag from /Users/dogukanulu/opt/anaconda3/lib/python3.9/site-packages/airflow/example_dags/example_sla_dag.py
[2023-06-08T18:29:21.673+0300] {processor.py:836} INFO - DAG(s) dict_keys(['example_sla_dag']) retrieved from /Users/dogukanulu/opt/anaconda3/lib/python3.9/site-packages/airflow/example_dags/example_sla_dag.py
[2023-06-08T18:29:22.052+0300] {logging_mixin.py:149} INFO - [2023-06-08T18:29:22.052+0300] {manager.py:504} INFO - Created Permission View: can read on DAG:example_sla_dag
[2023-06-08T18:29:22.056+0300] {logging_mixin.py:149} INFO - [2023-06-08T18:29:22.056+0300] {manager.py:504} INFO - Created Permission View: can edit on DAG:example_sla_dag
[2023-06-08T18:29:22.058+0300] {logging_mixin.py:149} INFO - [2023-06-08T18:29:22.058+0300] {manager.py:504} INFO - Created Permission View: can delete on DAG:example_sla_dag
[2023-06-08T18:29:22.059+0300] {logging_mixin.py:149} INFO - [2023-06-08T18:29:22.058+0300] {dag.py:2726} INFO - Sync 1 DAGs
[2023-06-08T18:29:22.065+0300] {logging_mixin.py:149} INFO - [2023-06-08T18:29:22.064+0300] {dag.py:2747} INFO - Creating ORM DAG for example_sla_dag
[2023-06-08T18:29:22.071+0300] {logging_mixin.py:149} INFO - [2023-06-08T18:29:22.070+0300] {dag.py:3486} INFO - Setting next_dagrun for example_sla_dag to 2023-06-08T15:26:00+00:00, run_after=2023-06-08T15:28:00+00:00
[2023-06-08T18:29:22.079+0300] {processor.py:179} INFO - Processing /Users/dogukanulu/opt/anaconda3/lib/python3.9/site-packages/airflow/example_dags/example_sla_dag.py took 0.449 seconds
[2023-06-08T18:30:53.013+0300] {processor.py:157} INFO - Started process (PID=15803) to work on /Users/dogukanulu/opt/anaconda3/lib/python3.9/site-packages/airflow/example_dags/example_sla_dag.py
[2023-06-08T18:30:53.014+0300] {processor.py:826} INFO - Processing file /Users/dogukanulu/opt/anaconda3/lib/python3.9/site-packages/airflow/example_dags/example_sla_dag.py for tasks to queue
[2023-06-08T18:30:53.015+0300] {logging_mixin.py:149} INFO - [2023-06-08T18:30:53.015+0300] {dagbag.py:541} INFO - Filling up the DagBag from /Users/dogukanulu/opt/anaconda3/lib/python3.9/site-packages/airflow/example_dags/example_sla_dag.py
[2023-06-08T18:30:53.057+0300] {processor.py:836} INFO - DAG(s) dict_keys(['example_sla_dag']) retrieved from /Users/dogukanulu/opt/anaconda3/lib/python3.9/site-packages/airflow/example_dags/example_sla_dag.py
[2023-06-08T18:30:53.404+0300] {logging_mixin.py:149} INFO - [2023-06-08T18:30:53.404+0300] {dag.py:2726} INFO - Sync 1 DAGs
[2023-06-08T18:30:53.416+0300] {logging_mixin.py:149} INFO - [2023-06-08T18:30:53.416+0300] {dag.py:3486} INFO - Setting next_dagrun for example_sla_dag to 2023-06-08T15:28:00+00:00, run_after=2023-06-08T15:30:00+00:00
[2023-06-08T18:30:53.429+0300] {processor.py:179} INFO - Processing /Users/dogukanulu/opt/anaconda3/lib/python3.9/site-packages/airflow/example_dags/example_sla_dag.py took 0.417 seconds
[2023-06-08T18:32:55.212+0300] {processor.py:157} INFO - Started process (PID=15969) to work on /Users/dogukanulu/opt/anaconda3/lib/python3.9/site-packages/airflow/example_dags/example_sla_dag.py
[2023-06-08T18:32:55.214+0300] {processor.py:826} INFO - Processing file /Users/dogukanulu/opt/anaconda3/lib/python3.9/site-packages/airflow/example_dags/example_sla_dag.py for tasks to queue
[2023-06-08T18:32:55.214+0300] {logging_mixin.py:149} INFO - [2023-06-08T18:32:55.214+0300] {dagbag.py:541} INFO - Filling up the DagBag from /Users/dogukanulu/opt/anaconda3/lib/python3.9/site-packages/airflow/example_dags/example_sla_dag.py
[2023-06-08T18:32:55.257+0300] {processor.py:836} INFO - DAG(s) dict_keys(['example_sla_dag']) retrieved from /Users/dogukanulu/opt/anaconda3/lib/python3.9/site-packages/airflow/example_dags/example_sla_dag.py
[2023-06-08T18:32:55.596+0300] {logging_mixin.py:149} INFO - [2023-06-08T18:32:55.596+0300] {dag.py:2726} INFO - Sync 1 DAGs
[2023-06-08T18:32:55.607+0300] {logging_mixin.py:149} INFO - [2023-06-08T18:32:55.607+0300] {dag.py:3486} INFO - Setting next_dagrun for example_sla_dag to 2023-06-08T15:30:00+00:00, run_after=2023-06-08T15:32:00+00:00
[2023-06-08T18:32:55.617+0300] {processor.py:179} INFO - Processing /Users/dogukanulu/opt/anaconda3/lib/python3.9/site-packages/airflow/example_dags/example_sla_dag.py took 0.405 seconds
[2023-06-08T18:35:02.057+0300] {processor.py:157} INFO - Started process (PID=16140) to work on /Users/dogukanulu/opt/anaconda3/lib/python3.9/site-packages/airflow/example_dags/example_sla_dag.py
[2023-06-08T18:35:02.058+0300] {processor.py:826} INFO - Processing file /Users/dogukanulu/opt/anaconda3/lib/python3.9/site-packages/airflow/example_dags/example_sla_dag.py for tasks to queue
[2023-06-08T18:35:02.059+0300] {logging_mixin.py:149} INFO - [2023-06-08T18:35:02.058+0300] {dagbag.py:541} INFO - Filling up the DagBag from /Users/dogukanulu/opt/anaconda3/lib/python3.9/site-packages/airflow/example_dags/example_sla_dag.py
[2023-06-08T18:35:02.101+0300] {processor.py:836} INFO - DAG(s) dict_keys(['example_sla_dag']) retrieved from /Users/dogukanulu/opt/anaconda3/lib/python3.9/site-packages/airflow/example_dags/example_sla_dag.py
[2023-06-08T18:35:02.437+0300] {logging_mixin.py:149} INFO - [2023-06-08T18:35:02.437+0300] {dag.py:2726} INFO - Sync 1 DAGs
[2023-06-08T18:35:02.447+0300] {logging_mixin.py:149} INFO - [2023-06-08T18:35:02.447+0300] {dag.py:3486} INFO - Setting next_dagrun for example_sla_dag to 2023-06-08T15:32:00+00:00, run_after=2023-06-08T15:34:00+00:00
[2023-06-08T18:35:02.457+0300] {processor.py:179} INFO - Processing /Users/dogukanulu/opt/anaconda3/lib/python3.9/site-packages/airflow/example_dags/example_sla_dag.py took 0.401 seconds
[2023-06-08T18:37:08.525+0300] {processor.py:157} INFO - Started process (PID=16345) to work on /Users/dogukanulu/opt/anaconda3/lib/python3.9/site-packages/airflow/example_dags/example_sla_dag.py
[2023-06-08T18:37:08.526+0300] {processor.py:826} INFO - Processing file /Users/dogukanulu/opt/anaconda3/lib/python3.9/site-packages/airflow/example_dags/example_sla_dag.py for tasks to queue
[2023-06-08T18:37:08.527+0300] {logging_mixin.py:149} INFO - [2023-06-08T18:37:08.526+0300] {dagbag.py:541} INFO - Filling up the DagBag from /Users/dogukanulu/opt/anaconda3/lib/python3.9/site-packages/airflow/example_dags/example_sla_dag.py
[2023-06-08T18:37:08.569+0300] {processor.py:836} INFO - DAG(s) dict_keys(['example_sla_dag']) retrieved from /Users/dogukanulu/opt/anaconda3/lib/python3.9/site-packages/airflow/example_dags/example_sla_dag.py
[2023-06-08T18:37:08.908+0300] {logging_mixin.py:149} INFO - [2023-06-08T18:37:08.908+0300] {dag.py:2726} INFO - Sync 1 DAGs
[2023-06-08T18:37:08.919+0300] {logging_mixin.py:149} INFO - [2023-06-08T18:37:08.919+0300] {dag.py:3486} INFO - Setting next_dagrun for example_sla_dag to 2023-06-08T15:34:00+00:00, run_after=2023-06-08T15:36:00+00:00
[2023-06-08T18:37:08.929+0300] {processor.py:179} INFO - Processing /Users/dogukanulu/opt/anaconda3/lib/python3.9/site-packages/airflow/example_dags/example_sla_dag.py took 0.405 seconds
[2023-06-08T18:39:18.664+0300] {processor.py:157} INFO - Started process (PID=16522) to work on /Users/dogukanulu/opt/anaconda3/lib/python3.9/site-packages/airflow/example_dags/example_sla_dag.py
[2023-06-08T18:39:18.666+0300] {processor.py:826} INFO - Processing file /Users/dogukanulu/opt/anaconda3/lib/python3.9/site-packages/airflow/example_dags/example_sla_dag.py for tasks to queue
[2023-06-08T18:39:18.666+0300] {logging_mixin.py:149} INFO - [2023-06-08T18:39:18.666+0300] {dagbag.py:541} INFO - Filling up the DagBag from /Users/dogukanulu/opt/anaconda3/lib/python3.9/site-packages/airflow/example_dags/example_sla_dag.py
[2023-06-08T18:39:18.708+0300] {processor.py:836} INFO - DAG(s) dict_keys(['example_sla_dag']) retrieved from /Users/dogukanulu/opt/anaconda3/lib/python3.9/site-packages/airflow/example_dags/example_sla_dag.py
[2023-06-08T18:39:19.045+0300] {logging_mixin.py:149} INFO - [2023-06-08T18:39:19.045+0300] {dag.py:2726} INFO - Sync 1 DAGs
[2023-06-08T18:39:19.056+0300] {logging_mixin.py:149} INFO - [2023-06-08T18:39:19.056+0300] {dag.py:3486} INFO - Setting next_dagrun for example_sla_dag to 2023-06-08T15:36:00+00:00, run_after=2023-06-08T15:38:00+00:00
[2023-06-08T18:39:19.067+0300] {processor.py:179} INFO - Processing /Users/dogukanulu/opt/anaconda3/lib/python3.9/site-packages/airflow/example_dags/example_sla_dag.py took 0.403 seconds
[2023-06-08T18:41:22.566+0300] {processor.py:157} INFO - Started process (PID=16727) to work on /Users/dogukanulu/opt/anaconda3/lib/python3.9/site-packages/airflow/example_dags/example_sla_dag.py
[2023-06-08T18:41:22.568+0300] {processor.py:826} INFO - Processing file /Users/dogukanulu/opt/anaconda3/lib/python3.9/site-packages/airflow/example_dags/example_sla_dag.py for tasks to queue
[2023-06-08T18:41:22.568+0300] {logging_mixin.py:149} INFO - [2023-06-08T18:41:22.568+0300] {dagbag.py:541} INFO - Filling up the DagBag from /Users/dogukanulu/opt/anaconda3/lib/python3.9/site-packages/airflow/example_dags/example_sla_dag.py
[2023-06-08T18:41:22.610+0300] {processor.py:836} INFO - DAG(s) dict_keys(['example_sla_dag']) retrieved from /Users/dogukanulu/opt/anaconda3/lib/python3.9/site-packages/airflow/example_dags/example_sla_dag.py
[2023-06-08T18:41:22.945+0300] {logging_mixin.py:149} INFO - [2023-06-08T18:41:22.945+0300] {dag.py:2726} INFO - Sync 1 DAGs
[2023-06-08T18:41:22.955+0300] {logging_mixin.py:149} INFO - [2023-06-08T18:41:22.955+0300] {dag.py:3486} INFO - Setting next_dagrun for example_sla_dag to 2023-06-08T15:38:00+00:00, run_after=2023-06-08T15:40:00+00:00
[2023-06-08T18:41:22.965+0300] {processor.py:179} INFO - Processing /Users/dogukanulu/opt/anaconda3/lib/python3.9/site-packages/airflow/example_dags/example_sla_dag.py took 0.399 seconds
[2023-06-08T18:43:28.045+0300] {processor.py:157} INFO - Started process (PID=16905) to work on /Users/dogukanulu/opt/anaconda3/lib/python3.9/site-packages/airflow/example_dags/example_sla_dag.py
[2023-06-08T18:43:28.047+0300] {processor.py:826} INFO - Processing file /Users/dogukanulu/opt/anaconda3/lib/python3.9/site-packages/airflow/example_dags/example_sla_dag.py for tasks to queue
[2023-06-08T18:43:28.047+0300] {logging_mixin.py:149} INFO - [2023-06-08T18:43:28.047+0300] {dagbag.py:541} INFO - Filling up the DagBag from /Users/dogukanulu/opt/anaconda3/lib/python3.9/site-packages/airflow/example_dags/example_sla_dag.py
[2023-06-08T18:43:28.089+0300] {processor.py:836} INFO - DAG(s) dict_keys(['example_sla_dag']) retrieved from /Users/dogukanulu/opt/anaconda3/lib/python3.9/site-packages/airflow/example_dags/example_sla_dag.py
[2023-06-08T18:43:28.427+0300] {logging_mixin.py:149} INFO - [2023-06-08T18:43:28.427+0300] {dag.py:2726} INFO - Sync 1 DAGs
[2023-06-08T18:43:28.438+0300] {logging_mixin.py:149} INFO - [2023-06-08T18:43:28.438+0300] {dag.py:3486} INFO - Setting next_dagrun for example_sla_dag to 2023-06-08T15:40:00+00:00, run_after=2023-06-08T15:42:00+00:00
[2023-06-08T18:43:28.448+0300] {processor.py:179} INFO - Processing /Users/dogukanulu/opt/anaconda3/lib/python3.9/site-packages/airflow/example_dags/example_sla_dag.py took 0.403 seconds
