[2023-06-08T18:29:27.804+0300] {processor.py:157} INFO - Started process (PID=15616) to work on /Users/dogukanulu/opt/anaconda3/lib/python3.9/site-packages/airflow/example_dags/example_short_circuit_decorator.py
[2023-06-08T18:29:27.804+0300] {processor.py:826} INFO - Processing file /Users/dogukanulu/opt/anaconda3/lib/python3.9/site-packages/airflow/example_dags/example_short_circuit_decorator.py for tasks to queue
[2023-06-08T18:29:27.805+0300] {logging_mixin.py:149} INFO - [2023-06-08T18:29:27.804+0300] {dagbag.py:541} INFO - Filling up the DagBag from /Users/dogukanulu/opt/anaconda3/lib/python3.9/site-packages/airflow/example_dags/example_short_circuit_decorator.py
[2023-06-08T18:29:27.847+0300] {processor.py:836} INFO - DAG(s) dict_keys(['example_short_circuit_decorator']) retrieved from /Users/dogukanulu/opt/anaconda3/lib/python3.9/site-packages/airflow/example_dags/example_short_circuit_decorator.py
[2023-06-08T18:29:28.224+0300] {logging_mixin.py:149} INFO - [2023-06-08T18:29:28.224+0300] {manager.py:504} INFO - Created Permission View: can read on DAG:example_short_circuit_decorator
[2023-06-08T18:29:28.228+0300] {logging_mixin.py:149} INFO - [2023-06-08T18:29:28.228+0300] {manager.py:504} INFO - Created Permission View: can edit on DAG:example_short_circuit_decorator
[2023-06-08T18:29:28.231+0300] {logging_mixin.py:149} INFO - [2023-06-08T18:29:28.231+0300] {manager.py:504} INFO - Created Permission View: can delete on DAG:example_short_circuit_decorator
[2023-06-08T18:29:28.231+0300] {logging_mixin.py:149} INFO - [2023-06-08T18:29:28.231+0300] {dag.py:2726} INFO - Sync 1 DAGs
[2023-06-08T18:29:28.237+0300] {logging_mixin.py:149} INFO - [2023-06-08T18:29:28.237+0300] {dag.py:2747} INFO - Creating ORM DAG for example_short_circuit_decorator
[2023-06-08T18:29:28.241+0300] {logging_mixin.py:149} INFO - [2023-06-08T18:29:28.241+0300] {dag.py:3486} INFO - Setting next_dagrun for example_short_circuit_decorator to 2023-06-07T15:29:28.241164+00:00, run_after=2023-06-08T15:29:28.241164+00:00
[2023-06-08T18:29:28.250+0300] {processor.py:179} INFO - Processing /Users/dogukanulu/opt/anaconda3/lib/python3.9/site-packages/airflow/example_dags/example_short_circuit_decorator.py took 0.446 seconds
[2023-06-08T18:30:59.180+0300] {processor.py:157} INFO - Started process (PID=15810) to work on /Users/dogukanulu/opt/anaconda3/lib/python3.9/site-packages/airflow/example_dags/example_short_circuit_decorator.py
[2023-06-08T18:30:59.181+0300] {processor.py:826} INFO - Processing file /Users/dogukanulu/opt/anaconda3/lib/python3.9/site-packages/airflow/example_dags/example_short_circuit_decorator.py for tasks to queue
[2023-06-08T18:30:59.181+0300] {logging_mixin.py:149} INFO - [2023-06-08T18:30:59.181+0300] {dagbag.py:541} INFO - Filling up the DagBag from /Users/dogukanulu/opt/anaconda3/lib/python3.9/site-packages/airflow/example_dags/example_short_circuit_decorator.py
[2023-06-08T18:30:59.225+0300] {processor.py:836} INFO - DAG(s) dict_keys(['example_short_circuit_decorator']) retrieved from /Users/dogukanulu/opt/anaconda3/lib/python3.9/site-packages/airflow/example_dags/example_short_circuit_decorator.py
[2023-06-08T18:30:59.571+0300] {logging_mixin.py:149} INFO - [2023-06-08T18:30:59.571+0300] {dag.py:2726} INFO - Sync 1 DAGs
[2023-06-08T18:30:59.580+0300] {logging_mixin.py:149} INFO - [2023-06-08T18:30:59.579+0300] {dag.py:3486} INFO - Setting next_dagrun for example_short_circuit_decorator to 2023-06-07T15:30:59.579852+00:00, run_after=2023-06-08T15:30:59.579852+00:00
[2023-06-08T18:30:59.589+0300] {processor.py:179} INFO - Processing /Users/dogukanulu/opt/anaconda3/lib/python3.9/site-packages/airflow/example_dags/example_short_circuit_decorator.py took 0.410 seconds
[2023-06-08T18:33:01.836+0300] {processor.py:157} INFO - Started process (PID=15978) to work on /Users/dogukanulu/opt/anaconda3/lib/python3.9/site-packages/airflow/example_dags/example_short_circuit_decorator.py
[2023-06-08T18:33:01.837+0300] {processor.py:826} INFO - Processing file /Users/dogukanulu/opt/anaconda3/lib/python3.9/site-packages/airflow/example_dags/example_short_circuit_decorator.py for tasks to queue
[2023-06-08T18:33:01.837+0300] {logging_mixin.py:149} INFO - [2023-06-08T18:33:01.837+0300] {dagbag.py:541} INFO - Filling up the DagBag from /Users/dogukanulu/opt/anaconda3/lib/python3.9/site-packages/airflow/example_dags/example_short_circuit_decorator.py
[2023-06-08T18:33:01.880+0300] {processor.py:836} INFO - DAG(s) dict_keys(['example_short_circuit_decorator']) retrieved from /Users/dogukanulu/opt/anaconda3/lib/python3.9/site-packages/airflow/example_dags/example_short_circuit_decorator.py
[2023-06-08T18:33:02.223+0300] {logging_mixin.py:149} INFO - [2023-06-08T18:33:02.223+0300] {dag.py:2726} INFO - Sync 1 DAGs
[2023-06-08T18:33:02.231+0300] {logging_mixin.py:149} INFO - [2023-06-08T18:33:02.231+0300] {dag.py:3486} INFO - Setting next_dagrun for example_short_circuit_decorator to 2023-06-07T15:33:02.231788+00:00, run_after=2023-06-08T15:33:02.231788+00:00
[2023-06-08T18:33:02.241+0300] {processor.py:179} INFO - Processing /Users/dogukanulu/opt/anaconda3/lib/python3.9/site-packages/airflow/example_dags/example_short_circuit_decorator.py took 0.406 seconds
[2023-06-08T18:35:08.149+0300] {processor.py:157} INFO - Started process (PID=16150) to work on /Users/dogukanulu/opt/anaconda3/lib/python3.9/site-packages/airflow/example_dags/example_short_circuit_decorator.py
[2023-06-08T18:35:08.151+0300] {processor.py:826} INFO - Processing file /Users/dogukanulu/opt/anaconda3/lib/python3.9/site-packages/airflow/example_dags/example_short_circuit_decorator.py for tasks to queue
[2023-06-08T18:35:08.151+0300] {logging_mixin.py:149} INFO - [2023-06-08T18:35:08.151+0300] {dagbag.py:541} INFO - Filling up the DagBag from /Users/dogukanulu/opt/anaconda3/lib/python3.9/site-packages/airflow/example_dags/example_short_circuit_decorator.py
[2023-06-08T18:35:08.194+0300] {processor.py:836} INFO - DAG(s) dict_keys(['example_short_circuit_decorator']) retrieved from /Users/dogukanulu/opt/anaconda3/lib/python3.9/site-packages/airflow/example_dags/example_short_circuit_decorator.py
[2023-06-08T18:35:08.563+0300] {logging_mixin.py:149} INFO - [2023-06-08T18:35:08.563+0300] {dag.py:2726} INFO - Sync 1 DAGs
[2023-06-08T18:35:08.572+0300] {logging_mixin.py:149} INFO - [2023-06-08T18:35:08.572+0300] {dag.py:3486} INFO - Setting next_dagrun for example_short_circuit_decorator to 2023-06-07T15:35:08.572704+00:00, run_after=2023-06-08T15:35:08.572704+00:00
[2023-06-08T18:35:08.583+0300] {processor.py:179} INFO - Processing /Users/dogukanulu/opt/anaconda3/lib/python3.9/site-packages/airflow/example_dags/example_short_circuit_decorator.py took 0.434 seconds
[2023-06-08T18:37:14.681+0300] {processor.py:157} INFO - Started process (PID=16352) to work on /Users/dogukanulu/opt/anaconda3/lib/python3.9/site-packages/airflow/example_dags/example_short_circuit_decorator.py
[2023-06-08T18:37:14.683+0300] {processor.py:826} INFO - Processing file /Users/dogukanulu/opt/anaconda3/lib/python3.9/site-packages/airflow/example_dags/example_short_circuit_decorator.py for tasks to queue
[2023-06-08T18:37:14.683+0300] {logging_mixin.py:149} INFO - [2023-06-08T18:37:14.683+0300] {dagbag.py:541} INFO - Filling up the DagBag from /Users/dogukanulu/opt/anaconda3/lib/python3.9/site-packages/airflow/example_dags/example_short_circuit_decorator.py
[2023-06-08T18:37:14.726+0300] {processor.py:836} INFO - DAG(s) dict_keys(['example_short_circuit_decorator']) retrieved from /Users/dogukanulu/opt/anaconda3/lib/python3.9/site-packages/airflow/example_dags/example_short_circuit_decorator.py
[2023-06-08T18:37:15.075+0300] {logging_mixin.py:149} INFO - [2023-06-08T18:37:15.075+0300] {dag.py:2726} INFO - Sync 1 DAGs
[2023-06-08T18:37:15.085+0300] {logging_mixin.py:149} INFO - [2023-06-08T18:37:15.085+0300] {dag.py:3486} INFO - Setting next_dagrun for example_short_circuit_decorator to 2023-06-07T15:37:15.085217+00:00, run_after=2023-06-08T15:37:15.085217+00:00
[2023-06-08T18:37:15.096+0300] {processor.py:179} INFO - Processing /Users/dogukanulu/opt/anaconda3/lib/python3.9/site-packages/airflow/example_dags/example_short_circuit_decorator.py took 0.415 seconds
[2023-06-08T18:39:24.431+0300] {processor.py:157} INFO - Started process (PID=16559) to work on /Users/dogukanulu/opt/anaconda3/lib/python3.9/site-packages/airflow/example_dags/example_short_circuit_decorator.py
[2023-06-08T18:39:24.433+0300] {processor.py:826} INFO - Processing file /Users/dogukanulu/opt/anaconda3/lib/python3.9/site-packages/airflow/example_dags/example_short_circuit_decorator.py for tasks to queue
[2023-06-08T18:39:24.433+0300] {logging_mixin.py:149} INFO - [2023-06-08T18:39:24.433+0300] {dagbag.py:541} INFO - Filling up the DagBag from /Users/dogukanulu/opt/anaconda3/lib/python3.9/site-packages/airflow/example_dags/example_short_circuit_decorator.py
[2023-06-08T18:39:24.476+0300] {processor.py:836} INFO - DAG(s) dict_keys(['example_short_circuit_decorator']) retrieved from /Users/dogukanulu/opt/anaconda3/lib/python3.9/site-packages/airflow/example_dags/example_short_circuit_decorator.py
[2023-06-08T18:39:24.816+0300] {logging_mixin.py:149} INFO - [2023-06-08T18:39:24.816+0300] {dag.py:2726} INFO - Sync 1 DAGs
[2023-06-08T18:39:24.825+0300] {logging_mixin.py:149} INFO - [2023-06-08T18:39:24.825+0300] {dag.py:3486} INFO - Setting next_dagrun for example_short_circuit_decorator to 2023-06-07T15:39:24.825244+00:00, run_after=2023-06-08T15:39:24.825244+00:00
[2023-06-08T18:39:24.835+0300] {processor.py:179} INFO - Processing /Users/dogukanulu/opt/anaconda3/lib/python3.9/site-packages/airflow/example_dags/example_short_circuit_decorator.py took 0.404 seconds
[2023-06-08T18:41:28.690+0300] {processor.py:157} INFO - Started process (PID=16734) to work on /Users/dogukanulu/opt/anaconda3/lib/python3.9/site-packages/airflow/example_dags/example_short_circuit_decorator.py
[2023-06-08T18:41:28.692+0300] {processor.py:826} INFO - Processing file /Users/dogukanulu/opt/anaconda3/lib/python3.9/site-packages/airflow/example_dags/example_short_circuit_decorator.py for tasks to queue
[2023-06-08T18:41:28.692+0300] {logging_mixin.py:149} INFO - [2023-06-08T18:41:28.692+0300] {dagbag.py:541} INFO - Filling up the DagBag from /Users/dogukanulu/opt/anaconda3/lib/python3.9/site-packages/airflow/example_dags/example_short_circuit_decorator.py
[2023-06-08T18:41:28.735+0300] {processor.py:836} INFO - DAG(s) dict_keys(['example_short_circuit_decorator']) retrieved from /Users/dogukanulu/opt/anaconda3/lib/python3.9/site-packages/airflow/example_dags/example_short_circuit_decorator.py
[2023-06-08T18:41:29.071+0300] {logging_mixin.py:149} INFO - [2023-06-08T18:41:29.071+0300] {dag.py:2726} INFO - Sync 1 DAGs
[2023-06-08T18:41:29.080+0300] {logging_mixin.py:149} INFO - [2023-06-08T18:41:29.080+0300] {dag.py:3486} INFO - Setting next_dagrun for example_short_circuit_decorator to 2023-06-07T15:41:29.080372+00:00, run_after=2023-06-08T15:41:29.080372+00:00
[2023-06-08T18:41:29.090+0300] {processor.py:179} INFO - Processing /Users/dogukanulu/opt/anaconda3/lib/python3.9/site-packages/airflow/example_dags/example_short_circuit_decorator.py took 0.400 seconds
[2023-06-08T18:43:34.190+0300] {processor.py:157} INFO - Started process (PID=16912) to work on /Users/dogukanulu/opt/anaconda3/lib/python3.9/site-packages/airflow/example_dags/example_short_circuit_decorator.py
[2023-06-08T18:43:34.191+0300] {processor.py:826} INFO - Processing file /Users/dogukanulu/opt/anaconda3/lib/python3.9/site-packages/airflow/example_dags/example_short_circuit_decorator.py for tasks to queue
[2023-06-08T18:43:34.191+0300] {logging_mixin.py:149} INFO - [2023-06-08T18:43:34.191+0300] {dagbag.py:541} INFO - Filling up the DagBag from /Users/dogukanulu/opt/anaconda3/lib/python3.9/site-packages/airflow/example_dags/example_short_circuit_decorator.py
[2023-06-08T18:43:34.234+0300] {processor.py:836} INFO - DAG(s) dict_keys(['example_short_circuit_decorator']) retrieved from /Users/dogukanulu/opt/anaconda3/lib/python3.9/site-packages/airflow/example_dags/example_short_circuit_decorator.py
[2023-06-08T18:43:34.575+0300] {logging_mixin.py:149} INFO - [2023-06-08T18:43:34.575+0300] {dag.py:2726} INFO - Sync 1 DAGs
[2023-06-08T18:43:34.584+0300] {logging_mixin.py:149} INFO - [2023-06-08T18:43:34.584+0300] {dag.py:3486} INFO - Setting next_dagrun for example_short_circuit_decorator to 2023-06-07T15:43:34.584024+00:00, run_after=2023-06-08T15:43:34.584024+00:00
[2023-06-08T18:43:34.594+0300] {processor.py:179} INFO - Processing /Users/dogukanulu/opt/anaconda3/lib/python3.9/site-packages/airflow/example_dags/example_short_circuit_decorator.py took 0.405 seconds
