[2023-06-08T18:30:16.527+0300] {processor.py:157} INFO - Started process (PID=15682) to work on /Users/dogukanulu/opt/anaconda3/lib/python3.9/site-packages/airflow/example_dags/example_branch_datetime_operator.py
[2023-06-08T18:30:16.528+0300] {processor.py:826} INFO - Processing file /Users/dogukanulu/opt/anaconda3/lib/python3.9/site-packages/airflow/example_dags/example_branch_datetime_operator.py for tasks to queue
[2023-06-08T18:30:16.528+0300] {logging_mixin.py:149} INFO - [2023-06-08T18:30:16.528+0300] {dagbag.py:541} INFO - Filling up the DagBag from /Users/dogukanulu/opt/anaconda3/lib/python3.9/site-packages/airflow/example_dags/example_branch_datetime_operator.py
[2023-06-08T18:30:16.557+0300] {processor.py:836} INFO - DAG(s) dict_keys(['example_branch_datetime_operator_2', 'example_branch_datetime_operator', 'example_branch_datetime_operator_3']) retrieved from /Users/dogukanulu/opt/anaconda3/lib/python3.9/site-packages/airflow/example_dags/example_branch_datetime_operator.py
[2023-06-08T18:30:16.938+0300] {logging_mixin.py:149} INFO - [2023-06-08T18:30:16.938+0300] {manager.py:504} INFO - Created Permission View: can delete on DAG:example_branch_datetime_operator_2
[2023-06-08T18:30:16.943+0300] {logging_mixin.py:149} INFO - [2023-06-08T18:30:16.943+0300] {manager.py:504} INFO - Created Permission View: can edit on DAG:example_branch_datetime_operator_2
[2023-06-08T18:30:16.947+0300] {logging_mixin.py:149} INFO - [2023-06-08T18:30:16.946+0300] {manager.py:504} INFO - Created Permission View: can read on DAG:example_branch_datetime_operator_2
[2023-06-08T18:30:16.955+0300] {logging_mixin.py:149} INFO - [2023-06-08T18:30:16.955+0300] {manager.py:504} INFO - Created Permission View: can delete on DAG:example_branch_datetime_operator
[2023-06-08T18:30:16.958+0300] {logging_mixin.py:149} INFO - [2023-06-08T18:30:16.958+0300] {manager.py:504} INFO - Created Permission View: can edit on DAG:example_branch_datetime_operator
[2023-06-08T18:30:16.961+0300] {logging_mixin.py:149} INFO - [2023-06-08T18:30:16.961+0300] {manager.py:504} INFO - Created Permission View: can read on DAG:example_branch_datetime_operator
[2023-06-08T18:30:16.967+0300] {logging_mixin.py:149} INFO - [2023-06-08T18:30:16.967+0300] {manager.py:504} INFO - Created Permission View: can delete on DAG:example_branch_datetime_operator_3
[2023-06-08T18:30:16.970+0300] {logging_mixin.py:149} INFO - [2023-06-08T18:30:16.969+0300] {manager.py:504} INFO - Created Permission View: can edit on DAG:example_branch_datetime_operator_3
[2023-06-08T18:30:16.972+0300] {logging_mixin.py:149} INFO - [2023-06-08T18:30:16.972+0300] {manager.py:504} INFO - Created Permission View: can read on DAG:example_branch_datetime_operator_3
[2023-06-08T18:30:16.972+0300] {logging_mixin.py:149} INFO - [2023-06-08T18:30:16.972+0300] {dag.py:2726} INFO - Sync 3 DAGs
[2023-06-08T18:30:16.978+0300] {logging_mixin.py:149} INFO - [2023-06-08T18:30:16.978+0300] {dag.py:2747} INFO - Creating ORM DAG for example_branch_datetime_operator
[2023-06-08T18:30:16.978+0300] {logging_mixin.py:149} INFO - [2023-06-08T18:30:16.978+0300] {dag.py:2747} INFO - Creating ORM DAG for example_branch_datetime_operator_3
[2023-06-08T18:30:16.978+0300] {logging_mixin.py:149} INFO - [2023-06-08T18:30:16.978+0300] {dag.py:2747} INFO - Creating ORM DAG for example_branch_datetime_operator_2
[2023-06-08T18:30:16.983+0300] {logging_mixin.py:149} INFO - [2023-06-08T18:30:16.983+0300] {dag.py:3486} INFO - Setting next_dagrun for example_branch_datetime_operator to 2023-06-07T00:00:00+00:00, run_after=2023-06-08T00:00:00+00:00
[2023-06-08T18:30:16.984+0300] {logging_mixin.py:149} INFO - [2023-06-08T18:30:16.984+0300] {dag.py:3486} INFO - Setting next_dagrun for example_branch_datetime_operator_2 to 2023-06-07T00:00:00+00:00, run_after=2023-06-08T00:00:00+00:00
[2023-06-08T18:30:16.985+0300] {logging_mixin.py:149} INFO - [2023-06-08T18:30:16.985+0300] {dag.py:3486} INFO - Setting next_dagrun for example_branch_datetime_operator_3 to 2023-06-07T00:00:00+00:00, run_after=2023-06-08T00:00:00+00:00
[2023-06-08T18:30:16.994+0300] {processor.py:179} INFO - Processing /Users/dogukanulu/opt/anaconda3/lib/python3.9/site-packages/airflow/example_dags/example_branch_datetime_operator.py took 0.467 seconds
[2023-06-08T18:32:18.934+0300] {processor.py:157} INFO - Started process (PID=15921) to work on /Users/dogukanulu/opt/anaconda3/lib/python3.9/site-packages/airflow/example_dags/example_branch_datetime_operator.py
[2023-06-08T18:32:18.936+0300] {processor.py:826} INFO - Processing file /Users/dogukanulu/opt/anaconda3/lib/python3.9/site-packages/airflow/example_dags/example_branch_datetime_operator.py for tasks to queue
[2023-06-08T18:32:18.936+0300] {logging_mixin.py:149} INFO - [2023-06-08T18:32:18.936+0300] {dagbag.py:541} INFO - Filling up the DagBag from /Users/dogukanulu/opt/anaconda3/lib/python3.9/site-packages/airflow/example_dags/example_branch_datetime_operator.py
[2023-06-08T18:32:18.964+0300] {processor.py:836} INFO - DAG(s) dict_keys(['example_branch_datetime_operator_2', 'example_branch_datetime_operator', 'example_branch_datetime_operator_3']) retrieved from /Users/dogukanulu/opt/anaconda3/lib/python3.9/site-packages/airflow/example_dags/example_branch_datetime_operator.py
[2023-06-08T18:32:19.306+0300] {logging_mixin.py:149} INFO - [2023-06-08T18:32:19.306+0300] {dag.py:2726} INFO - Sync 3 DAGs
[2023-06-08T18:32:19.316+0300] {logging_mixin.py:149} INFO - [2023-06-08T18:32:19.316+0300] {dag.py:3486} INFO - Setting next_dagrun for example_branch_datetime_operator to 2023-06-07T00:00:00+00:00, run_after=2023-06-08T00:00:00+00:00
[2023-06-08T18:32:19.318+0300] {logging_mixin.py:149} INFO - [2023-06-08T18:32:19.318+0300] {dag.py:3486} INFO - Setting next_dagrun for example_branch_datetime_operator_2 to 2023-06-07T00:00:00+00:00, run_after=2023-06-08T00:00:00+00:00
[2023-06-08T18:32:19.319+0300] {logging_mixin.py:149} INFO - [2023-06-08T18:32:19.319+0300] {dag.py:3486} INFO - Setting next_dagrun for example_branch_datetime_operator_3 to 2023-06-07T00:00:00+00:00, run_after=2023-06-08T00:00:00+00:00
[2023-06-08T18:32:19.328+0300] {processor.py:179} INFO - Processing /Users/dogukanulu/opt/anaconda3/lib/python3.9/site-packages/airflow/example_dags/example_branch_datetime_operator.py took 0.394 seconds
[2023-06-08T18:34:23.018+0300] {processor.py:157} INFO - Started process (PID=16088) to work on /Users/dogukanulu/opt/anaconda3/lib/python3.9/site-packages/airflow/example_dags/example_branch_datetime_operator.py
[2023-06-08T18:34:23.020+0300] {processor.py:826} INFO - Processing file /Users/dogukanulu/opt/anaconda3/lib/python3.9/site-packages/airflow/example_dags/example_branch_datetime_operator.py for tasks to queue
[2023-06-08T18:34:23.020+0300] {logging_mixin.py:149} INFO - [2023-06-08T18:34:23.020+0300] {dagbag.py:541} INFO - Filling up the DagBag from /Users/dogukanulu/opt/anaconda3/lib/python3.9/site-packages/airflow/example_dags/example_branch_datetime_operator.py
[2023-06-08T18:34:23.048+0300] {processor.py:836} INFO - DAG(s) dict_keys(['example_branch_datetime_operator_2', 'example_branch_datetime_operator', 'example_branch_datetime_operator_3']) retrieved from /Users/dogukanulu/opt/anaconda3/lib/python3.9/site-packages/airflow/example_dags/example_branch_datetime_operator.py
[2023-06-08T18:34:23.388+0300] {logging_mixin.py:149} INFO - [2023-06-08T18:34:23.387+0300] {dag.py:2726} INFO - Sync 3 DAGs
[2023-06-08T18:34:23.398+0300] {logging_mixin.py:149} INFO - [2023-06-08T18:34:23.398+0300] {dag.py:3486} INFO - Setting next_dagrun for example_branch_datetime_operator to 2023-06-07T00:00:00+00:00, run_after=2023-06-08T00:00:00+00:00
[2023-06-08T18:34:23.400+0300] {logging_mixin.py:149} INFO - [2023-06-08T18:34:23.400+0300] {dag.py:3486} INFO - Setting next_dagrun for example_branch_datetime_operator_2 to 2023-06-07T00:00:00+00:00, run_after=2023-06-08T00:00:00+00:00
[2023-06-08T18:34:23.401+0300] {logging_mixin.py:149} INFO - [2023-06-08T18:34:23.401+0300] {dag.py:3486} INFO - Setting next_dagrun for example_branch_datetime_operator_3 to 2023-06-07T00:00:00+00:00, run_after=2023-06-08T00:00:00+00:00
[2023-06-08T18:34:23.410+0300] {processor.py:179} INFO - Processing /Users/dogukanulu/opt/anaconda3/lib/python3.9/site-packages/airflow/example_dags/example_branch_datetime_operator.py took 0.392 seconds
[2023-06-08T18:36:30.757+0300] {processor.py:157} INFO - Started process (PID=16281) to work on /Users/dogukanulu/opt/anaconda3/lib/python3.9/site-packages/airflow/example_dags/example_branch_datetime_operator.py
[2023-06-08T18:36:30.759+0300] {processor.py:826} INFO - Processing file /Users/dogukanulu/opt/anaconda3/lib/python3.9/site-packages/airflow/example_dags/example_branch_datetime_operator.py for tasks to queue
[2023-06-08T18:36:30.759+0300] {logging_mixin.py:149} INFO - [2023-06-08T18:36:30.759+0300] {dagbag.py:541} INFO - Filling up the DagBag from /Users/dogukanulu/opt/anaconda3/lib/python3.9/site-packages/airflow/example_dags/example_branch_datetime_operator.py
[2023-06-08T18:36:30.788+0300] {processor.py:836} INFO - DAG(s) dict_keys(['example_branch_datetime_operator_3', 'example_branch_datetime_operator', 'example_branch_datetime_operator_2']) retrieved from /Users/dogukanulu/opt/anaconda3/lib/python3.9/site-packages/airflow/example_dags/example_branch_datetime_operator.py
[2023-06-08T18:36:31.132+0300] {logging_mixin.py:149} INFO - [2023-06-08T18:36:31.131+0300] {dag.py:2726} INFO - Sync 3 DAGs
[2023-06-08T18:36:31.142+0300] {logging_mixin.py:149} INFO - [2023-06-08T18:36:31.142+0300] {dag.py:3486} INFO - Setting next_dagrun for example_branch_datetime_operator to 2023-06-07T00:00:00+00:00, run_after=2023-06-08T00:00:00+00:00
[2023-06-08T18:36:31.144+0300] {logging_mixin.py:149} INFO - [2023-06-08T18:36:31.144+0300] {dag.py:3486} INFO - Setting next_dagrun for example_branch_datetime_operator_2 to 2023-06-07T00:00:00+00:00, run_after=2023-06-08T00:00:00+00:00
[2023-06-08T18:36:31.145+0300] {logging_mixin.py:149} INFO - [2023-06-08T18:36:31.145+0300] {dag.py:3486} INFO - Setting next_dagrun for example_branch_datetime_operator_3 to 2023-06-07T00:00:00+00:00, run_after=2023-06-08T00:00:00+00:00
[2023-06-08T18:36:31.154+0300] {processor.py:179} INFO - Processing /Users/dogukanulu/opt/anaconda3/lib/python3.9/site-packages/airflow/example_dags/example_branch_datetime_operator.py took 0.397 seconds
[2023-06-08T18:38:39.016+0300] {processor.py:157} INFO - Started process (PID=16470) to work on /Users/dogukanulu/opt/anaconda3/lib/python3.9/site-packages/airflow/example_dags/example_branch_datetime_operator.py
[2023-06-08T18:38:39.018+0300] {processor.py:826} INFO - Processing file /Users/dogukanulu/opt/anaconda3/lib/python3.9/site-packages/airflow/example_dags/example_branch_datetime_operator.py for tasks to queue
[2023-06-08T18:38:39.018+0300] {logging_mixin.py:149} INFO - [2023-06-08T18:38:39.018+0300] {dagbag.py:541} INFO - Filling up the DagBag from /Users/dogukanulu/opt/anaconda3/lib/python3.9/site-packages/airflow/example_dags/example_branch_datetime_operator.py
[2023-06-08T18:38:39.047+0300] {processor.py:836} INFO - DAG(s) dict_keys(['example_branch_datetime_operator_3', 'example_branch_datetime_operator_2', 'example_branch_datetime_operator']) retrieved from /Users/dogukanulu/opt/anaconda3/lib/python3.9/site-packages/airflow/example_dags/example_branch_datetime_operator.py
[2023-06-08T18:38:39.393+0300] {logging_mixin.py:149} INFO - [2023-06-08T18:38:39.392+0300] {dag.py:2726} INFO - Sync 3 DAGs
[2023-06-08T18:38:39.403+0300] {logging_mixin.py:149} INFO - [2023-06-08T18:38:39.403+0300] {dag.py:3486} INFO - Setting next_dagrun for example_branch_datetime_operator to 2023-06-07T00:00:00+00:00, run_after=2023-06-08T00:00:00+00:00
[2023-06-08T18:38:39.405+0300] {logging_mixin.py:149} INFO - [2023-06-08T18:38:39.405+0300] {dag.py:3486} INFO - Setting next_dagrun for example_branch_datetime_operator_2 to 2023-06-07T00:00:00+00:00, run_after=2023-06-08T00:00:00+00:00
[2023-06-08T18:38:39.406+0300] {logging_mixin.py:149} INFO - [2023-06-08T18:38:39.406+0300] {dag.py:3486} INFO - Setting next_dagrun for example_branch_datetime_operator_3 to 2023-06-07T00:00:00+00:00, run_after=2023-06-08T00:00:00+00:00
[2023-06-08T18:38:39.415+0300] {processor.py:179} INFO - Processing /Users/dogukanulu/opt/anaconda3/lib/python3.9/site-packages/airflow/example_dags/example_branch_datetime_operator.py took 0.399 seconds
[2023-06-08T18:40:44.809+0300] {processor.py:157} INFO - Started process (PID=16675) to work on /Users/dogukanulu/opt/anaconda3/lib/python3.9/site-packages/airflow/example_dags/example_branch_datetime_operator.py
[2023-06-08T18:40:44.810+0300] {processor.py:826} INFO - Processing file /Users/dogukanulu/opt/anaconda3/lib/python3.9/site-packages/airflow/example_dags/example_branch_datetime_operator.py for tasks to queue
[2023-06-08T18:40:44.811+0300] {logging_mixin.py:149} INFO - [2023-06-08T18:40:44.811+0300] {dagbag.py:541} INFO - Filling up the DagBag from /Users/dogukanulu/opt/anaconda3/lib/python3.9/site-packages/airflow/example_dags/example_branch_datetime_operator.py
[2023-06-08T18:40:44.839+0300] {processor.py:836} INFO - DAG(s) dict_keys(['example_branch_datetime_operator', 'example_branch_datetime_operator_2', 'example_branch_datetime_operator_3']) retrieved from /Users/dogukanulu/opt/anaconda3/lib/python3.9/site-packages/airflow/example_dags/example_branch_datetime_operator.py
[2023-06-08T18:40:45.180+0300] {logging_mixin.py:149} INFO - [2023-06-08T18:40:45.180+0300] {dag.py:2726} INFO - Sync 3 DAGs
[2023-06-08T18:40:45.190+0300] {logging_mixin.py:149} INFO - [2023-06-08T18:40:45.190+0300] {dag.py:3486} INFO - Setting next_dagrun for example_branch_datetime_operator to 2023-06-07T00:00:00+00:00, run_after=2023-06-08T00:00:00+00:00
[2023-06-08T18:40:45.193+0300] {logging_mixin.py:149} INFO - [2023-06-08T18:40:45.192+0300] {dag.py:3486} INFO - Setting next_dagrun for example_branch_datetime_operator_2 to 2023-06-07T00:00:00+00:00, run_after=2023-06-08T00:00:00+00:00
[2023-06-08T18:40:45.194+0300] {logging_mixin.py:149} INFO - [2023-06-08T18:40:45.194+0300] {dag.py:3486} INFO - Setting next_dagrun for example_branch_datetime_operator_3 to 2023-06-07T00:00:00+00:00, run_after=2023-06-08T00:00:00+00:00
[2023-06-08T18:40:45.202+0300] {processor.py:179} INFO - Processing /Users/dogukanulu/opt/anaconda3/lib/python3.9/site-packages/airflow/example_dags/example_branch_datetime_operator.py took 0.394 seconds
[2023-06-08T18:42:49.653+0300] {processor.py:157} INFO - Started process (PID=16849) to work on /Users/dogukanulu/opt/anaconda3/lib/python3.9/site-packages/airflow/example_dags/example_branch_datetime_operator.py
[2023-06-08T18:42:49.654+0300] {processor.py:826} INFO - Processing file /Users/dogukanulu/opt/anaconda3/lib/python3.9/site-packages/airflow/example_dags/example_branch_datetime_operator.py for tasks to queue
[2023-06-08T18:42:49.655+0300] {logging_mixin.py:149} INFO - [2023-06-08T18:42:49.655+0300] {dagbag.py:541} INFO - Filling up the DagBag from /Users/dogukanulu/opt/anaconda3/lib/python3.9/site-packages/airflow/example_dags/example_branch_datetime_operator.py
[2023-06-08T18:42:49.684+0300] {processor.py:836} INFO - DAG(s) dict_keys(['example_branch_datetime_operator_2', 'example_branch_datetime_operator', 'example_branch_datetime_operator_3']) retrieved from /Users/dogukanulu/opt/anaconda3/lib/python3.9/site-packages/airflow/example_dags/example_branch_datetime_operator.py
[2023-06-08T18:42:50.053+0300] {logging_mixin.py:149} INFO - [2023-06-08T18:42:50.052+0300] {dag.py:2726} INFO - Sync 3 DAGs
[2023-06-08T18:42:50.063+0300] {logging_mixin.py:149} INFO - [2023-06-08T18:42:50.063+0300] {dag.py:3486} INFO - Setting next_dagrun for example_branch_datetime_operator to 2023-06-07T00:00:00+00:00, run_after=2023-06-08T00:00:00+00:00
[2023-06-08T18:42:50.065+0300] {logging_mixin.py:149} INFO - [2023-06-08T18:42:50.065+0300] {dag.py:3486} INFO - Setting next_dagrun for example_branch_datetime_operator_2 to 2023-06-07T00:00:00+00:00, run_after=2023-06-08T00:00:00+00:00
[2023-06-08T18:42:50.067+0300] {logging_mixin.py:149} INFO - [2023-06-08T18:42:50.067+0300] {dag.py:3486} INFO - Setting next_dagrun for example_branch_datetime_operator_3 to 2023-06-07T00:00:00+00:00, run_after=2023-06-08T00:00:00+00:00
[2023-06-08T18:42:50.075+0300] {processor.py:179} INFO - Processing /Users/dogukanulu/opt/anaconda3/lib/python3.9/site-packages/airflow/example_dags/example_branch_datetime_operator.py took 0.423 seconds
