[2023-06-08T18:30:10.358+0300] {processor.py:157} INFO - Started process (PID=15673) to work on /Users/dogukanulu/opt/anaconda3/lib/python3.9/site-packages/airflow/example_dags/example_branch_operator.py
[2023-06-08T18:30:10.358+0300] {processor.py:826} INFO - Processing file /Users/dogukanulu/opt/anaconda3/lib/python3.9/site-packages/airflow/example_dags/example_branch_operator.py for tasks to queue
[2023-06-08T18:30:10.359+0300] {logging_mixin.py:149} INFO - [2023-06-08T18:30:10.358+0300] {dagbag.py:541} INFO - Filling up the DagBag from /Users/dogukanulu/opt/anaconda3/lib/python3.9/site-packages/airflow/example_dags/example_branch_operator.py
[2023-06-08T18:30:10.395+0300] {processor.py:836} INFO - DAG(s) dict_keys(['example_branch_operator']) retrieved from /Users/dogukanulu/opt/anaconda3/lib/python3.9/site-packages/airflow/example_dags/example_branch_operator.py
[2023-06-08T18:30:10.774+0300] {logging_mixin.py:149} INFO - [2023-06-08T18:30:10.774+0300] {manager.py:504} INFO - Created Permission View: can edit on DAG:example_branch_operator
[2023-06-08T18:30:10.778+0300] {logging_mixin.py:149} INFO - [2023-06-08T18:30:10.778+0300] {manager.py:504} INFO - Created Permission View: can delete on DAG:example_branch_operator
[2023-06-08T18:30:10.781+0300] {logging_mixin.py:149} INFO - [2023-06-08T18:30:10.780+0300] {manager.py:504} INFO - Created Permission View: can read on DAG:example_branch_operator
[2023-06-08T18:30:10.781+0300] {logging_mixin.py:149} INFO - [2023-06-08T18:30:10.781+0300] {dag.py:2726} INFO - Sync 1 DAGs
[2023-06-08T18:30:10.786+0300] {logging_mixin.py:149} INFO - [2023-06-08T18:30:10.786+0300] {dag.py:2747} INFO - Creating ORM DAG for example_branch_operator
[2023-06-08T18:30:10.792+0300] {logging_mixin.py:149} INFO - [2023-06-08T18:30:10.792+0300] {dag.py:3486} INFO - Setting next_dagrun for example_branch_operator to 2023-06-07T00:00:00+00:00, run_after=2023-06-08T00:00:00+00:00
[2023-06-08T18:30:10.800+0300] {processor.py:179} INFO - Processing /Users/dogukanulu/opt/anaconda3/lib/python3.9/site-packages/airflow/example_dags/example_branch_operator.py took 0.443 seconds
[2023-06-08T18:32:12.804+0300] {processor.py:157} INFO - Started process (PID=15914) to work on /Users/dogukanulu/opt/anaconda3/lib/python3.9/site-packages/airflow/example_dags/example_branch_operator.py
[2023-06-08T18:32:12.806+0300] {processor.py:826} INFO - Processing file /Users/dogukanulu/opt/anaconda3/lib/python3.9/site-packages/airflow/example_dags/example_branch_operator.py for tasks to queue
[2023-06-08T18:32:12.806+0300] {logging_mixin.py:149} INFO - [2023-06-08T18:32:12.806+0300] {dagbag.py:541} INFO - Filling up the DagBag from /Users/dogukanulu/opt/anaconda3/lib/python3.9/site-packages/airflow/example_dags/example_branch_operator.py
[2023-06-08T18:32:12.840+0300] {processor.py:836} INFO - DAG(s) dict_keys(['example_branch_operator']) retrieved from /Users/dogukanulu/opt/anaconda3/lib/python3.9/site-packages/airflow/example_dags/example_branch_operator.py
[2023-06-08T18:32:13.179+0300] {logging_mixin.py:149} INFO - [2023-06-08T18:32:13.179+0300] {dag.py:2726} INFO - Sync 1 DAGs
[2023-06-08T18:32:13.189+0300] {logging_mixin.py:149} INFO - [2023-06-08T18:32:13.188+0300] {dag.py:3486} INFO - Setting next_dagrun for example_branch_operator to 2023-06-07T00:00:00+00:00, run_after=2023-06-08T00:00:00+00:00
[2023-06-08T18:32:13.198+0300] {processor.py:179} INFO - Processing /Users/dogukanulu/opt/anaconda3/lib/python3.9/site-packages/airflow/example_dags/example_branch_operator.py took 0.394 seconds
[2023-06-08T18:34:17.035+0300] {processor.py:157} INFO - Started process (PID=16078) to work on /Users/dogukanulu/opt/anaconda3/lib/python3.9/site-packages/airflow/example_dags/example_branch_operator.py
[2023-06-08T18:34:17.037+0300] {processor.py:826} INFO - Processing file /Users/dogukanulu/opt/anaconda3/lib/python3.9/site-packages/airflow/example_dags/example_branch_operator.py for tasks to queue
[2023-06-08T18:34:17.037+0300] {logging_mixin.py:149} INFO - [2023-06-08T18:34:17.037+0300] {dagbag.py:541} INFO - Filling up the DagBag from /Users/dogukanulu/opt/anaconda3/lib/python3.9/site-packages/airflow/example_dags/example_branch_operator.py
[2023-06-08T18:34:17.071+0300] {processor.py:836} INFO - DAG(s) dict_keys(['example_branch_operator']) retrieved from /Users/dogukanulu/opt/anaconda3/lib/python3.9/site-packages/airflow/example_dags/example_branch_operator.py
[2023-06-08T18:34:17.438+0300] {logging_mixin.py:149} INFO - [2023-06-08T18:34:17.438+0300] {dag.py:2726} INFO - Sync 1 DAGs
[2023-06-08T18:34:17.449+0300] {logging_mixin.py:149} INFO - [2023-06-08T18:34:17.449+0300] {dag.py:3486} INFO - Setting next_dagrun for example_branch_operator to 2023-06-07T00:00:00+00:00, run_after=2023-06-08T00:00:00+00:00
[2023-06-08T18:34:17.461+0300] {processor.py:179} INFO - Processing /Users/dogukanulu/opt/anaconda3/lib/python3.9/site-packages/airflow/example_dags/example_branch_operator.py took 0.426 seconds
[2023-06-08T18:36:25.075+0300] {processor.py:157} INFO - Started process (PID=16274) to work on /Users/dogukanulu/opt/anaconda3/lib/python3.9/site-packages/airflow/example_dags/example_branch_operator.py
[2023-06-08T18:36:25.077+0300] {processor.py:826} INFO - Processing file /Users/dogukanulu/opt/anaconda3/lib/python3.9/site-packages/airflow/example_dags/example_branch_operator.py for tasks to queue
[2023-06-08T18:36:25.077+0300] {logging_mixin.py:149} INFO - [2023-06-08T18:36:25.077+0300] {dagbag.py:541} INFO - Filling up the DagBag from /Users/dogukanulu/opt/anaconda3/lib/python3.9/site-packages/airflow/example_dags/example_branch_operator.py
[2023-06-08T18:36:25.111+0300] {processor.py:836} INFO - DAG(s) dict_keys(['example_branch_operator']) retrieved from /Users/dogukanulu/opt/anaconda3/lib/python3.9/site-packages/airflow/example_dags/example_branch_operator.py
[2023-06-08T18:36:25.451+0300] {logging_mixin.py:149} INFO - [2023-06-08T18:36:25.451+0300] {dag.py:2726} INFO - Sync 1 DAGs
[2023-06-08T18:36:25.460+0300] {logging_mixin.py:149} INFO - [2023-06-08T18:36:25.460+0300] {dag.py:3486} INFO - Setting next_dagrun for example_branch_operator to 2023-06-07T00:00:00+00:00, run_after=2023-06-08T00:00:00+00:00
[2023-06-08T18:36:25.470+0300] {processor.py:179} INFO - Processing /Users/dogukanulu/opt/anaconda3/lib/python3.9/site-packages/airflow/example_dags/example_branch_operator.py took 0.395 seconds
[2023-06-08T18:38:32.874+0300] {processor.py:157} INFO - Started process (PID=16463) to work on /Users/dogukanulu/opt/anaconda3/lib/python3.9/site-packages/airflow/example_dags/example_branch_operator.py
[2023-06-08T18:38:32.875+0300] {processor.py:826} INFO - Processing file /Users/dogukanulu/opt/anaconda3/lib/python3.9/site-packages/airflow/example_dags/example_branch_operator.py for tasks to queue
[2023-06-08T18:38:32.876+0300] {logging_mixin.py:149} INFO - [2023-06-08T18:38:32.876+0300] {dagbag.py:541} INFO - Filling up the DagBag from /Users/dogukanulu/opt/anaconda3/lib/python3.9/site-packages/airflow/example_dags/example_branch_operator.py
[2023-06-08T18:38:32.909+0300] {processor.py:836} INFO - DAG(s) dict_keys(['example_branch_operator']) retrieved from /Users/dogukanulu/opt/anaconda3/lib/python3.9/site-packages/airflow/example_dags/example_branch_operator.py
[2023-06-08T18:38:33.251+0300] {logging_mixin.py:149} INFO - [2023-06-08T18:38:33.251+0300] {dag.py:2726} INFO - Sync 1 DAGs
[2023-06-08T18:38:33.261+0300] {logging_mixin.py:149} INFO - [2023-06-08T18:38:33.261+0300] {dag.py:3486} INFO - Setting next_dagrun for example_branch_operator to 2023-06-07T00:00:00+00:00, run_after=2023-06-08T00:00:00+00:00
[2023-06-08T18:38:33.270+0300] {processor.py:179} INFO - Processing /Users/dogukanulu/opt/anaconda3/lib/python3.9/site-packages/airflow/example_dags/example_branch_operator.py took 0.397 seconds
[2023-06-08T18:40:38.972+0300] {processor.py:157} INFO - Started process (PID=16668) to work on /Users/dogukanulu/opt/anaconda3/lib/python3.9/site-packages/airflow/example_dags/example_branch_operator.py
[2023-06-08T18:40:38.974+0300] {processor.py:826} INFO - Processing file /Users/dogukanulu/opt/anaconda3/lib/python3.9/site-packages/airflow/example_dags/example_branch_operator.py for tasks to queue
[2023-06-08T18:40:38.974+0300] {logging_mixin.py:149} INFO - [2023-06-08T18:40:38.974+0300] {dagbag.py:541} INFO - Filling up the DagBag from /Users/dogukanulu/opt/anaconda3/lib/python3.9/site-packages/airflow/example_dags/example_branch_operator.py
[2023-06-08T18:40:39.008+0300] {processor.py:836} INFO - DAG(s) dict_keys(['example_branch_operator']) retrieved from /Users/dogukanulu/opt/anaconda3/lib/python3.9/site-packages/airflow/example_dags/example_branch_operator.py
[2023-06-08T18:40:39.347+0300] {logging_mixin.py:149} INFO - [2023-06-08T18:40:39.347+0300] {dag.py:2726} INFO - Sync 1 DAGs
[2023-06-08T18:40:39.356+0300] {logging_mixin.py:149} INFO - [2023-06-08T18:40:39.356+0300] {dag.py:3486} INFO - Setting next_dagrun for example_branch_operator to 2023-06-07T00:00:00+00:00, run_after=2023-06-08T00:00:00+00:00
[2023-06-08T18:40:39.366+0300] {processor.py:179} INFO - Processing /Users/dogukanulu/opt/anaconda3/lib/python3.9/site-packages/airflow/example_dags/example_branch_operator.py took 0.394 seconds
[2023-06-08T18:42:43.496+0300] {processor.py:157} INFO - Started process (PID=16841) to work on /Users/dogukanulu/opt/anaconda3/lib/python3.9/site-packages/airflow/example_dags/example_branch_operator.py
[2023-06-08T18:42:43.498+0300] {processor.py:826} INFO - Processing file /Users/dogukanulu/opt/anaconda3/lib/python3.9/site-packages/airflow/example_dags/example_branch_operator.py for tasks to queue
[2023-06-08T18:42:43.498+0300] {logging_mixin.py:149} INFO - [2023-06-08T18:42:43.498+0300] {dagbag.py:541} INFO - Filling up the DagBag from /Users/dogukanulu/opt/anaconda3/lib/python3.9/site-packages/airflow/example_dags/example_branch_operator.py
[2023-06-08T18:42:43.533+0300] {processor.py:836} INFO - DAG(s) dict_keys(['example_branch_operator']) retrieved from /Users/dogukanulu/opt/anaconda3/lib/python3.9/site-packages/airflow/example_dags/example_branch_operator.py
[2023-06-08T18:42:43.887+0300] {logging_mixin.py:149} INFO - [2023-06-08T18:42:43.887+0300] {dag.py:2726} INFO - Sync 1 DAGs
[2023-06-08T18:42:43.897+0300] {logging_mixin.py:149} INFO - [2023-06-08T18:42:43.897+0300] {dag.py:3486} INFO - Setting next_dagrun for example_branch_operator to 2023-06-07T00:00:00+00:00, run_after=2023-06-08T00:00:00+00:00
[2023-06-08T18:42:43.906+0300] {processor.py:179} INFO - Processing /Users/dogukanulu/opt/anaconda3/lib/python3.9/site-packages/airflow/example_dags/example_branch_operator.py took 0.410 seconds
