[2023-06-08T18:29:25.963+0300] {processor.py:157} INFO - Started process (PID=15611) to work on /Users/dogukanulu/opt/anaconda3/lib/python3.9/site-packages/airflow/example_dags/example_short_circuit_operator.py
[2023-06-08T18:29:25.964+0300] {processor.py:826} INFO - Processing file /Users/dogukanulu/opt/anaconda3/lib/python3.9/site-packages/airflow/example_dags/example_short_circuit_operator.py for tasks to queue
[2023-06-08T18:29:25.964+0300] {logging_mixin.py:149} INFO - [2023-06-08T18:29:25.964+0300] {dagbag.py:541} INFO - Filling up the DagBag from /Users/dogukanulu/opt/anaconda3/lib/python3.9/site-packages/airflow/example_dags/example_short_circuit_operator.py
[2023-06-08T18:29:25.998+0300] {processor.py:836} INFO - DAG(s) dict_keys(['example_short_circuit_operator']) retrieved from /Users/dogukanulu/opt/anaconda3/lib/python3.9/site-packages/airflow/example_dags/example_short_circuit_operator.py
[2023-06-08T18:29:26.383+0300] {logging_mixin.py:149} INFO - [2023-06-08T18:29:26.383+0300] {manager.py:504} INFO - Created Permission View: can edit on DAG:example_short_circuit_operator
[2023-06-08T18:29:26.386+0300] {logging_mixin.py:149} INFO - [2023-06-08T18:29:26.386+0300] {manager.py:504} INFO - Created Permission View: can delete on DAG:example_short_circuit_operator
[2023-06-08T18:29:26.389+0300] {logging_mixin.py:149} INFO - [2023-06-08T18:29:26.389+0300] {manager.py:504} INFO - Created Permission View: can read on DAG:example_short_circuit_operator
[2023-06-08T18:29:26.389+0300] {logging_mixin.py:149} INFO - [2023-06-08T18:29:26.389+0300] {dag.py:2726} INFO - Sync 1 DAGs
[2023-06-08T18:29:26.395+0300] {logging_mixin.py:149} INFO - [2023-06-08T18:29:26.395+0300] {dag.py:2747} INFO - Creating ORM DAG for example_short_circuit_operator
[2023-06-08T18:29:26.400+0300] {logging_mixin.py:149} INFO - [2023-06-08T18:29:26.400+0300] {dag.py:3486} INFO - Setting next_dagrun for example_short_circuit_operator to 2023-06-07T15:29:26.400560+00:00, run_after=2023-06-08T15:29:26.400560+00:00
[2023-06-08T18:29:26.409+0300] {processor.py:179} INFO - Processing /Users/dogukanulu/opt/anaconda3/lib/python3.9/site-packages/airflow/example_dags/example_short_circuit_operator.py took 0.446 seconds
[2023-06-08T18:30:57.341+0300] {processor.py:157} INFO - Started process (PID=15807) to work on /Users/dogukanulu/opt/anaconda3/lib/python3.9/site-packages/airflow/example_dags/example_short_circuit_operator.py
[2023-06-08T18:30:57.342+0300] {processor.py:826} INFO - Processing file /Users/dogukanulu/opt/anaconda3/lib/python3.9/site-packages/airflow/example_dags/example_short_circuit_operator.py for tasks to queue
[2023-06-08T18:30:57.343+0300] {logging_mixin.py:149} INFO - [2023-06-08T18:30:57.343+0300] {dagbag.py:541} INFO - Filling up the DagBag from /Users/dogukanulu/opt/anaconda3/lib/python3.9/site-packages/airflow/example_dags/example_short_circuit_operator.py
[2023-06-08T18:30:57.376+0300] {processor.py:836} INFO - DAG(s) dict_keys(['example_short_circuit_operator']) retrieved from /Users/dogukanulu/opt/anaconda3/lib/python3.9/site-packages/airflow/example_dags/example_short_circuit_operator.py
[2023-06-08T18:30:57.728+0300] {logging_mixin.py:149} INFO - [2023-06-08T18:30:57.728+0300] {dag.py:2726} INFO - Sync 1 DAGs
[2023-06-08T18:30:57.737+0300] {logging_mixin.py:149} INFO - [2023-06-08T18:30:57.737+0300] {dag.py:3486} INFO - Setting next_dagrun for example_short_circuit_operator to 2023-06-07T15:30:57.737337+00:00, run_after=2023-06-08T15:30:57.737337+00:00
[2023-06-08T18:30:57.747+0300] {processor.py:179} INFO - Processing /Users/dogukanulu/opt/anaconda3/lib/python3.9/site-packages/airflow/example_dags/example_short_circuit_operator.py took 0.406 seconds
[2023-06-08T18:32:59.590+0300] {processor.py:157} INFO - Started process (PID=15975) to work on /Users/dogukanulu/opt/anaconda3/lib/python3.9/site-packages/airflow/example_dags/example_short_circuit_operator.py
[2023-06-08T18:32:59.591+0300] {processor.py:826} INFO - Processing file /Users/dogukanulu/opt/anaconda3/lib/python3.9/site-packages/airflow/example_dags/example_short_circuit_operator.py for tasks to queue
[2023-06-08T18:32:59.592+0300] {logging_mixin.py:149} INFO - [2023-06-08T18:32:59.592+0300] {dagbag.py:541} INFO - Filling up the DagBag from /Users/dogukanulu/opt/anaconda3/lib/python3.9/site-packages/airflow/example_dags/example_short_circuit_operator.py
[2023-06-08T18:32:59.638+0300] {processor.py:836} INFO - DAG(s) dict_keys(['example_short_circuit_operator']) retrieved from /Users/dogukanulu/opt/anaconda3/lib/python3.9/site-packages/airflow/example_dags/example_short_circuit_operator.py
[2023-06-08T18:33:00.044+0300] {logging_mixin.py:149} INFO - [2023-06-08T18:33:00.044+0300] {dag.py:2726} INFO - Sync 1 DAGs
[2023-06-08T18:33:00.055+0300] {logging_mixin.py:149} INFO - [2023-06-08T18:33:00.054+0300] {dag.py:3486} INFO - Setting next_dagrun for example_short_circuit_operator to 2023-06-07T15:33:00.054878+00:00, run_after=2023-06-08T15:33:00.054878+00:00
[2023-06-08T18:33:00.066+0300] {processor.py:179} INFO - Processing /Users/dogukanulu/opt/anaconda3/lib/python3.9/site-packages/airflow/example_dags/example_short_circuit_operator.py took 0.476 seconds
[2023-06-08T18:35:06.303+0300] {processor.py:157} INFO - Started process (PID=16145) to work on /Users/dogukanulu/opt/anaconda3/lib/python3.9/site-packages/airflow/example_dags/example_short_circuit_operator.py
[2023-06-08T18:35:06.305+0300] {processor.py:826} INFO - Processing file /Users/dogukanulu/opt/anaconda3/lib/python3.9/site-packages/airflow/example_dags/example_short_circuit_operator.py for tasks to queue
[2023-06-08T18:35:06.305+0300] {logging_mixin.py:149} INFO - [2023-06-08T18:35:06.305+0300] {dagbag.py:541} INFO - Filling up the DagBag from /Users/dogukanulu/opt/anaconda3/lib/python3.9/site-packages/airflow/example_dags/example_short_circuit_operator.py
[2023-06-08T18:35:06.338+0300] {processor.py:836} INFO - DAG(s) dict_keys(['example_short_circuit_operator']) retrieved from /Users/dogukanulu/opt/anaconda3/lib/python3.9/site-packages/airflow/example_dags/example_short_circuit_operator.py
[2023-06-08T18:35:06.690+0300] {logging_mixin.py:149} INFO - [2023-06-08T18:35:06.689+0300] {dag.py:2726} INFO - Sync 1 DAGs
[2023-06-08T18:35:06.700+0300] {logging_mixin.py:149} INFO - [2023-06-08T18:35:06.699+0300] {dag.py:3486} INFO - Setting next_dagrun for example_short_circuit_operator to 2023-06-07T15:35:06.699804+00:00, run_after=2023-06-08T15:35:06.699804+00:00
[2023-06-08T18:35:06.710+0300] {processor.py:179} INFO - Processing /Users/dogukanulu/opt/anaconda3/lib/python3.9/site-packages/airflow/example_dags/example_short_circuit_operator.py took 0.407 seconds
[2023-06-08T18:37:13.105+0300] {processor.py:157} INFO - Started process (PID=16351) to work on /Users/dogukanulu/opt/anaconda3/lib/python3.9/site-packages/airflow/example_dags/example_short_circuit_operator.py
[2023-06-08T18:37:13.106+0300] {processor.py:826} INFO - Processing file /Users/dogukanulu/opt/anaconda3/lib/python3.9/site-packages/airflow/example_dags/example_short_circuit_operator.py for tasks to queue
[2023-06-08T18:37:13.106+0300] {logging_mixin.py:149} INFO - [2023-06-08T18:37:13.106+0300] {dagbag.py:541} INFO - Filling up the DagBag from /Users/dogukanulu/opt/anaconda3/lib/python3.9/site-packages/airflow/example_dags/example_short_circuit_operator.py
[2023-06-08T18:37:13.139+0300] {processor.py:836} INFO - DAG(s) dict_keys(['example_short_circuit_operator']) retrieved from /Users/dogukanulu/opt/anaconda3/lib/python3.9/site-packages/airflow/example_dags/example_short_circuit_operator.py
[2023-06-08T18:37:13.479+0300] {logging_mixin.py:149} INFO - [2023-06-08T18:37:13.478+0300] {dag.py:2726} INFO - Sync 1 DAGs
[2023-06-08T18:37:13.487+0300] {logging_mixin.py:149} INFO - [2023-06-08T18:37:13.487+0300] {dag.py:3486} INFO - Setting next_dagrun for example_short_circuit_operator to 2023-06-07T15:37:13.487687+00:00, run_after=2023-06-08T15:37:13.487687+00:00
[2023-06-08T18:37:13.497+0300] {processor.py:179} INFO - Processing /Users/dogukanulu/opt/anaconda3/lib/python3.9/site-packages/airflow/example_dags/example_short_circuit_operator.py took 0.393 seconds
[2023-06-08T18:39:22.650+0300] {processor.py:157} INFO - Started process (PID=16558) to work on /Users/dogukanulu/opt/anaconda3/lib/python3.9/site-packages/airflow/example_dags/example_short_circuit_operator.py
[2023-06-08T18:39:22.652+0300] {processor.py:826} INFO - Processing file /Users/dogukanulu/opt/anaconda3/lib/python3.9/site-packages/airflow/example_dags/example_short_circuit_operator.py for tasks to queue
[2023-06-08T18:39:22.652+0300] {logging_mixin.py:149} INFO - [2023-06-08T18:39:22.652+0300] {dagbag.py:541} INFO - Filling up the DagBag from /Users/dogukanulu/opt/anaconda3/lib/python3.9/site-packages/airflow/example_dags/example_short_circuit_operator.py
[2023-06-08T18:39:22.685+0300] {processor.py:836} INFO - DAG(s) dict_keys(['example_short_circuit_operator']) retrieved from /Users/dogukanulu/opt/anaconda3/lib/python3.9/site-packages/airflow/example_dags/example_short_circuit_operator.py
[2023-06-08T18:39:23.025+0300] {logging_mixin.py:149} INFO - [2023-06-08T18:39:23.025+0300] {dag.py:2726} INFO - Sync 1 DAGs
[2023-06-08T18:39:23.033+0300] {logging_mixin.py:149} INFO - [2023-06-08T18:39:23.033+0300] {dag.py:3486} INFO - Setting next_dagrun for example_short_circuit_operator to 2023-06-07T15:39:23.033809+00:00, run_after=2023-06-08T15:39:23.033809+00:00
[2023-06-08T18:39:23.043+0300] {processor.py:179} INFO - Processing /Users/dogukanulu/opt/anaconda3/lib/python3.9/site-packages/airflow/example_dags/example_short_circuit_operator.py took 0.393 seconds
[2023-06-08T18:41:26.565+0300] {processor.py:157} INFO - Started process (PID=16731) to work on /Users/dogukanulu/opt/anaconda3/lib/python3.9/site-packages/airflow/example_dags/example_short_circuit_operator.py
[2023-06-08T18:41:26.566+0300] {processor.py:826} INFO - Processing file /Users/dogukanulu/opt/anaconda3/lib/python3.9/site-packages/airflow/example_dags/example_short_circuit_operator.py for tasks to queue
[2023-06-08T18:41:26.567+0300] {logging_mixin.py:149} INFO - [2023-06-08T18:41:26.567+0300] {dagbag.py:541} INFO - Filling up the DagBag from /Users/dogukanulu/opt/anaconda3/lib/python3.9/site-packages/airflow/example_dags/example_short_circuit_operator.py
[2023-06-08T18:41:26.600+0300] {processor.py:836} INFO - DAG(s) dict_keys(['example_short_circuit_operator']) retrieved from /Users/dogukanulu/opt/anaconda3/lib/python3.9/site-packages/airflow/example_dags/example_short_circuit_operator.py
[2023-06-08T18:41:26.943+0300] {logging_mixin.py:149} INFO - [2023-06-08T18:41:26.943+0300] {dag.py:2726} INFO - Sync 1 DAGs
[2023-06-08T18:41:26.953+0300] {logging_mixin.py:149} INFO - [2023-06-08T18:41:26.953+0300] {dag.py:3486} INFO - Setting next_dagrun for example_short_circuit_operator to 2023-06-07T15:41:26.953365+00:00, run_after=2023-06-08T15:41:26.953365+00:00
[2023-06-08T18:41:26.964+0300] {processor.py:179} INFO - Processing /Users/dogukanulu/opt/anaconda3/lib/python3.9/site-packages/airflow/example_dags/example_short_circuit_operator.py took 0.399 seconds
[2023-06-08T18:43:32.051+0300] {processor.py:157} INFO - Started process (PID=16909) to work on /Users/dogukanulu/opt/anaconda3/lib/python3.9/site-packages/airflow/example_dags/example_short_circuit_operator.py
[2023-06-08T18:43:32.052+0300] {processor.py:826} INFO - Processing file /Users/dogukanulu/opt/anaconda3/lib/python3.9/site-packages/airflow/example_dags/example_short_circuit_operator.py for tasks to queue
[2023-06-08T18:43:32.053+0300] {logging_mixin.py:149} INFO - [2023-06-08T18:43:32.053+0300] {dagbag.py:541} INFO - Filling up the DagBag from /Users/dogukanulu/opt/anaconda3/lib/python3.9/site-packages/airflow/example_dags/example_short_circuit_operator.py
[2023-06-08T18:43:32.086+0300] {processor.py:836} INFO - DAG(s) dict_keys(['example_short_circuit_operator']) retrieved from /Users/dogukanulu/opt/anaconda3/lib/python3.9/site-packages/airflow/example_dags/example_short_circuit_operator.py
[2023-06-08T18:43:32.430+0300] {logging_mixin.py:149} INFO - [2023-06-08T18:43:32.430+0300] {dag.py:2726} INFO - Sync 1 DAGs
[2023-06-08T18:43:32.439+0300] {logging_mixin.py:149} INFO - [2023-06-08T18:43:32.439+0300] {dag.py:3486} INFO - Setting next_dagrun for example_short_circuit_operator to 2023-06-07T15:43:32.439488+00:00, run_after=2023-06-08T15:43:32.439488+00:00
[2023-06-08T18:43:32.449+0300] {processor.py:179} INFO - Processing /Users/dogukanulu/opt/anaconda3/lib/python3.9/site-packages/airflow/example_dags/example_short_circuit_operator.py took 0.398 seconds
