[2023-06-08T18:29:29.982+0300] {processor.py:157} INFO - Started process (PID=15617) to work on /Users/dogukanulu/opt/anaconda3/lib/python3.9/site-packages/airflow/example_dags/example_setup_teardown_taskflow.py
[2023-06-08T18:29:29.983+0300] {processor.py:826} INFO - Processing file /Users/dogukanulu/opt/anaconda3/lib/python3.9/site-packages/airflow/example_dags/example_setup_teardown_taskflow.py for tasks to queue
[2023-06-08T18:29:29.983+0300] {logging_mixin.py:149} INFO - [2023-06-08T18:29:29.983+0300] {dagbag.py:541} INFO - Filling up the DagBag from /Users/dogukanulu/opt/anaconda3/lib/python3.9/site-packages/airflow/example_dags/example_setup_teardown_taskflow.py
[2023-06-08T18:29:30.020+0300] {processor.py:838} WARNING - No viable dags retrieved from /Users/dogukanulu/opt/anaconda3/lib/python3.9/site-packages/airflow/example_dags/example_setup_teardown_taskflow.py
[2023-06-08T18:29:30.340+0300] {processor.py:179} INFO - Processing /Users/dogukanulu/opt/anaconda3/lib/python3.9/site-packages/airflow/example_dags/example_setup_teardown_taskflow.py took 0.358 seconds
[2023-06-08T18:31:01.332+0300] {processor.py:157} INFO - Started process (PID=15811) to work on /Users/dogukanulu/opt/anaconda3/lib/python3.9/site-packages/airflow/example_dags/example_setup_teardown_taskflow.py
[2023-06-08T18:31:01.334+0300] {processor.py:826} INFO - Processing file /Users/dogukanulu/opt/anaconda3/lib/python3.9/site-packages/airflow/example_dags/example_setup_teardown_taskflow.py for tasks to queue
[2023-06-08T18:31:01.334+0300] {logging_mixin.py:149} INFO - [2023-06-08T18:31:01.334+0300] {dagbag.py:541} INFO - Filling up the DagBag from /Users/dogukanulu/opt/anaconda3/lib/python3.9/site-packages/airflow/example_dags/example_setup_teardown_taskflow.py
[2023-06-08T18:31:01.371+0300] {processor.py:838} WARNING - No viable dags retrieved from /Users/dogukanulu/opt/anaconda3/lib/python3.9/site-packages/airflow/example_dags/example_setup_teardown_taskflow.py
[2023-06-08T18:31:01.691+0300] {processor.py:179} INFO - Processing /Users/dogukanulu/opt/anaconda3/lib/python3.9/site-packages/airflow/example_dags/example_setup_teardown_taskflow.py took 0.359 seconds
[2023-06-08T18:33:03.443+0300] {processor.py:157} INFO - Started process (PID=15981) to work on /Users/dogukanulu/opt/anaconda3/lib/python3.9/site-packages/airflow/example_dags/example_setup_teardown_taskflow.py
[2023-06-08T18:33:03.444+0300] {processor.py:826} INFO - Processing file /Users/dogukanulu/opt/anaconda3/lib/python3.9/site-packages/airflow/example_dags/example_setup_teardown_taskflow.py for tasks to queue
[2023-06-08T18:33:03.444+0300] {logging_mixin.py:149} INFO - [2023-06-08T18:33:03.444+0300] {dagbag.py:541} INFO - Filling up the DagBag from /Users/dogukanulu/opt/anaconda3/lib/python3.9/site-packages/airflow/example_dags/example_setup_teardown_taskflow.py
[2023-06-08T18:33:03.483+0300] {processor.py:838} WARNING - No viable dags retrieved from /Users/dogukanulu/opt/anaconda3/lib/python3.9/site-packages/airflow/example_dags/example_setup_teardown_taskflow.py
[2023-06-08T18:33:03.808+0300] {processor.py:179} INFO - Processing /Users/dogukanulu/opt/anaconda3/lib/python3.9/site-packages/airflow/example_dags/example_setup_teardown_taskflow.py took 0.366 seconds
[2023-06-08T18:35:10.320+0300] {processor.py:157} INFO - Started process (PID=16152) to work on /Users/dogukanulu/opt/anaconda3/lib/python3.9/site-packages/airflow/example_dags/example_setup_teardown_taskflow.py
[2023-06-08T18:35:10.321+0300] {processor.py:826} INFO - Processing file /Users/dogukanulu/opt/anaconda3/lib/python3.9/site-packages/airflow/example_dags/example_setup_teardown_taskflow.py for tasks to queue
[2023-06-08T18:35:10.321+0300] {logging_mixin.py:149} INFO - [2023-06-08T18:35:10.321+0300] {dagbag.py:541} INFO - Filling up the DagBag from /Users/dogukanulu/opt/anaconda3/lib/python3.9/site-packages/airflow/example_dags/example_setup_teardown_taskflow.py
[2023-06-08T18:35:10.359+0300] {processor.py:838} WARNING - No viable dags retrieved from /Users/dogukanulu/opt/anaconda3/lib/python3.9/site-packages/airflow/example_dags/example_setup_teardown_taskflow.py
[2023-06-08T18:35:10.688+0300] {processor.py:179} INFO - Processing /Users/dogukanulu/opt/anaconda3/lib/python3.9/site-packages/airflow/example_dags/example_setup_teardown_taskflow.py took 0.369 seconds
[2023-06-08T18:37:16.910+0300] {processor.py:157} INFO - Started process (PID=16355) to work on /Users/dogukanulu/opt/anaconda3/lib/python3.9/site-packages/airflow/example_dags/example_setup_teardown_taskflow.py
[2023-06-08T18:37:16.912+0300] {processor.py:826} INFO - Processing file /Users/dogukanulu/opt/anaconda3/lib/python3.9/site-packages/airflow/example_dags/example_setup_teardown_taskflow.py for tasks to queue
[2023-06-08T18:37:16.912+0300] {logging_mixin.py:149} INFO - [2023-06-08T18:37:16.912+0300] {dagbag.py:541} INFO - Filling up the DagBag from /Users/dogukanulu/opt/anaconda3/lib/python3.9/site-packages/airflow/example_dags/example_setup_teardown_taskflow.py
[2023-06-08T18:37:16.978+0300] {processor.py:838} WARNING - No viable dags retrieved from /Users/dogukanulu/opt/anaconda3/lib/python3.9/site-packages/airflow/example_dags/example_setup_teardown_taskflow.py
[2023-06-08T18:37:17.395+0300] {processor.py:179} INFO - Processing /Users/dogukanulu/opt/anaconda3/lib/python3.9/site-packages/airflow/example_dags/example_setup_teardown_taskflow.py took 0.485 seconds
[2023-06-08T18:39:26.553+0300] {processor.py:157} INFO - Started process (PID=16562) to work on /Users/dogukanulu/opt/anaconda3/lib/python3.9/site-packages/airflow/example_dags/example_setup_teardown_taskflow.py
[2023-06-08T18:39:26.555+0300] {processor.py:826} INFO - Processing file /Users/dogukanulu/opt/anaconda3/lib/python3.9/site-packages/airflow/example_dags/example_setup_teardown_taskflow.py for tasks to queue
[2023-06-08T18:39:26.555+0300] {logging_mixin.py:149} INFO - [2023-06-08T18:39:26.555+0300] {dagbag.py:541} INFO - Filling up the DagBag from /Users/dogukanulu/opt/anaconda3/lib/python3.9/site-packages/airflow/example_dags/example_setup_teardown_taskflow.py
[2023-06-08T18:39:26.592+0300] {processor.py:838} WARNING - No viable dags retrieved from /Users/dogukanulu/opt/anaconda3/lib/python3.9/site-packages/airflow/example_dags/example_setup_teardown_taskflow.py
[2023-06-08T18:39:26.917+0300] {processor.py:179} INFO - Processing /Users/dogukanulu/opt/anaconda3/lib/python3.9/site-packages/airflow/example_dags/example_setup_teardown_taskflow.py took 0.364 seconds
[2023-06-08T18:41:30.825+0300] {processor.py:157} INFO - Started process (PID=16735) to work on /Users/dogukanulu/opt/anaconda3/lib/python3.9/site-packages/airflow/example_dags/example_setup_teardown_taskflow.py
[2023-06-08T18:41:30.826+0300] {processor.py:826} INFO - Processing file /Users/dogukanulu/opt/anaconda3/lib/python3.9/site-packages/airflow/example_dags/example_setup_teardown_taskflow.py for tasks to queue
[2023-06-08T18:41:30.826+0300] {logging_mixin.py:149} INFO - [2023-06-08T18:41:30.826+0300] {dagbag.py:541} INFO - Filling up the DagBag from /Users/dogukanulu/opt/anaconda3/lib/python3.9/site-packages/airflow/example_dags/example_setup_teardown_taskflow.py
[2023-06-08T18:41:30.863+0300] {processor.py:838} WARNING - No viable dags retrieved from /Users/dogukanulu/opt/anaconda3/lib/python3.9/site-packages/airflow/example_dags/example_setup_teardown_taskflow.py
[2023-06-08T18:41:31.186+0300] {processor.py:179} INFO - Processing /Users/dogukanulu/opt/anaconda3/lib/python3.9/site-packages/airflow/example_dags/example_setup_teardown_taskflow.py took 0.362 seconds
[2023-06-08T18:43:35.890+0300] {processor.py:157} INFO - Started process (PID=16917) to work on /Users/dogukanulu/opt/anaconda3/lib/python3.9/site-packages/airflow/example_dags/example_setup_teardown_taskflow.py
[2023-06-08T18:43:35.892+0300] {processor.py:826} INFO - Processing file /Users/dogukanulu/opt/anaconda3/lib/python3.9/site-packages/airflow/example_dags/example_setup_teardown_taskflow.py for tasks to queue
[2023-06-08T18:43:35.892+0300] {logging_mixin.py:149} INFO - [2023-06-08T18:43:35.892+0300] {dagbag.py:541} INFO - Filling up the DagBag from /Users/dogukanulu/opt/anaconda3/lib/python3.9/site-packages/airflow/example_dags/example_setup_teardown_taskflow.py
[2023-06-08T18:43:35.931+0300] {processor.py:838} WARNING - No viable dags retrieved from /Users/dogukanulu/opt/anaconda3/lib/python3.9/site-packages/airflow/example_dags/example_setup_teardown_taskflow.py
[2023-06-08T18:43:36.254+0300] {processor.py:179} INFO - Processing /Users/dogukanulu/opt/anaconda3/lib/python3.9/site-packages/airflow/example_dags/example_setup_teardown_taskflow.py took 0.364 seconds
