[2023-06-08T18:29:15.458+0300] {processor.py:157} INFO - Started process (PID=15598) to work on /Users/dogukanulu/opt/anaconda3/lib/python3.9/site-packages/airflow/example_dags/example_task_group_decorator.py
[2023-06-08T18:29:15.459+0300] {processor.py:826} INFO - Processing file /Users/dogukanulu/opt/anaconda3/lib/python3.9/site-packages/airflow/example_dags/example_task_group_decorator.py for tasks to queue
[2023-06-08T18:29:15.459+0300] {logging_mixin.py:149} INFO - [2023-06-08T18:29:15.459+0300] {dagbag.py:541} INFO - Filling up the DagBag from /Users/dogukanulu/opt/anaconda3/lib/python3.9/site-packages/airflow/example_dags/example_task_group_decorator.py
[2023-06-08T18:29:15.503+0300] {processor.py:836} INFO - DAG(s) dict_keys(['example_task_group_decorator']) retrieved from /Users/dogukanulu/opt/anaconda3/lib/python3.9/site-packages/airflow/example_dags/example_task_group_decorator.py
[2023-06-08T18:29:15.881+0300] {logging_mixin.py:149} INFO - [2023-06-08T18:29:15.881+0300] {manager.py:504} INFO - Created Permission View: can read on DAG:example_task_group_decorator
[2023-06-08T18:29:15.884+0300] {logging_mixin.py:149} INFO - [2023-06-08T18:29:15.884+0300] {manager.py:504} INFO - Created Permission View: can delete on DAG:example_task_group_decorator
[2023-06-08T18:29:15.887+0300] {logging_mixin.py:149} INFO - [2023-06-08T18:29:15.887+0300] {manager.py:504} INFO - Created Permission View: can edit on DAG:example_task_group_decorator
[2023-06-08T18:29:15.887+0300] {logging_mixin.py:149} INFO - [2023-06-08T18:29:15.887+0300] {dag.py:2726} INFO - Sync 1 DAGs
[2023-06-08T18:29:15.893+0300] {logging_mixin.py:149} INFO - [2023-06-08T18:29:15.893+0300] {dag.py:2747} INFO - Creating ORM DAG for example_task_group_decorator
[2023-06-08T18:29:15.898+0300] {logging_mixin.py:149} INFO - [2023-06-08T18:29:15.898+0300] {dag.py:3486} INFO - Setting next_dagrun for example_task_group_decorator to 2023-06-07T15:29:15.897940+00:00, run_after=2023-06-08T15:29:15.897940+00:00
[2023-06-08T18:29:15.906+0300] {processor.py:179} INFO - Processing /Users/dogukanulu/opt/anaconda3/lib/python3.9/site-packages/airflow/example_dags/example_task_group_decorator.py took 0.449 seconds
[2023-06-08T18:30:46.868+0300] {processor.py:157} INFO - Started process (PID=15793) to work on /Users/dogukanulu/opt/anaconda3/lib/python3.9/site-packages/airflow/example_dags/example_task_group_decorator.py
[2023-06-08T18:30:46.869+0300] {processor.py:826} INFO - Processing file /Users/dogukanulu/opt/anaconda3/lib/python3.9/site-packages/airflow/example_dags/example_task_group_decorator.py for tasks to queue
[2023-06-08T18:30:46.870+0300] {logging_mixin.py:149} INFO - [2023-06-08T18:30:46.870+0300] {dagbag.py:541} INFO - Filling up the DagBag from /Users/dogukanulu/opt/anaconda3/lib/python3.9/site-packages/airflow/example_dags/example_task_group_decorator.py
[2023-06-08T18:30:46.917+0300] {processor.py:836} INFO - DAG(s) dict_keys(['example_task_group_decorator']) retrieved from /Users/dogukanulu/opt/anaconda3/lib/python3.9/site-packages/airflow/example_dags/example_task_group_decorator.py
[2023-06-08T18:30:47.260+0300] {logging_mixin.py:149} INFO - [2023-06-08T18:30:47.260+0300] {dag.py:2726} INFO - Sync 1 DAGs
[2023-06-08T18:30:47.269+0300] {logging_mixin.py:149} INFO - [2023-06-08T18:30:47.268+0300] {dag.py:3486} INFO - Setting next_dagrun for example_task_group_decorator to 2023-06-07T15:30:47.268893+00:00, run_after=2023-06-08T15:30:47.268893+00:00
[2023-06-08T18:30:47.279+0300] {processor.py:179} INFO - Processing /Users/dogukanulu/opt/anaconda3/lib/python3.9/site-packages/airflow/example_dags/example_task_group_decorator.py took 0.411 seconds
[2023-06-08T18:31:48.137+0300] {processor.py:157} INFO - Started process (PID=15881) to work on /Users/dogukanulu/opt/anaconda3/lib/python3.9/site-packages/airflow/example_dags/example_task_group_decorator.py
[2023-06-08T18:31:48.139+0300] {processor.py:826} INFO - Processing file /Users/dogukanulu/opt/anaconda3/lib/python3.9/site-packages/airflow/example_dags/example_task_group_decorator.py for tasks to queue
[2023-06-08T18:31:48.140+0300] {logging_mixin.py:149} INFO - [2023-06-08T18:31:48.139+0300] {dagbag.py:541} INFO - Filling up the DagBag from /Users/dogukanulu/opt/anaconda3/lib/python3.9/site-packages/airflow/example_dags/example_task_group_decorator.py
[2023-06-08T18:31:48.194+0300] {processor.py:836} INFO - DAG(s) dict_keys(['example_task_group_decorator']) retrieved from /Users/dogukanulu/opt/anaconda3/lib/python3.9/site-packages/airflow/example_dags/example_task_group_decorator.py
[2023-06-08T18:31:48.610+0300] {logging_mixin.py:149} INFO - [2023-06-08T18:31:48.610+0300] {dag.py:2726} INFO - Sync 1 DAGs
[2023-06-08T18:31:48.620+0300] {logging_mixin.py:149} INFO - [2023-06-08T18:31:48.620+0300] {dag.py:3486} INFO - Setting next_dagrun for example_task_group_decorator to 2023-06-07T15:31:48.620374+00:00, run_after=2023-06-08T15:31:48.620374+00:00
[2023-06-08T18:31:48.633+0300] {processor.py:179} INFO - Processing /Users/dogukanulu/opt/anaconda3/lib/python3.9/site-packages/airflow/example_dags/example_task_group_decorator.py took 0.496 seconds
[2023-06-08T18:32:49.423+0300] {processor.py:157} INFO - Started process (PID=15961) to work on /Users/dogukanulu/opt/anaconda3/lib/python3.9/site-packages/airflow/example_dags/example_task_group_decorator.py
[2023-06-08T18:32:49.424+0300] {processor.py:826} INFO - Processing file /Users/dogukanulu/opt/anaconda3/lib/python3.9/site-packages/airflow/example_dags/example_task_group_decorator.py for tasks to queue
[2023-06-08T18:32:49.425+0300] {logging_mixin.py:149} INFO - [2023-06-08T18:32:49.424+0300] {dagbag.py:541} INFO - Filling up the DagBag from /Users/dogukanulu/opt/anaconda3/lib/python3.9/site-packages/airflow/example_dags/example_task_group_decorator.py
[2023-06-08T18:32:49.468+0300] {processor.py:836} INFO - DAG(s) dict_keys(['example_task_group_decorator']) retrieved from /Users/dogukanulu/opt/anaconda3/lib/python3.9/site-packages/airflow/example_dags/example_task_group_decorator.py
[2023-06-08T18:32:49.807+0300] {logging_mixin.py:149} INFO - [2023-06-08T18:32:49.807+0300] {dag.py:2726} INFO - Sync 1 DAGs
[2023-06-08T18:32:49.815+0300] {logging_mixin.py:149} INFO - [2023-06-08T18:32:49.815+0300] {dag.py:3486} INFO - Setting next_dagrun for example_task_group_decorator to 2023-06-07T15:32:49.815800+00:00, run_after=2023-06-08T15:32:49.815800+00:00
[2023-06-08T18:32:49.826+0300] {processor.py:179} INFO - Processing /Users/dogukanulu/opt/anaconda3/lib/python3.9/site-packages/airflow/example_dags/example_task_group_decorator.py took 0.403 seconds
[2023-06-08T18:33:53.058+0300] {processor.py:157} INFO - Started process (PID=16047) to work on /Users/dogukanulu/opt/anaconda3/lib/python3.9/site-packages/airflow/example_dags/example_task_group_decorator.py
[2023-06-08T18:33:53.059+0300] {processor.py:826} INFO - Processing file /Users/dogukanulu/opt/anaconda3/lib/python3.9/site-packages/airflow/example_dags/example_task_group_decorator.py for tasks to queue
[2023-06-08T18:33:53.059+0300] {logging_mixin.py:149} INFO - [2023-06-08T18:33:53.059+0300] {dagbag.py:541} INFO - Filling up the DagBag from /Users/dogukanulu/opt/anaconda3/lib/python3.9/site-packages/airflow/example_dags/example_task_group_decorator.py
[2023-06-08T18:33:53.104+0300] {processor.py:836} INFO - DAG(s) dict_keys(['example_task_group_decorator']) retrieved from /Users/dogukanulu/opt/anaconda3/lib/python3.9/site-packages/airflow/example_dags/example_task_group_decorator.py
[2023-06-08T18:33:53.447+0300] {logging_mixin.py:149} INFO - [2023-06-08T18:33:53.446+0300] {dag.py:2726} INFO - Sync 1 DAGs
[2023-06-08T18:33:53.455+0300] {logging_mixin.py:149} INFO - [2023-06-08T18:33:53.455+0300] {dag.py:3486} INFO - Setting next_dagrun for example_task_group_decorator to 2023-06-07T15:33:53.455655+00:00, run_after=2023-06-08T15:33:53.455655+00:00
[2023-06-08T18:33:53.465+0300] {processor.py:179} INFO - Processing /Users/dogukanulu/opt/anaconda3/lib/python3.9/site-packages/airflow/example_dags/example_task_group_decorator.py took 0.408 seconds
[2023-06-08T18:34:56.250+0300] {processor.py:157} INFO - Started process (PID=16130) to work on /Users/dogukanulu/opt/anaconda3/lib/python3.9/site-packages/airflow/example_dags/example_task_group_decorator.py
[2023-06-08T18:34:56.251+0300] {processor.py:826} INFO - Processing file /Users/dogukanulu/opt/anaconda3/lib/python3.9/site-packages/airflow/example_dags/example_task_group_decorator.py for tasks to queue
[2023-06-08T18:34:56.252+0300] {logging_mixin.py:149} INFO - [2023-06-08T18:34:56.252+0300] {dagbag.py:541} INFO - Filling up the DagBag from /Users/dogukanulu/opt/anaconda3/lib/python3.9/site-packages/airflow/example_dags/example_task_group_decorator.py
[2023-06-08T18:34:56.296+0300] {processor.py:836} INFO - DAG(s) dict_keys(['example_task_group_decorator']) retrieved from /Users/dogukanulu/opt/anaconda3/lib/python3.9/site-packages/airflow/example_dags/example_task_group_decorator.py
[2023-06-08T18:34:56.634+0300] {logging_mixin.py:149} INFO - [2023-06-08T18:34:56.634+0300] {dag.py:2726} INFO - Sync 1 DAGs
[2023-06-08T18:34:56.643+0300] {logging_mixin.py:149} INFO - [2023-06-08T18:34:56.643+0300] {dag.py:3486} INFO - Setting next_dagrun for example_task_group_decorator to 2023-06-07T15:34:56.643615+00:00, run_after=2023-06-08T15:34:56.643615+00:00
[2023-06-08T18:34:56.653+0300] {processor.py:179} INFO - Processing /Users/dogukanulu/opt/anaconda3/lib/python3.9/site-packages/airflow/example_dags/example_task_group_decorator.py took 0.404 seconds
[2023-06-08T18:36:01.300+0300] {processor.py:157} INFO - Started process (PID=16221) to work on /Users/dogukanulu/opt/anaconda3/lib/python3.9/site-packages/airflow/example_dags/example_task_group_decorator.py
[2023-06-08T18:36:01.301+0300] {processor.py:826} INFO - Processing file /Users/dogukanulu/opt/anaconda3/lib/python3.9/site-packages/airflow/example_dags/example_task_group_decorator.py for tasks to queue
[2023-06-08T18:36:01.302+0300] {logging_mixin.py:149} INFO - [2023-06-08T18:36:01.302+0300] {dagbag.py:541} INFO - Filling up the DagBag from /Users/dogukanulu/opt/anaconda3/lib/python3.9/site-packages/airflow/example_dags/example_task_group_decorator.py
[2023-06-08T18:36:01.347+0300] {processor.py:836} INFO - DAG(s) dict_keys(['example_task_group_decorator']) retrieved from /Users/dogukanulu/opt/anaconda3/lib/python3.9/site-packages/airflow/example_dags/example_task_group_decorator.py
[2023-06-08T18:36:01.688+0300] {logging_mixin.py:149} INFO - [2023-06-08T18:36:01.688+0300] {dag.py:2726} INFO - Sync 1 DAGs
[2023-06-08T18:36:01.697+0300] {logging_mixin.py:149} INFO - [2023-06-08T18:36:01.696+0300] {dag.py:3486} INFO - Setting next_dagrun for example_task_group_decorator to 2023-06-07T15:36:01.696908+00:00, run_after=2023-06-08T15:36:01.696908+00:00
[2023-06-08T18:36:01.707+0300] {processor.py:179} INFO - Processing /Users/dogukanulu/opt/anaconda3/lib/python3.9/site-packages/airflow/example_dags/example_task_group_decorator.py took 0.407 seconds
[2023-06-08T18:37:02.526+0300] {processor.py:157} INFO - Started process (PID=16337) to work on /Users/dogukanulu/opt/anaconda3/lib/python3.9/site-packages/airflow/example_dags/example_task_group_decorator.py
[2023-06-08T18:37:02.528+0300] {processor.py:826} INFO - Processing file /Users/dogukanulu/opt/anaconda3/lib/python3.9/site-packages/airflow/example_dags/example_task_group_decorator.py for tasks to queue
[2023-06-08T18:37:02.528+0300] {logging_mixin.py:149} INFO - [2023-06-08T18:37:02.528+0300] {dagbag.py:541} INFO - Filling up the DagBag from /Users/dogukanulu/opt/anaconda3/lib/python3.9/site-packages/airflow/example_dags/example_task_group_decorator.py
[2023-06-08T18:37:02.593+0300] {processor.py:836} INFO - DAG(s) dict_keys(['example_task_group_decorator']) retrieved from /Users/dogukanulu/opt/anaconda3/lib/python3.9/site-packages/airflow/example_dags/example_task_group_decorator.py
[2023-06-08T18:37:03.028+0300] {logging_mixin.py:149} INFO - [2023-06-08T18:37:03.027+0300] {dag.py:2726} INFO - Sync 1 DAGs
[2023-06-08T18:37:03.041+0300] {logging_mixin.py:149} INFO - [2023-06-08T18:37:03.041+0300] {dag.py:3486} INFO - Setting next_dagrun for example_task_group_decorator to 2023-06-07T15:37:03.040746+00:00, run_after=2023-06-08T15:37:03.040746+00:00
[2023-06-08T18:37:03.055+0300] {processor.py:179} INFO - Processing /Users/dogukanulu/opt/anaconda3/lib/python3.9/site-packages/airflow/example_dags/example_task_group_decorator.py took 0.530 seconds
[2023-06-08T18:38:06.961+0300] {processor.py:157} INFO - Started process (PID=16421) to work on /Users/dogukanulu/opt/anaconda3/lib/python3.9/site-packages/airflow/example_dags/example_task_group_decorator.py
[2023-06-08T18:38:06.962+0300] {processor.py:826} INFO - Processing file /Users/dogukanulu/opt/anaconda3/lib/python3.9/site-packages/airflow/example_dags/example_task_group_decorator.py for tasks to queue
[2023-06-08T18:38:06.962+0300] {logging_mixin.py:149} INFO - [2023-06-08T18:38:06.962+0300] {dagbag.py:541} INFO - Filling up the DagBag from /Users/dogukanulu/opt/anaconda3/lib/python3.9/site-packages/airflow/example_dags/example_task_group_decorator.py
[2023-06-08T18:38:07.007+0300] {processor.py:836} INFO - DAG(s) dict_keys(['example_task_group_decorator']) retrieved from /Users/dogukanulu/opt/anaconda3/lib/python3.9/site-packages/airflow/example_dags/example_task_group_decorator.py
[2023-06-08T18:38:07.348+0300] {logging_mixin.py:149} INFO - [2023-06-08T18:38:07.348+0300] {dag.py:2726} INFO - Sync 1 DAGs
[2023-06-08T18:38:07.357+0300] {logging_mixin.py:149} INFO - [2023-06-08T18:38:07.357+0300] {dag.py:3486} INFO - Setting next_dagrun for example_task_group_decorator to 2023-06-07T15:38:07.357447+00:00, run_after=2023-06-08T15:38:07.357447+00:00
[2023-06-08T18:38:07.367+0300] {processor.py:179} INFO - Processing /Users/dogukanulu/opt/anaconda3/lib/python3.9/site-packages/airflow/example_dags/example_task_group_decorator.py took 0.407 seconds
[2023-06-08T18:39:12.576+0300] {processor.py:157} INFO - Started process (PID=16515) to work on /Users/dogukanulu/opt/anaconda3/lib/python3.9/site-packages/airflow/example_dags/example_task_group_decorator.py
[2023-06-08T18:39:12.578+0300] {processor.py:826} INFO - Processing file /Users/dogukanulu/opt/anaconda3/lib/python3.9/site-packages/airflow/example_dags/example_task_group_decorator.py for tasks to queue
[2023-06-08T18:39:12.578+0300] {logging_mixin.py:149} INFO - [2023-06-08T18:39:12.578+0300] {dagbag.py:541} INFO - Filling up the DagBag from /Users/dogukanulu/opt/anaconda3/lib/python3.9/site-packages/airflow/example_dags/example_task_group_decorator.py
[2023-06-08T18:39:12.625+0300] {processor.py:836} INFO - DAG(s) dict_keys(['example_task_group_decorator']) retrieved from /Users/dogukanulu/opt/anaconda3/lib/python3.9/site-packages/airflow/example_dags/example_task_group_decorator.py
[2023-06-08T18:39:12.986+0300] {logging_mixin.py:149} INFO - [2023-06-08T18:39:12.986+0300] {dag.py:2726} INFO - Sync 1 DAGs
[2023-06-08T18:39:12.996+0300] {logging_mixin.py:149} INFO - [2023-06-08T18:39:12.996+0300] {dag.py:3486} INFO - Setting next_dagrun for example_task_group_decorator to 2023-06-07T15:39:12.996762+00:00, run_after=2023-06-08T15:39:12.996762+00:00
[2023-06-08T18:39:13.008+0300] {processor.py:179} INFO - Processing /Users/dogukanulu/opt/anaconda3/lib/python3.9/site-packages/airflow/example_dags/example_task_group_decorator.py took 0.433 seconds
[2023-06-08T18:40:14.417+0300] {processor.py:157} INFO - Started process (PID=16633) to work on /Users/dogukanulu/opt/anaconda3/lib/python3.9/site-packages/airflow/example_dags/example_task_group_decorator.py
[2023-06-08T18:40:14.418+0300] {processor.py:826} INFO - Processing file /Users/dogukanulu/opt/anaconda3/lib/python3.9/site-packages/airflow/example_dags/example_task_group_decorator.py for tasks to queue
[2023-06-08T18:40:14.418+0300] {logging_mixin.py:149} INFO - [2023-06-08T18:40:14.418+0300] {dagbag.py:541} INFO - Filling up the DagBag from /Users/dogukanulu/opt/anaconda3/lib/python3.9/site-packages/airflow/example_dags/example_task_group_decorator.py
[2023-06-08T18:40:14.462+0300] {processor.py:836} INFO - DAG(s) dict_keys(['example_task_group_decorator']) retrieved from /Users/dogukanulu/opt/anaconda3/lib/python3.9/site-packages/airflow/example_dags/example_task_group_decorator.py
[2023-06-08T18:40:14.802+0300] {logging_mixin.py:149} INFO - [2023-06-08T18:40:14.801+0300] {dag.py:2726} INFO - Sync 1 DAGs
[2023-06-08T18:40:14.811+0300] {logging_mixin.py:149} INFO - [2023-06-08T18:40:14.811+0300] {dag.py:3486} INFO - Setting next_dagrun for example_task_group_decorator to 2023-06-07T15:40:14.811380+00:00, run_after=2023-06-08T15:40:14.811380+00:00
[2023-06-08T18:40:14.822+0300] {processor.py:179} INFO - Processing /Users/dogukanulu/opt/anaconda3/lib/python3.9/site-packages/airflow/example_dags/example_task_group_decorator.py took 0.405 seconds
[2023-06-08T18:41:16.411+0300] {processor.py:157} INFO - Started process (PID=16716) to work on /Users/dogukanulu/opt/anaconda3/lib/python3.9/site-packages/airflow/example_dags/example_task_group_decorator.py
[2023-06-08T18:41:16.412+0300] {processor.py:826} INFO - Processing file /Users/dogukanulu/opt/anaconda3/lib/python3.9/site-packages/airflow/example_dags/example_task_group_decorator.py for tasks to queue
[2023-06-08T18:41:16.412+0300] {logging_mixin.py:149} INFO - [2023-06-08T18:41:16.412+0300] {dagbag.py:541} INFO - Filling up the DagBag from /Users/dogukanulu/opt/anaconda3/lib/python3.9/site-packages/airflow/example_dags/example_task_group_decorator.py
[2023-06-08T18:41:16.456+0300] {processor.py:836} INFO - DAG(s) dict_keys(['example_task_group_decorator']) retrieved from /Users/dogukanulu/opt/anaconda3/lib/python3.9/site-packages/airflow/example_dags/example_task_group_decorator.py
[2023-06-08T18:41:16.797+0300] {logging_mixin.py:149} INFO - [2023-06-08T18:41:16.797+0300] {dag.py:2726} INFO - Sync 1 DAGs
[2023-06-08T18:41:16.805+0300] {logging_mixin.py:149} INFO - [2023-06-08T18:41:16.805+0300] {dag.py:3486} INFO - Setting next_dagrun for example_task_group_decorator to 2023-06-07T15:41:16.805731+00:00, run_after=2023-06-08T15:41:16.805731+00:00
[2023-06-08T18:41:16.815+0300] {processor.py:179} INFO - Processing /Users/dogukanulu/opt/anaconda3/lib/python3.9/site-packages/airflow/example_dags/example_task_group_decorator.py took 0.405 seconds
[2023-06-08T18:42:19.663+0300] {processor.py:157} INFO - Started process (PID=16802) to work on /Users/dogukanulu/opt/anaconda3/lib/python3.9/site-packages/airflow/example_dags/example_task_group_decorator.py
[2023-06-08T18:42:19.665+0300] {processor.py:826} INFO - Processing file /Users/dogukanulu/opt/anaconda3/lib/python3.9/site-packages/airflow/example_dags/example_task_group_decorator.py for tasks to queue
[2023-06-08T18:42:19.665+0300] {logging_mixin.py:149} INFO - [2023-06-08T18:42:19.665+0300] {dagbag.py:541} INFO - Filling up the DagBag from /Users/dogukanulu/opt/anaconda3/lib/python3.9/site-packages/airflow/example_dags/example_task_group_decorator.py
[2023-06-08T18:42:19.709+0300] {processor.py:836} INFO - DAG(s) dict_keys(['example_task_group_decorator']) retrieved from /Users/dogukanulu/opt/anaconda3/lib/python3.9/site-packages/airflow/example_dags/example_task_group_decorator.py
[2023-06-08T18:42:20.048+0300] {logging_mixin.py:149} INFO - [2023-06-08T18:42:20.048+0300] {dag.py:2726} INFO - Sync 1 DAGs
[2023-06-08T18:42:20.057+0300] {logging_mixin.py:149} INFO - [2023-06-08T18:42:20.057+0300] {dag.py:3486} INFO - Setting next_dagrun for example_task_group_decorator to 2023-06-07T15:42:20.057146+00:00, run_after=2023-06-08T15:42:20.057146+00:00
[2023-06-08T18:42:20.067+0300] {processor.py:179} INFO - Processing /Users/dogukanulu/opt/anaconda3/lib/python3.9/site-packages/airflow/example_dags/example_task_group_decorator.py took 0.404 seconds
[2023-06-08T18:43:23.674+0300] {processor.py:157} INFO - Started process (PID=16898) to work on /Users/dogukanulu/opt/anaconda3/lib/python3.9/site-packages/airflow/example_dags/example_task_group_decorator.py
[2023-06-08T18:43:23.675+0300] {processor.py:826} INFO - Processing file /Users/dogukanulu/opt/anaconda3/lib/python3.9/site-packages/airflow/example_dags/example_task_group_decorator.py for tasks to queue
[2023-06-08T18:43:23.676+0300] {logging_mixin.py:149} INFO - [2023-06-08T18:43:23.676+0300] {dagbag.py:541} INFO - Filling up the DagBag from /Users/dogukanulu/opt/anaconda3/lib/python3.9/site-packages/airflow/example_dags/example_task_group_decorator.py
[2023-06-08T18:43:23.719+0300] {processor.py:836} INFO - DAG(s) dict_keys(['example_task_group_decorator']) retrieved from /Users/dogukanulu/opt/anaconda3/lib/python3.9/site-packages/airflow/example_dags/example_task_group_decorator.py
[2023-06-08T18:43:24.058+0300] {logging_mixin.py:149} INFO - [2023-06-08T18:43:24.058+0300] {dag.py:2726} INFO - Sync 1 DAGs
[2023-06-08T18:43:24.067+0300] {logging_mixin.py:149} INFO - [2023-06-08T18:43:24.067+0300] {dag.py:3486} INFO - Setting next_dagrun for example_task_group_decorator to 2023-06-07T15:43:24.067581+00:00, run_after=2023-06-08T15:43:24.067581+00:00
[2023-06-08T18:43:24.077+0300] {processor.py:179} INFO - Processing /Users/dogukanulu/opt/anaconda3/lib/python3.9/site-packages/airflow/example_dags/example_task_group_decorator.py took 0.404 seconds
[2023-06-08T18:44:24.589+0300] {processor.py:157} INFO - Started process (PID=16986) to work on /Users/dogukanulu/opt/anaconda3/lib/python3.9/site-packages/airflow/example_dags/example_task_group_decorator.py
[2023-06-08T18:44:24.590+0300] {processor.py:826} INFO - Processing file /Users/dogukanulu/opt/anaconda3/lib/python3.9/site-packages/airflow/example_dags/example_task_group_decorator.py for tasks to queue
[2023-06-08T18:44:24.590+0300] {logging_mixin.py:149} INFO - [2023-06-08T18:44:24.590+0300] {dagbag.py:541} INFO - Filling up the DagBag from /Users/dogukanulu/opt/anaconda3/lib/python3.9/site-packages/airflow/example_dags/example_task_group_decorator.py
[2023-06-08T18:44:24.635+0300] {processor.py:836} INFO - DAG(s) dict_keys(['example_task_group_decorator']) retrieved from /Users/dogukanulu/opt/anaconda3/lib/python3.9/site-packages/airflow/example_dags/example_task_group_decorator.py
[2023-06-08T18:44:24.971+0300] {logging_mixin.py:149} INFO - [2023-06-08T18:44:24.971+0300] {dag.py:2726} INFO - Sync 1 DAGs
[2023-06-08T18:44:24.980+0300] {logging_mixin.py:149} INFO - [2023-06-08T18:44:24.980+0300] {dag.py:3486} INFO - Setting next_dagrun for example_task_group_decorator to 2023-06-07T15:44:24.979982+00:00, run_after=2023-06-08T15:44:24.979982+00:00
[2023-06-08T18:44:24.990+0300] {processor.py:179} INFO - Processing /Users/dogukanulu/opt/anaconda3/lib/python3.9/site-packages/airflow/example_dags/example_task_group_decorator.py took 0.401 seconds
