[2023-06-08T18:30:14.676+0300] {processor.py:157} INFO - Started process (PID=15679) to work on /Users/dogukanulu/opt/anaconda3/lib/python3.9/site-packages/airflow/example_dags/example_branch_day_of_week_operator.py
[2023-06-08T18:30:14.676+0300] {processor.py:826} INFO - Processing file /Users/dogukanulu/opt/anaconda3/lib/python3.9/site-packages/airflow/example_dags/example_branch_day_of_week_operator.py for tasks to queue
[2023-06-08T18:30:14.677+0300] {logging_mixin.py:149} INFO - [2023-06-08T18:30:14.677+0300] {dagbag.py:541} INFO - Filling up the DagBag from /Users/dogukanulu/opt/anaconda3/lib/python3.9/site-packages/airflow/example_dags/example_branch_day_of_week_operator.py
[2023-06-08T18:30:14.705+0300] {processor.py:836} INFO - DAG(s) dict_keys(['example_weekday_branch_operator']) retrieved from /Users/dogukanulu/opt/anaconda3/lib/python3.9/site-packages/airflow/example_dags/example_branch_day_of_week_operator.py
[2023-06-08T18:30:15.083+0300] {logging_mixin.py:149} INFO - [2023-06-08T18:30:15.083+0300] {manager.py:504} INFO - Created Permission View: can delete on DAG:example_weekday_branch_operator
[2023-06-08T18:30:15.086+0300] {logging_mixin.py:149} INFO - [2023-06-08T18:30:15.086+0300] {manager.py:504} INFO - Created Permission View: can read on DAG:example_weekday_branch_operator
[2023-06-08T18:30:15.089+0300] {logging_mixin.py:149} INFO - [2023-06-08T18:30:15.089+0300] {manager.py:504} INFO - Created Permission View: can edit on DAG:example_weekday_branch_operator
[2023-06-08T18:30:15.089+0300] {logging_mixin.py:149} INFO - [2023-06-08T18:30:15.089+0300] {dag.py:2726} INFO - Sync 1 DAGs
[2023-06-08T18:30:15.095+0300] {logging_mixin.py:149} INFO - [2023-06-08T18:30:15.094+0300] {dag.py:2747} INFO - Creating ORM DAG for example_weekday_branch_operator
[2023-06-08T18:30:15.099+0300] {logging_mixin.py:149} INFO - [2023-06-08T18:30:15.099+0300] {dag.py:3486} INFO - Setting next_dagrun for example_weekday_branch_operator to 2023-06-07T00:00:00+00:00, run_after=2023-06-08T00:00:00+00:00
[2023-06-08T18:30:15.108+0300] {processor.py:179} INFO - Processing /Users/dogukanulu/opt/anaconda3/lib/python3.9/site-packages/airflow/example_dags/example_branch_day_of_week_operator.py took 0.432 seconds
[2023-06-08T18:32:16.919+0300] {processor.py:157} INFO - Started process (PID=15918) to work on /Users/dogukanulu/opt/anaconda3/lib/python3.9/site-packages/airflow/example_dags/example_branch_day_of_week_operator.py
[2023-06-08T18:32:16.920+0300] {processor.py:826} INFO - Processing file /Users/dogukanulu/opt/anaconda3/lib/python3.9/site-packages/airflow/example_dags/example_branch_day_of_week_operator.py for tasks to queue
[2023-06-08T18:32:16.920+0300] {logging_mixin.py:149} INFO - [2023-06-08T18:32:16.920+0300] {dagbag.py:541} INFO - Filling up the DagBag from /Users/dogukanulu/opt/anaconda3/lib/python3.9/site-packages/airflow/example_dags/example_branch_day_of_week_operator.py
[2023-06-08T18:32:16.950+0300] {processor.py:836} INFO - DAG(s) dict_keys(['example_weekday_branch_operator']) retrieved from /Users/dogukanulu/opt/anaconda3/lib/python3.9/site-packages/airflow/example_dags/example_branch_day_of_week_operator.py
[2023-06-08T18:32:17.288+0300] {logging_mixin.py:149} INFO - [2023-06-08T18:32:17.288+0300] {dag.py:2726} INFO - Sync 1 DAGs
[2023-06-08T18:32:17.298+0300] {logging_mixin.py:149} INFO - [2023-06-08T18:32:17.298+0300] {dag.py:3486} INFO - Setting next_dagrun for example_weekday_branch_operator to 2023-06-07T00:00:00+00:00, run_after=2023-06-08T00:00:00+00:00
[2023-06-08T18:32:17.307+0300] {processor.py:179} INFO - Processing /Users/dogukanulu/opt/anaconda3/lib/python3.9/site-packages/airflow/example_dags/example_branch_day_of_week_operator.py took 0.389 seconds
[2023-06-08T18:34:20.881+0300] {processor.py:157} INFO - Started process (PID=16083) to work on /Users/dogukanulu/opt/anaconda3/lib/python3.9/site-packages/airflow/example_dags/example_branch_day_of_week_operator.py
[2023-06-08T18:34:20.882+0300] {processor.py:826} INFO - Processing file /Users/dogukanulu/opt/anaconda3/lib/python3.9/site-packages/airflow/example_dags/example_branch_day_of_week_operator.py for tasks to queue
[2023-06-08T18:34:20.882+0300] {logging_mixin.py:149} INFO - [2023-06-08T18:34:20.882+0300] {dagbag.py:541} INFO - Filling up the DagBag from /Users/dogukanulu/opt/anaconda3/lib/python3.9/site-packages/airflow/example_dags/example_branch_day_of_week_operator.py
[2023-06-08T18:34:20.911+0300] {processor.py:836} INFO - DAG(s) dict_keys(['example_weekday_branch_operator']) retrieved from /Users/dogukanulu/opt/anaconda3/lib/python3.9/site-packages/airflow/example_dags/example_branch_day_of_week_operator.py
[2023-06-08T18:34:21.255+0300] {logging_mixin.py:149} INFO - [2023-06-08T18:34:21.255+0300] {dag.py:2726} INFO - Sync 1 DAGs
[2023-06-08T18:34:21.265+0300] {logging_mixin.py:149} INFO - [2023-06-08T18:34:21.265+0300] {dag.py:3486} INFO - Setting next_dagrun for example_weekday_branch_operator to 2023-06-07T00:00:00+00:00, run_after=2023-06-08T00:00:00+00:00
[2023-06-08T18:34:21.274+0300] {processor.py:179} INFO - Processing /Users/dogukanulu/opt/anaconda3/lib/python3.9/site-packages/airflow/example_dags/example_branch_day_of_week_operator.py took 0.394 seconds
[2023-06-08T18:36:28.642+0300] {processor.py:157} INFO - Started process (PID=16280) to work on /Users/dogukanulu/opt/anaconda3/lib/python3.9/site-packages/airflow/example_dags/example_branch_day_of_week_operator.py
[2023-06-08T18:36:28.644+0300] {processor.py:826} INFO - Processing file /Users/dogukanulu/opt/anaconda3/lib/python3.9/site-packages/airflow/example_dags/example_branch_day_of_week_operator.py for tasks to queue
[2023-06-08T18:36:28.644+0300] {logging_mixin.py:149} INFO - [2023-06-08T18:36:28.644+0300] {dagbag.py:541} INFO - Filling up the DagBag from /Users/dogukanulu/opt/anaconda3/lib/python3.9/site-packages/airflow/example_dags/example_branch_day_of_week_operator.py
[2023-06-08T18:36:28.672+0300] {processor.py:836} INFO - DAG(s) dict_keys(['example_weekday_branch_operator']) retrieved from /Users/dogukanulu/opt/anaconda3/lib/python3.9/site-packages/airflow/example_dags/example_branch_day_of_week_operator.py
[2023-06-08T18:36:29.017+0300] {logging_mixin.py:149} INFO - [2023-06-08T18:36:29.017+0300] {dag.py:2726} INFO - Sync 1 DAGs
[2023-06-08T18:36:29.027+0300] {logging_mixin.py:149} INFO - [2023-06-08T18:36:29.027+0300] {dag.py:3486} INFO - Setting next_dagrun for example_weekday_branch_operator to 2023-06-07T00:00:00+00:00, run_after=2023-06-08T00:00:00+00:00
[2023-06-08T18:36:29.036+0300] {processor.py:179} INFO - Processing /Users/dogukanulu/opt/anaconda3/lib/python3.9/site-packages/airflow/example_dags/example_branch_day_of_week_operator.py took 0.394 seconds
[2023-06-08T18:38:37.137+0300] {processor.py:157} INFO - Started process (PID=16467) to work on /Users/dogukanulu/opt/anaconda3/lib/python3.9/site-packages/airflow/example_dags/example_branch_day_of_week_operator.py
[2023-06-08T18:38:37.138+0300] {processor.py:826} INFO - Processing file /Users/dogukanulu/opt/anaconda3/lib/python3.9/site-packages/airflow/example_dags/example_branch_day_of_week_operator.py for tasks to queue
[2023-06-08T18:38:37.138+0300] {logging_mixin.py:149} INFO - [2023-06-08T18:38:37.138+0300] {dagbag.py:541} INFO - Filling up the DagBag from /Users/dogukanulu/opt/anaconda3/lib/python3.9/site-packages/airflow/example_dags/example_branch_day_of_week_operator.py
[2023-06-08T18:38:37.167+0300] {processor.py:836} INFO - DAG(s) dict_keys(['example_weekday_branch_operator']) retrieved from /Users/dogukanulu/opt/anaconda3/lib/python3.9/site-packages/airflow/example_dags/example_branch_day_of_week_operator.py
[2023-06-08T18:38:37.506+0300] {logging_mixin.py:149} INFO - [2023-06-08T18:38:37.506+0300] {dag.py:2726} INFO - Sync 1 DAGs
[2023-06-08T18:38:37.516+0300] {logging_mixin.py:149} INFO - [2023-06-08T18:38:37.516+0300] {dag.py:3486} INFO - Setting next_dagrun for example_weekday_branch_operator to 2023-06-07T00:00:00+00:00, run_after=2023-06-08T00:00:00+00:00
[2023-06-08T18:38:37.525+0300] {processor.py:179} INFO - Processing /Users/dogukanulu/opt/anaconda3/lib/python3.9/site-packages/airflow/example_dags/example_branch_day_of_week_operator.py took 0.389 seconds
[2023-06-08T18:40:43.215+0300] {processor.py:157} INFO - Started process (PID=16674) to work on /Users/dogukanulu/opt/anaconda3/lib/python3.9/site-packages/airflow/example_dags/example_branch_day_of_week_operator.py
[2023-06-08T18:40:43.216+0300] {processor.py:826} INFO - Processing file /Users/dogukanulu/opt/anaconda3/lib/python3.9/site-packages/airflow/example_dags/example_branch_day_of_week_operator.py for tasks to queue
[2023-06-08T18:40:43.217+0300] {logging_mixin.py:149} INFO - [2023-06-08T18:40:43.217+0300] {dagbag.py:541} INFO - Filling up the DagBag from /Users/dogukanulu/opt/anaconda3/lib/python3.9/site-packages/airflow/example_dags/example_branch_day_of_week_operator.py
[2023-06-08T18:40:43.244+0300] {processor.py:836} INFO - DAG(s) dict_keys(['example_weekday_branch_operator']) retrieved from /Users/dogukanulu/opt/anaconda3/lib/python3.9/site-packages/airflow/example_dags/example_branch_day_of_week_operator.py
[2023-06-08T18:40:43.583+0300] {logging_mixin.py:149} INFO - [2023-06-08T18:40:43.583+0300] {dag.py:2726} INFO - Sync 1 DAGs
[2023-06-08T18:40:43.593+0300] {logging_mixin.py:149} INFO - [2023-06-08T18:40:43.593+0300] {dag.py:3486} INFO - Setting next_dagrun for example_weekday_branch_operator to 2023-06-07T00:00:00+00:00, run_after=2023-06-08T00:00:00+00:00
[2023-06-08T18:40:43.603+0300] {processor.py:179} INFO - Processing /Users/dogukanulu/opt/anaconda3/lib/python3.9/site-packages/airflow/example_dags/example_branch_day_of_week_operator.py took 0.388 seconds
[2023-06-08T18:42:47.834+0300] {processor.py:157} INFO - Started process (PID=16848) to work on /Users/dogukanulu/opt/anaconda3/lib/python3.9/site-packages/airflow/example_dags/example_branch_day_of_week_operator.py
[2023-06-08T18:42:47.835+0300] {processor.py:826} INFO - Processing file /Users/dogukanulu/opt/anaconda3/lib/python3.9/site-packages/airflow/example_dags/example_branch_day_of_week_operator.py for tasks to queue
[2023-06-08T18:42:47.836+0300] {logging_mixin.py:149} INFO - [2023-06-08T18:42:47.835+0300] {dagbag.py:541} INFO - Filling up the DagBag from /Users/dogukanulu/opt/anaconda3/lib/python3.9/site-packages/airflow/example_dags/example_branch_day_of_week_operator.py
[2023-06-08T18:42:47.864+0300] {processor.py:836} INFO - DAG(s) dict_keys(['example_weekday_branch_operator']) retrieved from /Users/dogukanulu/opt/anaconda3/lib/python3.9/site-packages/airflow/example_dags/example_branch_day_of_week_operator.py
[2023-06-08T18:42:48.210+0300] {logging_mixin.py:149} INFO - [2023-06-08T18:42:48.210+0300] {dag.py:2726} INFO - Sync 1 DAGs
[2023-06-08T18:42:48.225+0300] {logging_mixin.py:149} INFO - [2023-06-08T18:42:48.225+0300] {dag.py:3486} INFO - Setting next_dagrun for example_weekday_branch_operator to 2023-06-07T00:00:00+00:00, run_after=2023-06-08T00:00:00+00:00
[2023-06-08T18:42:48.242+0300] {processor.py:179} INFO - Processing /Users/dogukanulu/opt/anaconda3/lib/python3.9/site-packages/airflow/example_dags/example_branch_day_of_week_operator.py took 0.409 seconds
