[2023-06-08T18:30:00.351+0300] {processor.py:157} INFO - Started process (PID=15658) to work on /Users/dogukanulu/opt/anaconda3/lib/python3.9/site-packages/airflow/example_dags/example_datasets.py
[2023-06-08T18:30:00.351+0300] {processor.py:826} INFO - Processing file /Users/dogukanulu/opt/anaconda3/lib/python3.9/site-packages/airflow/example_dags/example_datasets.py for tasks to queue
[2023-06-08T18:30:00.351+0300] {logging_mixin.py:149} INFO - [2023-06-08T18:30:00.351+0300] {dagbag.py:541} INFO - Filling up the DagBag from /Users/dogukanulu/opt/anaconda3/lib/python3.9/site-packages/airflow/example_dags/example_datasets.py
[2023-06-08T18:30:00.379+0300] {processor.py:836} INFO - DAG(s) dict_keys(['dataset_consumes_1', 'dataset_consumes_1_never_scheduled', 'dataset_produces_2', 'dataset_produces_1', 'dataset_consumes_unknown_never_scheduled', 'dataset_consumes_1_and_2']) retrieved from /Users/dogukanulu/opt/anaconda3/lib/python3.9/site-packages/airflow/example_dags/example_datasets.py
[2023-06-08T18:30:00.763+0300] {logging_mixin.py:149} INFO - [2023-06-08T18:30:00.763+0300] {manager.py:504} INFO - Created Permission View: can read on DAG:dataset_consumes_1
[2023-06-08T18:30:00.767+0300] {logging_mixin.py:149} INFO - [2023-06-08T18:30:00.767+0300] {manager.py:504} INFO - Created Permission View: can edit on DAG:dataset_consumes_1
[2023-06-08T18:30:00.770+0300] {logging_mixin.py:149} INFO - [2023-06-08T18:30:00.770+0300] {manager.py:504} INFO - Created Permission View: can delete on DAG:dataset_consumes_1
[2023-06-08T18:30:00.775+0300] {logging_mixin.py:149} INFO - [2023-06-08T18:30:00.775+0300] {manager.py:504} INFO - Created Permission View: can read on DAG:dataset_consumes_1_never_scheduled
[2023-06-08T18:30:00.778+0300] {logging_mixin.py:149} INFO - [2023-06-08T18:30:00.778+0300] {manager.py:504} INFO - Created Permission View: can edit on DAG:dataset_consumes_1_never_scheduled
[2023-06-08T18:30:00.781+0300] {logging_mixin.py:149} INFO - [2023-06-08T18:30:00.781+0300] {manager.py:504} INFO - Created Permission View: can delete on DAG:dataset_consumes_1_never_scheduled
[2023-06-08T18:30:00.786+0300] {logging_mixin.py:149} INFO - [2023-06-08T18:30:00.786+0300] {manager.py:504} INFO - Created Permission View: can read on DAG:dataset_produces_2
[2023-06-08T18:30:00.789+0300] {logging_mixin.py:149} INFO - [2023-06-08T18:30:00.788+0300] {manager.py:504} INFO - Created Permission View: can edit on DAG:dataset_produces_2
[2023-06-08T18:30:00.791+0300] {logging_mixin.py:149} INFO - [2023-06-08T18:30:00.791+0300] {manager.py:504} INFO - Created Permission View: can delete on DAG:dataset_produces_2
[2023-06-08T18:30:00.796+0300] {logging_mixin.py:149} INFO - [2023-06-08T18:30:00.796+0300] {manager.py:504} INFO - Created Permission View: can read on DAG:dataset_produces_1
[2023-06-08T18:30:00.799+0300] {logging_mixin.py:149} INFO - [2023-06-08T18:30:00.799+0300] {manager.py:504} INFO - Created Permission View: can edit on DAG:dataset_produces_1
[2023-06-08T18:30:00.802+0300] {logging_mixin.py:149} INFO - [2023-06-08T18:30:00.801+0300] {manager.py:504} INFO - Created Permission View: can delete on DAG:dataset_produces_1
[2023-06-08T18:30:00.807+0300] {logging_mixin.py:149} INFO - [2023-06-08T18:30:00.807+0300] {manager.py:504} INFO - Created Permission View: can read on DAG:dataset_consumes_unknown_never_scheduled
[2023-06-08T18:30:00.810+0300] {logging_mixin.py:149} INFO - [2023-06-08T18:30:00.809+0300] {manager.py:504} INFO - Created Permission View: can edit on DAG:dataset_consumes_unknown_never_scheduled
[2023-06-08T18:30:00.812+0300] {logging_mixin.py:149} INFO - [2023-06-08T18:30:00.812+0300] {manager.py:504} INFO - Created Permission View: can delete on DAG:dataset_consumes_unknown_never_scheduled
[2023-06-08T18:30:00.818+0300] {logging_mixin.py:149} INFO - [2023-06-08T18:30:00.817+0300] {manager.py:504} INFO - Created Permission View: can read on DAG:dataset_consumes_1_and_2
[2023-06-08T18:30:00.820+0300] {logging_mixin.py:149} INFO - [2023-06-08T18:30:00.820+0300] {manager.py:504} INFO - Created Permission View: can edit on DAG:dataset_consumes_1_and_2
[2023-06-08T18:30:00.823+0300] {logging_mixin.py:149} INFO - [2023-06-08T18:30:00.823+0300] {manager.py:504} INFO - Created Permission View: can delete on DAG:dataset_consumes_1_and_2
[2023-06-08T18:30:00.823+0300] {logging_mixin.py:149} INFO - [2023-06-08T18:30:00.823+0300] {dag.py:2726} INFO - Sync 6 DAGs
[2023-06-08T18:30:00.828+0300] {logging_mixin.py:149} INFO - [2023-06-08T18:30:00.828+0300] {dag.py:2747} INFO - Creating ORM DAG for dataset_produces_1
[2023-06-08T18:30:00.829+0300] {logging_mixin.py:149} INFO - [2023-06-08T18:30:00.828+0300] {dag.py:2747} INFO - Creating ORM DAG for dataset_consumes_unknown_never_scheduled
[2023-06-08T18:30:00.829+0300] {logging_mixin.py:149} INFO - [2023-06-08T18:30:00.829+0300] {dag.py:2747} INFO - Creating ORM DAG for dataset_consumes_1
[2023-06-08T18:30:00.829+0300] {logging_mixin.py:149} INFO - [2023-06-08T18:30:00.829+0300] {dag.py:2747} INFO - Creating ORM DAG for dataset_produces_2
[2023-06-08T18:30:00.829+0300] {logging_mixin.py:149} INFO - [2023-06-08T18:30:00.829+0300] {dag.py:2747} INFO - Creating ORM DAG for dataset_consumes_1_never_scheduled
[2023-06-08T18:30:00.829+0300] {logging_mixin.py:149} INFO - [2023-06-08T18:30:00.829+0300] {dag.py:2747} INFO - Creating ORM DAG for dataset_consumes_1_and_2
[2023-06-08T18:30:00.833+0300] {logging_mixin.py:149} INFO - [2023-06-08T18:30:00.833+0300] {dag.py:3486} INFO - Setting next_dagrun for dataset_consumes_1 to None, run_after=None
[2023-06-08T18:30:00.834+0300] {logging_mixin.py:149} INFO - [2023-06-08T18:30:00.834+0300] {dag.py:3486} INFO - Setting next_dagrun for dataset_consumes_1_and_2 to None, run_after=None
[2023-06-08T18:30:00.834+0300] {logging_mixin.py:149} INFO - [2023-06-08T18:30:00.834+0300] {dag.py:3486} INFO - Setting next_dagrun for dataset_consumes_1_never_scheduled to None, run_after=None
[2023-06-08T18:30:00.834+0300] {logging_mixin.py:149} INFO - [2023-06-08T18:30:00.834+0300] {dag.py:3486} INFO - Setting next_dagrun for dataset_consumes_unknown_never_scheduled to None, run_after=None
[2023-06-08T18:30:00.835+0300] {logging_mixin.py:149} INFO - [2023-06-08T18:30:00.835+0300] {dag.py:3486} INFO - Setting next_dagrun for dataset_produces_1 to 2023-06-07T00:00:00+00:00, run_after=2023-06-08T00:00:00+00:00
[2023-06-08T18:30:00.835+0300] {logging_mixin.py:149} INFO - [2023-06-08T18:30:00.835+0300] {dag.py:3486} INFO - Setting next_dagrun for dataset_produces_2 to None, run_after=None
[2023-06-08T18:30:00.851+0300] {processor.py:179} INFO - Processing /Users/dogukanulu/opt/anaconda3/lib/python3.9/site-packages/airflow/example_dags/example_datasets.py took 0.501 seconds
[2023-06-08T18:32:02.684+0300] {processor.py:157} INFO - Started process (PID=15900) to work on /Users/dogukanulu/opt/anaconda3/lib/python3.9/site-packages/airflow/example_dags/example_datasets.py
[2023-06-08T18:32:02.686+0300] {processor.py:826} INFO - Processing file /Users/dogukanulu/opt/anaconda3/lib/python3.9/site-packages/airflow/example_dags/example_datasets.py for tasks to queue
[2023-06-08T18:32:02.686+0300] {logging_mixin.py:149} INFO - [2023-06-08T18:32:02.686+0300] {dagbag.py:541} INFO - Filling up the DagBag from /Users/dogukanulu/opt/anaconda3/lib/python3.9/site-packages/airflow/example_dags/example_datasets.py
[2023-06-08T18:32:02.713+0300] {processor.py:836} INFO - DAG(s) dict_keys(['dataset_consumes_1', 'dataset_consumes_1_and_2', 'dataset_produces_2', 'dataset_produces_1', 'dataset_consumes_unknown_never_scheduled', 'dataset_consumes_1_never_scheduled']) retrieved from /Users/dogukanulu/opt/anaconda3/lib/python3.9/site-packages/airflow/example_dags/example_datasets.py
[2023-06-08T18:32:03.072+0300] {logging_mixin.py:149} INFO - [2023-06-08T18:32:03.071+0300] {dag.py:2726} INFO - Sync 6 DAGs
[2023-06-08T18:32:03.081+0300] {logging_mixin.py:149} INFO - [2023-06-08T18:32:03.081+0300] {dag.py:3486} INFO - Setting next_dagrun for dataset_consumes_1 to None, run_after=None
[2023-06-08T18:32:03.083+0300] {logging_mixin.py:149} INFO - [2023-06-08T18:32:03.082+0300] {dag.py:3486} INFO - Setting next_dagrun for dataset_consumes_1_and_2 to None, run_after=None
[2023-06-08T18:32:03.083+0300] {logging_mixin.py:149} INFO - [2023-06-08T18:32:03.083+0300] {dag.py:3486} INFO - Setting next_dagrun for dataset_consumes_1_never_scheduled to None, run_after=None
[2023-06-08T18:32:03.083+0300] {logging_mixin.py:149} INFO - [2023-06-08T18:32:03.083+0300] {dag.py:3486} INFO - Setting next_dagrun for dataset_consumes_unknown_never_scheduled to None, run_after=None
[2023-06-08T18:32:03.085+0300] {logging_mixin.py:149} INFO - [2023-06-08T18:32:03.084+0300] {dag.py:3486} INFO - Setting next_dagrun for dataset_produces_1 to 2023-06-07T00:00:00+00:00, run_after=2023-06-08T00:00:00+00:00
[2023-06-08T18:32:03.085+0300] {logging_mixin.py:149} INFO - [2023-06-08T18:32:03.085+0300] {dag.py:3486} INFO - Setting next_dagrun for dataset_produces_2 to None, run_after=None
[2023-06-08T18:32:03.099+0300] {processor.py:179} INFO - Processing /Users/dogukanulu/opt/anaconda3/lib/python3.9/site-packages/airflow/example_dags/example_datasets.py took 0.415 seconds
[2023-06-08T18:34:06.873+0300] {processor.py:157} INFO - Started process (PID=16065) to work on /Users/dogukanulu/opt/anaconda3/lib/python3.9/site-packages/airflow/example_dags/example_datasets.py
[2023-06-08T18:34:06.874+0300] {processor.py:826} INFO - Processing file /Users/dogukanulu/opt/anaconda3/lib/python3.9/site-packages/airflow/example_dags/example_datasets.py for tasks to queue
[2023-06-08T18:34:06.874+0300] {logging_mixin.py:149} INFO - [2023-06-08T18:34:06.874+0300] {dagbag.py:541} INFO - Filling up the DagBag from /Users/dogukanulu/opt/anaconda3/lib/python3.9/site-packages/airflow/example_dags/example_datasets.py
[2023-06-08T18:34:06.902+0300] {processor.py:836} INFO - DAG(s) dict_keys(['dataset_produces_1', 'dataset_consumes_1_and_2', 'dataset_produces_2', 'dataset_consumes_unknown_never_scheduled', 'dataset_consumes_1_never_scheduled', 'dataset_consumes_1']) retrieved from /Users/dogukanulu/opt/anaconda3/lib/python3.9/site-packages/airflow/example_dags/example_datasets.py
[2023-06-08T18:34:07.262+0300] {logging_mixin.py:149} INFO - [2023-06-08T18:34:07.262+0300] {dag.py:2726} INFO - Sync 6 DAGs
[2023-06-08T18:34:07.271+0300] {logging_mixin.py:149} INFO - [2023-06-08T18:34:07.271+0300] {dag.py:3486} INFO - Setting next_dagrun for dataset_consumes_1 to None, run_after=None
[2023-06-08T18:34:07.273+0300] {logging_mixin.py:149} INFO - [2023-06-08T18:34:07.273+0300] {dag.py:3486} INFO - Setting next_dagrun for dataset_consumes_1_and_2 to None, run_after=None
[2023-06-08T18:34:07.273+0300] {logging_mixin.py:149} INFO - [2023-06-08T18:34:07.273+0300] {dag.py:3486} INFO - Setting next_dagrun for dataset_consumes_1_never_scheduled to None, run_after=None
[2023-06-08T18:34:07.274+0300] {logging_mixin.py:149} INFO - [2023-06-08T18:34:07.274+0300] {dag.py:3486} INFO - Setting next_dagrun for dataset_consumes_unknown_never_scheduled to None, run_after=None
[2023-06-08T18:34:07.275+0300] {logging_mixin.py:149} INFO - [2023-06-08T18:34:07.275+0300] {dag.py:3486} INFO - Setting next_dagrun for dataset_produces_1 to 2023-06-07T00:00:00+00:00, run_after=2023-06-08T00:00:00+00:00
[2023-06-08T18:34:07.275+0300] {logging_mixin.py:149} INFO - [2023-06-08T18:34:07.275+0300] {dag.py:3486} INFO - Setting next_dagrun for dataset_produces_2 to None, run_after=None
[2023-06-08T18:34:07.290+0300] {processor.py:179} INFO - Processing /Users/dogukanulu/opt/anaconda3/lib/python3.9/site-packages/airflow/example_dags/example_datasets.py took 0.417 seconds
[2023-06-08T18:36:14.636+0300] {processor.py:157} INFO - Started process (PID=16261) to work on /Users/dogukanulu/opt/anaconda3/lib/python3.9/site-packages/airflow/example_dags/example_datasets.py
[2023-06-08T18:36:14.638+0300] {processor.py:826} INFO - Processing file /Users/dogukanulu/opt/anaconda3/lib/python3.9/site-packages/airflow/example_dags/example_datasets.py for tasks to queue
[2023-06-08T18:36:14.638+0300] {logging_mixin.py:149} INFO - [2023-06-08T18:36:14.638+0300] {dagbag.py:541} INFO - Filling up the DagBag from /Users/dogukanulu/opt/anaconda3/lib/python3.9/site-packages/airflow/example_dags/example_datasets.py
[2023-06-08T18:36:14.666+0300] {processor.py:836} INFO - DAG(s) dict_keys(['dataset_consumes_1_never_scheduled', 'dataset_consumes_unknown_never_scheduled', 'dataset_consumes_1_and_2', 'dataset_produces_2', 'dataset_consumes_1', 'dataset_produces_1']) retrieved from /Users/dogukanulu/opt/anaconda3/lib/python3.9/site-packages/airflow/example_dags/example_datasets.py
[2023-06-08T18:36:15.029+0300] {logging_mixin.py:149} INFO - [2023-06-08T18:36:15.028+0300] {dag.py:2726} INFO - Sync 6 DAGs
[2023-06-08T18:36:15.038+0300] {logging_mixin.py:149} INFO - [2023-06-08T18:36:15.038+0300] {dag.py:3486} INFO - Setting next_dagrun for dataset_consumes_1 to None, run_after=None
[2023-06-08T18:36:15.039+0300] {logging_mixin.py:149} INFO - [2023-06-08T18:36:15.039+0300] {dag.py:3486} INFO - Setting next_dagrun for dataset_consumes_1_and_2 to None, run_after=None
[2023-06-08T18:36:15.039+0300] {logging_mixin.py:149} INFO - [2023-06-08T18:36:15.039+0300] {dag.py:3486} INFO - Setting next_dagrun for dataset_consumes_1_never_scheduled to None, run_after=None
[2023-06-08T18:36:15.040+0300] {logging_mixin.py:149} INFO - [2023-06-08T18:36:15.040+0300] {dag.py:3486} INFO - Setting next_dagrun for dataset_consumes_unknown_never_scheduled to None, run_after=None
[2023-06-08T18:36:15.042+0300] {logging_mixin.py:149} INFO - [2023-06-08T18:36:15.042+0300] {dag.py:3486} INFO - Setting next_dagrun for dataset_produces_1 to 2023-06-07T00:00:00+00:00, run_after=2023-06-08T00:00:00+00:00
[2023-06-08T18:36:15.042+0300] {logging_mixin.py:149} INFO - [2023-06-08T18:36:15.042+0300] {dag.py:3486} INFO - Setting next_dagrun for dataset_produces_2 to None, run_after=None
[2023-06-08T18:36:15.056+0300] {processor.py:179} INFO - Processing /Users/dogukanulu/opt/anaconda3/lib/python3.9/site-packages/airflow/example_dags/example_datasets.py took 0.420 seconds
[2023-06-08T18:38:23.173+0300] {processor.py:157} INFO - Started process (PID=16448) to work on /Users/dogukanulu/opt/anaconda3/lib/python3.9/site-packages/airflow/example_dags/example_datasets.py
[2023-06-08T18:38:23.175+0300] {processor.py:826} INFO - Processing file /Users/dogukanulu/opt/anaconda3/lib/python3.9/site-packages/airflow/example_dags/example_datasets.py for tasks to queue
[2023-06-08T18:38:23.175+0300] {logging_mixin.py:149} INFO - [2023-06-08T18:38:23.175+0300] {dagbag.py:541} INFO - Filling up the DagBag from /Users/dogukanulu/opt/anaconda3/lib/python3.9/site-packages/airflow/example_dags/example_datasets.py
[2023-06-08T18:38:23.204+0300] {processor.py:836} INFO - DAG(s) dict_keys(['dataset_consumes_1', 'dataset_consumes_1_never_scheduled', 'dataset_produces_1', 'dataset_produces_2', 'dataset_consumes_unknown_never_scheduled', 'dataset_consumes_1_and_2']) retrieved from /Users/dogukanulu/opt/anaconda3/lib/python3.9/site-packages/airflow/example_dags/example_datasets.py
[2023-06-08T18:38:23.574+0300] {logging_mixin.py:149} INFO - [2023-06-08T18:38:23.574+0300] {dag.py:2726} INFO - Sync 6 DAGs
[2023-06-08T18:38:23.583+0300] {logging_mixin.py:149} INFO - [2023-06-08T18:38:23.583+0300] {dag.py:3486} INFO - Setting next_dagrun for dataset_consumes_1 to None, run_after=None
[2023-06-08T18:38:23.585+0300] {logging_mixin.py:149} INFO - [2023-06-08T18:38:23.585+0300] {dag.py:3486} INFO - Setting next_dagrun for dataset_consumes_1_and_2 to None, run_after=None
[2023-06-08T18:38:23.586+0300] {logging_mixin.py:149} INFO - [2023-06-08T18:38:23.586+0300] {dag.py:3486} INFO - Setting next_dagrun for dataset_consumes_1_never_scheduled to None, run_after=None
[2023-06-08T18:38:23.586+0300] {logging_mixin.py:149} INFO - [2023-06-08T18:38:23.586+0300] {dag.py:3486} INFO - Setting next_dagrun for dataset_consumes_unknown_never_scheduled to None, run_after=None
[2023-06-08T18:38:23.587+0300] {logging_mixin.py:149} INFO - [2023-06-08T18:38:23.587+0300] {dag.py:3486} INFO - Setting next_dagrun for dataset_produces_1 to 2023-06-07T00:00:00+00:00, run_after=2023-06-08T00:00:00+00:00
[2023-06-08T18:38:23.588+0300] {logging_mixin.py:149} INFO - [2023-06-08T18:38:23.588+0300] {dag.py:3486} INFO - Setting next_dagrun for dataset_produces_2 to None, run_after=None
[2023-06-08T18:38:23.602+0300] {processor.py:179} INFO - Processing /Users/dogukanulu/opt/anaconda3/lib/python3.9/site-packages/airflow/example_dags/example_datasets.py took 0.429 seconds
[2023-06-08T18:40:28.653+0300] {processor.py:157} INFO - Started process (PID=16654) to work on /Users/dogukanulu/opt/anaconda3/lib/python3.9/site-packages/airflow/example_dags/example_datasets.py
[2023-06-08T18:40:28.654+0300] {processor.py:826} INFO - Processing file /Users/dogukanulu/opt/anaconda3/lib/python3.9/site-packages/airflow/example_dags/example_datasets.py for tasks to queue
[2023-06-08T18:40:28.655+0300] {logging_mixin.py:149} INFO - [2023-06-08T18:40:28.654+0300] {dagbag.py:541} INFO - Filling up the DagBag from /Users/dogukanulu/opt/anaconda3/lib/python3.9/site-packages/airflow/example_dags/example_datasets.py
[2023-06-08T18:40:28.682+0300] {processor.py:836} INFO - DAG(s) dict_keys(['dataset_consumes_unknown_never_scheduled', 'dataset_consumes_1', 'dataset_consumes_1_never_scheduled', 'dataset_produces_1', 'dataset_consumes_1_and_2', 'dataset_produces_2']) retrieved from /Users/dogukanulu/opt/anaconda3/lib/python3.9/site-packages/airflow/example_dags/example_datasets.py
[2023-06-08T18:40:29.039+0300] {logging_mixin.py:149} INFO - [2023-06-08T18:40:29.039+0300] {dag.py:2726} INFO - Sync 6 DAGs
[2023-06-08T18:40:29.049+0300] {logging_mixin.py:149} INFO - [2023-06-08T18:40:29.049+0300] {dag.py:3486} INFO - Setting next_dagrun for dataset_consumes_1 to None, run_after=None
[2023-06-08T18:40:29.050+0300] {logging_mixin.py:149} INFO - [2023-06-08T18:40:29.050+0300] {dag.py:3486} INFO - Setting next_dagrun for dataset_consumes_1_and_2 to None, run_after=None
[2023-06-08T18:40:29.050+0300] {logging_mixin.py:149} INFO - [2023-06-08T18:40:29.050+0300] {dag.py:3486} INFO - Setting next_dagrun for dataset_consumes_1_never_scheduled to None, run_after=None
[2023-06-08T18:40:29.051+0300] {logging_mixin.py:149} INFO - [2023-06-08T18:40:29.051+0300] {dag.py:3486} INFO - Setting next_dagrun for dataset_consumes_unknown_never_scheduled to None, run_after=None
[2023-06-08T18:40:29.052+0300] {logging_mixin.py:149} INFO - [2023-06-08T18:40:29.052+0300] {dag.py:3486} INFO - Setting next_dagrun for dataset_produces_1 to 2023-06-07T00:00:00+00:00, run_after=2023-06-08T00:00:00+00:00
[2023-06-08T18:40:29.053+0300] {logging_mixin.py:149} INFO - [2023-06-08T18:40:29.053+0300] {dag.py:3486} INFO - Setting next_dagrun for dataset_produces_2 to None, run_after=None
[2023-06-08T18:40:29.067+0300] {processor.py:179} INFO - Processing /Users/dogukanulu/opt/anaconda3/lib/python3.9/site-packages/airflow/example_dags/example_datasets.py took 0.415 seconds
[2023-06-08T18:42:33.372+0300] {processor.py:157} INFO - Started process (PID=16821) to work on /Users/dogukanulu/opt/anaconda3/lib/python3.9/site-packages/airflow/example_dags/example_datasets.py
[2023-06-08T18:42:33.374+0300] {processor.py:826} INFO - Processing file /Users/dogukanulu/opt/anaconda3/lib/python3.9/site-packages/airflow/example_dags/example_datasets.py for tasks to queue
[2023-06-08T18:42:33.374+0300] {logging_mixin.py:149} INFO - [2023-06-08T18:42:33.374+0300] {dagbag.py:541} INFO - Filling up the DagBag from /Users/dogukanulu/opt/anaconda3/lib/python3.9/site-packages/airflow/example_dags/example_datasets.py
[2023-06-08T18:42:33.402+0300] {processor.py:836} INFO - DAG(s) dict_keys(['dataset_consumes_1', 'dataset_consumes_unknown_never_scheduled', 'dataset_produces_1', 'dataset_consumes_1_and_2', 'dataset_produces_2', 'dataset_consumes_1_never_scheduled']) retrieved from /Users/dogukanulu/opt/anaconda3/lib/python3.9/site-packages/airflow/example_dags/example_datasets.py
[2023-06-08T18:42:33.773+0300] {logging_mixin.py:149} INFO - [2023-06-08T18:42:33.772+0300] {dag.py:2726} INFO - Sync 6 DAGs
[2023-06-08T18:42:33.783+0300] {logging_mixin.py:149} INFO - [2023-06-08T18:42:33.783+0300] {dag.py:3486} INFO - Setting next_dagrun for dataset_consumes_1 to None, run_after=None
[2023-06-08T18:42:33.784+0300] {logging_mixin.py:149} INFO - [2023-06-08T18:42:33.784+0300] {dag.py:3486} INFO - Setting next_dagrun for dataset_consumes_1_and_2 to None, run_after=None
[2023-06-08T18:42:33.785+0300] {logging_mixin.py:149} INFO - [2023-06-08T18:42:33.785+0300] {dag.py:3486} INFO - Setting next_dagrun for dataset_consumes_1_never_scheduled to None, run_after=None
[2023-06-08T18:42:33.785+0300] {logging_mixin.py:149} INFO - [2023-06-08T18:42:33.785+0300] {dag.py:3486} INFO - Setting next_dagrun for dataset_consumes_unknown_never_scheduled to None, run_after=None
[2023-06-08T18:42:33.786+0300] {logging_mixin.py:149} INFO - [2023-06-08T18:42:33.786+0300] {dag.py:3486} INFO - Setting next_dagrun for dataset_produces_1 to 2023-06-07T00:00:00+00:00, run_after=2023-06-08T00:00:00+00:00
[2023-06-08T18:42:33.788+0300] {logging_mixin.py:149} INFO - [2023-06-08T18:42:33.788+0300] {dag.py:3486} INFO - Setting next_dagrun for dataset_produces_2 to None, run_after=None
[2023-06-08T18:42:33.803+0300] {processor.py:179} INFO - Processing /Users/dogukanulu/opt/anaconda3/lib/python3.9/site-packages/airflow/example_dags/example_datasets.py took 0.432 seconds
[2023-06-08T18:44:37.846+0300] {processor.py:157} INFO - Started process (PID=17007) to work on /Users/dogukanulu/opt/anaconda3/lib/python3.9/site-packages/airflow/example_dags/example_datasets.py
[2023-06-08T18:44:37.848+0300] {processor.py:826} INFO - Processing file /Users/dogukanulu/opt/anaconda3/lib/python3.9/site-packages/airflow/example_dags/example_datasets.py for tasks to queue
[2023-06-08T18:44:37.848+0300] {logging_mixin.py:149} INFO - [2023-06-08T18:44:37.848+0300] {dagbag.py:541} INFO - Filling up the DagBag from /Users/dogukanulu/opt/anaconda3/lib/python3.9/site-packages/airflow/example_dags/example_datasets.py
[2023-06-08T18:44:37.876+0300] {processor.py:836} INFO - DAG(s) dict_keys(['dataset_consumes_1', 'dataset_consumes_1_never_scheduled', 'dataset_produces_1', 'dataset_consumes_unknown_never_scheduled', 'dataset_produces_2', 'dataset_consumes_1_and_2']) retrieved from /Users/dogukanulu/opt/anaconda3/lib/python3.9/site-packages/airflow/example_dags/example_datasets.py
[2023-06-08T18:44:38.239+0300] {logging_mixin.py:149} INFO - [2023-06-08T18:44:38.239+0300] {dag.py:2726} INFO - Sync 6 DAGs
[2023-06-08T18:44:38.248+0300] {logging_mixin.py:149} INFO - [2023-06-08T18:44:38.248+0300] {dag.py:3486} INFO - Setting next_dagrun for dataset_consumes_1 to None, run_after=None
[2023-06-08T18:44:38.249+0300] {logging_mixin.py:149} INFO - [2023-06-08T18:44:38.249+0300] {dag.py:3486} INFO - Setting next_dagrun for dataset_consumes_1_and_2 to None, run_after=None
[2023-06-08T18:44:38.250+0300] {logging_mixin.py:149} INFO - [2023-06-08T18:44:38.250+0300] {dag.py:3486} INFO - Setting next_dagrun for dataset_consumes_1_never_scheduled to None, run_after=None
[2023-06-08T18:44:38.250+0300] {logging_mixin.py:149} INFO - [2023-06-08T18:44:38.250+0300] {dag.py:3486} INFO - Setting next_dagrun for dataset_consumes_unknown_never_scheduled to None, run_after=None
[2023-06-08T18:44:38.251+0300] {logging_mixin.py:149} INFO - [2023-06-08T18:44:38.251+0300] {dag.py:3486} INFO - Setting next_dagrun for dataset_produces_1 to 2023-06-07T00:00:00+00:00, run_after=2023-06-08T00:00:00+00:00
[2023-06-08T18:44:38.252+0300] {logging_mixin.py:149} INFO - [2023-06-08T18:44:38.252+0300] {dag.py:3486} INFO - Setting next_dagrun for dataset_produces_2 to None, run_after=None
[2023-06-08T18:44:38.266+0300] {processor.py:179} INFO - Processing /Users/dogukanulu/opt/anaconda3/lib/python3.9/site-packages/airflow/example_dags/example_datasets.py took 0.420 seconds
