[2023-06-08T18:29:32.041+0300] {processor.py:157} INFO - Started process (PID=15620) to work on /Users/dogukanulu/opt/anaconda3/lib/python3.9/site-packages/airflow/example_dags/example_setup_teardown.py
[2023-06-08T18:29:32.042+0300] {processor.py:826} INFO - Processing file /Users/dogukanulu/opt/anaconda3/lib/python3.9/site-packages/airflow/example_dags/example_setup_teardown.py for tasks to queue
[2023-06-08T18:29:32.042+0300] {logging_mixin.py:149} INFO - [2023-06-08T18:29:32.042+0300] {dagbag.py:541} INFO - Filling up the DagBag from /Users/dogukanulu/opt/anaconda3/lib/python3.9/site-packages/airflow/example_dags/example_setup_teardown.py
[2023-06-08T18:29:32.044+0300] {processor.py:838} WARNING - No viable dags retrieved from /Users/dogukanulu/opt/anaconda3/lib/python3.9/site-packages/airflow/example_dags/example_setup_teardown.py
[2023-06-08T18:29:32.388+0300] {processor.py:179} INFO - Processing /Users/dogukanulu/opt/anaconda3/lib/python3.9/site-packages/airflow/example_dags/example_setup_teardown.py took 0.347 seconds
[2023-06-08T18:31:02.458+0300] {processor.py:157} INFO - Started process (PID=15816) to work on /Users/dogukanulu/opt/anaconda3/lib/python3.9/site-packages/airflow/example_dags/example_setup_teardown.py
[2023-06-08T18:31:02.459+0300] {processor.py:826} INFO - Processing file /Users/dogukanulu/opt/anaconda3/lib/python3.9/site-packages/airflow/example_dags/example_setup_teardown.py for tasks to queue
[2023-06-08T18:31:02.460+0300] {logging_mixin.py:149} INFO - [2023-06-08T18:31:02.460+0300] {dagbag.py:541} INFO - Filling up the DagBag from /Users/dogukanulu/opt/anaconda3/lib/python3.9/site-packages/airflow/example_dags/example_setup_teardown.py
[2023-06-08T18:31:02.462+0300] {processor.py:838} WARNING - No viable dags retrieved from /Users/dogukanulu/opt/anaconda3/lib/python3.9/site-packages/airflow/example_dags/example_setup_teardown.py
[2023-06-08T18:31:02.807+0300] {processor.py:179} INFO - Processing /Users/dogukanulu/opt/anaconda3/lib/python3.9/site-packages/airflow/example_dags/example_setup_teardown.py took 0.350 seconds
[2023-06-08T18:33:05.553+0300] {processor.py:157} INFO - Started process (PID=15983) to work on /Users/dogukanulu/opt/anaconda3/lib/python3.9/site-packages/airflow/example_dags/example_setup_teardown.py
[2023-06-08T18:33:05.554+0300] {processor.py:826} INFO - Processing file /Users/dogukanulu/opt/anaconda3/lib/python3.9/site-packages/airflow/example_dags/example_setup_teardown.py for tasks to queue
[2023-06-08T18:33:05.555+0300] {logging_mixin.py:149} INFO - [2023-06-08T18:33:05.555+0300] {dagbag.py:541} INFO - Filling up the DagBag from /Users/dogukanulu/opt/anaconda3/lib/python3.9/site-packages/airflow/example_dags/example_setup_teardown.py
[2023-06-08T18:33:05.556+0300] {processor.py:838} WARNING - No viable dags retrieved from /Users/dogukanulu/opt/anaconda3/lib/python3.9/site-packages/airflow/example_dags/example_setup_teardown.py
[2023-06-08T18:33:05.905+0300] {processor.py:179} INFO - Processing /Users/dogukanulu/opt/anaconda3/lib/python3.9/site-packages/airflow/example_dags/example_setup_teardown.py took 0.353 seconds
[2023-06-08T18:35:12.418+0300] {processor.py:157} INFO - Started process (PID=16155) to work on /Users/dogukanulu/opt/anaconda3/lib/python3.9/site-packages/airflow/example_dags/example_setup_teardown.py
[2023-06-08T18:35:12.419+0300] {processor.py:826} INFO - Processing file /Users/dogukanulu/opt/anaconda3/lib/python3.9/site-packages/airflow/example_dags/example_setup_teardown.py for tasks to queue
[2023-06-08T18:35:12.420+0300] {logging_mixin.py:149} INFO - [2023-06-08T18:35:12.420+0300] {dagbag.py:541} INFO - Filling up the DagBag from /Users/dogukanulu/opt/anaconda3/lib/python3.9/site-packages/airflow/example_dags/example_setup_teardown.py
[2023-06-08T18:35:12.421+0300] {processor.py:838} WARNING - No viable dags retrieved from /Users/dogukanulu/opt/anaconda3/lib/python3.9/site-packages/airflow/example_dags/example_setup_teardown.py
[2023-06-08T18:35:12.766+0300] {processor.py:179} INFO - Processing /Users/dogukanulu/opt/anaconda3/lib/python3.9/site-packages/airflow/example_dags/example_setup_teardown.py took 0.348 seconds
[2023-06-08T18:37:19.173+0300] {processor.py:157} INFO - Started process (PID=16358) to work on /Users/dogukanulu/opt/anaconda3/lib/python3.9/site-packages/airflow/example_dags/example_setup_teardown.py
[2023-06-08T18:37:19.174+0300] {processor.py:826} INFO - Processing file /Users/dogukanulu/opt/anaconda3/lib/python3.9/site-packages/airflow/example_dags/example_setup_teardown.py for tasks to queue
[2023-06-08T18:37:19.175+0300] {logging_mixin.py:149} INFO - [2023-06-08T18:37:19.175+0300] {dagbag.py:541} INFO - Filling up the DagBag from /Users/dogukanulu/opt/anaconda3/lib/python3.9/site-packages/airflow/example_dags/example_setup_teardown.py
[2023-06-08T18:37:19.177+0300] {processor.py:838} WARNING - No viable dags retrieved from /Users/dogukanulu/opt/anaconda3/lib/python3.9/site-packages/airflow/example_dags/example_setup_teardown.py
[2023-06-08T18:37:19.524+0300] {processor.py:179} INFO - Processing /Users/dogukanulu/opt/anaconda3/lib/python3.9/site-packages/airflow/example_dags/example_setup_teardown.py took 0.352 seconds
[2023-06-08T18:39:28.632+0300] {processor.py:157} INFO - Started process (PID=16565) to work on /Users/dogukanulu/opt/anaconda3/lib/python3.9/site-packages/airflow/example_dags/example_setup_teardown.py
[2023-06-08T18:39:28.633+0300] {processor.py:826} INFO - Processing file /Users/dogukanulu/opt/anaconda3/lib/python3.9/site-packages/airflow/example_dags/example_setup_teardown.py for tasks to queue
[2023-06-08T18:39:28.633+0300] {logging_mixin.py:149} INFO - [2023-06-08T18:39:28.633+0300] {dagbag.py:541} INFO - Filling up the DagBag from /Users/dogukanulu/opt/anaconda3/lib/python3.9/site-packages/airflow/example_dags/example_setup_teardown.py
[2023-06-08T18:39:28.635+0300] {processor.py:838} WARNING - No viable dags retrieved from /Users/dogukanulu/opt/anaconda3/lib/python3.9/site-packages/airflow/example_dags/example_setup_teardown.py
[2023-06-08T18:39:28.979+0300] {processor.py:179} INFO - Processing /Users/dogukanulu/opt/anaconda3/lib/python3.9/site-packages/airflow/example_dags/example_setup_teardown.py took 0.348 seconds
[2023-06-08T18:41:32.538+0300] {processor.py:157} INFO - Started process (PID=16740) to work on /Users/dogukanulu/opt/anaconda3/lib/python3.9/site-packages/airflow/example_dags/example_setup_teardown.py
[2023-06-08T18:41:32.539+0300] {processor.py:826} INFO - Processing file /Users/dogukanulu/opt/anaconda3/lib/python3.9/site-packages/airflow/example_dags/example_setup_teardown.py for tasks to queue
[2023-06-08T18:41:32.540+0300] {logging_mixin.py:149} INFO - [2023-06-08T18:41:32.540+0300] {dagbag.py:541} INFO - Filling up the DagBag from /Users/dogukanulu/opt/anaconda3/lib/python3.9/site-packages/airflow/example_dags/example_setup_teardown.py
[2023-06-08T18:41:32.541+0300] {processor.py:838} WARNING - No viable dags retrieved from /Users/dogukanulu/opt/anaconda3/lib/python3.9/site-packages/airflow/example_dags/example_setup_teardown.py
[2023-06-08T18:41:32.895+0300] {processor.py:179} INFO - Processing /Users/dogukanulu/opt/anaconda3/lib/python3.9/site-packages/airflow/example_dags/example_setup_teardown.py took 0.357 seconds
[2023-06-08T18:43:37.983+0300] {processor.py:157} INFO - Started process (PID=16922) to work on /Users/dogukanulu/opt/anaconda3/lib/python3.9/site-packages/airflow/example_dags/example_setup_teardown.py
[2023-06-08T18:43:37.984+0300] {processor.py:826} INFO - Processing file /Users/dogukanulu/opt/anaconda3/lib/python3.9/site-packages/airflow/example_dags/example_setup_teardown.py for tasks to queue
[2023-06-08T18:43:37.984+0300] {logging_mixin.py:149} INFO - [2023-06-08T18:43:37.984+0300] {dagbag.py:541} INFO - Filling up the DagBag from /Users/dogukanulu/opt/anaconda3/lib/python3.9/site-packages/airflow/example_dags/example_setup_teardown.py
[2023-06-08T18:43:37.986+0300] {processor.py:838} WARNING - No viable dags retrieved from /Users/dogukanulu/opt/anaconda3/lib/python3.9/site-packages/airflow/example_dags/example_setup_teardown.py
[2023-06-08T18:43:38.331+0300] {processor.py:179} INFO - Processing /Users/dogukanulu/opt/anaconda3/lib/python3.9/site-packages/airflow/example_dags/example_setup_teardown.py took 0.348 seconds
