[2023-06-08T18:30:08.178+0300] {processor.py:157} INFO - Started process (PID=15672) to work on /Users/dogukanulu/opt/anaconda3/lib/python3.9/site-packages/airflow/example_dags/example_branch_operator_decorator.py
[2023-06-08T18:30:08.178+0300] {processor.py:826} INFO - Processing file /Users/dogukanulu/opt/anaconda3/lib/python3.9/site-packages/airflow/example_dags/example_branch_operator_decorator.py for tasks to queue
[2023-06-08T18:30:08.179+0300] {logging_mixin.py:149} INFO - [2023-06-08T18:30:08.179+0300] {dagbag.py:541} INFO - Filling up the DagBag from /Users/dogukanulu/opt/anaconda3/lib/python3.9/site-packages/airflow/example_dags/example_branch_operator_decorator.py
[2023-06-08T18:30:08.223+0300] {processor.py:836} INFO - DAG(s) dict_keys(['example_branch_python_operator_decorator']) retrieved from /Users/dogukanulu/opt/anaconda3/lib/python3.9/site-packages/airflow/example_dags/example_branch_operator_decorator.py
[2023-06-08T18:30:08.598+0300] {logging_mixin.py:149} INFO - [2023-06-08T18:30:08.598+0300] {manager.py:504} INFO - Created Permission View: can read on DAG:example_branch_python_operator_decorator
[2023-06-08T18:30:08.602+0300] {logging_mixin.py:149} INFO - [2023-06-08T18:30:08.602+0300] {manager.py:504} INFO - Created Permission View: can delete on DAG:example_branch_python_operator_decorator
[2023-06-08T18:30:08.604+0300] {logging_mixin.py:149} INFO - [2023-06-08T18:30:08.604+0300] {manager.py:504} INFO - Created Permission View: can edit on DAG:example_branch_python_operator_decorator
[2023-06-08T18:30:08.605+0300] {logging_mixin.py:149} INFO - [2023-06-08T18:30:08.605+0300] {dag.py:2726} INFO - Sync 1 DAGs
[2023-06-08T18:30:08.611+0300] {logging_mixin.py:149} INFO - [2023-06-08T18:30:08.610+0300] {dag.py:2747} INFO - Creating ORM DAG for example_branch_python_operator_decorator
[2023-06-08T18:30:08.615+0300] {logging_mixin.py:149} INFO - [2023-06-08T18:30:08.615+0300] {dag.py:3486} INFO - Setting next_dagrun for example_branch_python_operator_decorator to 2023-06-07T00:00:00+00:00, run_after=2023-06-08T00:00:00+00:00
[2023-06-08T18:30:08.624+0300] {processor.py:179} INFO - Processing /Users/dogukanulu/opt/anaconda3/lib/python3.9/site-packages/airflow/example_dags/example_branch_operator_decorator.py took 0.447 seconds
[2023-06-08T18:32:10.932+0300] {processor.py:157} INFO - Started process (PID=15909) to work on /Users/dogukanulu/opt/anaconda3/lib/python3.9/site-packages/airflow/example_dags/example_branch_operator_decorator.py
[2023-06-08T18:32:10.933+0300] {processor.py:826} INFO - Processing file /Users/dogukanulu/opt/anaconda3/lib/python3.9/site-packages/airflow/example_dags/example_branch_operator_decorator.py for tasks to queue
[2023-06-08T18:32:10.934+0300] {logging_mixin.py:149} INFO - [2023-06-08T18:32:10.934+0300] {dagbag.py:541} INFO - Filling up the DagBag from /Users/dogukanulu/opt/anaconda3/lib/python3.9/site-packages/airflow/example_dags/example_branch_operator_decorator.py
[2023-06-08T18:32:10.977+0300] {processor.py:836} INFO - DAG(s) dict_keys(['example_branch_python_operator_decorator']) retrieved from /Users/dogukanulu/opt/anaconda3/lib/python3.9/site-packages/airflow/example_dags/example_branch_operator_decorator.py
[2023-06-08T18:32:11.313+0300] {logging_mixin.py:149} INFO - [2023-06-08T18:32:11.313+0300] {dag.py:2726} INFO - Sync 1 DAGs
[2023-06-08T18:32:11.322+0300] {logging_mixin.py:149} INFO - [2023-06-08T18:32:11.322+0300] {dag.py:3486} INFO - Setting next_dagrun for example_branch_python_operator_decorator to 2023-06-07T00:00:00+00:00, run_after=2023-06-08T00:00:00+00:00
[2023-06-08T18:32:11.332+0300] {processor.py:179} INFO - Processing /Users/dogukanulu/opt/anaconda3/lib/python3.9/site-packages/airflow/example_dags/example_branch_operator_decorator.py took 0.401 seconds
[2023-06-08T18:34:14.894+0300] {processor.py:157} INFO - Started process (PID=16075) to work on /Users/dogukanulu/opt/anaconda3/lib/python3.9/site-packages/airflow/example_dags/example_branch_operator_decorator.py
[2023-06-08T18:34:14.895+0300] {processor.py:826} INFO - Processing file /Users/dogukanulu/opt/anaconda3/lib/python3.9/site-packages/airflow/example_dags/example_branch_operator_decorator.py for tasks to queue
[2023-06-08T18:34:14.896+0300] {logging_mixin.py:149} INFO - [2023-06-08T18:34:14.896+0300] {dagbag.py:541} INFO - Filling up the DagBag from /Users/dogukanulu/opt/anaconda3/lib/python3.9/site-packages/airflow/example_dags/example_branch_operator_decorator.py
[2023-06-08T18:34:14.939+0300] {processor.py:836} INFO - DAG(s) dict_keys(['example_branch_python_operator_decorator']) retrieved from /Users/dogukanulu/opt/anaconda3/lib/python3.9/site-packages/airflow/example_dags/example_branch_operator_decorator.py
[2023-06-08T18:34:15.278+0300] {logging_mixin.py:149} INFO - [2023-06-08T18:34:15.277+0300] {dag.py:2726} INFO - Sync 1 DAGs
[2023-06-08T18:34:15.287+0300] {logging_mixin.py:149} INFO - [2023-06-08T18:34:15.287+0300] {dag.py:3486} INFO - Setting next_dagrun for example_branch_python_operator_decorator to 2023-06-07T00:00:00+00:00, run_after=2023-06-08T00:00:00+00:00
[2023-06-08T18:34:15.297+0300] {processor.py:179} INFO - Processing /Users/dogukanulu/opt/anaconda3/lib/python3.9/site-packages/airflow/example_dags/example_branch_operator_decorator.py took 0.403 seconds
[2023-06-08T18:36:22.952+0300] {processor.py:157} INFO - Started process (PID=16273) to work on /Users/dogukanulu/opt/anaconda3/lib/python3.9/site-packages/airflow/example_dags/example_branch_operator_decorator.py
[2023-06-08T18:36:22.954+0300] {processor.py:826} INFO - Processing file /Users/dogukanulu/opt/anaconda3/lib/python3.9/site-packages/airflow/example_dags/example_branch_operator_decorator.py for tasks to queue
[2023-06-08T18:36:22.954+0300] {logging_mixin.py:149} INFO - [2023-06-08T18:36:22.954+0300] {dagbag.py:541} INFO - Filling up the DagBag from /Users/dogukanulu/opt/anaconda3/lib/python3.9/site-packages/airflow/example_dags/example_branch_operator_decorator.py
[2023-06-08T18:36:22.997+0300] {processor.py:836} INFO - DAG(s) dict_keys(['example_branch_python_operator_decorator']) retrieved from /Users/dogukanulu/opt/anaconda3/lib/python3.9/site-packages/airflow/example_dags/example_branch_operator_decorator.py
[2023-06-08T18:36:23.334+0300] {logging_mixin.py:149} INFO - [2023-06-08T18:36:23.334+0300] {dag.py:2726} INFO - Sync 1 DAGs
[2023-06-08T18:36:23.343+0300] {logging_mixin.py:149} INFO - [2023-06-08T18:36:23.343+0300] {dag.py:3486} INFO - Setting next_dagrun for example_branch_python_operator_decorator to 2023-06-07T00:00:00+00:00, run_after=2023-06-08T00:00:00+00:00
[2023-06-08T18:36:23.353+0300] {processor.py:179} INFO - Processing /Users/dogukanulu/opt/anaconda3/lib/python3.9/site-packages/airflow/example_dags/example_branch_operator_decorator.py took 0.401 seconds
[2023-06-08T18:38:30.728+0300] {processor.py:157} INFO - Started process (PID=16458) to work on /Users/dogukanulu/opt/anaconda3/lib/python3.9/site-packages/airflow/example_dags/example_branch_operator_decorator.py
[2023-06-08T18:38:30.730+0300] {processor.py:826} INFO - Processing file /Users/dogukanulu/opt/anaconda3/lib/python3.9/site-packages/airflow/example_dags/example_branch_operator_decorator.py for tasks to queue
[2023-06-08T18:38:30.730+0300] {logging_mixin.py:149} INFO - [2023-06-08T18:38:30.730+0300] {dagbag.py:541} INFO - Filling up the DagBag from /Users/dogukanulu/opt/anaconda3/lib/python3.9/site-packages/airflow/example_dags/example_branch_operator_decorator.py
[2023-06-08T18:38:30.774+0300] {processor.py:836} INFO - DAG(s) dict_keys(['example_branch_python_operator_decorator']) retrieved from /Users/dogukanulu/opt/anaconda3/lib/python3.9/site-packages/airflow/example_dags/example_branch_operator_decorator.py
[2023-06-08T18:38:31.123+0300] {logging_mixin.py:149} INFO - [2023-06-08T18:38:31.123+0300] {dag.py:2726} INFO - Sync 1 DAGs
[2023-06-08T18:38:31.133+0300] {logging_mixin.py:149} INFO - [2023-06-08T18:38:31.133+0300] {dag.py:3486} INFO - Setting next_dagrun for example_branch_python_operator_decorator to 2023-06-07T00:00:00+00:00, run_after=2023-06-08T00:00:00+00:00
[2023-06-08T18:38:31.143+0300] {processor.py:179} INFO - Processing /Users/dogukanulu/opt/anaconda3/lib/python3.9/site-packages/airflow/example_dags/example_branch_operator_decorator.py took 0.415 seconds
[2023-06-08T18:40:37.124+0300] {processor.py:157} INFO - Started process (PID=16665) to work on /Users/dogukanulu/opt/anaconda3/lib/python3.9/site-packages/airflow/example_dags/example_branch_operator_decorator.py
[2023-06-08T18:40:37.126+0300] {processor.py:826} INFO - Processing file /Users/dogukanulu/opt/anaconda3/lib/python3.9/site-packages/airflow/example_dags/example_branch_operator_decorator.py for tasks to queue
[2023-06-08T18:40:37.126+0300] {logging_mixin.py:149} INFO - [2023-06-08T18:40:37.126+0300] {dagbag.py:541} INFO - Filling up the DagBag from /Users/dogukanulu/opt/anaconda3/lib/python3.9/site-packages/airflow/example_dags/example_branch_operator_decorator.py
[2023-06-08T18:40:37.169+0300] {processor.py:836} INFO - DAG(s) dict_keys(['example_branch_python_operator_decorator']) retrieved from /Users/dogukanulu/opt/anaconda3/lib/python3.9/site-packages/airflow/example_dags/example_branch_operator_decorator.py
[2023-06-08T18:40:37.505+0300] {logging_mixin.py:149} INFO - [2023-06-08T18:40:37.505+0300] {dag.py:2726} INFO - Sync 1 DAGs
[2023-06-08T18:40:37.515+0300] {logging_mixin.py:149} INFO - [2023-06-08T18:40:37.515+0300] {dag.py:3486} INFO - Setting next_dagrun for example_branch_python_operator_decorator to 2023-06-07T00:00:00+00:00, run_after=2023-06-08T00:00:00+00:00
[2023-06-08T18:40:37.525+0300] {processor.py:179} INFO - Processing /Users/dogukanulu/opt/anaconda3/lib/python3.9/site-packages/airflow/example_dags/example_branch_operator_decorator.py took 0.401 seconds
[2023-06-08T18:42:41.615+0300] {processor.py:157} INFO - Started process (PID=16834) to work on /Users/dogukanulu/opt/anaconda3/lib/python3.9/site-packages/airflow/example_dags/example_branch_operator_decorator.py
[2023-06-08T18:42:41.617+0300] {processor.py:826} INFO - Processing file /Users/dogukanulu/opt/anaconda3/lib/python3.9/site-packages/airflow/example_dags/example_branch_operator_decorator.py for tasks to queue
[2023-06-08T18:42:41.617+0300] {logging_mixin.py:149} INFO - [2023-06-08T18:42:41.617+0300] {dagbag.py:541} INFO - Filling up the DagBag from /Users/dogukanulu/opt/anaconda3/lib/python3.9/site-packages/airflow/example_dags/example_branch_operator_decorator.py
[2023-06-08T18:42:41.660+0300] {processor.py:836} INFO - DAG(s) dict_keys(['example_branch_python_operator_decorator']) retrieved from /Users/dogukanulu/opt/anaconda3/lib/python3.9/site-packages/airflow/example_dags/example_branch_operator_decorator.py
[2023-06-08T18:42:42.002+0300] {logging_mixin.py:149} INFO - [2023-06-08T18:42:42.002+0300] {dag.py:2726} INFO - Sync 1 DAGs
[2023-06-08T18:42:42.012+0300] {logging_mixin.py:149} INFO - [2023-06-08T18:42:42.012+0300] {dag.py:3486} INFO - Setting next_dagrun for example_branch_python_operator_decorator to 2023-06-07T00:00:00+00:00, run_after=2023-06-08T00:00:00+00:00
[2023-06-08T18:42:42.022+0300] {processor.py:179} INFO - Processing /Users/dogukanulu/opt/anaconda3/lib/python3.9/site-packages/airflow/example_dags/example_branch_operator_decorator.py took 0.407 seconds
[2023-06-08T18:44:46.201+0300] {processor.py:157} INFO - Started process (PID=17016) to work on /Users/dogukanulu/opt/anaconda3/lib/python3.9/site-packages/airflow/example_dags/example_branch_operator_decorator.py
[2023-06-08T18:44:46.203+0300] {processor.py:826} INFO - Processing file /Users/dogukanulu/opt/anaconda3/lib/python3.9/site-packages/airflow/example_dags/example_branch_operator_decorator.py for tasks to queue
[2023-06-08T18:44:46.203+0300] {logging_mixin.py:149} INFO - [2023-06-08T18:44:46.203+0300] {dagbag.py:541} INFO - Filling up the DagBag from /Users/dogukanulu/opt/anaconda3/lib/python3.9/site-packages/airflow/example_dags/example_branch_operator_decorator.py
[2023-06-08T18:44:46.250+0300] {processor.py:836} INFO - DAG(s) dict_keys(['example_branch_python_operator_decorator']) retrieved from /Users/dogukanulu/opt/anaconda3/lib/python3.9/site-packages/airflow/example_dags/example_branch_operator_decorator.py
[2023-06-08T18:44:46.598+0300] {logging_mixin.py:149} INFO - [2023-06-08T18:44:46.598+0300] {dag.py:2726} INFO - Sync 1 DAGs
[2023-06-08T18:44:46.607+0300] {logging_mixin.py:149} INFO - [2023-06-08T18:44:46.607+0300] {dag.py:3486} INFO - Setting next_dagrun for example_branch_python_operator_decorator to 2023-06-07T00:00:00+00:00, run_after=2023-06-08T00:00:00+00:00
[2023-06-08T18:44:46.617+0300] {processor.py:179} INFO - Processing /Users/dogukanulu/opt/anaconda3/lib/python3.9/site-packages/airflow/example_dags/example_branch_operator_decorator.py took 0.417 seconds
