[2023-06-08T18:29:52.010+0300] {processor.py:157} INFO - Started process (PID=15648) to work on /Users/dogukanulu/opt/anaconda3/lib/python3.9/site-packages/airflow/example_dags/example_latest_only.py
[2023-06-08T18:29:52.011+0300] {processor.py:826} INFO - Processing file /Users/dogukanulu/opt/anaconda3/lib/python3.9/site-packages/airflow/example_dags/example_latest_only.py for tasks to queue
[2023-06-08T18:29:52.011+0300] {logging_mixin.py:149} INFO - [2023-06-08T18:29:52.011+0300] {dagbag.py:541} INFO - Filling up the DagBag from /Users/dogukanulu/opt/anaconda3/lib/python3.9/site-packages/airflow/example_dags/example_latest_only.py
[2023-06-08T18:29:52.037+0300] {processor.py:836} INFO - DAG(s) dict_keys(['latest_only']) retrieved from /Users/dogukanulu/opt/anaconda3/lib/python3.9/site-packages/airflow/example_dags/example_latest_only.py
[2023-06-08T18:29:52.420+0300] {logging_mixin.py:149} INFO - [2023-06-08T18:29:52.419+0300] {manager.py:504} INFO - Created Permission View: can edit on DAG:latest_only
[2023-06-08T18:29:52.423+0300] {logging_mixin.py:149} INFO - [2023-06-08T18:29:52.423+0300] {manager.py:504} INFO - Created Permission View: can read on DAG:latest_only
[2023-06-08T18:29:52.426+0300] {logging_mixin.py:149} INFO - [2023-06-08T18:29:52.426+0300] {manager.py:504} INFO - Created Permission View: can delete on DAG:latest_only
[2023-06-08T18:29:52.426+0300] {logging_mixin.py:149} INFO - [2023-06-08T18:29:52.426+0300] {dag.py:2726} INFO - Sync 1 DAGs
[2023-06-08T18:29:52.431+0300] {logging_mixin.py:149} INFO - [2023-06-08T18:29:52.431+0300] {dag.py:2747} INFO - Creating ORM DAG for latest_only
[2023-06-08T18:29:52.435+0300] {logging_mixin.py:149} INFO - [2023-06-08T18:29:52.435+0300] {dag.py:3486} INFO - Setting next_dagrun for latest_only to 2023-06-08T11:29:52.435696+00:00, run_after=2023-06-08T15:29:52.435696+00:00
[2023-06-08T18:29:52.445+0300] {processor.py:179} INFO - Processing /Users/dogukanulu/opt/anaconda3/lib/python3.9/site-packages/airflow/example_dags/example_latest_only.py took 0.435 seconds
[2023-06-08T18:31:54.443+0300] {processor.py:157} INFO - Started process (PID=15888) to work on /Users/dogukanulu/opt/anaconda3/lib/python3.9/site-packages/airflow/example_dags/example_latest_only.py
[2023-06-08T18:31:54.444+0300] {processor.py:826} INFO - Processing file /Users/dogukanulu/opt/anaconda3/lib/python3.9/site-packages/airflow/example_dags/example_latest_only.py for tasks to queue
[2023-06-08T18:31:54.445+0300] {logging_mixin.py:149} INFO - [2023-06-08T18:31:54.445+0300] {dagbag.py:541} INFO - Filling up the DagBag from /Users/dogukanulu/opt/anaconda3/lib/python3.9/site-packages/airflow/example_dags/example_latest_only.py
[2023-06-08T18:31:54.470+0300] {processor.py:836} INFO - DAG(s) dict_keys(['latest_only']) retrieved from /Users/dogukanulu/opt/anaconda3/lib/python3.9/site-packages/airflow/example_dags/example_latest_only.py
[2023-06-08T18:31:54.810+0300] {logging_mixin.py:149} INFO - [2023-06-08T18:31:54.810+0300] {dag.py:2726} INFO - Sync 1 DAGs
[2023-06-08T18:31:54.819+0300] {logging_mixin.py:149} INFO - [2023-06-08T18:31:54.819+0300] {dag.py:3486} INFO - Setting next_dagrun for latest_only to 2023-06-08T11:31:54.819712+00:00, run_after=2023-06-08T15:31:54.819712+00:00
[2023-06-08T18:31:54.828+0300] {processor.py:179} INFO - Processing /Users/dogukanulu/opt/anaconda3/lib/python3.9/site-packages/airflow/example_dags/example_latest_only.py took 0.386 seconds
[2023-06-08T18:33:58.588+0300] {processor.py:157} INFO - Started process (PID=16054) to work on /Users/dogukanulu/opt/anaconda3/lib/python3.9/site-packages/airflow/example_dags/example_latest_only.py
[2023-06-08T18:33:58.589+0300] {processor.py:826} INFO - Processing file /Users/dogukanulu/opt/anaconda3/lib/python3.9/site-packages/airflow/example_dags/example_latest_only.py for tasks to queue
[2023-06-08T18:33:58.589+0300] {logging_mixin.py:149} INFO - [2023-06-08T18:33:58.589+0300] {dagbag.py:541} INFO - Filling up the DagBag from /Users/dogukanulu/opt/anaconda3/lib/python3.9/site-packages/airflow/example_dags/example_latest_only.py
[2023-06-08T18:33:58.616+0300] {processor.py:836} INFO - DAG(s) dict_keys(['latest_only']) retrieved from /Users/dogukanulu/opt/anaconda3/lib/python3.9/site-packages/airflow/example_dags/example_latest_only.py
[2023-06-08T18:33:58.955+0300] {logging_mixin.py:149} INFO - [2023-06-08T18:33:58.955+0300] {dag.py:2726} INFO - Sync 1 DAGs
[2023-06-08T18:33:58.965+0300] {logging_mixin.py:149} INFO - [2023-06-08T18:33:58.965+0300] {dag.py:3486} INFO - Setting next_dagrun for latest_only to 2023-06-08T11:33:58.965163+00:00, run_after=2023-06-08T15:33:58.965163+00:00
[2023-06-08T18:33:58.974+0300] {processor.py:179} INFO - Processing /Users/dogukanulu/opt/anaconda3/lib/python3.9/site-packages/airflow/example_dags/example_latest_only.py took 0.387 seconds
[2023-06-08T18:36:07.188+0300] {processor.py:157} INFO - Started process (PID=16231) to work on /Users/dogukanulu/opt/anaconda3/lib/python3.9/site-packages/airflow/example_dags/example_latest_only.py
[2023-06-08T18:36:07.190+0300] {processor.py:826} INFO - Processing file /Users/dogukanulu/opt/anaconda3/lib/python3.9/site-packages/airflow/example_dags/example_latest_only.py for tasks to queue
[2023-06-08T18:36:07.190+0300] {logging_mixin.py:149} INFO - [2023-06-08T18:36:07.190+0300] {dagbag.py:541} INFO - Filling up the DagBag from /Users/dogukanulu/opt/anaconda3/lib/python3.9/site-packages/airflow/example_dags/example_latest_only.py
[2023-06-08T18:36:07.215+0300] {processor.py:836} INFO - DAG(s) dict_keys(['latest_only']) retrieved from /Users/dogukanulu/opt/anaconda3/lib/python3.9/site-packages/airflow/example_dags/example_latest_only.py
[2023-06-08T18:36:07.556+0300] {logging_mixin.py:149} INFO - [2023-06-08T18:36:07.556+0300] {dag.py:2726} INFO - Sync 1 DAGs
[2023-06-08T18:36:07.566+0300] {logging_mixin.py:149} INFO - [2023-06-08T18:36:07.566+0300] {dag.py:3486} INFO - Setting next_dagrun for latest_only to 2023-06-08T11:36:07.566175+00:00, run_after=2023-06-08T15:36:07.566175+00:00
[2023-06-08T18:36:07.575+0300] {processor.py:179} INFO - Processing /Users/dogukanulu/opt/anaconda3/lib/python3.9/site-packages/airflow/example_dags/example_latest_only.py took 0.388 seconds
[2023-06-08T18:38:15.216+0300] {processor.py:157} INFO - Started process (PID=16431) to work on /Users/dogukanulu/opt/anaconda3/lib/python3.9/site-packages/airflow/example_dags/example_latest_only.py
[2023-06-08T18:38:15.217+0300] {processor.py:826} INFO - Processing file /Users/dogukanulu/opt/anaconda3/lib/python3.9/site-packages/airflow/example_dags/example_latest_only.py for tasks to queue
[2023-06-08T18:38:15.217+0300] {logging_mixin.py:149} INFO - [2023-06-08T18:38:15.217+0300] {dagbag.py:541} INFO - Filling up the DagBag from /Users/dogukanulu/opt/anaconda3/lib/python3.9/site-packages/airflow/example_dags/example_latest_only.py
[2023-06-08T18:38:15.243+0300] {processor.py:836} INFO - DAG(s) dict_keys(['latest_only']) retrieved from /Users/dogukanulu/opt/anaconda3/lib/python3.9/site-packages/airflow/example_dags/example_latest_only.py
[2023-06-08T18:38:15.589+0300] {logging_mixin.py:149} INFO - [2023-06-08T18:38:15.589+0300] {dag.py:2726} INFO - Sync 1 DAGs
[2023-06-08T18:38:15.599+0300] {logging_mixin.py:149} INFO - [2023-06-08T18:38:15.599+0300] {dag.py:3486} INFO - Setting next_dagrun for latest_only to 2023-06-08T11:38:15.599436+00:00, run_after=2023-06-08T15:38:15.599436+00:00
[2023-06-08T18:38:15.609+0300] {processor.py:179} INFO - Processing /Users/dogukanulu/opt/anaconda3/lib/python3.9/site-packages/airflow/example_dags/example_latest_only.py took 0.393 seconds
[2023-06-08T18:40:20.560+0300] {processor.py:157} INFO - Started process (PID=16640) to work on /Users/dogukanulu/opt/anaconda3/lib/python3.9/site-packages/airflow/example_dags/example_latest_only.py
[2023-06-08T18:40:20.561+0300] {processor.py:826} INFO - Processing file /Users/dogukanulu/opt/anaconda3/lib/python3.9/site-packages/airflow/example_dags/example_latest_only.py for tasks to queue
[2023-06-08T18:40:20.562+0300] {logging_mixin.py:149} INFO - [2023-06-08T18:40:20.561+0300] {dagbag.py:541} INFO - Filling up the DagBag from /Users/dogukanulu/opt/anaconda3/lib/python3.9/site-packages/airflow/example_dags/example_latest_only.py
[2023-06-08T18:40:20.588+0300] {processor.py:836} INFO - DAG(s) dict_keys(['latest_only']) retrieved from /Users/dogukanulu/opt/anaconda3/lib/python3.9/site-packages/airflow/example_dags/example_latest_only.py
[2023-06-08T18:40:20.943+0300] {logging_mixin.py:149} INFO - [2023-06-08T18:40:20.943+0300] {dag.py:2726} INFO - Sync 1 DAGs
[2023-06-08T18:40:20.953+0300] {logging_mixin.py:149} INFO - [2023-06-08T18:40:20.953+0300] {dag.py:3486} INFO - Setting next_dagrun for latest_only to 2023-06-08T11:40:20.953338+00:00, run_after=2023-06-08T15:40:20.953338+00:00
[2023-06-08T18:40:20.962+0300] {processor.py:179} INFO - Processing /Users/dogukanulu/opt/anaconda3/lib/python3.9/site-packages/airflow/example_dags/example_latest_only.py took 0.403 seconds
[2023-06-08T18:42:25.060+0300] {processor.py:157} INFO - Started process (PID=16809) to work on /Users/dogukanulu/opt/anaconda3/lib/python3.9/site-packages/airflow/example_dags/example_latest_only.py
[2023-06-08T18:42:25.061+0300] {processor.py:826} INFO - Processing file /Users/dogukanulu/opt/anaconda3/lib/python3.9/site-packages/airflow/example_dags/example_latest_only.py for tasks to queue
[2023-06-08T18:42:25.062+0300] {logging_mixin.py:149} INFO - [2023-06-08T18:42:25.061+0300] {dagbag.py:541} INFO - Filling up the DagBag from /Users/dogukanulu/opt/anaconda3/lib/python3.9/site-packages/airflow/example_dags/example_latest_only.py
[2023-06-08T18:42:25.087+0300] {processor.py:836} INFO - DAG(s) dict_keys(['latest_only']) retrieved from /Users/dogukanulu/opt/anaconda3/lib/python3.9/site-packages/airflow/example_dags/example_latest_only.py
[2023-06-08T18:42:25.447+0300] {logging_mixin.py:149} INFO - [2023-06-08T18:42:25.447+0300] {dag.py:2726} INFO - Sync 1 DAGs
[2023-06-08T18:42:25.457+0300] {logging_mixin.py:149} INFO - [2023-06-08T18:42:25.456+0300] {dag.py:3486} INFO - Setting next_dagrun for latest_only to 2023-06-08T11:42:25.456874+00:00, run_after=2023-06-08T15:42:25.456874+00:00
[2023-06-08T18:42:25.466+0300] {processor.py:179} INFO - Processing /Users/dogukanulu/opt/anaconda3/lib/python3.9/site-packages/airflow/example_dags/example_latest_only.py took 0.407 seconds
[2023-06-08T18:44:29.620+0300] {processor.py:157} INFO - Started process (PID=16993) to work on /Users/dogukanulu/opt/anaconda3/lib/python3.9/site-packages/airflow/example_dags/example_latest_only.py
[2023-06-08T18:44:29.622+0300] {processor.py:826} INFO - Processing file /Users/dogukanulu/opt/anaconda3/lib/python3.9/site-packages/airflow/example_dags/example_latest_only.py for tasks to queue
[2023-06-08T18:44:29.622+0300] {logging_mixin.py:149} INFO - [2023-06-08T18:44:29.622+0300] {dagbag.py:541} INFO - Filling up the DagBag from /Users/dogukanulu/opt/anaconda3/lib/python3.9/site-packages/airflow/example_dags/example_latest_only.py
[2023-06-08T18:44:29.648+0300] {processor.py:836} INFO - DAG(s) dict_keys(['latest_only']) retrieved from /Users/dogukanulu/opt/anaconda3/lib/python3.9/site-packages/airflow/example_dags/example_latest_only.py
[2023-06-08T18:44:29.988+0300] {logging_mixin.py:149} INFO - [2023-06-08T18:44:29.988+0300] {dag.py:2726} INFO - Sync 1 DAGs
[2023-06-08T18:44:29.997+0300] {logging_mixin.py:149} INFO - [2023-06-08T18:44:29.997+0300] {dag.py:3486} INFO - Setting next_dagrun for latest_only to 2023-06-08T11:44:29.997457+00:00, run_after=2023-06-08T15:44:29.997457+00:00
[2023-06-08T18:44:30.007+0300] {processor.py:179} INFO - Processing /Users/dogukanulu/opt/anaconda3/lib/python3.9/site-packages/airflow/example_dags/example_latest_only.py took 0.386 seconds
