[2023-06-08T18:29:49.850+0300] {processor.py:157} INFO - Started process (PID=15645) to work on /Users/dogukanulu/opt/anaconda3/lib/python3.9/site-packages/airflow/example_dags/example_latest_only_with_trigger.py
[2023-06-08T18:29:49.851+0300] {processor.py:826} INFO - Processing file /Users/dogukanulu/opt/anaconda3/lib/python3.9/site-packages/airflow/example_dags/example_latest_only_with_trigger.py for tasks to queue
[2023-06-08T18:29:49.851+0300] {logging_mixin.py:149} INFO - [2023-06-08T18:29:49.851+0300] {dagbag.py:541} INFO - Filling up the DagBag from /Users/dogukanulu/opt/anaconda3/lib/python3.9/site-packages/airflow/example_dags/example_latest_only_with_trigger.py
[2023-06-08T18:29:49.877+0300] {processor.py:836} INFO - DAG(s) dict_keys(['latest_only_with_trigger']) retrieved from /Users/dogukanulu/opt/anaconda3/lib/python3.9/site-packages/airflow/example_dags/example_latest_only_with_trigger.py
[2023-06-08T18:29:50.257+0300] {logging_mixin.py:149} INFO - [2023-06-08T18:29:50.257+0300] {manager.py:504} INFO - Created Permission View: can edit on DAG:latest_only_with_trigger
[2023-06-08T18:29:50.261+0300] {logging_mixin.py:149} INFO - [2023-06-08T18:29:50.261+0300] {manager.py:504} INFO - Created Permission View: can delete on DAG:latest_only_with_trigger
[2023-06-08T18:29:50.264+0300] {logging_mixin.py:149} INFO - [2023-06-08T18:29:50.264+0300] {manager.py:504} INFO - Created Permission View: can read on DAG:latest_only_with_trigger
[2023-06-08T18:29:50.264+0300] {logging_mixin.py:149} INFO - [2023-06-08T18:29:50.264+0300] {dag.py:2726} INFO - Sync 1 DAGs
[2023-06-08T18:29:50.269+0300] {logging_mixin.py:149} INFO - [2023-06-08T18:29:50.269+0300] {dag.py:2747} INFO - Creating ORM DAG for latest_only_with_trigger
[2023-06-08T18:29:50.273+0300] {logging_mixin.py:149} INFO - [2023-06-08T18:29:50.273+0300] {dag.py:3486} INFO - Setting next_dagrun for latest_only_with_trigger to 2023-06-08T11:29:50.273720+00:00, run_after=2023-06-08T15:29:50.273720+00:00
[2023-06-08T18:29:50.282+0300] {processor.py:179} INFO - Processing /Users/dogukanulu/opt/anaconda3/lib/python3.9/site-packages/airflow/example_dags/example_latest_only_with_trigger.py took 0.432 seconds
[2023-06-08T18:31:52.569+0300] {processor.py:157} INFO - Started process (PID=15887) to work on /Users/dogukanulu/opt/anaconda3/lib/python3.9/site-packages/airflow/example_dags/example_latest_only_with_trigger.py
[2023-06-08T18:31:52.570+0300] {processor.py:826} INFO - Processing file /Users/dogukanulu/opt/anaconda3/lib/python3.9/site-packages/airflow/example_dags/example_latest_only_with_trigger.py for tasks to queue
[2023-06-08T18:31:52.571+0300] {logging_mixin.py:149} INFO - [2023-06-08T18:31:52.571+0300] {dagbag.py:541} INFO - Filling up the DagBag from /Users/dogukanulu/opt/anaconda3/lib/python3.9/site-packages/airflow/example_dags/example_latest_only_with_trigger.py
[2023-06-08T18:31:52.597+0300] {processor.py:836} INFO - DAG(s) dict_keys(['latest_only_with_trigger']) retrieved from /Users/dogukanulu/opt/anaconda3/lib/python3.9/site-packages/airflow/example_dags/example_latest_only_with_trigger.py
[2023-06-08T18:31:52.953+0300] {logging_mixin.py:149} INFO - [2023-06-08T18:31:52.953+0300] {dag.py:2726} INFO - Sync 1 DAGs
[2023-06-08T18:31:52.963+0300] {logging_mixin.py:149} INFO - [2023-06-08T18:31:52.962+0300] {dag.py:3486} INFO - Setting next_dagrun for latest_only_with_trigger to 2023-06-08T11:31:52.962893+00:00, run_after=2023-06-08T15:31:52.962893+00:00
[2023-06-08T18:31:52.972+0300] {processor.py:179} INFO - Processing /Users/dogukanulu/opt/anaconda3/lib/python3.9/site-packages/airflow/example_dags/example_latest_only_with_trigger.py took 0.403 seconds
[2023-06-08T18:33:56.460+0300] {processor.py:157} INFO - Started process (PID=16051) to work on /Users/dogukanulu/opt/anaconda3/lib/python3.9/site-packages/airflow/example_dags/example_latest_only_with_trigger.py
[2023-06-08T18:33:56.462+0300] {processor.py:826} INFO - Processing file /Users/dogukanulu/opt/anaconda3/lib/python3.9/site-packages/airflow/example_dags/example_latest_only_with_trigger.py for tasks to queue
[2023-06-08T18:33:56.462+0300] {logging_mixin.py:149} INFO - [2023-06-08T18:33:56.462+0300] {dagbag.py:541} INFO - Filling up the DagBag from /Users/dogukanulu/opt/anaconda3/lib/python3.9/site-packages/airflow/example_dags/example_latest_only_with_trigger.py
[2023-06-08T18:33:56.488+0300] {processor.py:836} INFO - DAG(s) dict_keys(['latest_only_with_trigger']) retrieved from /Users/dogukanulu/opt/anaconda3/lib/python3.9/site-packages/airflow/example_dags/example_latest_only_with_trigger.py
[2023-06-08T18:33:56.830+0300] {logging_mixin.py:149} INFO - [2023-06-08T18:33:56.830+0300] {dag.py:2726} INFO - Sync 1 DAGs
[2023-06-08T18:33:56.840+0300] {logging_mixin.py:149} INFO - [2023-06-08T18:33:56.840+0300] {dag.py:3486} INFO - Setting next_dagrun for latest_only_with_trigger to 2023-06-08T11:33:56.840366+00:00, run_after=2023-06-08T15:33:56.840366+00:00
[2023-06-08T18:33:56.849+0300] {processor.py:179} INFO - Processing /Users/dogukanulu/opt/anaconda3/lib/python3.9/site-packages/airflow/example_dags/example_latest_only_with_trigger.py took 0.390 seconds
[2023-06-08T18:36:05.055+0300] {processor.py:157} INFO - Started process (PID=16227) to work on /Users/dogukanulu/opt/anaconda3/lib/python3.9/site-packages/airflow/example_dags/example_latest_only_with_trigger.py
[2023-06-08T18:36:05.056+0300] {processor.py:826} INFO - Processing file /Users/dogukanulu/opt/anaconda3/lib/python3.9/site-packages/airflow/example_dags/example_latest_only_with_trigger.py for tasks to queue
[2023-06-08T18:36:05.056+0300] {logging_mixin.py:149} INFO - [2023-06-08T18:36:05.056+0300] {dagbag.py:541} INFO - Filling up the DagBag from /Users/dogukanulu/opt/anaconda3/lib/python3.9/site-packages/airflow/example_dags/example_latest_only_with_trigger.py
[2023-06-08T18:36:05.083+0300] {processor.py:836} INFO - DAG(s) dict_keys(['latest_only_with_trigger']) retrieved from /Users/dogukanulu/opt/anaconda3/lib/python3.9/site-packages/airflow/example_dags/example_latest_only_with_trigger.py
[2023-06-08T18:36:05.426+0300] {logging_mixin.py:149} INFO - [2023-06-08T18:36:05.426+0300] {dag.py:2726} INFO - Sync 1 DAGs
[2023-06-08T18:36:05.439+0300] {logging_mixin.py:149} INFO - [2023-06-08T18:36:05.439+0300] {dag.py:3486} INFO - Setting next_dagrun for latest_only_with_trigger to 2023-06-08T11:36:05.438924+00:00, run_after=2023-06-08T15:36:05.438924+00:00
[2023-06-08T18:36:05.450+0300] {processor.py:179} INFO - Processing /Users/dogukanulu/opt/anaconda3/lib/python3.9/site-packages/airflow/example_dags/example_latest_only_with_trigger.py took 0.396 seconds
[2023-06-08T18:38:13.367+0300] {processor.py:157} INFO - Started process (PID=16430) to work on /Users/dogukanulu/opt/anaconda3/lib/python3.9/site-packages/airflow/example_dags/example_latest_only_with_trigger.py
[2023-06-08T18:38:13.369+0300] {processor.py:826} INFO - Processing file /Users/dogukanulu/opt/anaconda3/lib/python3.9/site-packages/airflow/example_dags/example_latest_only_with_trigger.py for tasks to queue
[2023-06-08T18:38:13.369+0300] {logging_mixin.py:149} INFO - [2023-06-08T18:38:13.369+0300] {dagbag.py:541} INFO - Filling up the DagBag from /Users/dogukanulu/opt/anaconda3/lib/python3.9/site-packages/airflow/example_dags/example_latest_only_with_trigger.py
[2023-06-08T18:38:13.396+0300] {processor.py:836} INFO - DAG(s) dict_keys(['latest_only_with_trigger']) retrieved from /Users/dogukanulu/opt/anaconda3/lib/python3.9/site-packages/airflow/example_dags/example_latest_only_with_trigger.py
[2023-06-08T18:38:13.739+0300] {logging_mixin.py:149} INFO - [2023-06-08T18:38:13.739+0300] {dag.py:2726} INFO - Sync 1 DAGs
[2023-06-08T18:38:13.749+0300] {logging_mixin.py:149} INFO - [2023-06-08T18:38:13.748+0300] {dag.py:3486} INFO - Setting next_dagrun for latest_only_with_trigger to 2023-06-08T11:38:13.748854+00:00, run_after=2023-06-08T15:38:13.748854+00:00
[2023-06-08T18:38:13.758+0300] {processor.py:179} INFO - Processing /Users/dogukanulu/opt/anaconda3/lib/python3.9/site-packages/airflow/example_dags/example_latest_only_with_trigger.py took 0.392 seconds
[2023-06-08T18:40:18.671+0300] {processor.py:157} INFO - Started process (PID=16639) to work on /Users/dogukanulu/opt/anaconda3/lib/python3.9/site-packages/airflow/example_dags/example_latest_only_with_trigger.py
[2023-06-08T18:40:18.673+0300] {processor.py:826} INFO - Processing file /Users/dogukanulu/opt/anaconda3/lib/python3.9/site-packages/airflow/example_dags/example_latest_only_with_trigger.py for tasks to queue
[2023-06-08T18:40:18.673+0300] {logging_mixin.py:149} INFO - [2023-06-08T18:40:18.673+0300] {dagbag.py:541} INFO - Filling up the DagBag from /Users/dogukanulu/opt/anaconda3/lib/python3.9/site-packages/airflow/example_dags/example_latest_only_with_trigger.py
[2023-06-08T18:40:18.699+0300] {processor.py:836} INFO - DAG(s) dict_keys(['latest_only_with_trigger']) retrieved from /Users/dogukanulu/opt/anaconda3/lib/python3.9/site-packages/airflow/example_dags/example_latest_only_with_trigger.py
[2023-06-08T18:40:19.042+0300] {logging_mixin.py:149} INFO - [2023-06-08T18:40:19.042+0300] {dag.py:2726} INFO - Sync 1 DAGs
[2023-06-08T18:40:19.053+0300] {logging_mixin.py:149} INFO - [2023-06-08T18:40:19.053+0300] {dag.py:3486} INFO - Setting next_dagrun for latest_only_with_trigger to 2023-06-08T11:40:19.053251+00:00, run_after=2023-06-08T15:40:19.053251+00:00
[2023-06-08T18:40:19.062+0300] {processor.py:179} INFO - Processing /Users/dogukanulu/opt/anaconda3/lib/python3.9/site-packages/airflow/example_dags/example_latest_only_with_trigger.py took 0.391 seconds
[2023-06-08T18:42:22.921+0300] {processor.py:157} INFO - Started process (PID=16808) to work on /Users/dogukanulu/opt/anaconda3/lib/python3.9/site-packages/airflow/example_dags/example_latest_only_with_trigger.py
[2023-06-08T18:42:22.922+0300] {processor.py:826} INFO - Processing file /Users/dogukanulu/opt/anaconda3/lib/python3.9/site-packages/airflow/example_dags/example_latest_only_with_trigger.py for tasks to queue
[2023-06-08T18:42:22.922+0300] {logging_mixin.py:149} INFO - [2023-06-08T18:42:22.922+0300] {dagbag.py:541} INFO - Filling up the DagBag from /Users/dogukanulu/opt/anaconda3/lib/python3.9/site-packages/airflow/example_dags/example_latest_only_with_trigger.py
[2023-06-08T18:42:22.950+0300] {processor.py:836} INFO - DAG(s) dict_keys(['latest_only_with_trigger']) retrieved from /Users/dogukanulu/opt/anaconda3/lib/python3.9/site-packages/airflow/example_dags/example_latest_only_with_trigger.py
[2023-06-08T18:42:23.307+0300] {logging_mixin.py:149} INFO - [2023-06-08T18:42:23.307+0300] {dag.py:2726} INFO - Sync 1 DAGs
[2023-06-08T18:42:23.316+0300] {logging_mixin.py:149} INFO - [2023-06-08T18:42:23.316+0300] {dag.py:3486} INFO - Setting next_dagrun for latest_only_with_trigger to 2023-06-08T11:42:23.316781+00:00, run_after=2023-06-08T15:42:23.316781+00:00
[2023-06-08T18:42:23.326+0300] {processor.py:179} INFO - Processing /Users/dogukanulu/opt/anaconda3/lib/python3.9/site-packages/airflow/example_dags/example_latest_only_with_trigger.py took 0.406 seconds
[2023-06-08T18:44:28.189+0300] {processor.py:157} INFO - Started process (PID=16992) to work on /Users/dogukanulu/opt/anaconda3/lib/python3.9/site-packages/airflow/example_dags/example_latest_only_with_trigger.py
[2023-06-08T18:44:28.191+0300] {processor.py:826} INFO - Processing file /Users/dogukanulu/opt/anaconda3/lib/python3.9/site-packages/airflow/example_dags/example_latest_only_with_trigger.py for tasks to queue
[2023-06-08T18:44:28.191+0300] {logging_mixin.py:149} INFO - [2023-06-08T18:44:28.191+0300] {dagbag.py:541} INFO - Filling up the DagBag from /Users/dogukanulu/opt/anaconda3/lib/python3.9/site-packages/airflow/example_dags/example_latest_only_with_trigger.py
[2023-06-08T18:44:28.217+0300] {processor.py:836} INFO - DAG(s) dict_keys(['latest_only_with_trigger']) retrieved from /Users/dogukanulu/opt/anaconda3/lib/python3.9/site-packages/airflow/example_dags/example_latest_only_with_trigger.py
[2023-06-08T18:44:28.558+0300] {logging_mixin.py:149} INFO - [2023-06-08T18:44:28.558+0300] {dag.py:2726} INFO - Sync 1 DAGs
[2023-06-08T18:44:28.568+0300] {logging_mixin.py:149} INFO - [2023-06-08T18:44:28.568+0300] {dag.py:3486} INFO - Setting next_dagrun for latest_only_with_trigger to 2023-06-08T11:44:28.568085+00:00, run_after=2023-06-08T15:44:28.568085+00:00
[2023-06-08T18:44:28.578+0300] {processor.py:179} INFO - Processing /Users/dogukanulu/opt/anaconda3/lib/python3.9/site-packages/airflow/example_dags/example_latest_only_with_trigger.py took 0.389 seconds
