[2023-06-08T18:30:06.011+0300] {processor.py:157} INFO - Started process (PID=15666) to work on /Users/dogukanulu/opt/anaconda3/lib/python3.9/site-packages/airflow/example_dags/example_branch_python_dop_operator_3.py
[2023-06-08T18:30:06.012+0300] {processor.py:826} INFO - Processing file /Users/dogukanulu/opt/anaconda3/lib/python3.9/site-packages/airflow/example_dags/example_branch_python_dop_operator_3.py for tasks to queue
[2023-06-08T18:30:06.012+0300] {logging_mixin.py:149} INFO - [2023-06-08T18:30:06.012+0300] {dagbag.py:541} INFO - Filling up the DagBag from /Users/dogukanulu/opt/anaconda3/lib/python3.9/site-packages/airflow/example_dags/example_branch_python_dop_operator_3.py
[2023-06-08T18:30:06.055+0300] {processor.py:836} INFO - DAG(s) dict_keys(['example_branch_dop_operator_v3']) retrieved from /Users/dogukanulu/opt/anaconda3/lib/python3.9/site-packages/airflow/example_dags/example_branch_python_dop_operator_3.py
[2023-06-08T18:30:06.428+0300] {logging_mixin.py:149} INFO - [2023-06-08T18:30:06.427+0300] {manager.py:504} INFO - Created Permission View: can read on DAG:example_branch_dop_operator_v3
[2023-06-08T18:30:06.431+0300] {logging_mixin.py:149} INFO - [2023-06-08T18:30:06.431+0300] {manager.py:504} INFO - Created Permission View: can edit on DAG:example_branch_dop_operator_v3
[2023-06-08T18:30:06.434+0300] {logging_mixin.py:149} INFO - [2023-06-08T18:30:06.434+0300] {manager.py:504} INFO - Created Permission View: can delete on DAG:example_branch_dop_operator_v3
[2023-06-08T18:30:06.434+0300] {logging_mixin.py:149} INFO - [2023-06-08T18:30:06.434+0300] {dag.py:2726} INFO - Sync 1 DAGs
[2023-06-08T18:30:06.440+0300] {logging_mixin.py:149} INFO - [2023-06-08T18:30:06.440+0300] {dag.py:2747} INFO - Creating ORM DAG for example_branch_dop_operator_v3
[2023-06-08T18:30:06.447+0300] {logging_mixin.py:149} INFO - [2023-06-08T18:30:06.447+0300] {dag.py:3486} INFO - Setting next_dagrun for example_branch_dop_operator_v3 to 2023-06-08T15:29:00+00:00, run_after=2023-06-08T15:30:00+00:00
[2023-06-08T18:30:06.456+0300] {processor.py:179} INFO - Processing /Users/dogukanulu/opt/anaconda3/lib/python3.9/site-packages/airflow/example_dags/example_branch_python_dop_operator_3.py took 0.445 seconds
[2023-06-08T18:32:08.811+0300] {processor.py:157} INFO - Started process (PID=15908) to work on /Users/dogukanulu/opt/anaconda3/lib/python3.9/site-packages/airflow/example_dags/example_branch_python_dop_operator_3.py
[2023-06-08T18:32:08.813+0300] {processor.py:826} INFO - Processing file /Users/dogukanulu/opt/anaconda3/lib/python3.9/site-packages/airflow/example_dags/example_branch_python_dop_operator_3.py for tasks to queue
[2023-06-08T18:32:08.813+0300] {logging_mixin.py:149} INFO - [2023-06-08T18:32:08.813+0300] {dagbag.py:541} INFO - Filling up the DagBag from /Users/dogukanulu/opt/anaconda3/lib/python3.9/site-packages/airflow/example_dags/example_branch_python_dop_operator_3.py
[2023-06-08T18:32:08.856+0300] {processor.py:836} INFO - DAG(s) dict_keys(['example_branch_dop_operator_v3']) retrieved from /Users/dogukanulu/opt/anaconda3/lib/python3.9/site-packages/airflow/example_dags/example_branch_python_dop_operator_3.py
[2023-06-08T18:32:09.191+0300] {logging_mixin.py:149} INFO - [2023-06-08T18:32:09.190+0300] {dag.py:2726} INFO - Sync 1 DAGs
[2023-06-08T18:32:09.202+0300] {logging_mixin.py:149} INFO - [2023-06-08T18:32:09.202+0300] {dag.py:3486} INFO - Setting next_dagrun for example_branch_dop_operator_v3 to 2023-06-08T15:31:00+00:00, run_after=2023-06-08T15:32:00+00:00
[2023-06-08T18:32:09.212+0300] {processor.py:179} INFO - Processing /Users/dogukanulu/opt/anaconda3/lib/python3.9/site-packages/airflow/example_dags/example_branch_python_dop_operator_3.py took 0.401 seconds
[2023-06-08T18:34:13.018+0300] {processor.py:157} INFO - Started process (PID=16074) to work on /Users/dogukanulu/opt/anaconda3/lib/python3.9/site-packages/airflow/example_dags/example_branch_python_dop_operator_3.py
[2023-06-08T18:34:13.020+0300] {processor.py:826} INFO - Processing file /Users/dogukanulu/opt/anaconda3/lib/python3.9/site-packages/airflow/example_dags/example_branch_python_dop_operator_3.py for tasks to queue
[2023-06-08T18:34:13.020+0300] {logging_mixin.py:149} INFO - [2023-06-08T18:34:13.020+0300] {dagbag.py:541} INFO - Filling up the DagBag from /Users/dogukanulu/opt/anaconda3/lib/python3.9/site-packages/airflow/example_dags/example_branch_python_dop_operator_3.py
[2023-06-08T18:34:13.063+0300] {processor.py:836} INFO - DAG(s) dict_keys(['example_branch_dop_operator_v3']) retrieved from /Users/dogukanulu/opt/anaconda3/lib/python3.9/site-packages/airflow/example_dags/example_branch_python_dop_operator_3.py
[2023-06-08T18:34:13.400+0300] {logging_mixin.py:149} INFO - [2023-06-08T18:34:13.400+0300] {dag.py:2726} INFO - Sync 1 DAGs
[2023-06-08T18:34:13.411+0300] {logging_mixin.py:149} INFO - [2023-06-08T18:34:13.411+0300] {dag.py:3486} INFO - Setting next_dagrun for example_branch_dop_operator_v3 to 2023-06-08T15:33:00+00:00, run_after=2023-06-08T15:34:00+00:00
[2023-06-08T18:34:13.422+0300] {processor.py:179} INFO - Processing /Users/dogukanulu/opt/anaconda3/lib/python3.9/site-packages/airflow/example_dags/example_branch_python_dop_operator_3.py took 0.404 seconds
[2023-06-08T18:36:20.797+0300] {processor.py:157} INFO - Started process (PID=16268) to work on /Users/dogukanulu/opt/anaconda3/lib/python3.9/site-packages/airflow/example_dags/example_branch_python_dop_operator_3.py
[2023-06-08T18:36:20.799+0300] {processor.py:826} INFO - Processing file /Users/dogukanulu/opt/anaconda3/lib/python3.9/site-packages/airflow/example_dags/example_branch_python_dop_operator_3.py for tasks to queue
[2023-06-08T18:36:20.799+0300] {logging_mixin.py:149} INFO - [2023-06-08T18:36:20.799+0300] {dagbag.py:541} INFO - Filling up the DagBag from /Users/dogukanulu/opt/anaconda3/lib/python3.9/site-packages/airflow/example_dags/example_branch_python_dop_operator_3.py
[2023-06-08T18:36:20.842+0300] {processor.py:836} INFO - DAG(s) dict_keys(['example_branch_dop_operator_v3']) retrieved from /Users/dogukanulu/opt/anaconda3/lib/python3.9/site-packages/airflow/example_dags/example_branch_python_dop_operator_3.py
[2023-06-08T18:36:21.182+0300] {logging_mixin.py:149} INFO - [2023-06-08T18:36:21.182+0300] {dag.py:2726} INFO - Sync 1 DAGs
[2023-06-08T18:36:21.193+0300] {logging_mixin.py:149} INFO - [2023-06-08T18:36:21.193+0300] {dag.py:3486} INFO - Setting next_dagrun for example_branch_dop_operator_v3 to 2023-06-08T15:35:00+00:00, run_after=2023-06-08T15:36:00+00:00
[2023-06-08T18:36:21.204+0300] {processor.py:179} INFO - Processing /Users/dogukanulu/opt/anaconda3/lib/python3.9/site-packages/airflow/example_dags/example_branch_python_dop_operator_3.py took 0.408 seconds
[2023-06-08T18:38:28.516+0300] {processor.py:157} INFO - Started process (PID=16455) to work on /Users/dogukanulu/opt/anaconda3/lib/python3.9/site-packages/airflow/example_dags/example_branch_python_dop_operator_3.py
[2023-06-08T18:38:28.518+0300] {processor.py:826} INFO - Processing file /Users/dogukanulu/opt/anaconda3/lib/python3.9/site-packages/airflow/example_dags/example_branch_python_dop_operator_3.py for tasks to queue
[2023-06-08T18:38:28.518+0300] {logging_mixin.py:149} INFO - [2023-06-08T18:38:28.518+0300] {dagbag.py:541} INFO - Filling up the DagBag from /Users/dogukanulu/opt/anaconda3/lib/python3.9/site-packages/airflow/example_dags/example_branch_python_dop_operator_3.py
[2023-06-08T18:38:28.561+0300] {processor.py:836} INFO - DAG(s) dict_keys(['example_branch_dop_operator_v3']) retrieved from /Users/dogukanulu/opt/anaconda3/lib/python3.9/site-packages/airflow/example_dags/example_branch_python_dop_operator_3.py
[2023-06-08T18:38:28.935+0300] {logging_mixin.py:149} INFO - [2023-06-08T18:38:28.935+0300] {dag.py:2726} INFO - Sync 1 DAGs
[2023-06-08T18:38:28.947+0300] {logging_mixin.py:149} INFO - [2023-06-08T18:38:28.947+0300] {dag.py:3486} INFO - Setting next_dagrun for example_branch_dop_operator_v3 to 2023-06-08T15:37:00+00:00, run_after=2023-06-08T15:38:00+00:00
[2023-06-08T18:38:28.957+0300] {processor.py:179} INFO - Processing /Users/dogukanulu/opt/anaconda3/lib/python3.9/site-packages/airflow/example_dags/example_branch_python_dop_operator_3.py took 0.441 seconds
[2023-06-08T18:40:34.977+0300] {processor.py:157} INFO - Started process (PID=16662) to work on /Users/dogukanulu/opt/anaconda3/lib/python3.9/site-packages/airflow/example_dags/example_branch_python_dop_operator_3.py
[2023-06-08T18:40:34.979+0300] {processor.py:826} INFO - Processing file /Users/dogukanulu/opt/anaconda3/lib/python3.9/site-packages/airflow/example_dags/example_branch_python_dop_operator_3.py for tasks to queue
[2023-06-08T18:40:34.979+0300] {logging_mixin.py:149} INFO - [2023-06-08T18:40:34.979+0300] {dagbag.py:541} INFO - Filling up the DagBag from /Users/dogukanulu/opt/anaconda3/lib/python3.9/site-packages/airflow/example_dags/example_branch_python_dop_operator_3.py
[2023-06-08T18:40:35.022+0300] {processor.py:836} INFO - DAG(s) dict_keys(['example_branch_dop_operator_v3']) retrieved from /Users/dogukanulu/opt/anaconda3/lib/python3.9/site-packages/airflow/example_dags/example_branch_python_dop_operator_3.py
[2023-06-08T18:40:35.356+0300] {logging_mixin.py:149} INFO - [2023-06-08T18:40:35.355+0300] {dag.py:2726} INFO - Sync 1 DAGs
[2023-06-08T18:40:35.367+0300] {logging_mixin.py:149} INFO - [2023-06-08T18:40:35.367+0300] {dag.py:3486} INFO - Setting next_dagrun for example_branch_dop_operator_v3 to 2023-06-08T15:39:00+00:00, run_after=2023-06-08T15:40:00+00:00
[2023-06-08T18:40:35.377+0300] {processor.py:179} INFO - Processing /Users/dogukanulu/opt/anaconda3/lib/python3.9/site-packages/airflow/example_dags/example_branch_python_dop_operator_3.py took 0.400 seconds
[2023-06-08T18:42:39.487+0300] {processor.py:157} INFO - Started process (PID=16831) to work on /Users/dogukanulu/opt/anaconda3/lib/python3.9/site-packages/airflow/example_dags/example_branch_python_dop_operator_3.py
[2023-06-08T18:42:39.488+0300] {processor.py:826} INFO - Processing file /Users/dogukanulu/opt/anaconda3/lib/python3.9/site-packages/airflow/example_dags/example_branch_python_dop_operator_3.py for tasks to queue
[2023-06-08T18:42:39.489+0300] {logging_mixin.py:149} INFO - [2023-06-08T18:42:39.488+0300] {dagbag.py:541} INFO - Filling up the DagBag from /Users/dogukanulu/opt/anaconda3/lib/python3.9/site-packages/airflow/example_dags/example_branch_python_dop_operator_3.py
[2023-06-08T18:42:39.531+0300] {processor.py:836} INFO - DAG(s) dict_keys(['example_branch_dop_operator_v3']) retrieved from /Users/dogukanulu/opt/anaconda3/lib/python3.9/site-packages/airflow/example_dags/example_branch_python_dop_operator_3.py
[2023-06-08T18:42:39.865+0300] {logging_mixin.py:149} INFO - [2023-06-08T18:42:39.865+0300] {dag.py:2726} INFO - Sync 1 DAGs
[2023-06-08T18:42:39.876+0300] {logging_mixin.py:149} INFO - [2023-06-08T18:42:39.876+0300] {dag.py:3486} INFO - Setting next_dagrun for example_branch_dop_operator_v3 to 2023-06-08T15:41:00+00:00, run_after=2023-06-08T15:42:00+00:00
[2023-06-08T18:42:39.886+0300] {processor.py:179} INFO - Processing /Users/dogukanulu/opt/anaconda3/lib/python3.9/site-packages/airflow/example_dags/example_branch_python_dop_operator_3.py took 0.400 seconds
[2023-06-08T18:44:44.002+0300] {processor.py:157} INFO - Started process (PID=17015) to work on /Users/dogukanulu/opt/anaconda3/lib/python3.9/site-packages/airflow/example_dags/example_branch_python_dop_operator_3.py
[2023-06-08T18:44:44.004+0300] {processor.py:826} INFO - Processing file /Users/dogukanulu/opt/anaconda3/lib/python3.9/site-packages/airflow/example_dags/example_branch_python_dop_operator_3.py for tasks to queue
[2023-06-08T18:44:44.004+0300] {logging_mixin.py:149} INFO - [2023-06-08T18:44:44.004+0300] {dagbag.py:541} INFO - Filling up the DagBag from /Users/dogukanulu/opt/anaconda3/lib/python3.9/site-packages/airflow/example_dags/example_branch_python_dop_operator_3.py
[2023-06-08T18:44:44.047+0300] {processor.py:836} INFO - DAG(s) dict_keys(['example_branch_dop_operator_v3']) retrieved from /Users/dogukanulu/opt/anaconda3/lib/python3.9/site-packages/airflow/example_dags/example_branch_python_dop_operator_3.py
[2023-06-08T18:44:44.392+0300] {logging_mixin.py:149} INFO - [2023-06-08T18:44:44.391+0300] {dag.py:2726} INFO - Sync 1 DAGs
[2023-06-08T18:44:44.404+0300] {logging_mixin.py:149} INFO - [2023-06-08T18:44:44.404+0300] {dag.py:3486} INFO - Setting next_dagrun for example_branch_dop_operator_v3 to 2023-06-08T15:43:00+00:00, run_after=2023-06-08T15:44:00+00:00
[2023-06-08T18:44:44.430+0300] {processor.py:179} INFO - Processing /Users/dogukanulu/opt/anaconda3/lib/python3.9/site-packages/airflow/example_dags/example_branch_python_dop_operator_3.py took 0.428 seconds
