[2023-06-08T18:29:23.809+0300] {processor.py:157} INFO - Started process (PID=15610) to work on /Users/dogukanulu/opt/anaconda3/lib/python3.9/site-packages/airflow/example_dags/example_skip_dag.py
[2023-06-08T18:29:23.810+0300] {processor.py:826} INFO - Processing file /Users/dogukanulu/opt/anaconda3/lib/python3.9/site-packages/airflow/example_dags/example_skip_dag.py for tasks to queue
[2023-06-08T18:29:23.810+0300] {logging_mixin.py:149} INFO - [2023-06-08T18:29:23.810+0300] {dagbag.py:541} INFO - Filling up the DagBag from /Users/dogukanulu/opt/anaconda3/lib/python3.9/site-packages/airflow/example_dags/example_skip_dag.py
[2023-06-08T18:29:23.835+0300] {processor.py:836} INFO - DAG(s) dict_keys(['example_skip_dag']) retrieved from /Users/dogukanulu/opt/anaconda3/lib/python3.9/site-packages/airflow/example_dags/example_skip_dag.py
[2023-06-08T18:29:24.212+0300] {logging_mixin.py:149} INFO - [2023-06-08T18:29:24.212+0300] {manager.py:504} INFO - Created Permission View: can read on DAG:example_skip_dag
[2023-06-08T18:29:24.216+0300] {logging_mixin.py:149} INFO - [2023-06-08T18:29:24.216+0300] {manager.py:504} INFO - Created Permission View: can delete on DAG:example_skip_dag
[2023-06-08T18:29:24.219+0300] {logging_mixin.py:149} INFO - [2023-06-08T18:29:24.219+0300] {manager.py:504} INFO - Created Permission View: can edit on DAG:example_skip_dag
[2023-06-08T18:29:24.219+0300] {logging_mixin.py:149} INFO - [2023-06-08T18:29:24.219+0300] {dag.py:2726} INFO - Sync 1 DAGs
[2023-06-08T18:29:24.224+0300] {logging_mixin.py:149} INFO - [2023-06-08T18:29:24.224+0300] {dag.py:2747} INFO - Creating ORM DAG for example_skip_dag
[2023-06-08T18:29:24.228+0300] {logging_mixin.py:149} INFO - [2023-06-08T18:29:24.228+0300] {dag.py:3486} INFO - Setting next_dagrun for example_skip_dag to 2023-06-07T15:29:24.228514+00:00, run_after=2023-06-08T15:29:24.228514+00:00
[2023-06-08T18:29:24.237+0300] {processor.py:179} INFO - Processing /Users/dogukanulu/opt/anaconda3/lib/python3.9/site-packages/airflow/example_dags/example_skip_dag.py took 0.429 seconds
[2023-06-08T18:30:55.187+0300] {processor.py:157} INFO - Started process (PID=15804) to work on /Users/dogukanulu/opt/anaconda3/lib/python3.9/site-packages/airflow/example_dags/example_skip_dag.py
[2023-06-08T18:30:55.188+0300] {processor.py:826} INFO - Processing file /Users/dogukanulu/opt/anaconda3/lib/python3.9/site-packages/airflow/example_dags/example_skip_dag.py for tasks to queue
[2023-06-08T18:30:55.188+0300] {logging_mixin.py:149} INFO - [2023-06-08T18:30:55.188+0300] {dagbag.py:541} INFO - Filling up the DagBag from /Users/dogukanulu/opt/anaconda3/lib/python3.9/site-packages/airflow/example_dags/example_skip_dag.py
[2023-06-08T18:30:55.219+0300] {processor.py:836} INFO - DAG(s) dict_keys(['example_skip_dag']) retrieved from /Users/dogukanulu/opt/anaconda3/lib/python3.9/site-packages/airflow/example_dags/example_skip_dag.py
[2023-06-08T18:30:55.569+0300] {logging_mixin.py:149} INFO - [2023-06-08T18:30:55.569+0300] {dag.py:2726} INFO - Sync 1 DAGs
[2023-06-08T18:30:55.581+0300] {logging_mixin.py:149} INFO - [2023-06-08T18:30:55.581+0300] {dag.py:3486} INFO - Setting next_dagrun for example_skip_dag to 2023-06-07T15:30:55.581592+00:00, run_after=2023-06-08T15:30:55.581592+00:00
[2023-06-08T18:30:55.593+0300] {processor.py:179} INFO - Processing /Users/dogukanulu/opt/anaconda3/lib/python3.9/site-packages/airflow/example_dags/example_skip_dag.py took 0.406 seconds
[2023-06-08T18:32:57.173+0300] {processor.py:157} INFO - Started process (PID=15972) to work on /Users/dogukanulu/opt/anaconda3/lib/python3.9/site-packages/airflow/example_dags/example_skip_dag.py
[2023-06-08T18:32:57.174+0300] {processor.py:826} INFO - Processing file /Users/dogukanulu/opt/anaconda3/lib/python3.9/site-packages/airflow/example_dags/example_skip_dag.py for tasks to queue
[2023-06-08T18:32:57.174+0300] {logging_mixin.py:149} INFO - [2023-06-08T18:32:57.174+0300] {dagbag.py:541} INFO - Filling up the DagBag from /Users/dogukanulu/opt/anaconda3/lib/python3.9/site-packages/airflow/example_dags/example_skip_dag.py
[2023-06-08T18:32:57.228+0300] {processor.py:836} INFO - DAG(s) dict_keys(['example_skip_dag']) retrieved from /Users/dogukanulu/opt/anaconda3/lib/python3.9/site-packages/airflow/example_dags/example_skip_dag.py
[2023-06-08T18:32:57.640+0300] {logging_mixin.py:149} INFO - [2023-06-08T18:32:57.640+0300] {dag.py:2726} INFO - Sync 1 DAGs
[2023-06-08T18:32:57.651+0300] {logging_mixin.py:149} INFO - [2023-06-08T18:32:57.651+0300] {dag.py:3486} INFO - Setting next_dagrun for example_skip_dag to 2023-06-07T15:32:57.651629+00:00, run_after=2023-06-08T15:32:57.651629+00:00
[2023-06-08T18:32:57.663+0300] {processor.py:179} INFO - Processing /Users/dogukanulu/opt/anaconda3/lib/python3.9/site-packages/airflow/example_dags/example_skip_dag.py took 0.491 seconds
[2023-06-08T18:35:04.191+0300] {processor.py:157} INFO - Started process (PID=16143) to work on /Users/dogukanulu/opt/anaconda3/lib/python3.9/site-packages/airflow/example_dags/example_skip_dag.py
[2023-06-08T18:35:04.193+0300] {processor.py:826} INFO - Processing file /Users/dogukanulu/opt/anaconda3/lib/python3.9/site-packages/airflow/example_dags/example_skip_dag.py for tasks to queue
[2023-06-08T18:35:04.193+0300] {logging_mixin.py:149} INFO - [2023-06-08T18:35:04.193+0300] {dagbag.py:541} INFO - Filling up the DagBag from /Users/dogukanulu/opt/anaconda3/lib/python3.9/site-packages/airflow/example_dags/example_skip_dag.py
[2023-06-08T18:35:04.219+0300] {processor.py:836} INFO - DAG(s) dict_keys(['example_skip_dag']) retrieved from /Users/dogukanulu/opt/anaconda3/lib/python3.9/site-packages/airflow/example_dags/example_skip_dag.py
[2023-06-08T18:35:04.561+0300] {logging_mixin.py:149} INFO - [2023-06-08T18:35:04.561+0300] {dag.py:2726} INFO - Sync 1 DAGs
[2023-06-08T18:35:04.571+0300] {logging_mixin.py:149} INFO - [2023-06-08T18:35:04.571+0300] {dag.py:3486} INFO - Setting next_dagrun for example_skip_dag to 2023-06-07T15:35:04.571038+00:00, run_after=2023-06-08T15:35:04.571038+00:00
[2023-06-08T18:35:04.580+0300] {processor.py:179} INFO - Processing /Users/dogukanulu/opt/anaconda3/lib/python3.9/site-packages/airflow/example_dags/example_skip_dag.py took 0.389 seconds
[2023-06-08T18:37:10.799+0300] {processor.py:157} INFO - Started process (PID=16346) to work on /Users/dogukanulu/opt/anaconda3/lib/python3.9/site-packages/airflow/example_dags/example_skip_dag.py
[2023-06-08T18:37:10.801+0300] {processor.py:826} INFO - Processing file /Users/dogukanulu/opt/anaconda3/lib/python3.9/site-packages/airflow/example_dags/example_skip_dag.py for tasks to queue
[2023-06-08T18:37:10.801+0300] {logging_mixin.py:149} INFO - [2023-06-08T18:37:10.801+0300] {dagbag.py:541} INFO - Filling up the DagBag from /Users/dogukanulu/opt/anaconda3/lib/python3.9/site-packages/airflow/example_dags/example_skip_dag.py
[2023-06-08T18:37:10.835+0300] {processor.py:836} INFO - DAG(s) dict_keys(['example_skip_dag']) retrieved from /Users/dogukanulu/opt/anaconda3/lib/python3.9/site-packages/airflow/example_dags/example_skip_dag.py
[2023-06-08T18:37:11.299+0300] {logging_mixin.py:149} INFO - [2023-06-08T18:37:11.299+0300] {dag.py:2726} INFO - Sync 1 DAGs
[2023-06-08T18:37:11.312+0300] {logging_mixin.py:149} INFO - [2023-06-08T18:37:11.312+0300] {dag.py:3486} INFO - Setting next_dagrun for example_skip_dag to 2023-06-07T15:37:11.311898+00:00, run_after=2023-06-08T15:37:11.311898+00:00
[2023-06-08T18:37:11.324+0300] {processor.py:179} INFO - Processing /Users/dogukanulu/opt/anaconda3/lib/python3.9/site-packages/airflow/example_dags/example_skip_dag.py took 0.525 seconds
[2023-06-08T18:39:20.539+0300] {processor.py:157} INFO - Started process (PID=16553) to work on /Users/dogukanulu/opt/anaconda3/lib/python3.9/site-packages/airflow/example_dags/example_skip_dag.py
[2023-06-08T18:39:20.540+0300] {processor.py:826} INFO - Processing file /Users/dogukanulu/opt/anaconda3/lib/python3.9/site-packages/airflow/example_dags/example_skip_dag.py for tasks to queue
[2023-06-08T18:39:20.541+0300] {logging_mixin.py:149} INFO - [2023-06-08T18:39:20.541+0300] {dagbag.py:541} INFO - Filling up the DagBag from /Users/dogukanulu/opt/anaconda3/lib/python3.9/site-packages/airflow/example_dags/example_skip_dag.py
[2023-06-08T18:39:20.566+0300] {processor.py:836} INFO - DAG(s) dict_keys(['example_skip_dag']) retrieved from /Users/dogukanulu/opt/anaconda3/lib/python3.9/site-packages/airflow/example_dags/example_skip_dag.py
[2023-06-08T18:39:20.906+0300] {logging_mixin.py:149} INFO - [2023-06-08T18:39:20.906+0300] {dag.py:2726} INFO - Sync 1 DAGs
[2023-06-08T18:39:20.916+0300] {logging_mixin.py:149} INFO - [2023-06-08T18:39:20.916+0300] {dag.py:3486} INFO - Setting next_dagrun for example_skip_dag to 2023-06-07T15:39:20.916065+00:00, run_after=2023-06-08T15:39:20.916065+00:00
[2023-06-08T18:39:20.925+0300] {processor.py:179} INFO - Processing /Users/dogukanulu/opt/anaconda3/lib/python3.9/site-packages/airflow/example_dags/example_skip_dag.py took 0.387 seconds
[2023-06-08T18:41:24.686+0300] {processor.py:157} INFO - Started process (PID=16728) to work on /Users/dogukanulu/opt/anaconda3/lib/python3.9/site-packages/airflow/example_dags/example_skip_dag.py
[2023-06-08T18:41:24.688+0300] {processor.py:826} INFO - Processing file /Users/dogukanulu/opt/anaconda3/lib/python3.9/site-packages/airflow/example_dags/example_skip_dag.py for tasks to queue
[2023-06-08T18:41:24.688+0300] {logging_mixin.py:149} INFO - [2023-06-08T18:41:24.688+0300] {dagbag.py:541} INFO - Filling up the DagBag from /Users/dogukanulu/opt/anaconda3/lib/python3.9/site-packages/airflow/example_dags/example_skip_dag.py
[2023-06-08T18:41:24.713+0300] {processor.py:836} INFO - DAG(s) dict_keys(['example_skip_dag']) retrieved from /Users/dogukanulu/opt/anaconda3/lib/python3.9/site-packages/airflow/example_dags/example_skip_dag.py
[2023-06-08T18:41:25.051+0300] {logging_mixin.py:149} INFO - [2023-06-08T18:41:25.051+0300] {dag.py:2726} INFO - Sync 1 DAGs
[2023-06-08T18:41:25.061+0300] {logging_mixin.py:149} INFO - [2023-06-08T18:41:25.061+0300] {dag.py:3486} INFO - Setting next_dagrun for example_skip_dag to 2023-06-07T15:41:25.060946+00:00, run_after=2023-06-08T15:41:25.060946+00:00
[2023-06-08T18:41:25.070+0300] {processor.py:179} INFO - Processing /Users/dogukanulu/opt/anaconda3/lib/python3.9/site-packages/airflow/example_dags/example_skip_dag.py took 0.384 seconds
[2023-06-08T18:43:30.194+0300] {processor.py:157} INFO - Started process (PID=16906) to work on /Users/dogukanulu/opt/anaconda3/lib/python3.9/site-packages/airflow/example_dags/example_skip_dag.py
[2023-06-08T18:43:30.195+0300] {processor.py:826} INFO - Processing file /Users/dogukanulu/opt/anaconda3/lib/python3.9/site-packages/airflow/example_dags/example_skip_dag.py for tasks to queue
[2023-06-08T18:43:30.195+0300] {logging_mixin.py:149} INFO - [2023-06-08T18:43:30.195+0300] {dagbag.py:541} INFO - Filling up the DagBag from /Users/dogukanulu/opt/anaconda3/lib/python3.9/site-packages/airflow/example_dags/example_skip_dag.py
[2023-06-08T18:43:30.221+0300] {processor.py:836} INFO - DAG(s) dict_keys(['example_skip_dag']) retrieved from /Users/dogukanulu/opt/anaconda3/lib/python3.9/site-packages/airflow/example_dags/example_skip_dag.py
[2023-06-08T18:43:30.561+0300] {logging_mixin.py:149} INFO - [2023-06-08T18:43:30.560+0300] {dag.py:2726} INFO - Sync 1 DAGs
[2023-06-08T18:43:30.570+0300] {logging_mixin.py:149} INFO - [2023-06-08T18:43:30.570+0300] {dag.py:3486} INFO - Setting next_dagrun for example_skip_dag to 2023-06-07T15:43:30.570304+00:00, run_after=2023-06-08T15:43:30.570304+00:00
[2023-06-08T18:43:30.579+0300] {processor.py:179} INFO - Processing /Users/dogukanulu/opt/anaconda3/lib/python3.9/site-packages/airflow/example_dags/example_skip_dag.py took 0.386 seconds
