[2023-06-08T18:29:13.614+0300] {processor.py:157} INFO - Started process (PID=15597) to work on /Users/dogukanulu/opt/anaconda3/lib/python3.9/site-packages/airflow/example_dags/example_time_delta_sensor_async.py
[2023-06-08T18:29:13.614+0300] {processor.py:826} INFO - Processing file /Users/dogukanulu/opt/anaconda3/lib/python3.9/site-packages/airflow/example_dags/example_time_delta_sensor_async.py for tasks to queue
[2023-06-08T18:29:13.615+0300] {logging_mixin.py:149} INFO - [2023-06-08T18:29:13.615+0300] {dagbag.py:541} INFO - Filling up the DagBag from /Users/dogukanulu/opt/anaconda3/lib/python3.9/site-packages/airflow/example_dags/example_time_delta_sensor_async.py
[2023-06-08T18:29:13.640+0300] {processor.py:836} INFO - DAG(s) dict_keys(['example_time_delta_sensor_async']) retrieved from /Users/dogukanulu/opt/anaconda3/lib/python3.9/site-packages/airflow/example_dags/example_time_delta_sensor_async.py
[2023-06-08T18:29:14.032+0300] {logging_mixin.py:149} INFO - [2023-06-08T18:29:14.032+0300] {manager.py:504} INFO - Created Permission View: can delete on DAG:example_time_delta_sensor_async
[2023-06-08T18:29:14.036+0300] {logging_mixin.py:149} INFO - [2023-06-08T18:29:14.036+0300] {manager.py:504} INFO - Created Permission View: can read on DAG:example_time_delta_sensor_async
[2023-06-08T18:29:14.039+0300] {logging_mixin.py:149} INFO - [2023-06-08T18:29:14.039+0300] {manager.py:504} INFO - Created Permission View: can edit on DAG:example_time_delta_sensor_async
[2023-06-08T18:29:14.039+0300] {logging_mixin.py:149} INFO - [2023-06-08T18:29:14.039+0300] {dag.py:2726} INFO - Sync 1 DAGs
[2023-06-08T18:29:14.044+0300] {logging_mixin.py:149} INFO - [2023-06-08T18:29:14.044+0300] {dag.py:2747} INFO - Creating ORM DAG for example_time_delta_sensor_async
[2023-06-08T18:29:14.048+0300] {logging_mixin.py:149} INFO - [2023-06-08T18:29:14.048+0300] {dag.py:3486} INFO - Setting next_dagrun for example_time_delta_sensor_async to None, run_after=None
[2023-06-08T18:29:14.058+0300] {processor.py:179} INFO - Processing /Users/dogukanulu/opt/anaconda3/lib/python3.9/site-packages/airflow/example_dags/example_time_delta_sensor_async.py took 0.445 seconds
[2023-06-08T18:30:45.088+0300] {processor.py:157} INFO - Started process (PID=15790) to work on /Users/dogukanulu/opt/anaconda3/lib/python3.9/site-packages/airflow/example_dags/example_time_delta_sensor_async.py
[2023-06-08T18:30:45.089+0300] {processor.py:826} INFO - Processing file /Users/dogukanulu/opt/anaconda3/lib/python3.9/site-packages/airflow/example_dags/example_time_delta_sensor_async.py for tasks to queue
[2023-06-08T18:30:45.089+0300] {logging_mixin.py:149} INFO - [2023-06-08T18:30:45.089+0300] {dagbag.py:541} INFO - Filling up the DagBag from /Users/dogukanulu/opt/anaconda3/lib/python3.9/site-packages/airflow/example_dags/example_time_delta_sensor_async.py
[2023-06-08T18:30:45.136+0300] {processor.py:836} INFO - DAG(s) dict_keys(['example_time_delta_sensor_async']) retrieved from /Users/dogukanulu/opt/anaconda3/lib/python3.9/site-packages/airflow/example_dags/example_time_delta_sensor_async.py
[2023-06-08T18:30:45.554+0300] {logging_mixin.py:149} INFO - [2023-06-08T18:30:45.553+0300] {dag.py:2726} INFO - Sync 1 DAGs
[2023-06-08T18:30:45.562+0300] {logging_mixin.py:149} INFO - [2023-06-08T18:30:45.562+0300] {dag.py:3486} INFO - Setting next_dagrun for example_time_delta_sensor_async to None, run_after=None
[2023-06-08T18:30:45.572+0300] {processor.py:179} INFO - Processing /Users/dogukanulu/opt/anaconda3/lib/python3.9/site-packages/airflow/example_dags/example_time_delta_sensor_async.py took 0.485 seconds
[2023-06-08T18:31:46.223+0300] {processor.py:157} INFO - Started process (PID=15876) to work on /Users/dogukanulu/opt/anaconda3/lib/python3.9/site-packages/airflow/example_dags/example_time_delta_sensor_async.py
[2023-06-08T18:31:46.225+0300] {processor.py:826} INFO - Processing file /Users/dogukanulu/opt/anaconda3/lib/python3.9/site-packages/airflow/example_dags/example_time_delta_sensor_async.py for tasks to queue
[2023-06-08T18:31:46.225+0300] {logging_mixin.py:149} INFO - [2023-06-08T18:31:46.225+0300] {dagbag.py:541} INFO - Filling up the DagBag from /Users/dogukanulu/opt/anaconda3/lib/python3.9/site-packages/airflow/example_dags/example_time_delta_sensor_async.py
[2023-06-08T18:31:46.254+0300] {processor.py:836} INFO - DAG(s) dict_keys(['example_time_delta_sensor_async']) retrieved from /Users/dogukanulu/opt/anaconda3/lib/python3.9/site-packages/airflow/example_dags/example_time_delta_sensor_async.py
[2023-06-08T18:31:46.610+0300] {logging_mixin.py:149} INFO - [2023-06-08T18:31:46.610+0300] {dag.py:2726} INFO - Sync 1 DAGs
[2023-06-08T18:31:46.619+0300] {logging_mixin.py:149} INFO - [2023-06-08T18:31:46.619+0300] {dag.py:3486} INFO - Setting next_dagrun for example_time_delta_sensor_async to None, run_after=None
[2023-06-08T18:31:46.628+0300] {processor.py:179} INFO - Processing /Users/dogukanulu/opt/anaconda3/lib/python3.9/site-packages/airflow/example_dags/example_time_delta_sensor_async.py took 0.405 seconds
[2023-06-08T18:32:48.004+0300] {processor.py:157} INFO - Started process (PID=15960) to work on /Users/dogukanulu/opt/anaconda3/lib/python3.9/site-packages/airflow/example_dags/example_time_delta_sensor_async.py
[2023-06-08T18:32:48.005+0300] {processor.py:826} INFO - Processing file /Users/dogukanulu/opt/anaconda3/lib/python3.9/site-packages/airflow/example_dags/example_time_delta_sensor_async.py for tasks to queue
[2023-06-08T18:32:48.006+0300] {logging_mixin.py:149} INFO - [2023-06-08T18:32:48.006+0300] {dagbag.py:541} INFO - Filling up the DagBag from /Users/dogukanulu/opt/anaconda3/lib/python3.9/site-packages/airflow/example_dags/example_time_delta_sensor_async.py
[2023-06-08T18:32:48.031+0300] {processor.py:836} INFO - DAG(s) dict_keys(['example_time_delta_sensor_async']) retrieved from /Users/dogukanulu/opt/anaconda3/lib/python3.9/site-packages/airflow/example_dags/example_time_delta_sensor_async.py
[2023-06-08T18:32:48.378+0300] {logging_mixin.py:149} INFO - [2023-06-08T18:32:48.378+0300] {dag.py:2726} INFO - Sync 1 DAGs
[2023-06-08T18:32:48.387+0300] {logging_mixin.py:149} INFO - [2023-06-08T18:32:48.387+0300] {dag.py:3486} INFO - Setting next_dagrun for example_time_delta_sensor_async to None, run_after=None
[2023-06-08T18:32:48.396+0300] {processor.py:179} INFO - Processing /Users/dogukanulu/opt/anaconda3/lib/python3.9/site-packages/airflow/example_dags/example_time_delta_sensor_async.py took 0.393 seconds
[2023-06-08T18:33:50.662+0300] {processor.py:157} INFO - Started process (PID=16042) to work on /Users/dogukanulu/opt/anaconda3/lib/python3.9/site-packages/airflow/example_dags/example_time_delta_sensor_async.py
[2023-06-08T18:33:50.663+0300] {processor.py:826} INFO - Processing file /Users/dogukanulu/opt/anaconda3/lib/python3.9/site-packages/airflow/example_dags/example_time_delta_sensor_async.py for tasks to queue
[2023-06-08T18:33:50.664+0300] {logging_mixin.py:149} INFO - [2023-06-08T18:33:50.664+0300] {dagbag.py:541} INFO - Filling up the DagBag from /Users/dogukanulu/opt/anaconda3/lib/python3.9/site-packages/airflow/example_dags/example_time_delta_sensor_async.py
[2023-06-08T18:33:50.703+0300] {processor.py:836} INFO - DAG(s) dict_keys(['example_time_delta_sensor_async']) retrieved from /Users/dogukanulu/opt/anaconda3/lib/python3.9/site-packages/airflow/example_dags/example_time_delta_sensor_async.py
[2023-06-08T18:33:51.171+0300] {logging_mixin.py:149} INFO - [2023-06-08T18:33:51.171+0300] {dag.py:2726} INFO - Sync 1 DAGs
[2023-06-08T18:33:51.185+0300] {logging_mixin.py:149} INFO - [2023-06-08T18:33:51.185+0300] {dag.py:3486} INFO - Setting next_dagrun for example_time_delta_sensor_async to None, run_after=None
[2023-06-08T18:33:51.197+0300] {processor.py:179} INFO - Processing /Users/dogukanulu/opt/anaconda3/lib/python3.9/site-packages/airflow/example_dags/example_time_delta_sensor_async.py took 0.536 seconds
[2023-06-08T18:34:54.121+0300] {processor.py:157} INFO - Started process (PID=16129) to work on /Users/dogukanulu/opt/anaconda3/lib/python3.9/site-packages/airflow/example_dags/example_time_delta_sensor_async.py
[2023-06-08T18:34:54.123+0300] {processor.py:826} INFO - Processing file /Users/dogukanulu/opt/anaconda3/lib/python3.9/site-packages/airflow/example_dags/example_time_delta_sensor_async.py for tasks to queue
[2023-06-08T18:34:54.123+0300] {logging_mixin.py:149} INFO - [2023-06-08T18:34:54.123+0300] {dagbag.py:541} INFO - Filling up the DagBag from /Users/dogukanulu/opt/anaconda3/lib/python3.9/site-packages/airflow/example_dags/example_time_delta_sensor_async.py
[2023-06-08T18:34:54.149+0300] {processor.py:836} INFO - DAG(s) dict_keys(['example_time_delta_sensor_async']) retrieved from /Users/dogukanulu/opt/anaconda3/lib/python3.9/site-packages/airflow/example_dags/example_time_delta_sensor_async.py
[2023-06-08T18:34:54.499+0300] {logging_mixin.py:149} INFO - [2023-06-08T18:34:54.499+0300] {dag.py:2726} INFO - Sync 1 DAGs
[2023-06-08T18:34:54.508+0300] {logging_mixin.py:149} INFO - [2023-06-08T18:34:54.508+0300] {dag.py:3486} INFO - Setting next_dagrun for example_time_delta_sensor_async to None, run_after=None
[2023-06-08T18:34:54.517+0300] {processor.py:179} INFO - Processing /Users/dogukanulu/opt/anaconda3/lib/python3.9/site-packages/airflow/example_dags/example_time_delta_sensor_async.py took 0.396 seconds
[2023-06-08T18:35:59.008+0300] {processor.py:157} INFO - Started process (PID=16218) to work on /Users/dogukanulu/opt/anaconda3/lib/python3.9/site-packages/airflow/example_dags/example_time_delta_sensor_async.py
[2023-06-08T18:35:59.011+0300] {processor.py:826} INFO - Processing file /Users/dogukanulu/opt/anaconda3/lib/python3.9/site-packages/airflow/example_dags/example_time_delta_sensor_async.py for tasks to queue
[2023-06-08T18:35:59.011+0300] {logging_mixin.py:149} INFO - [2023-06-08T18:35:59.011+0300] {dagbag.py:541} INFO - Filling up the DagBag from /Users/dogukanulu/opt/anaconda3/lib/python3.9/site-packages/airflow/example_dags/example_time_delta_sensor_async.py
[2023-06-08T18:35:59.067+0300] {processor.py:836} INFO - DAG(s) dict_keys(['example_time_delta_sensor_async']) retrieved from /Users/dogukanulu/opt/anaconda3/lib/python3.9/site-packages/airflow/example_dags/example_time_delta_sensor_async.py
[2023-06-08T18:35:59.522+0300] {logging_mixin.py:149} INFO - [2023-06-08T18:35:59.522+0300] {dag.py:2726} INFO - Sync 1 DAGs
[2023-06-08T18:35:59.531+0300] {logging_mixin.py:149} INFO - [2023-06-08T18:35:59.531+0300] {dag.py:3486} INFO - Setting next_dagrun for example_time_delta_sensor_async to None, run_after=None
[2023-06-08T18:35:59.542+0300] {processor.py:179} INFO - Processing /Users/dogukanulu/opt/anaconda3/lib/python3.9/site-packages/airflow/example_dags/example_time_delta_sensor_async.py took 0.536 seconds
[2023-06-08T18:37:00.845+0300] {processor.py:157} INFO - Started process (PID=16332) to work on /Users/dogukanulu/opt/anaconda3/lib/python3.9/site-packages/airflow/example_dags/example_time_delta_sensor_async.py
[2023-06-08T18:37:00.846+0300] {processor.py:826} INFO - Processing file /Users/dogukanulu/opt/anaconda3/lib/python3.9/site-packages/airflow/example_dags/example_time_delta_sensor_async.py for tasks to queue
[2023-06-08T18:37:00.847+0300] {logging_mixin.py:149} INFO - [2023-06-08T18:37:00.847+0300] {dagbag.py:541} INFO - Filling up the DagBag from /Users/dogukanulu/opt/anaconda3/lib/python3.9/site-packages/airflow/example_dags/example_time_delta_sensor_async.py
[2023-06-08T18:37:00.873+0300] {processor.py:836} INFO - DAG(s) dict_keys(['example_time_delta_sensor_async']) retrieved from /Users/dogukanulu/opt/anaconda3/lib/python3.9/site-packages/airflow/example_dags/example_time_delta_sensor_async.py
[2023-06-08T18:37:01.225+0300] {logging_mixin.py:149} INFO - [2023-06-08T18:37:01.225+0300] {dag.py:2726} INFO - Sync 1 DAGs
[2023-06-08T18:37:01.233+0300] {logging_mixin.py:149} INFO - [2023-06-08T18:37:01.233+0300] {dag.py:3486} INFO - Setting next_dagrun for example_time_delta_sensor_async to None, run_after=None
[2023-06-08T18:37:01.243+0300] {processor.py:179} INFO - Processing /Users/dogukanulu/opt/anaconda3/lib/python3.9/site-packages/airflow/example_dags/example_time_delta_sensor_async.py took 0.398 seconds
[2023-06-08T18:38:04.806+0300] {processor.py:157} INFO - Started process (PID=16417) to work on /Users/dogukanulu/opt/anaconda3/lib/python3.9/site-packages/airflow/example_dags/example_time_delta_sensor_async.py
[2023-06-08T18:38:04.808+0300] {processor.py:826} INFO - Processing file /Users/dogukanulu/opt/anaconda3/lib/python3.9/site-packages/airflow/example_dags/example_time_delta_sensor_async.py for tasks to queue
[2023-06-08T18:38:04.808+0300] {logging_mixin.py:149} INFO - [2023-06-08T18:38:04.808+0300] {dagbag.py:541} INFO - Filling up the DagBag from /Users/dogukanulu/opt/anaconda3/lib/python3.9/site-packages/airflow/example_dags/example_time_delta_sensor_async.py
[2023-06-08T18:38:04.834+0300] {processor.py:836} INFO - DAG(s) dict_keys(['example_time_delta_sensor_async']) retrieved from /Users/dogukanulu/opt/anaconda3/lib/python3.9/site-packages/airflow/example_dags/example_time_delta_sensor_async.py
[2023-06-08T18:38:05.193+0300] {logging_mixin.py:149} INFO - [2023-06-08T18:38:05.192+0300] {dag.py:2726} INFO - Sync 1 DAGs
[2023-06-08T18:38:05.201+0300] {logging_mixin.py:149} INFO - [2023-06-08T18:38:05.201+0300] {dag.py:3486} INFO - Setting next_dagrun for example_time_delta_sensor_async to None, run_after=None
[2023-06-08T18:38:05.211+0300] {processor.py:179} INFO - Processing /Users/dogukanulu/opt/anaconda3/lib/python3.9/site-packages/airflow/example_dags/example_time_delta_sensor_async.py took 0.405 seconds
[2023-06-08T18:39:10.439+0300] {processor.py:157} INFO - Started process (PID=16510) to work on /Users/dogukanulu/opt/anaconda3/lib/python3.9/site-packages/airflow/example_dags/example_time_delta_sensor_async.py
[2023-06-08T18:39:10.441+0300] {processor.py:826} INFO - Processing file /Users/dogukanulu/opt/anaconda3/lib/python3.9/site-packages/airflow/example_dags/example_time_delta_sensor_async.py for tasks to queue
[2023-06-08T18:39:10.441+0300] {logging_mixin.py:149} INFO - [2023-06-08T18:39:10.441+0300] {dagbag.py:541} INFO - Filling up the DagBag from /Users/dogukanulu/opt/anaconda3/lib/python3.9/site-packages/airflow/example_dags/example_time_delta_sensor_async.py
[2023-06-08T18:39:10.467+0300] {processor.py:836} INFO - DAG(s) dict_keys(['example_time_delta_sensor_async']) retrieved from /Users/dogukanulu/opt/anaconda3/lib/python3.9/site-packages/airflow/example_dags/example_time_delta_sensor_async.py
[2023-06-08T18:39:10.823+0300] {logging_mixin.py:149} INFO - [2023-06-08T18:39:10.823+0300] {dag.py:2726} INFO - Sync 1 DAGs
[2023-06-08T18:39:10.832+0300] {logging_mixin.py:149} INFO - [2023-06-08T18:39:10.831+0300] {dag.py:3486} INFO - Setting next_dagrun for example_time_delta_sensor_async to None, run_after=None
[2023-06-08T18:39:10.841+0300] {processor.py:179} INFO - Processing /Users/dogukanulu/opt/anaconda3/lib/python3.9/site-packages/airflow/example_dags/example_time_delta_sensor_async.py took 0.402 seconds
[2023-06-08T18:40:12.517+0300] {processor.py:157} INFO - Started process (PID=16630) to work on /Users/dogukanulu/opt/anaconda3/lib/python3.9/site-packages/airflow/example_dags/example_time_delta_sensor_async.py
[2023-06-08T18:40:12.518+0300] {processor.py:826} INFO - Processing file /Users/dogukanulu/opt/anaconda3/lib/python3.9/site-packages/airflow/example_dags/example_time_delta_sensor_async.py for tasks to queue
[2023-06-08T18:40:12.518+0300] {logging_mixin.py:149} INFO - [2023-06-08T18:40:12.518+0300] {dagbag.py:541} INFO - Filling up the DagBag from /Users/dogukanulu/opt/anaconda3/lib/python3.9/site-packages/airflow/example_dags/example_time_delta_sensor_async.py
[2023-06-08T18:40:12.543+0300] {processor.py:836} INFO - DAG(s) dict_keys(['example_time_delta_sensor_async']) retrieved from /Users/dogukanulu/opt/anaconda3/lib/python3.9/site-packages/airflow/example_dags/example_time_delta_sensor_async.py
[2023-06-08T18:40:12.896+0300] {logging_mixin.py:149} INFO - [2023-06-08T18:40:12.896+0300] {dag.py:2726} INFO - Sync 1 DAGs
[2023-06-08T18:40:12.904+0300] {logging_mixin.py:149} INFO - [2023-06-08T18:40:12.904+0300] {dag.py:3486} INFO - Setting next_dagrun for example_time_delta_sensor_async to None, run_after=None
[2023-06-08T18:40:12.914+0300] {processor.py:179} INFO - Processing /Users/dogukanulu/opt/anaconda3/lib/python3.9/site-packages/airflow/example_dags/example_time_delta_sensor_async.py took 0.397 seconds
[2023-06-08T18:41:14.290+0300] {processor.py:157} INFO - Started process (PID=16715) to work on /Users/dogukanulu/opt/anaconda3/lib/python3.9/site-packages/airflow/example_dags/example_time_delta_sensor_async.py
[2023-06-08T18:41:14.291+0300] {processor.py:826} INFO - Processing file /Users/dogukanulu/opt/anaconda3/lib/python3.9/site-packages/airflow/example_dags/example_time_delta_sensor_async.py for tasks to queue
[2023-06-08T18:41:14.291+0300] {logging_mixin.py:149} INFO - [2023-06-08T18:41:14.291+0300] {dagbag.py:541} INFO - Filling up the DagBag from /Users/dogukanulu/opt/anaconda3/lib/python3.9/site-packages/airflow/example_dags/example_time_delta_sensor_async.py
[2023-06-08T18:41:14.317+0300] {processor.py:836} INFO - DAG(s) dict_keys(['example_time_delta_sensor_async']) retrieved from /Users/dogukanulu/opt/anaconda3/lib/python3.9/site-packages/airflow/example_dags/example_time_delta_sensor_async.py
[2023-06-08T18:41:14.663+0300] {logging_mixin.py:149} INFO - [2023-06-08T18:41:14.663+0300] {dag.py:2726} INFO - Sync 1 DAGs
[2023-06-08T18:41:14.672+0300] {logging_mixin.py:149} INFO - [2023-06-08T18:41:14.672+0300] {dag.py:3486} INFO - Setting next_dagrun for example_time_delta_sensor_async to None, run_after=None
[2023-06-08T18:41:14.681+0300] {processor.py:179} INFO - Processing /Users/dogukanulu/opt/anaconda3/lib/python3.9/site-packages/airflow/example_dags/example_time_delta_sensor_async.py took 0.392 seconds
[2023-06-08T18:42:17.945+0300] {processor.py:157} INFO - Started process (PID=16801) to work on /Users/dogukanulu/opt/anaconda3/lib/python3.9/site-packages/airflow/example_dags/example_time_delta_sensor_async.py
[2023-06-08T18:42:17.947+0300] {processor.py:826} INFO - Processing file /Users/dogukanulu/opt/anaconda3/lib/python3.9/site-packages/airflow/example_dags/example_time_delta_sensor_async.py for tasks to queue
[2023-06-08T18:42:17.947+0300] {logging_mixin.py:149} INFO - [2023-06-08T18:42:17.947+0300] {dagbag.py:541} INFO - Filling up the DagBag from /Users/dogukanulu/opt/anaconda3/lib/python3.9/site-packages/airflow/example_dags/example_time_delta_sensor_async.py
[2023-06-08T18:42:17.973+0300] {processor.py:836} INFO - DAG(s) dict_keys(['example_time_delta_sensor_async']) retrieved from /Users/dogukanulu/opt/anaconda3/lib/python3.9/site-packages/airflow/example_dags/example_time_delta_sensor_async.py
[2023-06-08T18:42:18.325+0300] {logging_mixin.py:149} INFO - [2023-06-08T18:42:18.325+0300] {dag.py:2726} INFO - Sync 1 DAGs
[2023-06-08T18:42:18.334+0300] {logging_mixin.py:149} INFO - [2023-06-08T18:42:18.334+0300] {dag.py:3486} INFO - Setting next_dagrun for example_time_delta_sensor_async to None, run_after=None
[2023-06-08T18:42:18.343+0300] {processor.py:179} INFO - Processing /Users/dogukanulu/opt/anaconda3/lib/python3.9/site-packages/airflow/example_dags/example_time_delta_sensor_async.py took 0.398 seconds
[2023-06-08T18:43:21.955+0300] {processor.py:157} INFO - Started process (PID=16895) to work on /Users/dogukanulu/opt/anaconda3/lib/python3.9/site-packages/airflow/example_dags/example_time_delta_sensor_async.py
[2023-06-08T18:43:21.956+0300] {processor.py:826} INFO - Processing file /Users/dogukanulu/opt/anaconda3/lib/python3.9/site-packages/airflow/example_dags/example_time_delta_sensor_async.py for tasks to queue
[2023-06-08T18:43:21.957+0300] {logging_mixin.py:149} INFO - [2023-06-08T18:43:21.956+0300] {dagbag.py:541} INFO - Filling up the DagBag from /Users/dogukanulu/opt/anaconda3/lib/python3.9/site-packages/airflow/example_dags/example_time_delta_sensor_async.py
[2023-06-08T18:43:21.983+0300] {processor.py:836} INFO - DAG(s) dict_keys(['example_time_delta_sensor_async']) retrieved from /Users/dogukanulu/opt/anaconda3/lib/python3.9/site-packages/airflow/example_dags/example_time_delta_sensor_async.py
[2023-06-08T18:43:22.332+0300] {logging_mixin.py:149} INFO - [2023-06-08T18:43:22.332+0300] {dag.py:2726} INFO - Sync 1 DAGs
[2023-06-08T18:43:22.340+0300] {logging_mixin.py:149} INFO - [2023-06-08T18:43:22.340+0300] {dag.py:3486} INFO - Setting next_dagrun for example_time_delta_sensor_async to None, run_after=None
[2023-06-08T18:43:22.350+0300] {processor.py:179} INFO - Processing /Users/dogukanulu/opt/anaconda3/lib/python3.9/site-packages/airflow/example_dags/example_time_delta_sensor_async.py took 0.396 seconds
[2023-06-08T18:44:22.454+0300] {processor.py:157} INFO - Started process (PID=16983) to work on /Users/dogukanulu/opt/anaconda3/lib/python3.9/site-packages/airflow/example_dags/example_time_delta_sensor_async.py
[2023-06-08T18:44:22.455+0300] {processor.py:826} INFO - Processing file /Users/dogukanulu/opt/anaconda3/lib/python3.9/site-packages/airflow/example_dags/example_time_delta_sensor_async.py for tasks to queue
[2023-06-08T18:44:22.455+0300] {logging_mixin.py:149} INFO - [2023-06-08T18:44:22.455+0300] {dagbag.py:541} INFO - Filling up the DagBag from /Users/dogukanulu/opt/anaconda3/lib/python3.9/site-packages/airflow/example_dags/example_time_delta_sensor_async.py
[2023-06-08T18:44:22.481+0300] {processor.py:836} INFO - DAG(s) dict_keys(['example_time_delta_sensor_async']) retrieved from /Users/dogukanulu/opt/anaconda3/lib/python3.9/site-packages/airflow/example_dags/example_time_delta_sensor_async.py
[2023-06-08T18:44:22.836+0300] {logging_mixin.py:149} INFO - [2023-06-08T18:44:22.835+0300] {dag.py:2726} INFO - Sync 1 DAGs
[2023-06-08T18:44:22.844+0300] {logging_mixin.py:149} INFO - [2023-06-08T18:44:22.844+0300] {dag.py:3486} INFO - Setting next_dagrun for example_time_delta_sensor_async to None, run_after=None
[2023-06-08T18:44:22.854+0300] {processor.py:179} INFO - Processing /Users/dogukanulu/opt/anaconda3/lib/python3.9/site-packages/airflow/example_dags/example_time_delta_sensor_async.py took 0.401 seconds
