[2023-06-08T18:29:58.176+0300] {processor.py:157} INFO - Started process (PID=15657) to work on /Users/dogukanulu/opt/anaconda3/lib/python3.9/site-packages/airflow/example_dags/example_dynamic_task_mapping.py
[2023-06-08T18:29:58.177+0300] {processor.py:826} INFO - Processing file /Users/dogukanulu/opt/anaconda3/lib/python3.9/site-packages/airflow/example_dags/example_dynamic_task_mapping.py for tasks to queue
[2023-06-08T18:29:58.177+0300] {logging_mixin.py:149} INFO - [2023-06-08T18:29:58.177+0300] {dagbag.py:541} INFO - Filling up the DagBag from /Users/dogukanulu/opt/anaconda3/lib/python3.9/site-packages/airflow/example_dags/example_dynamic_task_mapping.py
[2023-06-08T18:29:58.219+0300] {processor.py:836} INFO - DAG(s) dict_keys(['example_dynamic_task_mapping']) retrieved from /Users/dogukanulu/opt/anaconda3/lib/python3.9/site-packages/airflow/example_dags/example_dynamic_task_mapping.py
[2023-06-08T18:29:58.593+0300] {logging_mixin.py:149} INFO - [2023-06-08T18:29:58.593+0300] {manager.py:504} INFO - Created Permission View: can edit on DAG:example_dynamic_task_mapping
[2023-06-08T18:29:58.597+0300] {logging_mixin.py:149} INFO - [2023-06-08T18:29:58.596+0300] {manager.py:504} INFO - Created Permission View: can delete on DAG:example_dynamic_task_mapping
[2023-06-08T18:29:58.599+0300] {logging_mixin.py:149} INFO - [2023-06-08T18:29:58.599+0300] {manager.py:504} INFO - Created Permission View: can read on DAG:example_dynamic_task_mapping
[2023-06-08T18:29:58.599+0300] {logging_mixin.py:149} INFO - [2023-06-08T18:29:58.599+0300] {dag.py:2726} INFO - Sync 1 DAGs
[2023-06-08T18:29:58.605+0300] {logging_mixin.py:149} INFO - [2023-06-08T18:29:58.605+0300] {dag.py:2747} INFO - Creating ORM DAG for example_dynamic_task_mapping
[2023-06-08T18:29:58.609+0300] {logging_mixin.py:149} INFO - [2023-06-08T18:29:58.609+0300] {dag.py:3486} INFO - Setting next_dagrun for example_dynamic_task_mapping to 2022-03-04T00:00:00+00:00, run_after=2022-03-05T00:00:00+00:00
[2023-06-08T18:29:58.618+0300] {processor.py:179} INFO - Processing /Users/dogukanulu/opt/anaconda3/lib/python3.9/site-packages/airflow/example_dags/example_dynamic_task_mapping.py took 0.442 seconds
[2023-06-08T18:32:00.546+0300] {processor.py:157} INFO - Started process (PID=15895) to work on /Users/dogukanulu/opt/anaconda3/lib/python3.9/site-packages/airflow/example_dags/example_dynamic_task_mapping.py
[2023-06-08T18:32:00.547+0300] {processor.py:826} INFO - Processing file /Users/dogukanulu/opt/anaconda3/lib/python3.9/site-packages/airflow/example_dags/example_dynamic_task_mapping.py for tasks to queue
[2023-06-08T18:32:00.547+0300] {logging_mixin.py:149} INFO - [2023-06-08T18:32:00.547+0300] {dagbag.py:541} INFO - Filling up the DagBag from /Users/dogukanulu/opt/anaconda3/lib/python3.9/site-packages/airflow/example_dags/example_dynamic_task_mapping.py
[2023-06-08T18:32:00.588+0300] {processor.py:836} INFO - DAG(s) dict_keys(['example_dynamic_task_mapping']) retrieved from /Users/dogukanulu/opt/anaconda3/lib/python3.9/site-packages/airflow/example_dags/example_dynamic_task_mapping.py
[2023-06-08T18:32:00.923+0300] {logging_mixin.py:149} INFO - [2023-06-08T18:32:00.923+0300] {dag.py:2726} INFO - Sync 1 DAGs
[2023-06-08T18:32:00.932+0300] {logging_mixin.py:149} INFO - [2023-06-08T18:32:00.932+0300] {dag.py:3486} INFO - Setting next_dagrun for example_dynamic_task_mapping to 2022-03-04T00:00:00+00:00, run_after=2022-03-05T00:00:00+00:00
[2023-06-08T18:32:00.942+0300] {processor.py:179} INFO - Processing /Users/dogukanulu/opt/anaconda3/lib/python3.9/site-packages/airflow/example_dags/example_dynamic_task_mapping.py took 0.396 seconds
[2023-06-08T18:34:04.741+0300] {processor.py:157} INFO - Started process (PID=16061) to work on /Users/dogukanulu/opt/anaconda3/lib/python3.9/site-packages/airflow/example_dags/example_dynamic_task_mapping.py
[2023-06-08T18:34:04.742+0300] {processor.py:826} INFO - Processing file /Users/dogukanulu/opt/anaconda3/lib/python3.9/site-packages/airflow/example_dags/example_dynamic_task_mapping.py for tasks to queue
[2023-06-08T18:34:04.742+0300] {logging_mixin.py:149} INFO - [2023-06-08T18:34:04.742+0300] {dagbag.py:541} INFO - Filling up the DagBag from /Users/dogukanulu/opt/anaconda3/lib/python3.9/site-packages/airflow/example_dags/example_dynamic_task_mapping.py
[2023-06-08T18:34:04.784+0300] {processor.py:836} INFO - DAG(s) dict_keys(['example_dynamic_task_mapping']) retrieved from /Users/dogukanulu/opt/anaconda3/lib/python3.9/site-packages/airflow/example_dags/example_dynamic_task_mapping.py
[2023-06-08T18:34:05.124+0300] {logging_mixin.py:149} INFO - [2023-06-08T18:34:05.123+0300] {dag.py:2726} INFO - Sync 1 DAGs
[2023-06-08T18:34:05.132+0300] {logging_mixin.py:149} INFO - [2023-06-08T18:34:05.132+0300] {dag.py:3486} INFO - Setting next_dagrun for example_dynamic_task_mapping to 2022-03-04T00:00:00+00:00, run_after=2022-03-05T00:00:00+00:00
[2023-06-08T18:34:05.142+0300] {processor.py:179} INFO - Processing /Users/dogukanulu/opt/anaconda3/lib/python3.9/site-packages/airflow/example_dags/example_dynamic_task_mapping.py took 0.402 seconds
[2023-06-08T18:36:12.489+0300] {processor.py:157} INFO - Started process (PID=16258) to work on /Users/dogukanulu/opt/anaconda3/lib/python3.9/site-packages/airflow/example_dags/example_dynamic_task_mapping.py
[2023-06-08T18:36:12.489+0300] {processor.py:826} INFO - Processing file /Users/dogukanulu/opt/anaconda3/lib/python3.9/site-packages/airflow/example_dags/example_dynamic_task_mapping.py for tasks to queue
[2023-06-08T18:36:12.490+0300] {logging_mixin.py:149} INFO - [2023-06-08T18:36:12.490+0300] {dagbag.py:541} INFO - Filling up the DagBag from /Users/dogukanulu/opt/anaconda3/lib/python3.9/site-packages/airflow/example_dags/example_dynamic_task_mapping.py
[2023-06-08T18:36:12.533+0300] {processor.py:836} INFO - DAG(s) dict_keys(['example_dynamic_task_mapping']) retrieved from /Users/dogukanulu/opt/anaconda3/lib/python3.9/site-packages/airflow/example_dags/example_dynamic_task_mapping.py
[2023-06-08T18:36:12.883+0300] {logging_mixin.py:149} INFO - [2023-06-08T18:36:12.882+0300] {dag.py:2726} INFO - Sync 1 DAGs
[2023-06-08T18:36:12.892+0300] {logging_mixin.py:149} INFO - [2023-06-08T18:36:12.891+0300] {dag.py:3486} INFO - Setting next_dagrun for example_dynamic_task_mapping to 2022-03-04T00:00:00+00:00, run_after=2022-03-05T00:00:00+00:00
[2023-06-08T18:36:12.902+0300] {processor.py:179} INFO - Processing /Users/dogukanulu/opt/anaconda3/lib/python3.9/site-packages/airflow/example_dags/example_dynamic_task_mapping.py took 0.414 seconds
[2023-06-08T18:38:20.997+0300] {processor.py:157} INFO - Started process (PID=16443) to work on /Users/dogukanulu/opt/anaconda3/lib/python3.9/site-packages/airflow/example_dags/example_dynamic_task_mapping.py
[2023-06-08T18:38:20.998+0300] {processor.py:826} INFO - Processing file /Users/dogukanulu/opt/anaconda3/lib/python3.9/site-packages/airflow/example_dags/example_dynamic_task_mapping.py for tasks to queue
[2023-06-08T18:38:20.998+0300] {logging_mixin.py:149} INFO - [2023-06-08T18:38:20.998+0300] {dagbag.py:541} INFO - Filling up the DagBag from /Users/dogukanulu/opt/anaconda3/lib/python3.9/site-packages/airflow/example_dags/example_dynamic_task_mapping.py
[2023-06-08T18:38:21.046+0300] {processor.py:836} INFO - DAG(s) dict_keys(['example_dynamic_task_mapping']) retrieved from /Users/dogukanulu/opt/anaconda3/lib/python3.9/site-packages/airflow/example_dags/example_dynamic_task_mapping.py
[2023-06-08T18:38:21.396+0300] {logging_mixin.py:149} INFO - [2023-06-08T18:38:21.396+0300] {dag.py:2726} INFO - Sync 1 DAGs
[2023-06-08T18:38:21.405+0300] {logging_mixin.py:149} INFO - [2023-06-08T18:38:21.405+0300] {dag.py:3486} INFO - Setting next_dagrun for example_dynamic_task_mapping to 2022-03-04T00:00:00+00:00, run_after=2022-03-05T00:00:00+00:00
[2023-06-08T18:38:21.418+0300] {processor.py:179} INFO - Processing /Users/dogukanulu/opt/anaconda3/lib/python3.9/site-packages/airflow/example_dags/example_dynamic_task_mapping.py took 0.422 seconds
[2023-06-08T18:40:26.705+0300] {processor.py:157} INFO - Started process (PID=16651) to work on /Users/dogukanulu/opt/anaconda3/lib/python3.9/site-packages/airflow/example_dags/example_dynamic_task_mapping.py
[2023-06-08T18:40:26.706+0300] {processor.py:826} INFO - Processing file /Users/dogukanulu/opt/anaconda3/lib/python3.9/site-packages/airflow/example_dags/example_dynamic_task_mapping.py for tasks to queue
[2023-06-08T18:40:26.707+0300] {logging_mixin.py:149} INFO - [2023-06-08T18:40:26.707+0300] {dagbag.py:541} INFO - Filling up the DagBag from /Users/dogukanulu/opt/anaconda3/lib/python3.9/site-packages/airflow/example_dags/example_dynamic_task_mapping.py
[2023-06-08T18:40:26.750+0300] {processor.py:836} INFO - DAG(s) dict_keys(['example_dynamic_task_mapping']) retrieved from /Users/dogukanulu/opt/anaconda3/lib/python3.9/site-packages/airflow/example_dags/example_dynamic_task_mapping.py
[2023-06-08T18:40:27.092+0300] {logging_mixin.py:149} INFO - [2023-06-08T18:40:27.091+0300] {dag.py:2726} INFO - Sync 1 DAGs
[2023-06-08T18:40:27.100+0300] {logging_mixin.py:149} INFO - [2023-06-08T18:40:27.100+0300] {dag.py:3486} INFO - Setting next_dagrun for example_dynamic_task_mapping to 2022-03-04T00:00:00+00:00, run_after=2022-03-05T00:00:00+00:00
[2023-06-08T18:40:27.110+0300] {processor.py:179} INFO - Processing /Users/dogukanulu/opt/anaconda3/lib/python3.9/site-packages/airflow/example_dags/example_dynamic_task_mapping.py took 0.405 seconds
[2023-06-08T18:42:31.210+0300] {processor.py:157} INFO - Started process (PID=16816) to work on /Users/dogukanulu/opt/anaconda3/lib/python3.9/site-packages/airflow/example_dags/example_dynamic_task_mapping.py
[2023-06-08T18:42:31.212+0300] {processor.py:826} INFO - Processing file /Users/dogukanulu/opt/anaconda3/lib/python3.9/site-packages/airflow/example_dags/example_dynamic_task_mapping.py for tasks to queue
[2023-06-08T18:42:31.212+0300] {logging_mixin.py:149} INFO - [2023-06-08T18:42:31.212+0300] {dagbag.py:541} INFO - Filling up the DagBag from /Users/dogukanulu/opt/anaconda3/lib/python3.9/site-packages/airflow/example_dags/example_dynamic_task_mapping.py
[2023-06-08T18:42:31.256+0300] {processor.py:836} INFO - DAG(s) dict_keys(['example_dynamic_task_mapping']) retrieved from /Users/dogukanulu/opt/anaconda3/lib/python3.9/site-packages/airflow/example_dags/example_dynamic_task_mapping.py
[2023-06-08T18:42:31.595+0300] {logging_mixin.py:149} INFO - [2023-06-08T18:42:31.595+0300] {dag.py:2726} INFO - Sync 1 DAGs
[2023-06-08T18:42:31.604+0300] {logging_mixin.py:149} INFO - [2023-06-08T18:42:31.604+0300] {dag.py:3486} INFO - Setting next_dagrun for example_dynamic_task_mapping to 2022-03-04T00:00:00+00:00, run_after=2022-03-05T00:00:00+00:00
[2023-06-08T18:42:31.628+0300] {processor.py:179} INFO - Processing /Users/dogukanulu/opt/anaconda3/lib/python3.9/site-packages/airflow/example_dags/example_dynamic_task_mapping.py took 0.418 seconds
[2023-06-08T18:44:35.989+0300] {processor.py:157} INFO - Started process (PID=17001) to work on /Users/dogukanulu/opt/anaconda3/lib/python3.9/site-packages/airflow/example_dags/example_dynamic_task_mapping.py
[2023-06-08T18:44:35.991+0300] {processor.py:826} INFO - Processing file /Users/dogukanulu/opt/anaconda3/lib/python3.9/site-packages/airflow/example_dags/example_dynamic_task_mapping.py for tasks to queue
[2023-06-08T18:44:35.991+0300] {logging_mixin.py:149} INFO - [2023-06-08T18:44:35.991+0300] {dagbag.py:541} INFO - Filling up the DagBag from /Users/dogukanulu/opt/anaconda3/lib/python3.9/site-packages/airflow/example_dags/example_dynamic_task_mapping.py
[2023-06-08T18:44:36.032+0300] {processor.py:836} INFO - DAG(s) dict_keys(['example_dynamic_task_mapping']) retrieved from /Users/dogukanulu/opt/anaconda3/lib/python3.9/site-packages/airflow/example_dags/example_dynamic_task_mapping.py
[2023-06-08T18:44:36.374+0300] {logging_mixin.py:149} INFO - [2023-06-08T18:44:36.373+0300] {dag.py:2726} INFO - Sync 1 DAGs
[2023-06-08T18:44:36.382+0300] {logging_mixin.py:149} INFO - [2023-06-08T18:44:36.382+0300] {dag.py:3486} INFO - Setting next_dagrun for example_dynamic_task_mapping to 2022-03-04T00:00:00+00:00, run_after=2022-03-05T00:00:00+00:00
[2023-06-08T18:44:36.392+0300] {processor.py:179} INFO - Processing /Users/dogukanulu/opt/anaconda3/lib/python3.9/site-packages/airflow/example_dags/example_dynamic_task_mapping.py took 0.403 seconds
