[2023-06-08T18:30:12.522+0300] {processor.py:157} INFO - Started process (PID=15678) to work on /Users/dogukanulu/opt/anaconda3/lib/python3.9/site-packages/airflow/example_dags/example_branch_labels.py
[2023-06-08T18:30:12.522+0300] {processor.py:826} INFO - Processing file /Users/dogukanulu/opt/anaconda3/lib/python3.9/site-packages/airflow/example_dags/example_branch_labels.py for tasks to queue
[2023-06-08T18:30:12.523+0300] {logging_mixin.py:149} INFO - [2023-06-08T18:30:12.523+0300] {dagbag.py:541} INFO - Filling up the DagBag from /Users/dogukanulu/opt/anaconda3/lib/python3.9/site-packages/airflow/example_dags/example_branch_labels.py
[2023-06-08T18:30:12.550+0300] {processor.py:836} INFO - DAG(s) dict_keys(['example_branch_labels']) retrieved from /Users/dogukanulu/opt/anaconda3/lib/python3.9/site-packages/airflow/example_dags/example_branch_labels.py
[2023-06-08T18:30:12.928+0300] {logging_mixin.py:149} INFO - [2023-06-08T18:30:12.928+0300] {manager.py:504} INFO - Created Permission View: can delete on DAG:example_branch_labels
[2023-06-08T18:30:12.932+0300] {logging_mixin.py:149} INFO - [2023-06-08T18:30:12.931+0300] {manager.py:504} INFO - Created Permission View: can read on DAG:example_branch_labels
[2023-06-08T18:30:12.934+0300] {logging_mixin.py:149} INFO - [2023-06-08T18:30:12.934+0300] {manager.py:504} INFO - Created Permission View: can edit on DAG:example_branch_labels
[2023-06-08T18:30:12.934+0300] {logging_mixin.py:149} INFO - [2023-06-08T18:30:12.934+0300] {dag.py:2726} INFO - Sync 1 DAGs
[2023-06-08T18:30:12.940+0300] {logging_mixin.py:149} INFO - [2023-06-08T18:30:12.940+0300] {dag.py:2747} INFO - Creating ORM DAG for example_branch_labels
[2023-06-08T18:30:12.945+0300] {logging_mixin.py:149} INFO - [2023-06-08T18:30:12.945+0300] {dag.py:3486} INFO - Setting next_dagrun for example_branch_labels to 2023-06-07T00:00:00+00:00, run_after=2023-06-08T00:00:00+00:00
[2023-06-08T18:30:12.953+0300] {processor.py:179} INFO - Processing /Users/dogukanulu/opt/anaconda3/lib/python3.9/site-packages/airflow/example_dags/example_branch_labels.py took 0.431 seconds
[2023-06-08T18:32:14.804+0300] {processor.py:157} INFO - Started process (PID=15915) to work on /Users/dogukanulu/opt/anaconda3/lib/python3.9/site-packages/airflow/example_dags/example_branch_labels.py
[2023-06-08T18:32:14.806+0300] {processor.py:826} INFO - Processing file /Users/dogukanulu/opt/anaconda3/lib/python3.9/site-packages/airflow/example_dags/example_branch_labels.py for tasks to queue
[2023-06-08T18:32:14.806+0300] {logging_mixin.py:149} INFO - [2023-06-08T18:32:14.806+0300] {dagbag.py:541} INFO - Filling up the DagBag from /Users/dogukanulu/opt/anaconda3/lib/python3.9/site-packages/airflow/example_dags/example_branch_labels.py
[2023-06-08T18:32:14.832+0300] {processor.py:836} INFO - DAG(s) dict_keys(['example_branch_labels']) retrieved from /Users/dogukanulu/opt/anaconda3/lib/python3.9/site-packages/airflow/example_dags/example_branch_labels.py
[2023-06-08T18:32:15.172+0300] {logging_mixin.py:149} INFO - [2023-06-08T18:32:15.171+0300] {dag.py:2726} INFO - Sync 1 DAGs
[2023-06-08T18:32:15.182+0300] {logging_mixin.py:149} INFO - [2023-06-08T18:32:15.182+0300] {dag.py:3486} INFO - Setting next_dagrun for example_branch_labels to 2023-06-07T00:00:00+00:00, run_after=2023-06-08T00:00:00+00:00
[2023-06-08T18:32:15.191+0300] {processor.py:179} INFO - Processing /Users/dogukanulu/opt/anaconda3/lib/python3.9/site-packages/airflow/example_dags/example_branch_labels.py took 0.387 seconds
[2023-06-08T18:34:19.210+0300] {processor.py:157} INFO - Started process (PID=16082) to work on /Users/dogukanulu/opt/anaconda3/lib/python3.9/site-packages/airflow/example_dags/example_branch_labels.py
[2023-06-08T18:34:19.212+0300] {processor.py:826} INFO - Processing file /Users/dogukanulu/opt/anaconda3/lib/python3.9/site-packages/airflow/example_dags/example_branch_labels.py for tasks to queue
[2023-06-08T18:34:19.212+0300] {logging_mixin.py:149} INFO - [2023-06-08T18:34:19.212+0300] {dagbag.py:541} INFO - Filling up the DagBag from /Users/dogukanulu/opt/anaconda3/lib/python3.9/site-packages/airflow/example_dags/example_branch_labels.py
[2023-06-08T18:34:19.241+0300] {processor.py:836} INFO - DAG(s) dict_keys(['example_branch_labels']) retrieved from /Users/dogukanulu/opt/anaconda3/lib/python3.9/site-packages/airflow/example_dags/example_branch_labels.py
[2023-06-08T18:34:19.605+0300] {logging_mixin.py:149} INFO - [2023-06-08T18:34:19.605+0300] {dag.py:2726} INFO - Sync 1 DAGs
[2023-06-08T18:34:19.616+0300] {logging_mixin.py:149} INFO - [2023-06-08T18:34:19.616+0300] {dag.py:3486} INFO - Setting next_dagrun for example_branch_labels to 2023-06-07T00:00:00+00:00, run_after=2023-06-08T00:00:00+00:00
[2023-06-08T18:34:19.627+0300] {processor.py:179} INFO - Processing /Users/dogukanulu/opt/anaconda3/lib/python3.9/site-packages/airflow/example_dags/example_branch_labels.py took 0.417 seconds
[2023-06-08T18:36:26.945+0300] {processor.py:157} INFO - Started process (PID=16277) to work on /Users/dogukanulu/opt/anaconda3/lib/python3.9/site-packages/airflow/example_dags/example_branch_labels.py
[2023-06-08T18:36:26.946+0300] {processor.py:826} INFO - Processing file /Users/dogukanulu/opt/anaconda3/lib/python3.9/site-packages/airflow/example_dags/example_branch_labels.py for tasks to queue
[2023-06-08T18:36:26.947+0300] {logging_mixin.py:149} INFO - [2023-06-08T18:36:26.947+0300] {dagbag.py:541} INFO - Filling up the DagBag from /Users/dogukanulu/opt/anaconda3/lib/python3.9/site-packages/airflow/example_dags/example_branch_labels.py
[2023-06-08T18:36:26.977+0300] {processor.py:836} INFO - DAG(s) dict_keys(['example_branch_labels']) retrieved from /Users/dogukanulu/opt/anaconda3/lib/python3.9/site-packages/airflow/example_dags/example_branch_labels.py
[2023-06-08T18:36:27.320+0300] {logging_mixin.py:149} INFO - [2023-06-08T18:36:27.320+0300] {dag.py:2726} INFO - Sync 1 DAGs
[2023-06-08T18:36:27.330+0300] {logging_mixin.py:149} INFO - [2023-06-08T18:36:27.330+0300] {dag.py:3486} INFO - Setting next_dagrun for example_branch_labels to 2023-06-07T00:00:00+00:00, run_after=2023-06-08T00:00:00+00:00
[2023-06-08T18:36:27.339+0300] {processor.py:179} INFO - Processing /Users/dogukanulu/opt/anaconda3/lib/python3.9/site-packages/airflow/example_dags/example_branch_labels.py took 0.394 seconds
[2023-06-08T18:38:35.012+0300] {processor.py:157} INFO - Started process (PID=16464) to work on /Users/dogukanulu/opt/anaconda3/lib/python3.9/site-packages/airflow/example_dags/example_branch_labels.py
[2023-06-08T18:38:35.013+0300] {processor.py:826} INFO - Processing file /Users/dogukanulu/opt/anaconda3/lib/python3.9/site-packages/airflow/example_dags/example_branch_labels.py for tasks to queue
[2023-06-08T18:38:35.013+0300] {logging_mixin.py:149} INFO - [2023-06-08T18:38:35.013+0300] {dagbag.py:541} INFO - Filling up the DagBag from /Users/dogukanulu/opt/anaconda3/lib/python3.9/site-packages/airflow/example_dags/example_branch_labels.py
[2023-06-08T18:38:35.040+0300] {processor.py:836} INFO - DAG(s) dict_keys(['example_branch_labels']) retrieved from /Users/dogukanulu/opt/anaconda3/lib/python3.9/site-packages/airflow/example_dags/example_branch_labels.py
[2023-06-08T18:38:35.380+0300] {logging_mixin.py:149} INFO - [2023-06-08T18:38:35.380+0300] {dag.py:2726} INFO - Sync 1 DAGs
[2023-06-08T18:38:35.390+0300] {logging_mixin.py:149} INFO - [2023-06-08T18:38:35.390+0300] {dag.py:3486} INFO - Setting next_dagrun for example_branch_labels to 2023-06-07T00:00:00+00:00, run_after=2023-06-08T00:00:00+00:00
[2023-06-08T18:38:35.399+0300] {processor.py:179} INFO - Processing /Users/dogukanulu/opt/anaconda3/lib/python3.9/site-packages/airflow/example_dags/example_branch_labels.py took 0.388 seconds
[2023-06-08T18:40:41.101+0300] {processor.py:157} INFO - Started process (PID=16669) to work on /Users/dogukanulu/opt/anaconda3/lib/python3.9/site-packages/airflow/example_dags/example_branch_labels.py
[2023-06-08T18:40:41.103+0300] {processor.py:826} INFO - Processing file /Users/dogukanulu/opt/anaconda3/lib/python3.9/site-packages/airflow/example_dags/example_branch_labels.py for tasks to queue
[2023-06-08T18:40:41.103+0300] {logging_mixin.py:149} INFO - [2023-06-08T18:40:41.103+0300] {dagbag.py:541} INFO - Filling up the DagBag from /Users/dogukanulu/opt/anaconda3/lib/python3.9/site-packages/airflow/example_dags/example_branch_labels.py
[2023-06-08T18:40:41.129+0300] {processor.py:836} INFO - DAG(s) dict_keys(['example_branch_labels']) retrieved from /Users/dogukanulu/opt/anaconda3/lib/python3.9/site-packages/airflow/example_dags/example_branch_labels.py
[2023-06-08T18:40:41.468+0300] {logging_mixin.py:149} INFO - [2023-06-08T18:40:41.467+0300] {dag.py:2726} INFO - Sync 1 DAGs
[2023-06-08T18:40:41.478+0300] {logging_mixin.py:149} INFO - [2023-06-08T18:40:41.478+0300] {dag.py:3486} INFO - Setting next_dagrun for example_branch_labels to 2023-06-07T00:00:00+00:00, run_after=2023-06-08T00:00:00+00:00
[2023-06-08T18:40:41.487+0300] {processor.py:179} INFO - Processing /Users/dogukanulu/opt/anaconda3/lib/python3.9/site-packages/airflow/example_dags/example_branch_labels.py took 0.386 seconds
[2023-06-08T18:42:45.634+0300] {processor.py:157} INFO - Started process (PID=16843) to work on /Users/dogukanulu/opt/anaconda3/lib/python3.9/site-packages/airflow/example_dags/example_branch_labels.py
[2023-06-08T18:42:45.635+0300] {processor.py:826} INFO - Processing file /Users/dogukanulu/opt/anaconda3/lib/python3.9/site-packages/airflow/example_dags/example_branch_labels.py for tasks to queue
[2023-06-08T18:42:45.636+0300] {logging_mixin.py:149} INFO - [2023-06-08T18:42:45.636+0300] {dagbag.py:541} INFO - Filling up the DagBag from /Users/dogukanulu/opt/anaconda3/lib/python3.9/site-packages/airflow/example_dags/example_branch_labels.py
[2023-06-08T18:42:45.663+0300] {processor.py:836} INFO - DAG(s) dict_keys(['example_branch_labels']) retrieved from /Users/dogukanulu/opt/anaconda3/lib/python3.9/site-packages/airflow/example_dags/example_branch_labels.py
[2023-06-08T18:42:46.066+0300] {logging_mixin.py:149} INFO - [2023-06-08T18:42:46.066+0300] {dag.py:2726} INFO - Sync 1 DAGs
[2023-06-08T18:42:46.078+0300] {logging_mixin.py:149} INFO - [2023-06-08T18:42:46.078+0300] {dag.py:3486} INFO - Setting next_dagrun for example_branch_labels to 2023-06-07T00:00:00+00:00, run_after=2023-06-08T00:00:00+00:00
[2023-06-08T18:42:46.087+0300] {processor.py:179} INFO - Processing /Users/dogukanulu/opt/anaconda3/lib/python3.9/site-packages/airflow/example_dags/example_branch_labels.py took 0.454 seconds
