[2023-06-08T18:29:56.250+0300] {processor.py:157} INFO - Started process (PID=15652) to work on /Users/dogukanulu/opt/anaconda3/lib/python3.9/site-packages/airflow/example_dags/example_external_task_marker_dag.py
[2023-06-08T18:29:56.251+0300] {processor.py:826} INFO - Processing file /Users/dogukanulu/opt/anaconda3/lib/python3.9/site-packages/airflow/example_dags/example_external_task_marker_dag.py for tasks to queue
[2023-06-08T18:29:56.251+0300] {logging_mixin.py:149} INFO - [2023-06-08T18:29:56.251+0300] {dagbag.py:541} INFO - Filling up the DagBag from /Users/dogukanulu/opt/anaconda3/lib/python3.9/site-packages/airflow/example_dags/example_external_task_marker_dag.py
[2023-06-08T18:29:56.278+0300] {processor.py:836} INFO - DAG(s) dict_keys(['example_external_task_marker_child', 'example_external_task_marker_parent']) retrieved from /Users/dogukanulu/opt/anaconda3/lib/python3.9/site-packages/airflow/example_dags/example_external_task_marker_dag.py
[2023-06-08T18:29:56.667+0300] {logging_mixin.py:149} INFO - [2023-06-08T18:29:56.667+0300] {manager.py:504} INFO - Created Permission View: can delete on DAG:example_external_task_marker_child
[2023-06-08T18:29:56.671+0300] {logging_mixin.py:149} INFO - [2023-06-08T18:29:56.671+0300] {manager.py:504} INFO - Created Permission View: can edit on DAG:example_external_task_marker_child
[2023-06-08T18:29:56.674+0300] {logging_mixin.py:149} INFO - [2023-06-08T18:29:56.674+0300] {manager.py:504} INFO - Created Permission View: can read on DAG:example_external_task_marker_child
[2023-06-08T18:29:56.679+0300] {logging_mixin.py:149} INFO - [2023-06-08T18:29:56.679+0300] {manager.py:504} INFO - Created Permission View: can delete on DAG:example_external_task_marker_parent
[2023-06-08T18:29:56.682+0300] {logging_mixin.py:149} INFO - [2023-06-08T18:29:56.682+0300] {manager.py:504} INFO - Created Permission View: can edit on DAG:example_external_task_marker_parent
[2023-06-08T18:29:56.685+0300] {logging_mixin.py:149} INFO - [2023-06-08T18:29:56.685+0300] {manager.py:504} INFO - Created Permission View: can read on DAG:example_external_task_marker_parent
[2023-06-08T18:29:56.685+0300] {logging_mixin.py:149} INFO - [2023-06-08T18:29:56.685+0300] {dag.py:2726} INFO - Sync 2 DAGs
[2023-06-08T18:29:56.690+0300] {logging_mixin.py:149} INFO - [2023-06-08T18:29:56.690+0300] {dag.py:2747} INFO - Creating ORM DAG for example_external_task_marker_parent
[2023-06-08T18:29:56.691+0300] {logging_mixin.py:149} INFO - [2023-06-08T18:29:56.691+0300] {dag.py:2747} INFO - Creating ORM DAG for example_external_task_marker_child
[2023-06-08T18:29:56.695+0300] {logging_mixin.py:149} INFO - [2023-06-08T18:29:56.695+0300] {dag.py:3486} INFO - Setting next_dagrun for example_external_task_marker_child to None, run_after=None
[2023-06-08T18:29:56.695+0300] {logging_mixin.py:149} INFO - [2023-06-08T18:29:56.695+0300] {dag.py:3486} INFO - Setting next_dagrun for example_external_task_marker_parent to None, run_after=None
[2023-06-08T18:29:56.705+0300] {processor.py:179} INFO - Processing /Users/dogukanulu/opt/anaconda3/lib/python3.9/site-packages/airflow/example_dags/example_external_task_marker_dag.py took 0.455 seconds
[2023-06-08T18:31:58.679+0300] {processor.py:157} INFO - Started process (PID=15894) to work on /Users/dogukanulu/opt/anaconda3/lib/python3.9/site-packages/airflow/example_dags/example_external_task_marker_dag.py
[2023-06-08T18:31:58.680+0300] {processor.py:826} INFO - Processing file /Users/dogukanulu/opt/anaconda3/lib/python3.9/site-packages/airflow/example_dags/example_external_task_marker_dag.py for tasks to queue
[2023-06-08T18:31:58.680+0300] {logging_mixin.py:149} INFO - [2023-06-08T18:31:58.680+0300] {dagbag.py:541} INFO - Filling up the DagBag from /Users/dogukanulu/opt/anaconda3/lib/python3.9/site-packages/airflow/example_dags/example_external_task_marker_dag.py
[2023-06-08T18:31:58.706+0300] {processor.py:836} INFO - DAG(s) dict_keys(['example_external_task_marker_parent', 'example_external_task_marker_child']) retrieved from /Users/dogukanulu/opt/anaconda3/lib/python3.9/site-packages/airflow/example_dags/example_external_task_marker_dag.py
[2023-06-08T18:31:59.056+0300] {logging_mixin.py:149} INFO - [2023-06-08T18:31:59.055+0300] {dag.py:2726} INFO - Sync 2 DAGs
[2023-06-08T18:31:59.064+0300] {logging_mixin.py:149} INFO - [2023-06-08T18:31:59.064+0300] {dag.py:3486} INFO - Setting next_dagrun for example_external_task_marker_child to None, run_after=None
[2023-06-08T18:31:59.066+0300] {logging_mixin.py:149} INFO - [2023-06-08T18:31:59.066+0300] {dag.py:3486} INFO - Setting next_dagrun for example_external_task_marker_parent to None, run_after=None
[2023-06-08T18:31:59.074+0300] {processor.py:179} INFO - Processing /Users/dogukanulu/opt/anaconda3/lib/python3.9/site-packages/airflow/example_dags/example_external_task_marker_dag.py took 0.396 seconds
[2023-06-08T18:34:02.572+0300] {processor.py:157} INFO - Started process (PID=16060) to work on /Users/dogukanulu/opt/anaconda3/lib/python3.9/site-packages/airflow/example_dags/example_external_task_marker_dag.py
[2023-06-08T18:34:02.573+0300] {processor.py:826} INFO - Processing file /Users/dogukanulu/opt/anaconda3/lib/python3.9/site-packages/airflow/example_dags/example_external_task_marker_dag.py for tasks to queue
[2023-06-08T18:34:02.574+0300] {logging_mixin.py:149} INFO - [2023-06-08T18:34:02.574+0300] {dagbag.py:541} INFO - Filling up the DagBag from /Users/dogukanulu/opt/anaconda3/lib/python3.9/site-packages/airflow/example_dags/example_external_task_marker_dag.py
[2023-06-08T18:34:02.600+0300] {processor.py:836} INFO - DAG(s) dict_keys(['example_external_task_marker_parent', 'example_external_task_marker_child']) retrieved from /Users/dogukanulu/opt/anaconda3/lib/python3.9/site-packages/airflow/example_dags/example_external_task_marker_dag.py
[2023-06-08T18:34:02.980+0300] {logging_mixin.py:149} INFO - [2023-06-08T18:34:02.979+0300] {dag.py:2726} INFO - Sync 2 DAGs
[2023-06-08T18:34:02.989+0300] {logging_mixin.py:149} INFO - [2023-06-08T18:34:02.989+0300] {dag.py:3486} INFO - Setting next_dagrun for example_external_task_marker_child to None, run_after=None
[2023-06-08T18:34:02.990+0300] {logging_mixin.py:149} INFO - [2023-06-08T18:34:02.990+0300] {dag.py:3486} INFO - Setting next_dagrun for example_external_task_marker_parent to None, run_after=None
[2023-06-08T18:34:02.999+0300] {processor.py:179} INFO - Processing /Users/dogukanulu/opt/anaconda3/lib/python3.9/site-packages/airflow/example_dags/example_external_task_marker_dag.py took 0.428 seconds
[2023-06-08T18:36:10.268+0300] {processor.py:157} INFO - Started process (PID=16236) to work on /Users/dogukanulu/opt/anaconda3/lib/python3.9/site-packages/airflow/example_dags/example_external_task_marker_dag.py
[2023-06-08T18:36:10.269+0300] {processor.py:826} INFO - Processing file /Users/dogukanulu/opt/anaconda3/lib/python3.9/site-packages/airflow/example_dags/example_external_task_marker_dag.py for tasks to queue
[2023-06-08T18:36:10.269+0300] {logging_mixin.py:149} INFO - [2023-06-08T18:36:10.269+0300] {dagbag.py:541} INFO - Filling up the DagBag from /Users/dogukanulu/opt/anaconda3/lib/python3.9/site-packages/airflow/example_dags/example_external_task_marker_dag.py
[2023-06-08T18:36:10.296+0300] {processor.py:836} INFO - DAG(s) dict_keys(['example_external_task_marker_parent', 'example_external_task_marker_child']) retrieved from /Users/dogukanulu/opt/anaconda3/lib/python3.9/site-packages/airflow/example_dags/example_external_task_marker_dag.py
[2023-06-08T18:36:10.660+0300] {logging_mixin.py:149} INFO - [2023-06-08T18:36:10.660+0300] {dag.py:2726} INFO - Sync 2 DAGs
[2023-06-08T18:36:10.669+0300] {logging_mixin.py:149} INFO - [2023-06-08T18:36:10.669+0300] {dag.py:3486} INFO - Setting next_dagrun for example_external_task_marker_child to None, run_after=None
[2023-06-08T18:36:10.670+0300] {logging_mixin.py:149} INFO - [2023-06-08T18:36:10.670+0300] {dag.py:3486} INFO - Setting next_dagrun for example_external_task_marker_parent to None, run_after=None
[2023-06-08T18:36:10.680+0300] {processor.py:179} INFO - Processing /Users/dogukanulu/opt/anaconda3/lib/python3.9/site-packages/airflow/example_dags/example_external_task_marker_dag.py took 0.412 seconds
[2023-06-08T18:38:19.512+0300] {processor.py:157} INFO - Started process (PID=16441) to work on /Users/dogukanulu/opt/anaconda3/lib/python3.9/site-packages/airflow/example_dags/example_external_task_marker_dag.py
[2023-06-08T18:38:19.513+0300] {processor.py:826} INFO - Processing file /Users/dogukanulu/opt/anaconda3/lib/python3.9/site-packages/airflow/example_dags/example_external_task_marker_dag.py for tasks to queue
[2023-06-08T18:38:19.513+0300] {logging_mixin.py:149} INFO - [2023-06-08T18:38:19.513+0300] {dagbag.py:541} INFO - Filling up the DagBag from /Users/dogukanulu/opt/anaconda3/lib/python3.9/site-packages/airflow/example_dags/example_external_task_marker_dag.py
[2023-06-08T18:38:19.540+0300] {processor.py:836} INFO - DAG(s) dict_keys(['example_external_task_marker_child', 'example_external_task_marker_parent']) retrieved from /Users/dogukanulu/opt/anaconda3/lib/python3.9/site-packages/airflow/example_dags/example_external_task_marker_dag.py
[2023-06-08T18:38:19.890+0300] {logging_mixin.py:149} INFO - [2023-06-08T18:38:19.890+0300] {dag.py:2726} INFO - Sync 2 DAGs
[2023-06-08T18:38:19.899+0300] {logging_mixin.py:149} INFO - [2023-06-08T18:38:19.899+0300] {dag.py:3486} INFO - Setting next_dagrun for example_external_task_marker_child to None, run_after=None
[2023-06-08T18:38:19.900+0300] {logging_mixin.py:149} INFO - [2023-06-08T18:38:19.900+0300] {dag.py:3486} INFO - Setting next_dagrun for example_external_task_marker_parent to None, run_after=None
[2023-06-08T18:38:19.909+0300] {processor.py:179} INFO - Processing /Users/dogukanulu/opt/anaconda3/lib/python3.9/site-packages/airflow/example_dags/example_external_task_marker_dag.py took 0.397 seconds
[2023-06-08T18:40:24.902+0300] {processor.py:157} INFO - Started process (PID=16648) to work on /Users/dogukanulu/opt/anaconda3/lib/python3.9/site-packages/airflow/example_dags/example_external_task_marker_dag.py
[2023-06-08T18:40:24.904+0300] {processor.py:826} INFO - Processing file /Users/dogukanulu/opt/anaconda3/lib/python3.9/site-packages/airflow/example_dags/example_external_task_marker_dag.py for tasks to queue
[2023-06-08T18:40:24.904+0300] {logging_mixin.py:149} INFO - [2023-06-08T18:40:24.904+0300] {dagbag.py:541} INFO - Filling up the DagBag from /Users/dogukanulu/opt/anaconda3/lib/python3.9/site-packages/airflow/example_dags/example_external_task_marker_dag.py
[2023-06-08T18:40:24.930+0300] {processor.py:836} INFO - DAG(s) dict_keys(['example_external_task_marker_parent', 'example_external_task_marker_child']) retrieved from /Users/dogukanulu/opt/anaconda3/lib/python3.9/site-packages/airflow/example_dags/example_external_task_marker_dag.py
[2023-06-08T18:40:25.291+0300] {logging_mixin.py:149} INFO - [2023-06-08T18:40:25.291+0300] {dag.py:2726} INFO - Sync 2 DAGs
[2023-06-08T18:40:25.300+0300] {logging_mixin.py:149} INFO - [2023-06-08T18:40:25.300+0300] {dag.py:3486} INFO - Setting next_dagrun for example_external_task_marker_child to None, run_after=None
[2023-06-08T18:40:25.301+0300] {logging_mixin.py:149} INFO - [2023-06-08T18:40:25.301+0300] {dag.py:3486} INFO - Setting next_dagrun for example_external_task_marker_parent to None, run_after=None
[2023-06-08T18:40:25.310+0300] {processor.py:179} INFO - Processing /Users/dogukanulu/opt/anaconda3/lib/python3.9/site-packages/airflow/example_dags/example_external_task_marker_dag.py took 0.409 seconds
[2023-06-08T18:42:29.332+0300] {processor.py:157} INFO - Started process (PID=16815) to work on /Users/dogukanulu/opt/anaconda3/lib/python3.9/site-packages/airflow/example_dags/example_external_task_marker_dag.py
[2023-06-08T18:42:29.333+0300] {processor.py:826} INFO - Processing file /Users/dogukanulu/opt/anaconda3/lib/python3.9/site-packages/airflow/example_dags/example_external_task_marker_dag.py for tasks to queue
[2023-06-08T18:42:29.333+0300] {logging_mixin.py:149} INFO - [2023-06-08T18:42:29.333+0300] {dagbag.py:541} INFO - Filling up the DagBag from /Users/dogukanulu/opt/anaconda3/lib/python3.9/site-packages/airflow/example_dags/example_external_task_marker_dag.py
[2023-06-08T18:42:29.359+0300] {processor.py:836} INFO - DAG(s) dict_keys(['example_external_task_marker_child', 'example_external_task_marker_parent']) retrieved from /Users/dogukanulu/opt/anaconda3/lib/python3.9/site-packages/airflow/example_dags/example_external_task_marker_dag.py
[2023-06-08T18:42:29.711+0300] {logging_mixin.py:149} INFO - [2023-06-08T18:42:29.711+0300] {dag.py:2726} INFO - Sync 2 DAGs
[2023-06-08T18:42:29.720+0300] {logging_mixin.py:149} INFO - [2023-06-08T18:42:29.720+0300] {dag.py:3486} INFO - Setting next_dagrun for example_external_task_marker_child to None, run_after=None
[2023-06-08T18:42:29.722+0300] {logging_mixin.py:149} INFO - [2023-06-08T18:42:29.722+0300] {dag.py:3486} INFO - Setting next_dagrun for example_external_task_marker_parent to None, run_after=None
[2023-06-08T18:42:29.730+0300] {processor.py:179} INFO - Processing /Users/dogukanulu/opt/anaconda3/lib/python3.9/site-packages/airflow/example_dags/example_external_task_marker_dag.py took 0.399 seconds
[2023-06-08T18:44:33.840+0300] {processor.py:157} INFO - Started process (PID=16999) to work on /Users/dogukanulu/opt/anaconda3/lib/python3.9/site-packages/airflow/example_dags/example_external_task_marker_dag.py
[2023-06-08T18:44:33.842+0300] {processor.py:826} INFO - Processing file /Users/dogukanulu/opt/anaconda3/lib/python3.9/site-packages/airflow/example_dags/example_external_task_marker_dag.py for tasks to queue
[2023-06-08T18:44:33.842+0300] {logging_mixin.py:149} INFO - [2023-06-08T18:44:33.842+0300] {dagbag.py:541} INFO - Filling up the DagBag from /Users/dogukanulu/opt/anaconda3/lib/python3.9/site-packages/airflow/example_dags/example_external_task_marker_dag.py
[2023-06-08T18:44:33.869+0300] {processor.py:836} INFO - DAG(s) dict_keys(['example_external_task_marker_child', 'example_external_task_marker_parent']) retrieved from /Users/dogukanulu/opt/anaconda3/lib/python3.9/site-packages/airflow/example_dags/example_external_task_marker_dag.py
[2023-06-08T18:44:34.223+0300] {logging_mixin.py:149} INFO - [2023-06-08T18:44:34.223+0300] {dag.py:2726} INFO - Sync 2 DAGs
[2023-06-08T18:44:34.232+0300] {logging_mixin.py:149} INFO - [2023-06-08T18:44:34.232+0300] {dag.py:3486} INFO - Setting next_dagrun for example_external_task_marker_child to None, run_after=None
[2023-06-08T18:44:34.233+0300] {logging_mixin.py:149} INFO - [2023-06-08T18:44:34.233+0300] {dag.py:3486} INFO - Setting next_dagrun for example_external_task_marker_parent to None, run_after=None
[2023-06-08T18:44:34.242+0300] {processor.py:179} INFO - Processing /Users/dogukanulu/opt/anaconda3/lib/python3.9/site-packages/airflow/example_dags/example_external_task_marker_dag.py took 0.402 seconds
