[2023-06-08T18:29:11.461+0300] {processor.py:157} INFO - Started process (PID=15594) to work on /Users/dogukanulu/opt/anaconda3/lib/python3.9/site-packages/airflow/example_dags/example_trigger_controller_dag.py
[2023-06-08T18:29:11.462+0300] {processor.py:826} INFO - Processing file /Users/dogukanulu/opt/anaconda3/lib/python3.9/site-packages/airflow/example_dags/example_trigger_controller_dag.py for tasks to queue
[2023-06-08T18:29:11.462+0300] {logging_mixin.py:149} INFO - [2023-06-08T18:29:11.462+0300] {dagbag.py:541} INFO - Filling up the DagBag from /Users/dogukanulu/opt/anaconda3/lib/python3.9/site-packages/airflow/example_dags/example_trigger_controller_dag.py
[2023-06-08T18:29:11.488+0300] {processor.py:836} INFO - DAG(s) dict_keys(['example_trigger_controller_dag']) retrieved from /Users/dogukanulu/opt/anaconda3/lib/python3.9/site-packages/airflow/example_dags/example_trigger_controller_dag.py
[2023-06-08T18:29:11.866+0300] {logging_mixin.py:149} INFO - [2023-06-08T18:29:11.866+0300] {manager.py:504} INFO - Created Permission View: can delete on DAG:example_trigger_controller_dag
[2023-06-08T18:29:11.870+0300] {logging_mixin.py:149} INFO - [2023-06-08T18:29:11.870+0300] {manager.py:504} INFO - Created Permission View: can edit on DAG:example_trigger_controller_dag
[2023-06-08T18:29:11.873+0300] {logging_mixin.py:149} INFO - [2023-06-08T18:29:11.873+0300] {manager.py:504} INFO - Created Permission View: can read on DAG:example_trigger_controller_dag
[2023-06-08T18:29:11.873+0300] {logging_mixin.py:149} INFO - [2023-06-08T18:29:11.873+0300] {dag.py:2726} INFO - Sync 1 DAGs
[2023-06-08T18:29:11.878+0300] {logging_mixin.py:149} INFO - [2023-06-08T18:29:11.878+0300] {dag.py:2747} INFO - Creating ORM DAG for example_trigger_controller_dag
[2023-06-08T18:29:11.882+0300] {logging_mixin.py:149} INFO - [2023-06-08T18:29:11.882+0300] {dag.py:3486} INFO - Setting next_dagrun for example_trigger_controller_dag to 2021-01-01T00:00:00+00:00, run_after=2021-01-01T00:00:00+00:00
[2023-06-08T18:29:11.891+0300] {processor.py:179} INFO - Processing /Users/dogukanulu/opt/anaconda3/lib/python3.9/site-packages/airflow/example_dags/example_trigger_controller_dag.py took 0.430 seconds
[2023-06-08T18:30:42.937+0300] {processor.py:157} INFO - Started process (PID=15788) to work on /Users/dogukanulu/opt/anaconda3/lib/python3.9/site-packages/airflow/example_dags/example_trigger_controller_dag.py
[2023-06-08T18:30:42.939+0300] {processor.py:826} INFO - Processing file /Users/dogukanulu/opt/anaconda3/lib/python3.9/site-packages/airflow/example_dags/example_trigger_controller_dag.py for tasks to queue
[2023-06-08T18:30:42.939+0300] {logging_mixin.py:149} INFO - [2023-06-08T18:30:42.939+0300] {dagbag.py:541} INFO - Filling up the DagBag from /Users/dogukanulu/opt/anaconda3/lib/python3.9/site-packages/airflow/example_dags/example_trigger_controller_dag.py
[2023-06-08T18:30:42.966+0300] {processor.py:836} INFO - DAG(s) dict_keys(['example_trigger_controller_dag']) retrieved from /Users/dogukanulu/opt/anaconda3/lib/python3.9/site-packages/airflow/example_dags/example_trigger_controller_dag.py
[2023-06-08T18:30:43.317+0300] {logging_mixin.py:149} INFO - [2023-06-08T18:30:43.317+0300] {dag.py:2726} INFO - Sync 1 DAGs
[2023-06-08T18:30:43.327+0300] {logging_mixin.py:149} INFO - [2023-06-08T18:30:43.327+0300] {dag.py:3486} INFO - Setting next_dagrun for example_trigger_controller_dag to 2021-01-01T00:00:00+00:00, run_after=2021-01-01T00:00:00+00:00
[2023-06-08T18:30:43.336+0300] {processor.py:179} INFO - Processing /Users/dogukanulu/opt/anaconda3/lib/python3.9/site-packages/airflow/example_dags/example_trigger_controller_dag.py took 0.399 seconds
[2023-06-08T18:31:44.890+0300] {processor.py:157} INFO - Started process (PID=15875) to work on /Users/dogukanulu/opt/anaconda3/lib/python3.9/site-packages/airflow/example_dags/example_trigger_controller_dag.py
[2023-06-08T18:31:44.892+0300] {processor.py:826} INFO - Processing file /Users/dogukanulu/opt/anaconda3/lib/python3.9/site-packages/airflow/example_dags/example_trigger_controller_dag.py for tasks to queue
[2023-06-08T18:31:44.892+0300] {logging_mixin.py:149} INFO - [2023-06-08T18:31:44.892+0300] {dagbag.py:541} INFO - Filling up the DagBag from /Users/dogukanulu/opt/anaconda3/lib/python3.9/site-packages/airflow/example_dags/example_trigger_controller_dag.py
[2023-06-08T18:31:44.918+0300] {processor.py:836} INFO - DAG(s) dict_keys(['example_trigger_controller_dag']) retrieved from /Users/dogukanulu/opt/anaconda3/lib/python3.9/site-packages/airflow/example_dags/example_trigger_controller_dag.py
[2023-06-08T18:31:45.257+0300] {logging_mixin.py:149} INFO - [2023-06-08T18:31:45.257+0300] {dag.py:2726} INFO - Sync 1 DAGs
[2023-06-08T18:31:45.267+0300] {logging_mixin.py:149} INFO - [2023-06-08T18:31:45.267+0300] {dag.py:3486} INFO - Setting next_dagrun for example_trigger_controller_dag to 2021-01-01T00:00:00+00:00, run_after=2021-01-01T00:00:00+00:00
[2023-06-08T18:31:45.276+0300] {processor.py:179} INFO - Processing /Users/dogukanulu/opt/anaconda3/lib/python3.9/site-packages/airflow/example_dags/example_trigger_controller_dag.py took 0.386 seconds
[2023-06-08T18:32:46.191+0300] {processor.py:157} INFO - Started process (PID=15955) to work on /Users/dogukanulu/opt/anaconda3/lib/python3.9/site-packages/airflow/example_dags/example_trigger_controller_dag.py
[2023-06-08T18:32:46.192+0300] {processor.py:826} INFO - Processing file /Users/dogukanulu/opt/anaconda3/lib/python3.9/site-packages/airflow/example_dags/example_trigger_controller_dag.py for tasks to queue
[2023-06-08T18:32:46.192+0300] {logging_mixin.py:149} INFO - [2023-06-08T18:32:46.192+0300] {dagbag.py:541} INFO - Filling up the DagBag from /Users/dogukanulu/opt/anaconda3/lib/python3.9/site-packages/airflow/example_dags/example_trigger_controller_dag.py
[2023-06-08T18:32:46.218+0300] {processor.py:836} INFO - DAG(s) dict_keys(['example_trigger_controller_dag']) retrieved from /Users/dogukanulu/opt/anaconda3/lib/python3.9/site-packages/airflow/example_dags/example_trigger_controller_dag.py
[2023-06-08T18:32:46.557+0300] {logging_mixin.py:149} INFO - [2023-06-08T18:32:46.557+0300] {dag.py:2726} INFO - Sync 1 DAGs
[2023-06-08T18:32:46.566+0300] {logging_mixin.py:149} INFO - [2023-06-08T18:32:46.566+0300] {dag.py:3486} INFO - Setting next_dagrun for example_trigger_controller_dag to 2021-01-01T00:00:00+00:00, run_after=2021-01-01T00:00:00+00:00
[2023-06-08T18:32:46.576+0300] {processor.py:179} INFO - Processing /Users/dogukanulu/opt/anaconda3/lib/python3.9/site-packages/airflow/example_dags/example_trigger_controller_dag.py took 0.385 seconds
[2023-06-08T18:33:46.969+0300] {processor.py:157} INFO - Started process (PID=16038) to work on /Users/dogukanulu/opt/anaconda3/lib/python3.9/site-packages/airflow/example_dags/example_trigger_controller_dag.py
[2023-06-08T18:33:46.971+0300] {processor.py:826} INFO - Processing file /Users/dogukanulu/opt/anaconda3/lib/python3.9/site-packages/airflow/example_dags/example_trigger_controller_dag.py for tasks to queue
[2023-06-08T18:33:46.972+0300] {logging_mixin.py:149} INFO - [2023-06-08T18:33:46.971+0300] {dagbag.py:541} INFO - Filling up the DagBag from /Users/dogukanulu/opt/anaconda3/lib/python3.9/site-packages/airflow/example_dags/example_trigger_controller_dag.py
[2023-06-08T18:33:47.004+0300] {processor.py:836} INFO - DAG(s) dict_keys(['example_trigger_controller_dag']) retrieved from /Users/dogukanulu/opt/anaconda3/lib/python3.9/site-packages/airflow/example_dags/example_trigger_controller_dag.py
[2023-06-08T18:33:47.394+0300] {logging_mixin.py:149} INFO - [2023-06-08T18:33:47.393+0300] {dag.py:2726} INFO - Sync 1 DAGs
[2023-06-08T18:33:47.405+0300] {logging_mixin.py:149} INFO - [2023-06-08T18:33:47.405+0300] {dag.py:3486} INFO - Setting next_dagrun for example_trigger_controller_dag to 2021-01-01T00:00:00+00:00, run_after=2021-01-01T00:00:00+00:00
[2023-06-08T18:33:47.415+0300] {processor.py:179} INFO - Processing /Users/dogukanulu/opt/anaconda3/lib/python3.9/site-packages/airflow/example_dags/example_trigger_controller_dag.py took 0.447 seconds
[2023-06-08T18:34:52.000+0300] {processor.py:157} INFO - Started process (PID=16126) to work on /Users/dogukanulu/opt/anaconda3/lib/python3.9/site-packages/airflow/example_dags/example_trigger_controller_dag.py
[2023-06-08T18:34:52.002+0300] {processor.py:826} INFO - Processing file /Users/dogukanulu/opt/anaconda3/lib/python3.9/site-packages/airflow/example_dags/example_trigger_controller_dag.py for tasks to queue
[2023-06-08T18:34:52.002+0300] {logging_mixin.py:149} INFO - [2023-06-08T18:34:52.002+0300] {dagbag.py:541} INFO - Filling up the DagBag from /Users/dogukanulu/opt/anaconda3/lib/python3.9/site-packages/airflow/example_dags/example_trigger_controller_dag.py
[2023-06-08T18:34:52.028+0300] {processor.py:836} INFO - DAG(s) dict_keys(['example_trigger_controller_dag']) retrieved from /Users/dogukanulu/opt/anaconda3/lib/python3.9/site-packages/airflow/example_dags/example_trigger_controller_dag.py
[2023-06-08T18:34:52.367+0300] {logging_mixin.py:149} INFO - [2023-06-08T18:34:52.367+0300] {dag.py:2726} INFO - Sync 1 DAGs
[2023-06-08T18:34:52.376+0300] {logging_mixin.py:149} INFO - [2023-06-08T18:34:52.376+0300] {dag.py:3486} INFO - Setting next_dagrun for example_trigger_controller_dag to 2021-01-01T00:00:00+00:00, run_after=2021-01-01T00:00:00+00:00
[2023-06-08T18:34:52.385+0300] {processor.py:179} INFO - Processing /Users/dogukanulu/opt/anaconda3/lib/python3.9/site-packages/airflow/example_dags/example_trigger_controller_dag.py took 0.385 seconds
[2023-06-08T18:35:56.733+0300] {processor.py:157} INFO - Started process (PID=16215) to work on /Users/dogukanulu/opt/anaconda3/lib/python3.9/site-packages/airflow/example_dags/example_trigger_controller_dag.py
[2023-06-08T18:35:56.734+0300] {processor.py:826} INFO - Processing file /Users/dogukanulu/opt/anaconda3/lib/python3.9/site-packages/airflow/example_dags/example_trigger_controller_dag.py for tasks to queue
[2023-06-08T18:35:56.734+0300] {logging_mixin.py:149} INFO - [2023-06-08T18:35:56.734+0300] {dagbag.py:541} INFO - Filling up the DagBag from /Users/dogukanulu/opt/anaconda3/lib/python3.9/site-packages/airflow/example_dags/example_trigger_controller_dag.py
[2023-06-08T18:35:56.761+0300] {processor.py:836} INFO - DAG(s) dict_keys(['example_trigger_controller_dag']) retrieved from /Users/dogukanulu/opt/anaconda3/lib/python3.9/site-packages/airflow/example_dags/example_trigger_controller_dag.py
[2023-06-08T18:35:57.130+0300] {logging_mixin.py:149} INFO - [2023-06-08T18:35:57.130+0300] {dag.py:2726} INFO - Sync 1 DAGs
[2023-06-08T18:35:57.140+0300] {logging_mixin.py:149} INFO - [2023-06-08T18:35:57.140+0300] {dag.py:3486} INFO - Setting next_dagrun for example_trigger_controller_dag to 2021-01-01T00:00:00+00:00, run_after=2021-01-01T00:00:00+00:00
[2023-06-08T18:35:57.150+0300] {processor.py:179} INFO - Processing /Users/dogukanulu/opt/anaconda3/lib/python3.9/site-packages/airflow/example_dags/example_trigger_controller_dag.py took 0.417 seconds
[2023-06-08T18:36:58.555+0300] {processor.py:157} INFO - Started process (PID=16331) to work on /Users/dogukanulu/opt/anaconda3/lib/python3.9/site-packages/airflow/example_dags/example_trigger_controller_dag.py
[2023-06-08T18:36:58.557+0300] {processor.py:826} INFO - Processing file /Users/dogukanulu/opt/anaconda3/lib/python3.9/site-packages/airflow/example_dags/example_trigger_controller_dag.py for tasks to queue
[2023-06-08T18:36:58.557+0300] {logging_mixin.py:149} INFO - [2023-06-08T18:36:58.557+0300] {dagbag.py:541} INFO - Filling up the DagBag from /Users/dogukanulu/opt/anaconda3/lib/python3.9/site-packages/airflow/example_dags/example_trigger_controller_dag.py
[2023-06-08T18:36:58.592+0300] {processor.py:836} INFO - DAG(s) dict_keys(['example_trigger_controller_dag']) retrieved from /Users/dogukanulu/opt/anaconda3/lib/python3.9/site-packages/airflow/example_dags/example_trigger_controller_dag.py
[2023-06-08T18:36:59.001+0300] {logging_mixin.py:149} INFO - [2023-06-08T18:36:59.001+0300] {dag.py:2726} INFO - Sync 1 DAGs
[2023-06-08T18:36:59.014+0300] {logging_mixin.py:149} INFO - [2023-06-08T18:36:59.014+0300] {dag.py:3486} INFO - Setting next_dagrun for example_trigger_controller_dag to 2021-01-01T00:00:00+00:00, run_after=2021-01-01T00:00:00+00:00
[2023-06-08T18:36:59.028+0300] {processor.py:179} INFO - Processing /Users/dogukanulu/opt/anaconda3/lib/python3.9/site-packages/airflow/example_dags/example_trigger_controller_dag.py took 0.474 seconds
[2023-06-08T18:38:03.048+0300] {processor.py:157} INFO - Started process (PID=16416) to work on /Users/dogukanulu/opt/anaconda3/lib/python3.9/site-packages/airflow/example_dags/example_trigger_controller_dag.py
[2023-06-08T18:38:03.049+0300] {processor.py:826} INFO - Processing file /Users/dogukanulu/opt/anaconda3/lib/python3.9/site-packages/airflow/example_dags/example_trigger_controller_dag.py for tasks to queue
[2023-06-08T18:38:03.049+0300] {logging_mixin.py:149} INFO - [2023-06-08T18:38:03.049+0300] {dagbag.py:541} INFO - Filling up the DagBag from /Users/dogukanulu/opt/anaconda3/lib/python3.9/site-packages/airflow/example_dags/example_trigger_controller_dag.py
[2023-06-08T18:38:03.075+0300] {processor.py:836} INFO - DAG(s) dict_keys(['example_trigger_controller_dag']) retrieved from /Users/dogukanulu/opt/anaconda3/lib/python3.9/site-packages/airflow/example_dags/example_trigger_controller_dag.py
[2023-06-08T18:38:03.413+0300] {logging_mixin.py:149} INFO - [2023-06-08T18:38:03.413+0300] {dag.py:2726} INFO - Sync 1 DAGs
[2023-06-08T18:38:03.422+0300] {logging_mixin.py:149} INFO - [2023-06-08T18:38:03.422+0300] {dag.py:3486} INFO - Setting next_dagrun for example_trigger_controller_dag to 2021-01-01T00:00:00+00:00, run_after=2021-01-01T00:00:00+00:00
[2023-06-08T18:38:03.432+0300] {processor.py:179} INFO - Processing /Users/dogukanulu/opt/anaconda3/lib/python3.9/site-packages/airflow/example_dags/example_trigger_controller_dag.py took 0.384 seconds
[2023-06-08T18:39:08.315+0300] {processor.py:157} INFO - Started process (PID=16509) to work on /Users/dogukanulu/opt/anaconda3/lib/python3.9/site-packages/airflow/example_dags/example_trigger_controller_dag.py
[2023-06-08T18:39:08.316+0300] {processor.py:826} INFO - Processing file /Users/dogukanulu/opt/anaconda3/lib/python3.9/site-packages/airflow/example_dags/example_trigger_controller_dag.py for tasks to queue
[2023-06-08T18:39:08.316+0300] {logging_mixin.py:149} INFO - [2023-06-08T18:39:08.316+0300] {dagbag.py:541} INFO - Filling up the DagBag from /Users/dogukanulu/opt/anaconda3/lib/python3.9/site-packages/airflow/example_dags/example_trigger_controller_dag.py
[2023-06-08T18:39:08.342+0300] {processor.py:836} INFO - DAG(s) dict_keys(['example_trigger_controller_dag']) retrieved from /Users/dogukanulu/opt/anaconda3/lib/python3.9/site-packages/airflow/example_dags/example_trigger_controller_dag.py
[2023-06-08T18:39:08.679+0300] {logging_mixin.py:149} INFO - [2023-06-08T18:39:08.679+0300] {dag.py:2726} INFO - Sync 1 DAGs
[2023-06-08T18:39:08.688+0300] {logging_mixin.py:149} INFO - [2023-06-08T18:39:08.688+0300] {dag.py:3486} INFO - Setting next_dagrun for example_trigger_controller_dag to 2021-01-01T00:00:00+00:00, run_after=2021-01-01T00:00:00+00:00
[2023-06-08T18:39:08.698+0300] {processor.py:179} INFO - Processing /Users/dogukanulu/opt/anaconda3/lib/python3.9/site-packages/airflow/example_dags/example_trigger_controller_dag.py took 0.383 seconds
[2023-06-08T18:40:10.415+0300] {processor.py:157} INFO - Started process (PID=16625) to work on /Users/dogukanulu/opt/anaconda3/lib/python3.9/site-packages/airflow/example_dags/example_trigger_controller_dag.py
[2023-06-08T18:40:10.416+0300] {processor.py:826} INFO - Processing file /Users/dogukanulu/opt/anaconda3/lib/python3.9/site-packages/airflow/example_dags/example_trigger_controller_dag.py for tasks to queue
[2023-06-08T18:40:10.417+0300] {logging_mixin.py:149} INFO - [2023-06-08T18:40:10.416+0300] {dagbag.py:541} INFO - Filling up the DagBag from /Users/dogukanulu/opt/anaconda3/lib/python3.9/site-packages/airflow/example_dags/example_trigger_controller_dag.py
[2023-06-08T18:40:10.443+0300] {processor.py:836} INFO - DAG(s) dict_keys(['example_trigger_controller_dag']) retrieved from /Users/dogukanulu/opt/anaconda3/lib/python3.9/site-packages/airflow/example_dags/example_trigger_controller_dag.py
[2023-06-08T18:40:10.781+0300] {logging_mixin.py:149} INFO - [2023-06-08T18:40:10.781+0300] {dag.py:2726} INFO - Sync 1 DAGs
[2023-06-08T18:40:10.790+0300] {logging_mixin.py:149} INFO - [2023-06-08T18:40:10.790+0300] {dag.py:3486} INFO - Setting next_dagrun for example_trigger_controller_dag to 2021-01-01T00:00:00+00:00, run_after=2021-01-01T00:00:00+00:00
[2023-06-08T18:40:10.799+0300] {processor.py:179} INFO - Processing /Users/dogukanulu/opt/anaconda3/lib/python3.9/site-packages/airflow/example_dags/example_trigger_controller_dag.py took 0.384 seconds
[2023-06-08T18:41:12.393+0300] {processor.py:157} INFO - Started process (PID=16712) to work on /Users/dogukanulu/opt/anaconda3/lib/python3.9/site-packages/airflow/example_dags/example_trigger_controller_dag.py
[2023-06-08T18:41:12.395+0300] {processor.py:826} INFO - Processing file /Users/dogukanulu/opt/anaconda3/lib/python3.9/site-packages/airflow/example_dags/example_trigger_controller_dag.py for tasks to queue
[2023-06-08T18:41:12.395+0300] {logging_mixin.py:149} INFO - [2023-06-08T18:41:12.395+0300] {dagbag.py:541} INFO - Filling up the DagBag from /Users/dogukanulu/opt/anaconda3/lib/python3.9/site-packages/airflow/example_dags/example_trigger_controller_dag.py
[2023-06-08T18:41:12.420+0300] {processor.py:836} INFO - DAG(s) dict_keys(['example_trigger_controller_dag']) retrieved from /Users/dogukanulu/opt/anaconda3/lib/python3.9/site-packages/airflow/example_dags/example_trigger_controller_dag.py
[2023-06-08T18:41:12.755+0300] {logging_mixin.py:149} INFO - [2023-06-08T18:41:12.755+0300] {dag.py:2726} INFO - Sync 1 DAGs
[2023-06-08T18:41:12.764+0300] {logging_mixin.py:149} INFO - [2023-06-08T18:41:12.764+0300] {dag.py:3486} INFO - Setting next_dagrun for example_trigger_controller_dag to 2021-01-01T00:00:00+00:00, run_after=2021-01-01T00:00:00+00:00
[2023-06-08T18:41:12.773+0300] {processor.py:179} INFO - Processing /Users/dogukanulu/opt/anaconda3/lib/python3.9/site-packages/airflow/example_dags/example_trigger_controller_dag.py took 0.380 seconds
[2023-06-08T18:42:15.828+0300] {processor.py:157} INFO - Started process (PID=16796) to work on /Users/dogukanulu/opt/anaconda3/lib/python3.9/site-packages/airflow/example_dags/example_trigger_controller_dag.py
[2023-06-08T18:42:15.829+0300] {processor.py:826} INFO - Processing file /Users/dogukanulu/opt/anaconda3/lib/python3.9/site-packages/airflow/example_dags/example_trigger_controller_dag.py for tasks to queue
[2023-06-08T18:42:15.830+0300] {logging_mixin.py:149} INFO - [2023-06-08T18:42:15.830+0300] {dagbag.py:541} INFO - Filling up the DagBag from /Users/dogukanulu/opt/anaconda3/lib/python3.9/site-packages/airflow/example_dags/example_trigger_controller_dag.py
[2023-06-08T18:42:15.856+0300] {processor.py:836} INFO - DAG(s) dict_keys(['example_trigger_controller_dag']) retrieved from /Users/dogukanulu/opt/anaconda3/lib/python3.9/site-packages/airflow/example_dags/example_trigger_controller_dag.py
[2023-06-08T18:42:16.195+0300] {logging_mixin.py:149} INFO - [2023-06-08T18:42:16.195+0300] {dag.py:2726} INFO - Sync 1 DAGs
[2023-06-08T18:42:16.205+0300] {logging_mixin.py:149} INFO - [2023-06-08T18:42:16.205+0300] {dag.py:3486} INFO - Setting next_dagrun for example_trigger_controller_dag to 2021-01-01T00:00:00+00:00, run_after=2021-01-01T00:00:00+00:00
[2023-06-08T18:42:16.214+0300] {processor.py:179} INFO - Processing /Users/dogukanulu/opt/anaconda3/lib/python3.9/site-packages/airflow/example_dags/example_trigger_controller_dag.py took 0.387 seconds
[2023-06-08T18:43:19.824+0300] {processor.py:157} INFO - Started process (PID=16892) to work on /Users/dogukanulu/opt/anaconda3/lib/python3.9/site-packages/airflow/example_dags/example_trigger_controller_dag.py
[2023-06-08T18:43:19.825+0300] {processor.py:826} INFO - Processing file /Users/dogukanulu/opt/anaconda3/lib/python3.9/site-packages/airflow/example_dags/example_trigger_controller_dag.py for tasks to queue
[2023-06-08T18:43:19.825+0300] {logging_mixin.py:149} INFO - [2023-06-08T18:43:19.825+0300] {dagbag.py:541} INFO - Filling up the DagBag from /Users/dogukanulu/opt/anaconda3/lib/python3.9/site-packages/airflow/example_dags/example_trigger_controller_dag.py
[2023-06-08T18:43:19.851+0300] {processor.py:836} INFO - DAG(s) dict_keys(['example_trigger_controller_dag']) retrieved from /Users/dogukanulu/opt/anaconda3/lib/python3.9/site-packages/airflow/example_dags/example_trigger_controller_dag.py
[2023-06-08T18:43:20.200+0300] {logging_mixin.py:149} INFO - [2023-06-08T18:43:20.200+0300] {dag.py:2726} INFO - Sync 1 DAGs
[2023-06-08T18:43:20.210+0300] {logging_mixin.py:149} INFO - [2023-06-08T18:43:20.210+0300] {dag.py:3486} INFO - Setting next_dagrun for example_trigger_controller_dag to 2021-01-01T00:00:00+00:00, run_after=2021-01-01T00:00:00+00:00
[2023-06-08T18:43:20.219+0300] {processor.py:179} INFO - Processing /Users/dogukanulu/opt/anaconda3/lib/python3.9/site-packages/airflow/example_dags/example_trigger_controller_dag.py took 0.396 seconds
[2023-06-08T18:44:20.325+0300] {processor.py:157} INFO - Started process (PID=16980) to work on /Users/dogukanulu/opt/anaconda3/lib/python3.9/site-packages/airflow/example_dags/example_trigger_controller_dag.py
[2023-06-08T18:44:20.327+0300] {processor.py:826} INFO - Processing file /Users/dogukanulu/opt/anaconda3/lib/python3.9/site-packages/airflow/example_dags/example_trigger_controller_dag.py for tasks to queue
[2023-06-08T18:44:20.327+0300] {logging_mixin.py:149} INFO - [2023-06-08T18:44:20.327+0300] {dagbag.py:541} INFO - Filling up the DagBag from /Users/dogukanulu/opt/anaconda3/lib/python3.9/site-packages/airflow/example_dags/example_trigger_controller_dag.py
[2023-06-08T18:44:20.353+0300] {processor.py:836} INFO - DAG(s) dict_keys(['example_trigger_controller_dag']) retrieved from /Users/dogukanulu/opt/anaconda3/lib/python3.9/site-packages/airflow/example_dags/example_trigger_controller_dag.py
[2023-06-08T18:44:20.703+0300] {logging_mixin.py:149} INFO - [2023-06-08T18:44:20.703+0300] {dag.py:2726} INFO - Sync 1 DAGs
[2023-06-08T18:44:20.712+0300] {logging_mixin.py:149} INFO - [2023-06-08T18:44:20.712+0300] {dag.py:3486} INFO - Setting next_dagrun for example_trigger_controller_dag to 2021-01-01T00:00:00+00:00, run_after=2021-01-01T00:00:00+00:00
[2023-06-08T18:44:20.721+0300] {processor.py:179} INFO - Processing /Users/dogukanulu/opt/anaconda3/lib/python3.9/site-packages/airflow/example_dags/example_trigger_controller_dag.py took 0.396 seconds
