[2023-06-08T18:29:38.026+0300] {processor.py:157} INFO - Started process (PID=15629) to work on /Users/dogukanulu/opt/anaconda3/lib/python3.9/site-packages/airflow/example_dags/example_python_operator.py
[2023-06-08T18:29:38.026+0300] {processor.py:826} INFO - Processing file /Users/dogukanulu/opt/anaconda3/lib/python3.9/site-packages/airflow/example_dags/example_python_operator.py for tasks to queue
[2023-06-08T18:29:38.027+0300] {logging_mixin.py:149} INFO - [2023-06-08T18:29:38.027+0300] {dagbag.py:541} INFO - Filling up the DagBag from /Users/dogukanulu/opt/anaconda3/lib/python3.9/site-packages/airflow/example_dags/example_python_operator.py
[2023-06-08T18:29:38.066+0300] {logging_mixin.py:149} INFO - [2023-06-08T18:29:38.066+0300] {taskmixin.py:211} WARNING - Dependency <Task(_PythonDecoratedOperator): print_the_context>, log_sql_query already registered for DAG: example_python_operator
[2023-06-08T18:29:38.066+0300] {logging_mixin.py:149} INFO - [2023-06-08T18:29:38.066+0300] {taskmixin.py:211} WARNING - Dependency <Task(_PythonDecoratedOperator): log_sql_query>, print_the_context already registered for DAG: example_python_operator
[2023-06-08T18:29:38.066+0300] {logging_mixin.py:149} INFO - [2023-06-08T18:29:38.066+0300] {taskmixin.py:211} WARNING - Dependency <Task(_PythonDecoratedOperator): print_the_context>, log_sql_query already registered for DAG: example_python_operator
[2023-06-08T18:29:38.066+0300] {logging_mixin.py:149} INFO - [2023-06-08T18:29:38.066+0300] {taskmixin.py:211} WARNING - Dependency <Task(_PythonDecoratedOperator): log_sql_query>, print_the_context already registered for DAG: example_python_operator
[2023-06-08T18:29:38.067+0300] {logging_mixin.py:149} INFO - [2023-06-08T18:29:38.067+0300] {taskmixin.py:211} WARNING - Dependency <Task(_PythonDecoratedOperator): print_the_context>, log_sql_query already registered for DAG: example_python_operator
[2023-06-08T18:29:38.067+0300] {logging_mixin.py:149} INFO - [2023-06-08T18:29:38.067+0300] {taskmixin.py:211} WARNING - Dependency <Task(_PythonDecoratedOperator): log_sql_query>, print_the_context already registered for DAG: example_python_operator
[2023-06-08T18:29:38.067+0300] {logging_mixin.py:149} INFO - [2023-06-08T18:29:38.067+0300] {taskmixin.py:211} WARNING - Dependency <Task(_PythonDecoratedOperator): print_the_context>, log_sql_query already registered for DAG: example_python_operator
[2023-06-08T18:29:38.067+0300] {logging_mixin.py:149} INFO - [2023-06-08T18:29:38.067+0300] {taskmixin.py:211} WARNING - Dependency <Task(_PythonDecoratedOperator): log_sql_query>, print_the_context already registered for DAG: example_python_operator
[2023-06-08T18:29:38.071+0300] {processor.py:836} INFO - DAG(s) dict_keys(['example_python_operator']) retrieved from /Users/dogukanulu/opt/anaconda3/lib/python3.9/site-packages/airflow/example_dags/example_python_operator.py
[2023-06-08T18:29:38.448+0300] {logging_mixin.py:149} INFO - [2023-06-08T18:29:38.447+0300] {manager.py:504} INFO - Created Permission View: can edit on DAG:example_python_operator
[2023-06-08T18:29:38.451+0300] {logging_mixin.py:149} INFO - [2023-06-08T18:29:38.451+0300] {manager.py:504} INFO - Created Permission View: can read on DAG:example_python_operator
[2023-06-08T18:29:38.454+0300] {logging_mixin.py:149} INFO - [2023-06-08T18:29:38.454+0300] {manager.py:504} INFO - Created Permission View: can delete on DAG:example_python_operator
[2023-06-08T18:29:38.454+0300] {logging_mixin.py:149} INFO - [2023-06-08T18:29:38.454+0300] {dag.py:2726} INFO - Sync 1 DAGs
[2023-06-08T18:29:38.460+0300] {logging_mixin.py:149} INFO - [2023-06-08T18:29:38.460+0300] {dag.py:2747} INFO - Creating ORM DAG for example_python_operator
[2023-06-08T18:29:38.464+0300] {logging_mixin.py:149} INFO - [2023-06-08T18:29:38.464+0300] {dag.py:3486} INFO - Setting next_dagrun for example_python_operator to None, run_after=None
[2023-06-08T18:29:38.473+0300] {processor.py:179} INFO - Processing /Users/dogukanulu/opt/anaconda3/lib/python3.9/site-packages/airflow/example_dags/example_python_operator.py took 0.447 seconds
[2023-06-08T18:31:08.825+0300] {processor.py:157} INFO - Started process (PID=15824) to work on /Users/dogukanulu/opt/anaconda3/lib/python3.9/site-packages/airflow/example_dags/example_python_operator.py
[2023-06-08T18:31:08.827+0300] {processor.py:826} INFO - Processing file /Users/dogukanulu/opt/anaconda3/lib/python3.9/site-packages/airflow/example_dags/example_python_operator.py for tasks to queue
[2023-06-08T18:31:08.827+0300] {logging_mixin.py:149} INFO - [2023-06-08T18:31:08.827+0300] {dagbag.py:541} INFO - Filling up the DagBag from /Users/dogukanulu/opt/anaconda3/lib/python3.9/site-packages/airflow/example_dags/example_python_operator.py
[2023-06-08T18:31:08.865+0300] {logging_mixin.py:149} INFO - [2023-06-08T18:31:08.865+0300] {taskmixin.py:211} WARNING - Dependency <Task(_PythonDecoratedOperator): print_the_context>, log_sql_query already registered for DAG: example_python_operator
[2023-06-08T18:31:08.865+0300] {logging_mixin.py:149} INFO - [2023-06-08T18:31:08.865+0300] {taskmixin.py:211} WARNING - Dependency <Task(_PythonDecoratedOperator): log_sql_query>, print_the_context already registered for DAG: example_python_operator
[2023-06-08T18:31:08.866+0300] {logging_mixin.py:149} INFO - [2023-06-08T18:31:08.866+0300] {taskmixin.py:211} WARNING - Dependency <Task(_PythonDecoratedOperator): print_the_context>, log_sql_query already registered for DAG: example_python_operator
[2023-06-08T18:31:08.866+0300] {logging_mixin.py:149} INFO - [2023-06-08T18:31:08.866+0300] {taskmixin.py:211} WARNING - Dependency <Task(_PythonDecoratedOperator): log_sql_query>, print_the_context already registered for DAG: example_python_operator
[2023-06-08T18:31:08.866+0300] {logging_mixin.py:149} INFO - [2023-06-08T18:31:08.866+0300] {taskmixin.py:211} WARNING - Dependency <Task(_PythonDecoratedOperator): print_the_context>, log_sql_query already registered for DAG: example_python_operator
[2023-06-08T18:31:08.866+0300] {logging_mixin.py:149} INFO - [2023-06-08T18:31:08.866+0300] {taskmixin.py:211} WARNING - Dependency <Task(_PythonDecoratedOperator): log_sql_query>, print_the_context already registered for DAG: example_python_operator
[2023-06-08T18:31:08.867+0300] {logging_mixin.py:149} INFO - [2023-06-08T18:31:08.867+0300] {taskmixin.py:211} WARNING - Dependency <Task(_PythonDecoratedOperator): print_the_context>, log_sql_query already registered for DAG: example_python_operator
[2023-06-08T18:31:08.867+0300] {logging_mixin.py:149} INFO - [2023-06-08T18:31:08.867+0300] {taskmixin.py:211} WARNING - Dependency <Task(_PythonDecoratedOperator): log_sql_query>, print_the_context already registered for DAG: example_python_operator
[2023-06-08T18:31:08.871+0300] {processor.py:836} INFO - DAG(s) dict_keys(['example_python_operator']) retrieved from /Users/dogukanulu/opt/anaconda3/lib/python3.9/site-packages/airflow/example_dags/example_python_operator.py
[2023-06-08T18:31:09.220+0300] {logging_mixin.py:149} INFO - [2023-06-08T18:31:09.220+0300] {dag.py:2726} INFO - Sync 1 DAGs
[2023-06-08T18:31:09.228+0300] {logging_mixin.py:149} INFO - [2023-06-08T18:31:09.228+0300] {dag.py:3486} INFO - Setting next_dagrun for example_python_operator to None, run_after=None
[2023-06-08T18:31:09.238+0300] {processor.py:179} INFO - Processing /Users/dogukanulu/opt/anaconda3/lib/python3.9/site-packages/airflow/example_dags/example_python_operator.py took 0.413 seconds
[2023-06-08T18:33:10.821+0300] {processor.py:157} INFO - Started process (PID=15991) to work on /Users/dogukanulu/opt/anaconda3/lib/python3.9/site-packages/airflow/example_dags/example_python_operator.py
[2023-06-08T18:33:10.822+0300] {processor.py:826} INFO - Processing file /Users/dogukanulu/opt/anaconda3/lib/python3.9/site-packages/airflow/example_dags/example_python_operator.py for tasks to queue
[2023-06-08T18:33:10.822+0300] {logging_mixin.py:149} INFO - [2023-06-08T18:33:10.822+0300] {dagbag.py:541} INFO - Filling up the DagBag from /Users/dogukanulu/opt/anaconda3/lib/python3.9/site-packages/airflow/example_dags/example_python_operator.py
[2023-06-08T18:33:10.861+0300] {logging_mixin.py:149} INFO - [2023-06-08T18:33:10.861+0300] {taskmixin.py:211} WARNING - Dependency <Task(_PythonDecoratedOperator): print_the_context>, log_sql_query already registered for DAG: example_python_operator
[2023-06-08T18:33:10.861+0300] {logging_mixin.py:149} INFO - [2023-06-08T18:33:10.861+0300] {taskmixin.py:211} WARNING - Dependency <Task(_PythonDecoratedOperator): log_sql_query>, print_the_context already registered for DAG: example_python_operator
[2023-06-08T18:33:10.861+0300] {logging_mixin.py:149} INFO - [2023-06-08T18:33:10.861+0300] {taskmixin.py:211} WARNING - Dependency <Task(_PythonDecoratedOperator): print_the_context>, log_sql_query already registered for DAG: example_python_operator
[2023-06-08T18:33:10.862+0300] {logging_mixin.py:149} INFO - [2023-06-08T18:33:10.861+0300] {taskmixin.py:211} WARNING - Dependency <Task(_PythonDecoratedOperator): log_sql_query>, print_the_context already registered for DAG: example_python_operator
[2023-06-08T18:33:10.862+0300] {logging_mixin.py:149} INFO - [2023-06-08T18:33:10.862+0300] {taskmixin.py:211} WARNING - Dependency <Task(_PythonDecoratedOperator): print_the_context>, log_sql_query already registered for DAG: example_python_operator
[2023-06-08T18:33:10.862+0300] {logging_mixin.py:149} INFO - [2023-06-08T18:33:10.862+0300] {taskmixin.py:211} WARNING - Dependency <Task(_PythonDecoratedOperator): log_sql_query>, print_the_context already registered for DAG: example_python_operator
[2023-06-08T18:33:10.862+0300] {logging_mixin.py:149} INFO - [2023-06-08T18:33:10.862+0300] {taskmixin.py:211} WARNING - Dependency <Task(_PythonDecoratedOperator): print_the_context>, log_sql_query already registered for DAG: example_python_operator
[2023-06-08T18:33:10.862+0300] {logging_mixin.py:149} INFO - [2023-06-08T18:33:10.862+0300] {taskmixin.py:211} WARNING - Dependency <Task(_PythonDecoratedOperator): log_sql_query>, print_the_context already registered for DAG: example_python_operator
[2023-06-08T18:33:10.866+0300] {processor.py:836} INFO - DAG(s) dict_keys(['example_python_operator']) retrieved from /Users/dogukanulu/opt/anaconda3/lib/python3.9/site-packages/airflow/example_dags/example_python_operator.py
[2023-06-08T18:33:11.216+0300] {logging_mixin.py:149} INFO - [2023-06-08T18:33:11.216+0300] {dag.py:2726} INFO - Sync 1 DAGs
[2023-06-08T18:33:11.225+0300] {logging_mixin.py:149} INFO - [2023-06-08T18:33:11.225+0300] {dag.py:3486} INFO - Setting next_dagrun for example_python_operator to None, run_after=None
[2023-06-08T18:33:11.235+0300] {processor.py:179} INFO - Processing /Users/dogukanulu/opt/anaconda3/lib/python3.9/site-packages/airflow/example_dags/example_python_operator.py took 0.414 seconds
[2023-06-08T18:35:18.611+0300] {processor.py:157} INFO - Started process (PID=16164) to work on /Users/dogukanulu/opt/anaconda3/lib/python3.9/site-packages/airflow/example_dags/example_python_operator.py
[2023-06-08T18:35:18.612+0300] {processor.py:826} INFO - Processing file /Users/dogukanulu/opt/anaconda3/lib/python3.9/site-packages/airflow/example_dags/example_python_operator.py for tasks to queue
[2023-06-08T18:35:18.612+0300] {logging_mixin.py:149} INFO - [2023-06-08T18:35:18.612+0300] {dagbag.py:541} INFO - Filling up the DagBag from /Users/dogukanulu/opt/anaconda3/lib/python3.9/site-packages/airflow/example_dags/example_python_operator.py
[2023-06-08T18:35:18.651+0300] {logging_mixin.py:149} INFO - [2023-06-08T18:35:18.651+0300] {taskmixin.py:211} WARNING - Dependency <Task(_PythonDecoratedOperator): print_the_context>, log_sql_query already registered for DAG: example_python_operator
[2023-06-08T18:35:18.651+0300] {logging_mixin.py:149} INFO - [2023-06-08T18:35:18.651+0300] {taskmixin.py:211} WARNING - Dependency <Task(_PythonDecoratedOperator): log_sql_query>, print_the_context already registered for DAG: example_python_operator
[2023-06-08T18:35:18.651+0300] {logging_mixin.py:149} INFO - [2023-06-08T18:35:18.651+0300] {taskmixin.py:211} WARNING - Dependency <Task(_PythonDecoratedOperator): print_the_context>, log_sql_query already registered for DAG: example_python_operator
[2023-06-08T18:35:18.651+0300] {logging_mixin.py:149} INFO - [2023-06-08T18:35:18.651+0300] {taskmixin.py:211} WARNING - Dependency <Task(_PythonDecoratedOperator): log_sql_query>, print_the_context already registered for DAG: example_python_operator
[2023-06-08T18:35:18.652+0300] {logging_mixin.py:149} INFO - [2023-06-08T18:35:18.652+0300] {taskmixin.py:211} WARNING - Dependency <Task(_PythonDecoratedOperator): print_the_context>, log_sql_query already registered for DAG: example_python_operator
[2023-06-08T18:35:18.652+0300] {logging_mixin.py:149} INFO - [2023-06-08T18:35:18.652+0300] {taskmixin.py:211} WARNING - Dependency <Task(_PythonDecoratedOperator): log_sql_query>, print_the_context already registered for DAG: example_python_operator
[2023-06-08T18:35:18.652+0300] {logging_mixin.py:149} INFO - [2023-06-08T18:35:18.652+0300] {taskmixin.py:211} WARNING - Dependency <Task(_PythonDecoratedOperator): print_the_context>, log_sql_query already registered for DAG: example_python_operator
[2023-06-08T18:35:18.652+0300] {logging_mixin.py:149} INFO - [2023-06-08T18:35:18.652+0300] {taskmixin.py:211} WARNING - Dependency <Task(_PythonDecoratedOperator): log_sql_query>, print_the_context already registered for DAG: example_python_operator
[2023-06-08T18:35:18.656+0300] {processor.py:836} INFO - DAG(s) dict_keys(['example_python_operator']) retrieved from /Users/dogukanulu/opt/anaconda3/lib/python3.9/site-packages/airflow/example_dags/example_python_operator.py
[2023-06-08T18:35:19.004+0300] {logging_mixin.py:149} INFO - [2023-06-08T18:35:19.004+0300] {dag.py:2726} INFO - Sync 1 DAGs
[2023-06-08T18:35:19.012+0300] {logging_mixin.py:149} INFO - [2023-06-08T18:35:19.012+0300] {dag.py:3486} INFO - Setting next_dagrun for example_python_operator to None, run_after=None
[2023-06-08T18:35:19.022+0300] {processor.py:179} INFO - Processing /Users/dogukanulu/opt/anaconda3/lib/python3.9/site-packages/airflow/example_dags/example_python_operator.py took 0.412 seconds
[2023-06-08T18:37:25.136+0300] {processor.py:157} INFO - Started process (PID=16365) to work on /Users/dogukanulu/opt/anaconda3/lib/python3.9/site-packages/airflow/example_dags/example_python_operator.py
[2023-06-08T18:37:25.137+0300] {processor.py:826} INFO - Processing file /Users/dogukanulu/opt/anaconda3/lib/python3.9/site-packages/airflow/example_dags/example_python_operator.py for tasks to queue
[2023-06-08T18:37:25.137+0300] {logging_mixin.py:149} INFO - [2023-06-08T18:37:25.137+0300] {dagbag.py:541} INFO - Filling up the DagBag from /Users/dogukanulu/opt/anaconda3/lib/python3.9/site-packages/airflow/example_dags/example_python_operator.py
[2023-06-08T18:37:25.176+0300] {logging_mixin.py:149} INFO - [2023-06-08T18:37:25.176+0300] {taskmixin.py:211} WARNING - Dependency <Task(_PythonDecoratedOperator): print_the_context>, log_sql_query already registered for DAG: example_python_operator
[2023-06-08T18:37:25.176+0300] {logging_mixin.py:149} INFO - [2023-06-08T18:37:25.176+0300] {taskmixin.py:211} WARNING - Dependency <Task(_PythonDecoratedOperator): log_sql_query>, print_the_context already registered for DAG: example_python_operator
[2023-06-08T18:37:25.177+0300] {logging_mixin.py:149} INFO - [2023-06-08T18:37:25.177+0300] {taskmixin.py:211} WARNING - Dependency <Task(_PythonDecoratedOperator): print_the_context>, log_sql_query already registered for DAG: example_python_operator
[2023-06-08T18:37:25.177+0300] {logging_mixin.py:149} INFO - [2023-06-08T18:37:25.177+0300] {taskmixin.py:211} WARNING - Dependency <Task(_PythonDecoratedOperator): log_sql_query>, print_the_context already registered for DAG: example_python_operator
[2023-06-08T18:37:25.177+0300] {logging_mixin.py:149} INFO - [2023-06-08T18:37:25.177+0300] {taskmixin.py:211} WARNING - Dependency <Task(_PythonDecoratedOperator): print_the_context>, log_sql_query already registered for DAG: example_python_operator
[2023-06-08T18:37:25.177+0300] {logging_mixin.py:149} INFO - [2023-06-08T18:37:25.177+0300] {taskmixin.py:211} WARNING - Dependency <Task(_PythonDecoratedOperator): log_sql_query>, print_the_context already registered for DAG: example_python_operator
[2023-06-08T18:37:25.178+0300] {logging_mixin.py:149} INFO - [2023-06-08T18:37:25.178+0300] {taskmixin.py:211} WARNING - Dependency <Task(_PythonDecoratedOperator): print_the_context>, log_sql_query already registered for DAG: example_python_operator
[2023-06-08T18:37:25.178+0300] {logging_mixin.py:149} INFO - [2023-06-08T18:37:25.178+0300] {taskmixin.py:211} WARNING - Dependency <Task(_PythonDecoratedOperator): log_sql_query>, print_the_context already registered for DAG: example_python_operator
[2023-06-08T18:37:25.182+0300] {processor.py:836} INFO - DAG(s) dict_keys(['example_python_operator']) retrieved from /Users/dogukanulu/opt/anaconda3/lib/python3.9/site-packages/airflow/example_dags/example_python_operator.py
[2023-06-08T18:37:25.533+0300] {logging_mixin.py:149} INFO - [2023-06-08T18:37:25.533+0300] {dag.py:2726} INFO - Sync 1 DAGs
[2023-06-08T18:37:25.542+0300] {logging_mixin.py:149} INFO - [2023-06-08T18:37:25.542+0300] {dag.py:3486} INFO - Setting next_dagrun for example_python_operator to None, run_after=None
[2023-06-08T18:37:25.552+0300] {processor.py:179} INFO - Processing /Users/dogukanulu/opt/anaconda3/lib/python3.9/site-packages/airflow/example_dags/example_python_operator.py took 0.416 seconds
[2023-06-08T18:39:34.748+0300] {processor.py:157} INFO - Started process (PID=16572) to work on /Users/dogukanulu/opt/anaconda3/lib/python3.9/site-packages/airflow/example_dags/example_python_operator.py
[2023-06-08T18:39:34.749+0300] {processor.py:826} INFO - Processing file /Users/dogukanulu/opt/anaconda3/lib/python3.9/site-packages/airflow/example_dags/example_python_operator.py for tasks to queue
[2023-06-08T18:39:34.750+0300] {logging_mixin.py:149} INFO - [2023-06-08T18:39:34.750+0300] {dagbag.py:541} INFO - Filling up the DagBag from /Users/dogukanulu/opt/anaconda3/lib/python3.9/site-packages/airflow/example_dags/example_python_operator.py
[2023-06-08T18:39:34.788+0300] {logging_mixin.py:149} INFO - [2023-06-08T18:39:34.788+0300] {taskmixin.py:211} WARNING - Dependency <Task(_PythonDecoratedOperator): print_the_context>, log_sql_query already registered for DAG: example_python_operator
[2023-06-08T18:39:34.788+0300] {logging_mixin.py:149} INFO - [2023-06-08T18:39:34.788+0300] {taskmixin.py:211} WARNING - Dependency <Task(_PythonDecoratedOperator): log_sql_query>, print_the_context already registered for DAG: example_python_operator
[2023-06-08T18:39:34.788+0300] {logging_mixin.py:149} INFO - [2023-06-08T18:39:34.788+0300] {taskmixin.py:211} WARNING - Dependency <Task(_PythonDecoratedOperator): print_the_context>, log_sql_query already registered for DAG: example_python_operator
[2023-06-08T18:39:34.789+0300] {logging_mixin.py:149} INFO - [2023-06-08T18:39:34.788+0300] {taskmixin.py:211} WARNING - Dependency <Task(_PythonDecoratedOperator): log_sql_query>, print_the_context already registered for DAG: example_python_operator
[2023-06-08T18:39:34.789+0300] {logging_mixin.py:149} INFO - [2023-06-08T18:39:34.789+0300] {taskmixin.py:211} WARNING - Dependency <Task(_PythonDecoratedOperator): print_the_context>, log_sql_query already registered for DAG: example_python_operator
[2023-06-08T18:39:34.789+0300] {logging_mixin.py:149} INFO - [2023-06-08T18:39:34.789+0300] {taskmixin.py:211} WARNING - Dependency <Task(_PythonDecoratedOperator): log_sql_query>, print_the_context already registered for DAG: example_python_operator
[2023-06-08T18:39:34.789+0300] {logging_mixin.py:149} INFO - [2023-06-08T18:39:34.789+0300] {taskmixin.py:211} WARNING - Dependency <Task(_PythonDecoratedOperator): print_the_context>, log_sql_query already registered for DAG: example_python_operator
[2023-06-08T18:39:34.789+0300] {logging_mixin.py:149} INFO - [2023-06-08T18:39:34.789+0300] {taskmixin.py:211} WARNING - Dependency <Task(_PythonDecoratedOperator): log_sql_query>, print_the_context already registered for DAG: example_python_operator
[2023-06-08T18:39:34.793+0300] {processor.py:836} INFO - DAG(s) dict_keys(['example_python_operator']) retrieved from /Users/dogukanulu/opt/anaconda3/lib/python3.9/site-packages/airflow/example_dags/example_python_operator.py
[2023-06-08T18:39:35.143+0300] {logging_mixin.py:149} INFO - [2023-06-08T18:39:35.142+0300] {dag.py:2726} INFO - Sync 1 DAGs
[2023-06-08T18:39:35.151+0300] {logging_mixin.py:149} INFO - [2023-06-08T18:39:35.151+0300] {dag.py:3486} INFO - Setting next_dagrun for example_python_operator to None, run_after=None
[2023-06-08T18:39:35.161+0300] {processor.py:179} INFO - Processing /Users/dogukanulu/opt/anaconda3/lib/python3.9/site-packages/airflow/example_dags/example_python_operator.py took 0.413 seconds
[2023-06-08T18:41:38.634+0300] {processor.py:157} INFO - Started process (PID=16747) to work on /Users/dogukanulu/opt/anaconda3/lib/python3.9/site-packages/airflow/example_dags/example_python_operator.py
[2023-06-08T18:41:38.635+0300] {processor.py:826} INFO - Processing file /Users/dogukanulu/opt/anaconda3/lib/python3.9/site-packages/airflow/example_dags/example_python_operator.py for tasks to queue
[2023-06-08T18:41:38.636+0300] {logging_mixin.py:149} INFO - [2023-06-08T18:41:38.636+0300] {dagbag.py:541} INFO - Filling up the DagBag from /Users/dogukanulu/opt/anaconda3/lib/python3.9/site-packages/airflow/example_dags/example_python_operator.py
[2023-06-08T18:41:38.675+0300] {logging_mixin.py:149} INFO - [2023-06-08T18:41:38.675+0300] {taskmixin.py:211} WARNING - Dependency <Task(_PythonDecoratedOperator): print_the_context>, log_sql_query already registered for DAG: example_python_operator
[2023-06-08T18:41:38.675+0300] {logging_mixin.py:149} INFO - [2023-06-08T18:41:38.675+0300] {taskmixin.py:211} WARNING - Dependency <Task(_PythonDecoratedOperator): log_sql_query>, print_the_context already registered for DAG: example_python_operator
[2023-06-08T18:41:38.675+0300] {logging_mixin.py:149} INFO - [2023-06-08T18:41:38.675+0300] {taskmixin.py:211} WARNING - Dependency <Task(_PythonDecoratedOperator): print_the_context>, log_sql_query already registered for DAG: example_python_operator
[2023-06-08T18:41:38.675+0300] {logging_mixin.py:149} INFO - [2023-06-08T18:41:38.675+0300] {taskmixin.py:211} WARNING - Dependency <Task(_PythonDecoratedOperator): log_sql_query>, print_the_context already registered for DAG: example_python_operator
[2023-06-08T18:41:38.676+0300] {logging_mixin.py:149} INFO - [2023-06-08T18:41:38.675+0300] {taskmixin.py:211} WARNING - Dependency <Task(_PythonDecoratedOperator): print_the_context>, log_sql_query already registered for DAG: example_python_operator
[2023-06-08T18:41:38.676+0300] {logging_mixin.py:149} INFO - [2023-06-08T18:41:38.676+0300] {taskmixin.py:211} WARNING - Dependency <Task(_PythonDecoratedOperator): log_sql_query>, print_the_context already registered for DAG: example_python_operator
[2023-06-08T18:41:38.676+0300] {logging_mixin.py:149} INFO - [2023-06-08T18:41:38.676+0300] {taskmixin.py:211} WARNING - Dependency <Task(_PythonDecoratedOperator): print_the_context>, log_sql_query already registered for DAG: example_python_operator
[2023-06-08T18:41:38.676+0300] {logging_mixin.py:149} INFO - [2023-06-08T18:41:38.676+0300] {taskmixin.py:211} WARNING - Dependency <Task(_PythonDecoratedOperator): log_sql_query>, print_the_context already registered for DAG: example_python_operator
[2023-06-08T18:41:38.680+0300] {processor.py:836} INFO - DAG(s) dict_keys(['example_python_operator']) retrieved from /Users/dogukanulu/opt/anaconda3/lib/python3.9/site-packages/airflow/example_dags/example_python_operator.py
[2023-06-08T18:41:39.033+0300] {logging_mixin.py:149} INFO - [2023-06-08T18:41:39.033+0300] {dag.py:2726} INFO - Sync 1 DAGs
[2023-06-08T18:41:39.042+0300] {logging_mixin.py:149} INFO - [2023-06-08T18:41:39.041+0300] {dag.py:3486} INFO - Setting next_dagrun for example_python_operator to None, run_after=None
[2023-06-08T18:41:39.051+0300] {processor.py:179} INFO - Processing /Users/dogukanulu/opt/anaconda3/lib/python3.9/site-packages/airflow/example_dags/example_python_operator.py took 0.418 seconds
[2023-06-08T18:43:44.058+0300] {processor.py:157} INFO - Started process (PID=16932) to work on /Users/dogukanulu/opt/anaconda3/lib/python3.9/site-packages/airflow/example_dags/example_python_operator.py
[2023-06-08T18:43:44.059+0300] {processor.py:826} INFO - Processing file /Users/dogukanulu/opt/anaconda3/lib/python3.9/site-packages/airflow/example_dags/example_python_operator.py for tasks to queue
[2023-06-08T18:43:44.059+0300] {logging_mixin.py:149} INFO - [2023-06-08T18:43:44.059+0300] {dagbag.py:541} INFO - Filling up the DagBag from /Users/dogukanulu/opt/anaconda3/lib/python3.9/site-packages/airflow/example_dags/example_python_operator.py
[2023-06-08T18:43:44.098+0300] {logging_mixin.py:149} INFO - [2023-06-08T18:43:44.098+0300] {taskmixin.py:211} WARNING - Dependency <Task(_PythonDecoratedOperator): print_the_context>, log_sql_query already registered for DAG: example_python_operator
[2023-06-08T18:43:44.098+0300] {logging_mixin.py:149} INFO - [2023-06-08T18:43:44.098+0300] {taskmixin.py:211} WARNING - Dependency <Task(_PythonDecoratedOperator): log_sql_query>, print_the_context already registered for DAG: example_python_operator
[2023-06-08T18:43:44.098+0300] {logging_mixin.py:149} INFO - [2023-06-08T18:43:44.098+0300] {taskmixin.py:211} WARNING - Dependency <Task(_PythonDecoratedOperator): print_the_context>, log_sql_query already registered for DAG: example_python_operator
[2023-06-08T18:43:44.098+0300] {logging_mixin.py:149} INFO - [2023-06-08T18:43:44.098+0300] {taskmixin.py:211} WARNING - Dependency <Task(_PythonDecoratedOperator): log_sql_query>, print_the_context already registered for DAG: example_python_operator
[2023-06-08T18:43:44.098+0300] {logging_mixin.py:149} INFO - [2023-06-08T18:43:44.098+0300] {taskmixin.py:211} WARNING - Dependency <Task(_PythonDecoratedOperator): print_the_context>, log_sql_query already registered for DAG: example_python_operator
[2023-06-08T18:43:44.099+0300] {logging_mixin.py:149} INFO - [2023-06-08T18:43:44.098+0300] {taskmixin.py:211} WARNING - Dependency <Task(_PythonDecoratedOperator): log_sql_query>, print_the_context already registered for DAG: example_python_operator
[2023-06-08T18:43:44.099+0300] {logging_mixin.py:149} INFO - [2023-06-08T18:43:44.099+0300] {taskmixin.py:211} WARNING - Dependency <Task(_PythonDecoratedOperator): print_the_context>, log_sql_query already registered for DAG: example_python_operator
[2023-06-08T18:43:44.099+0300] {logging_mixin.py:149} INFO - [2023-06-08T18:43:44.099+0300] {taskmixin.py:211} WARNING - Dependency <Task(_PythonDecoratedOperator): log_sql_query>, print_the_context already registered for DAG: example_python_operator
[2023-06-08T18:43:44.103+0300] {processor.py:836} INFO - DAG(s) dict_keys(['example_python_operator']) retrieved from /Users/dogukanulu/opt/anaconda3/lib/python3.9/site-packages/airflow/example_dags/example_python_operator.py
[2023-06-08T18:43:44.450+0300] {logging_mixin.py:149} INFO - [2023-06-08T18:43:44.450+0300] {dag.py:2726} INFO - Sync 1 DAGs
[2023-06-08T18:43:44.458+0300] {logging_mixin.py:149} INFO - [2023-06-08T18:43:44.458+0300] {dag.py:3486} INFO - Setting next_dagrun for example_python_operator to None, run_after=None
[2023-06-08T18:43:44.468+0300] {processor.py:179} INFO - Processing /Users/dogukanulu/opt/anaconda3/lib/python3.9/site-packages/airflow/example_dags/example_python_operator.py took 0.411 seconds
