[2023-06-08T18:30:02.571+0300] {processor.py:157} INFO - Started process (PID=15663) to work on /Users/dogukanulu/opt/anaconda3/lib/python3.9/site-packages/airflow/example_dags/example_dag_decorator.py
[2023-06-08T18:30:02.571+0300] {processor.py:826} INFO - Processing file /Users/dogukanulu/opt/anaconda3/lib/python3.9/site-packages/airflow/example_dags/example_dag_decorator.py for tasks to queue
[2023-06-08T18:30:02.572+0300] {logging_mixin.py:149} INFO - [2023-06-08T18:30:02.571+0300] {dagbag.py:541} INFO - Filling up the DagBag from /Users/dogukanulu/opt/anaconda3/lib/python3.9/site-packages/airflow/example_dags/example_dag_decorator.py
[2023-06-08T18:30:02.657+0300] {logging_mixin.py:149} INFO - [2023-06-08T18:30:02.657+0300] {taskmixin.py:211} WARNING - Dependency <Task(_PythonDecoratedOperator): prepare_email>, send_email already registered for DAG: example_dag_decorator
[2023-06-08T18:30:02.657+0300] {logging_mixin.py:149} INFO - [2023-06-08T18:30:02.657+0300] {taskmixin.py:211} WARNING - Dependency <Task(EmailOperator): send_email>, prepare_email already registered for DAG: example_dag_decorator
[2023-06-08T18:30:02.672+0300] {processor.py:836} INFO - DAG(s) dict_keys(['example_dag_decorator']) retrieved from /Users/dogukanulu/opt/anaconda3/lib/python3.9/site-packages/airflow/example_dags/example_dag_decorator.py
[2023-06-08T18:30:02.991+0300] {logging_mixin.py:149} INFO - [2023-06-08T18:30:02.991+0300] {manager.py:504} INFO - Created Permission View: can delete on DAG:example_dag_decorator
[2023-06-08T18:30:02.995+0300] {logging_mixin.py:149} INFO - [2023-06-08T18:30:02.995+0300] {manager.py:504} INFO - Created Permission View: can edit on DAG:example_dag_decorator
[2023-06-08T18:30:02.998+0300] {logging_mixin.py:149} INFO - [2023-06-08T18:30:02.998+0300] {manager.py:504} INFO - Created Permission View: can read on DAG:example_dag_decorator
[2023-06-08T18:30:02.998+0300] {logging_mixin.py:149} INFO - [2023-06-08T18:30:02.998+0300] {dag.py:2726} INFO - Sync 1 DAGs
[2023-06-08T18:30:03.004+0300] {logging_mixin.py:149} INFO - [2023-06-08T18:30:03.004+0300] {dag.py:2747} INFO - Creating ORM DAG for example_dag_decorator
[2023-06-08T18:30:03.008+0300] {logging_mixin.py:149} INFO - [2023-06-08T18:30:03.008+0300] {dag.py:3486} INFO - Setting next_dagrun for example_dag_decorator to None, run_after=None
[2023-06-08T18:30:03.016+0300] {processor.py:179} INFO - Processing /Users/dogukanulu/opt/anaconda3/lib/python3.9/site-packages/airflow/example_dags/example_dag_decorator.py took 0.446 seconds
[2023-06-08T18:32:04.840+0300] {processor.py:157} INFO - Started process (PID=15901) to work on /Users/dogukanulu/opt/anaconda3/lib/python3.9/site-packages/airflow/example_dags/example_dag_decorator.py
[2023-06-08T18:32:04.841+0300] {processor.py:826} INFO - Processing file /Users/dogukanulu/opt/anaconda3/lib/python3.9/site-packages/airflow/example_dags/example_dag_decorator.py for tasks to queue
[2023-06-08T18:32:04.841+0300] {logging_mixin.py:149} INFO - [2023-06-08T18:32:04.841+0300] {dagbag.py:541} INFO - Filling up the DagBag from /Users/dogukanulu/opt/anaconda3/lib/python3.9/site-packages/airflow/example_dags/example_dag_decorator.py
[2023-06-08T18:32:04.926+0300] {logging_mixin.py:149} INFO - [2023-06-08T18:32:04.926+0300] {taskmixin.py:211} WARNING - Dependency <Task(_PythonDecoratedOperator): prepare_email>, send_email already registered for DAG: example_dag_decorator
[2023-06-08T18:32:04.926+0300] {logging_mixin.py:149} INFO - [2023-06-08T18:32:04.926+0300] {taskmixin.py:211} WARNING - Dependency <Task(EmailOperator): send_email>, prepare_email already registered for DAG: example_dag_decorator
[2023-06-08T18:32:04.942+0300] {processor.py:836} INFO - DAG(s) dict_keys(['example_dag_decorator']) retrieved from /Users/dogukanulu/opt/anaconda3/lib/python3.9/site-packages/airflow/example_dags/example_dag_decorator.py
[2023-06-08T18:32:05.235+0300] {logging_mixin.py:149} INFO - [2023-06-08T18:32:05.234+0300] {dag.py:2726} INFO - Sync 1 DAGs
[2023-06-08T18:32:05.243+0300] {logging_mixin.py:149} INFO - [2023-06-08T18:32:05.243+0300] {dag.py:3486} INFO - Setting next_dagrun for example_dag_decorator to None, run_after=None
[2023-06-08T18:32:05.253+0300] {processor.py:179} INFO - Processing /Users/dogukanulu/opt/anaconda3/lib/python3.9/site-packages/airflow/example_dags/example_dag_decorator.py took 0.414 seconds
[2023-06-08T18:34:08.734+0300] {processor.py:157} INFO - Started process (PID=16068) to work on /Users/dogukanulu/opt/anaconda3/lib/python3.9/site-packages/airflow/example_dags/example_dag_decorator.py
[2023-06-08T18:34:08.736+0300] {processor.py:826} INFO - Processing file /Users/dogukanulu/opt/anaconda3/lib/python3.9/site-packages/airflow/example_dags/example_dag_decorator.py for tasks to queue
[2023-06-08T18:34:08.736+0300] {logging_mixin.py:149} INFO - [2023-06-08T18:34:08.736+0300] {dagbag.py:541} INFO - Filling up the DagBag from /Users/dogukanulu/opt/anaconda3/lib/python3.9/site-packages/airflow/example_dags/example_dag_decorator.py
[2023-06-08T18:34:08.822+0300] {logging_mixin.py:149} INFO - [2023-06-08T18:34:08.822+0300] {taskmixin.py:211} WARNING - Dependency <Task(_PythonDecoratedOperator): prepare_email>, send_email already registered for DAG: example_dag_decorator
[2023-06-08T18:34:08.822+0300] {logging_mixin.py:149} INFO - [2023-06-08T18:34:08.822+0300] {taskmixin.py:211} WARNING - Dependency <Task(EmailOperator): send_email>, prepare_email already registered for DAG: example_dag_decorator
[2023-06-08T18:34:08.837+0300] {processor.py:836} INFO - DAG(s) dict_keys(['example_dag_decorator']) retrieved from /Users/dogukanulu/opt/anaconda3/lib/python3.9/site-packages/airflow/example_dags/example_dag_decorator.py
[2023-06-08T18:34:09.131+0300] {logging_mixin.py:149} INFO - [2023-06-08T18:34:09.131+0300] {dag.py:2726} INFO - Sync 1 DAGs
[2023-06-08T18:34:09.140+0300] {logging_mixin.py:149} INFO - [2023-06-08T18:34:09.140+0300] {dag.py:3486} INFO - Setting next_dagrun for example_dag_decorator to None, run_after=None
[2023-06-08T18:34:09.149+0300] {processor.py:179} INFO - Processing /Users/dogukanulu/opt/anaconda3/lib/python3.9/site-packages/airflow/example_dags/example_dag_decorator.py took 0.416 seconds
[2023-06-08T18:36:16.780+0300] {processor.py:157} INFO - Started process (PID=16264) to work on /Users/dogukanulu/opt/anaconda3/lib/python3.9/site-packages/airflow/example_dags/example_dag_decorator.py
[2023-06-08T18:36:16.782+0300] {processor.py:826} INFO - Processing file /Users/dogukanulu/opt/anaconda3/lib/python3.9/site-packages/airflow/example_dags/example_dag_decorator.py for tasks to queue
[2023-06-08T18:36:16.782+0300] {logging_mixin.py:149} INFO - [2023-06-08T18:36:16.782+0300] {dagbag.py:541} INFO - Filling up the DagBag from /Users/dogukanulu/opt/anaconda3/lib/python3.9/site-packages/airflow/example_dags/example_dag_decorator.py
[2023-06-08T18:36:16.869+0300] {logging_mixin.py:149} INFO - [2023-06-08T18:36:16.869+0300] {taskmixin.py:211} WARNING - Dependency <Task(_PythonDecoratedOperator): prepare_email>, send_email already registered for DAG: example_dag_decorator
[2023-06-08T18:36:16.869+0300] {logging_mixin.py:149} INFO - [2023-06-08T18:36:16.869+0300] {taskmixin.py:211} WARNING - Dependency <Task(EmailOperator): send_email>, prepare_email already registered for DAG: example_dag_decorator
[2023-06-08T18:36:16.885+0300] {processor.py:836} INFO - DAG(s) dict_keys(['example_dag_decorator']) retrieved from /Users/dogukanulu/opt/anaconda3/lib/python3.9/site-packages/airflow/example_dags/example_dag_decorator.py
[2023-06-08T18:36:17.181+0300] {logging_mixin.py:149} INFO - [2023-06-08T18:36:17.181+0300] {dag.py:2726} INFO - Sync 1 DAGs
[2023-06-08T18:36:17.191+0300] {logging_mixin.py:149} INFO - [2023-06-08T18:36:17.191+0300] {dag.py:3486} INFO - Setting next_dagrun for example_dag_decorator to None, run_after=None
[2023-06-08T18:36:17.203+0300] {processor.py:179} INFO - Processing /Users/dogukanulu/opt/anaconda3/lib/python3.9/site-packages/airflow/example_dags/example_dag_decorator.py took 0.423 seconds
[2023-06-08T18:38:25.354+0300] {processor.py:157} INFO - Started process (PID=16449) to work on /Users/dogukanulu/opt/anaconda3/lib/python3.9/site-packages/airflow/example_dags/example_dag_decorator.py
[2023-06-08T18:38:25.355+0300] {processor.py:826} INFO - Processing file /Users/dogukanulu/opt/anaconda3/lib/python3.9/site-packages/airflow/example_dags/example_dag_decorator.py for tasks to queue
[2023-06-08T18:38:25.355+0300] {logging_mixin.py:149} INFO - [2023-06-08T18:38:25.355+0300] {dagbag.py:541} INFO - Filling up the DagBag from /Users/dogukanulu/opt/anaconda3/lib/python3.9/site-packages/airflow/example_dags/example_dag_decorator.py
[2023-06-08T18:38:25.444+0300] {logging_mixin.py:149} INFO - [2023-06-08T18:38:25.444+0300] {taskmixin.py:211} WARNING - Dependency <Task(_PythonDecoratedOperator): prepare_email>, send_email already registered for DAG: example_dag_decorator
[2023-06-08T18:38:25.444+0300] {logging_mixin.py:149} INFO - [2023-06-08T18:38:25.444+0300] {taskmixin.py:211} WARNING - Dependency <Task(EmailOperator): send_email>, prepare_email already registered for DAG: example_dag_decorator
[2023-06-08T18:38:25.459+0300] {processor.py:836} INFO - DAG(s) dict_keys(['example_dag_decorator']) retrieved from /Users/dogukanulu/opt/anaconda3/lib/python3.9/site-packages/airflow/example_dags/example_dag_decorator.py
[2023-06-08T18:38:25.763+0300] {logging_mixin.py:149} INFO - [2023-06-08T18:38:25.763+0300] {dag.py:2726} INFO - Sync 1 DAGs
[2023-06-08T18:38:25.772+0300] {logging_mixin.py:149} INFO - [2023-06-08T18:38:25.772+0300] {dag.py:3486} INFO - Setting next_dagrun for example_dag_decorator to None, run_after=None
[2023-06-08T18:38:25.782+0300] {processor.py:179} INFO - Processing /Users/dogukanulu/opt/anaconda3/lib/python3.9/site-packages/airflow/example_dags/example_dag_decorator.py took 0.429 seconds
[2023-06-08T18:40:30.804+0300] {processor.py:157} INFO - Started process (PID=16656) to work on /Users/dogukanulu/opt/anaconda3/lib/python3.9/site-packages/airflow/example_dags/example_dag_decorator.py
[2023-06-08T18:40:30.805+0300] {processor.py:826} INFO - Processing file /Users/dogukanulu/opt/anaconda3/lib/python3.9/site-packages/airflow/example_dags/example_dag_decorator.py for tasks to queue
[2023-06-08T18:40:30.806+0300] {logging_mixin.py:149} INFO - [2023-06-08T18:40:30.805+0300] {dagbag.py:541} INFO - Filling up the DagBag from /Users/dogukanulu/opt/anaconda3/lib/python3.9/site-packages/airflow/example_dags/example_dag_decorator.py
[2023-06-08T18:40:30.891+0300] {logging_mixin.py:149} INFO - [2023-06-08T18:40:30.891+0300] {taskmixin.py:211} WARNING - Dependency <Task(_PythonDecoratedOperator): prepare_email>, send_email already registered for DAG: example_dag_decorator
[2023-06-08T18:40:30.891+0300] {logging_mixin.py:149} INFO - [2023-06-08T18:40:30.891+0300] {taskmixin.py:211} WARNING - Dependency <Task(EmailOperator): send_email>, prepare_email already registered for DAG: example_dag_decorator
[2023-06-08T18:40:30.907+0300] {processor.py:836} INFO - DAG(s) dict_keys(['example_dag_decorator']) retrieved from /Users/dogukanulu/opt/anaconda3/lib/python3.9/site-packages/airflow/example_dags/example_dag_decorator.py
[2023-06-08T18:40:31.199+0300] {logging_mixin.py:149} INFO - [2023-06-08T18:40:31.199+0300] {dag.py:2726} INFO - Sync 1 DAGs
[2023-06-08T18:40:31.207+0300] {logging_mixin.py:149} INFO - [2023-06-08T18:40:31.207+0300] {dag.py:3486} INFO - Setting next_dagrun for example_dag_decorator to None, run_after=None
[2023-06-08T18:40:31.217+0300] {processor.py:179} INFO - Processing /Users/dogukanulu/opt/anaconda3/lib/python3.9/site-packages/airflow/example_dags/example_dag_decorator.py took 0.414 seconds
[2023-06-08T18:42:35.552+0300] {processor.py:157} INFO - Started process (PID=16823) to work on /Users/dogukanulu/opt/anaconda3/lib/python3.9/site-packages/airflow/example_dags/example_dag_decorator.py
[2023-06-08T18:42:35.554+0300] {processor.py:826} INFO - Processing file /Users/dogukanulu/opt/anaconda3/lib/python3.9/site-packages/airflow/example_dags/example_dag_decorator.py for tasks to queue
[2023-06-08T18:42:35.554+0300] {logging_mixin.py:149} INFO - [2023-06-08T18:42:35.554+0300] {dagbag.py:541} INFO - Filling up the DagBag from /Users/dogukanulu/opt/anaconda3/lib/python3.9/site-packages/airflow/example_dags/example_dag_decorator.py
[2023-06-08T18:42:35.640+0300] {logging_mixin.py:149} INFO - [2023-06-08T18:42:35.640+0300] {taskmixin.py:211} WARNING - Dependency <Task(_PythonDecoratedOperator): prepare_email>, send_email already registered for DAG: example_dag_decorator
[2023-06-08T18:42:35.640+0300] {logging_mixin.py:149} INFO - [2023-06-08T18:42:35.640+0300] {taskmixin.py:211} WARNING - Dependency <Task(EmailOperator): send_email>, prepare_email already registered for DAG: example_dag_decorator
[2023-06-08T18:42:35.656+0300] {processor.py:836} INFO - DAG(s) dict_keys(['example_dag_decorator']) retrieved from /Users/dogukanulu/opt/anaconda3/lib/python3.9/site-packages/airflow/example_dags/example_dag_decorator.py
[2023-06-08T18:42:35.951+0300] {logging_mixin.py:149} INFO - [2023-06-08T18:42:35.950+0300] {dag.py:2726} INFO - Sync 1 DAGs
[2023-06-08T18:42:35.959+0300] {logging_mixin.py:149} INFO - [2023-06-08T18:42:35.959+0300] {dag.py:3486} INFO - Setting next_dagrun for example_dag_decorator to None, run_after=None
[2023-06-08T18:42:35.969+0300] {processor.py:179} INFO - Processing /Users/dogukanulu/opt/anaconda3/lib/python3.9/site-packages/airflow/example_dags/example_dag_decorator.py took 0.417 seconds
[2023-06-08T18:44:40.000+0300] {processor.py:157} INFO - Started process (PID=17009) to work on /Users/dogukanulu/opt/anaconda3/lib/python3.9/site-packages/airflow/example_dags/example_dag_decorator.py
[2023-06-08T18:44:40.001+0300] {processor.py:826} INFO - Processing file /Users/dogukanulu/opt/anaconda3/lib/python3.9/site-packages/airflow/example_dags/example_dag_decorator.py for tasks to queue
[2023-06-08T18:44:40.001+0300] {logging_mixin.py:149} INFO - [2023-06-08T18:44:40.001+0300] {dagbag.py:541} INFO - Filling up the DagBag from /Users/dogukanulu/opt/anaconda3/lib/python3.9/site-packages/airflow/example_dags/example_dag_decorator.py
[2023-06-08T18:44:40.087+0300] {logging_mixin.py:149} INFO - [2023-06-08T18:44:40.087+0300] {taskmixin.py:211} WARNING - Dependency <Task(_PythonDecoratedOperator): prepare_email>, send_email already registered for DAG: example_dag_decorator
[2023-06-08T18:44:40.087+0300] {logging_mixin.py:149} INFO - [2023-06-08T18:44:40.087+0300] {taskmixin.py:211} WARNING - Dependency <Task(EmailOperator): send_email>, prepare_email already registered for DAG: example_dag_decorator
[2023-06-08T18:44:40.103+0300] {processor.py:836} INFO - DAG(s) dict_keys(['example_dag_decorator']) retrieved from /Users/dogukanulu/opt/anaconda3/lib/python3.9/site-packages/airflow/example_dags/example_dag_decorator.py
[2023-06-08T18:44:40.396+0300] {logging_mixin.py:149} INFO - [2023-06-08T18:44:40.396+0300] {dag.py:2726} INFO - Sync 1 DAGs
[2023-06-08T18:44:40.405+0300] {logging_mixin.py:149} INFO - [2023-06-08T18:44:40.405+0300] {dag.py:3486} INFO - Setting next_dagrun for example_dag_decorator to None, run_after=None
[2023-06-08T18:44:40.415+0300] {processor.py:179} INFO - Processing /Users/dogukanulu/opt/anaconda3/lib/python3.9/site-packages/airflow/example_dags/example_dag_decorator.py took 0.415 seconds
