[2023-06-08T18:30:04.349+0300] {processor.py:157} INFO - Started process (PID=15664) to work on /Users/dogukanulu/opt/anaconda3/lib/python3.9/site-packages/airflow/example_dags/example_complex.py
[2023-06-08T18:30:04.349+0300] {processor.py:826} INFO - Processing file /Users/dogukanulu/opt/anaconda3/lib/python3.9/site-packages/airflow/example_dags/example_complex.py for tasks to queue
[2023-06-08T18:30:04.349+0300] {logging_mixin.py:149} INFO - [2023-06-08T18:30:04.349+0300] {dagbag.py:541} INFO - Filling up the DagBag from /Users/dogukanulu/opt/anaconda3/lib/python3.9/site-packages/airflow/example_dags/example_complex.py
[2023-06-08T18:30:04.371+0300] {logging_mixin.py:149} INFO - [2023-06-08T18:30:04.371+0300] {taskmixin.py:211} WARNING - Dependency <Task(BashOperator): create_entry_group>, delete_entry_group already registered for DAG: example_complex
[2023-06-08T18:30:04.371+0300] {logging_mixin.py:149} INFO - [2023-06-08T18:30:04.371+0300] {taskmixin.py:211} WARNING - Dependency <Task(BashOperator): delete_entry_group>, create_entry_group already registered for DAG: example_complex
[2023-06-08T18:30:04.371+0300] {logging_mixin.py:149} INFO - [2023-06-08T18:30:04.371+0300] {taskmixin.py:211} WARNING - Dependency <Task(BashOperator): create_entry_gcs>, delete_entry already registered for DAG: example_complex
[2023-06-08T18:30:04.371+0300] {logging_mixin.py:149} INFO - [2023-06-08T18:30:04.371+0300] {taskmixin.py:211} WARNING - Dependency <Task(BashOperator): delete_entry>, create_entry_gcs already registered for DAG: example_complex
[2023-06-08T18:30:04.372+0300] {logging_mixin.py:149} INFO - [2023-06-08T18:30:04.372+0300] {taskmixin.py:211} WARNING - Dependency <Task(BashOperator): create_tag>, delete_tag already registered for DAG: example_complex
[2023-06-08T18:30:04.372+0300] {logging_mixin.py:149} INFO - [2023-06-08T18:30:04.372+0300] {taskmixin.py:211} WARNING - Dependency <Task(BashOperator): delete_tag>, create_tag already registered for DAG: example_complex
[2023-06-08T18:30:04.379+0300] {processor.py:836} INFO - DAG(s) dict_keys(['example_complex']) retrieved from /Users/dogukanulu/opt/anaconda3/lib/python3.9/site-packages/airflow/example_dags/example_complex.py
[2023-06-08T18:30:04.762+0300] {logging_mixin.py:149} INFO - [2023-06-08T18:30:04.762+0300] {manager.py:504} INFO - Created Permission View: can edit on DAG:example_complex
[2023-06-08T18:30:04.766+0300] {logging_mixin.py:149} INFO - [2023-06-08T18:30:04.766+0300] {manager.py:504} INFO - Created Permission View: can read on DAG:example_complex
[2023-06-08T18:30:04.768+0300] {logging_mixin.py:149} INFO - [2023-06-08T18:30:04.768+0300] {manager.py:504} INFO - Created Permission View: can delete on DAG:example_complex
[2023-06-08T18:30:04.769+0300] {logging_mixin.py:149} INFO - [2023-06-08T18:30:04.769+0300] {dag.py:2726} INFO - Sync 1 DAGs
[2023-06-08T18:30:04.774+0300] {logging_mixin.py:149} INFO - [2023-06-08T18:30:04.774+0300] {dag.py:2747} INFO - Creating ORM DAG for example_complex
[2023-06-08T18:30:04.778+0300] {logging_mixin.py:149} INFO - [2023-06-08T18:30:04.778+0300] {dag.py:3486} INFO - Setting next_dagrun for example_complex to None, run_after=None
[2023-06-08T18:30:04.787+0300] {processor.py:179} INFO - Processing /Users/dogukanulu/opt/anaconda3/lib/python3.9/site-packages/airflow/example_dags/example_complex.py took 0.438 seconds
[2023-06-08T18:32:06.667+0300] {processor.py:157} INFO - Started process (PID=15905) to work on /Users/dogukanulu/opt/anaconda3/lib/python3.9/site-packages/airflow/example_dags/example_complex.py
[2023-06-08T18:32:06.668+0300] {processor.py:826} INFO - Processing file /Users/dogukanulu/opt/anaconda3/lib/python3.9/site-packages/airflow/example_dags/example_complex.py for tasks to queue
[2023-06-08T18:32:06.669+0300] {logging_mixin.py:149} INFO - [2023-06-08T18:32:06.668+0300] {dagbag.py:541} INFO - Filling up the DagBag from /Users/dogukanulu/opt/anaconda3/lib/python3.9/site-packages/airflow/example_dags/example_complex.py
[2023-06-08T18:32:06.690+0300] {logging_mixin.py:149} INFO - [2023-06-08T18:32:06.690+0300] {taskmixin.py:211} WARNING - Dependency <Task(BashOperator): create_entry_group>, delete_entry_group already registered for DAG: example_complex
[2023-06-08T18:32:06.690+0300] {logging_mixin.py:149} INFO - [2023-06-08T18:32:06.690+0300] {taskmixin.py:211} WARNING - Dependency <Task(BashOperator): delete_entry_group>, create_entry_group already registered for DAG: example_complex
[2023-06-08T18:32:06.690+0300] {logging_mixin.py:149} INFO - [2023-06-08T18:32:06.690+0300] {taskmixin.py:211} WARNING - Dependency <Task(BashOperator): create_entry_gcs>, delete_entry already registered for DAG: example_complex
[2023-06-08T18:32:06.690+0300] {logging_mixin.py:149} INFO - [2023-06-08T18:32:06.690+0300] {taskmixin.py:211} WARNING - Dependency <Task(BashOperator): delete_entry>, create_entry_gcs already registered for DAG: example_complex
[2023-06-08T18:32:06.690+0300] {logging_mixin.py:149} INFO - [2023-06-08T18:32:06.690+0300] {taskmixin.py:211} WARNING - Dependency <Task(BashOperator): create_tag>, delete_tag already registered for DAG: example_complex
[2023-06-08T18:32:06.690+0300] {logging_mixin.py:149} INFO - [2023-06-08T18:32:06.690+0300] {taskmixin.py:211} WARNING - Dependency <Task(BashOperator): delete_tag>, create_tag already registered for DAG: example_complex
[2023-06-08T18:32:06.698+0300] {processor.py:836} INFO - DAG(s) dict_keys(['example_complex']) retrieved from /Users/dogukanulu/opt/anaconda3/lib/python3.9/site-packages/airflow/example_dags/example_complex.py
[2023-06-08T18:32:07.050+0300] {logging_mixin.py:149} INFO - [2023-06-08T18:32:07.050+0300] {dag.py:2726} INFO - Sync 1 DAGs
[2023-06-08T18:32:07.060+0300] {logging_mixin.py:149} INFO - [2023-06-08T18:32:07.060+0300] {dag.py:3486} INFO - Setting next_dagrun for example_complex to None, run_after=None
[2023-06-08T18:32:07.069+0300] {processor.py:179} INFO - Processing /Users/dogukanulu/opt/anaconda3/lib/python3.9/site-packages/airflow/example_dags/example_complex.py took 0.403 seconds
[2023-06-08T18:34:10.892+0300] {processor.py:157} INFO - Started process (PID=16069) to work on /Users/dogukanulu/opt/anaconda3/lib/python3.9/site-packages/airflow/example_dags/example_complex.py
[2023-06-08T18:34:10.893+0300] {processor.py:826} INFO - Processing file /Users/dogukanulu/opt/anaconda3/lib/python3.9/site-packages/airflow/example_dags/example_complex.py for tasks to queue
[2023-06-08T18:34:10.894+0300] {logging_mixin.py:149} INFO - [2023-06-08T18:34:10.893+0300] {dagbag.py:541} INFO - Filling up the DagBag from /Users/dogukanulu/opt/anaconda3/lib/python3.9/site-packages/airflow/example_dags/example_complex.py
[2023-06-08T18:34:10.915+0300] {logging_mixin.py:149} INFO - [2023-06-08T18:34:10.915+0300] {taskmixin.py:211} WARNING - Dependency <Task(BashOperator): create_entry_group>, delete_entry_group already registered for DAG: example_complex
[2023-06-08T18:34:10.915+0300] {logging_mixin.py:149} INFO - [2023-06-08T18:34:10.915+0300] {taskmixin.py:211} WARNING - Dependency <Task(BashOperator): delete_entry_group>, create_entry_group already registered for DAG: example_complex
[2023-06-08T18:34:10.915+0300] {logging_mixin.py:149} INFO - [2023-06-08T18:34:10.915+0300] {taskmixin.py:211} WARNING - Dependency <Task(BashOperator): create_entry_gcs>, delete_entry already registered for DAG: example_complex
[2023-06-08T18:34:10.915+0300] {logging_mixin.py:149} INFO - [2023-06-08T18:34:10.915+0300] {taskmixin.py:211} WARNING - Dependency <Task(BashOperator): delete_entry>, create_entry_gcs already registered for DAG: example_complex
[2023-06-08T18:34:10.915+0300] {logging_mixin.py:149} INFO - [2023-06-08T18:34:10.915+0300] {taskmixin.py:211} WARNING - Dependency <Task(BashOperator): create_tag>, delete_tag already registered for DAG: example_complex
[2023-06-08T18:34:10.916+0300] {logging_mixin.py:149} INFO - [2023-06-08T18:34:10.916+0300] {taskmixin.py:211} WARNING - Dependency <Task(BashOperator): delete_tag>, create_tag already registered for DAG: example_complex
[2023-06-08T18:34:10.923+0300] {processor.py:836} INFO - DAG(s) dict_keys(['example_complex']) retrieved from /Users/dogukanulu/opt/anaconda3/lib/python3.9/site-packages/airflow/example_dags/example_complex.py
[2023-06-08T18:34:11.267+0300] {logging_mixin.py:149} INFO - [2023-06-08T18:34:11.267+0300] {dag.py:2726} INFO - Sync 1 DAGs
[2023-06-08T18:34:11.277+0300] {logging_mixin.py:149} INFO - [2023-06-08T18:34:11.277+0300] {dag.py:3486} INFO - Setting next_dagrun for example_complex to None, run_after=None
[2023-06-08T18:34:11.286+0300] {processor.py:179} INFO - Processing /Users/dogukanulu/opt/anaconda3/lib/python3.9/site-packages/airflow/example_dags/example_complex.py took 0.395 seconds
[2023-06-08T18:36:18.934+0300] {processor.py:157} INFO - Started process (PID=16267) to work on /Users/dogukanulu/opt/anaconda3/lib/python3.9/site-packages/airflow/example_dags/example_complex.py
[2023-06-08T18:36:18.935+0300] {processor.py:826} INFO - Processing file /Users/dogukanulu/opt/anaconda3/lib/python3.9/site-packages/airflow/example_dags/example_complex.py for tasks to queue
[2023-06-08T18:36:18.936+0300] {logging_mixin.py:149} INFO - [2023-06-08T18:36:18.935+0300] {dagbag.py:541} INFO - Filling up the DagBag from /Users/dogukanulu/opt/anaconda3/lib/python3.9/site-packages/airflow/example_dags/example_complex.py
[2023-06-08T18:36:18.957+0300] {logging_mixin.py:149} INFO - [2023-06-08T18:36:18.957+0300] {taskmixin.py:211} WARNING - Dependency <Task(BashOperator): create_entry_group>, delete_entry_group already registered for DAG: example_complex
[2023-06-08T18:36:18.957+0300] {logging_mixin.py:149} INFO - [2023-06-08T18:36:18.957+0300] {taskmixin.py:211} WARNING - Dependency <Task(BashOperator): delete_entry_group>, create_entry_group already registered for DAG: example_complex
[2023-06-08T18:36:18.957+0300] {logging_mixin.py:149} INFO - [2023-06-08T18:36:18.957+0300] {taskmixin.py:211} WARNING - Dependency <Task(BashOperator): create_entry_gcs>, delete_entry already registered for DAG: example_complex
[2023-06-08T18:36:18.957+0300] {logging_mixin.py:149} INFO - [2023-06-08T18:36:18.957+0300] {taskmixin.py:211} WARNING - Dependency <Task(BashOperator): delete_entry>, create_entry_gcs already registered for DAG: example_complex
[2023-06-08T18:36:18.958+0300] {logging_mixin.py:149} INFO - [2023-06-08T18:36:18.958+0300] {taskmixin.py:211} WARNING - Dependency <Task(BashOperator): create_tag>, delete_tag already registered for DAG: example_complex
[2023-06-08T18:36:18.958+0300] {logging_mixin.py:149} INFO - [2023-06-08T18:36:18.958+0300] {taskmixin.py:211} WARNING - Dependency <Task(BashOperator): delete_tag>, create_tag already registered for DAG: example_complex
[2023-06-08T18:36:18.965+0300] {processor.py:836} INFO - DAG(s) dict_keys(['example_complex']) retrieved from /Users/dogukanulu/opt/anaconda3/lib/python3.9/site-packages/airflow/example_dags/example_complex.py
[2023-06-08T18:36:19.309+0300] {logging_mixin.py:149} INFO - [2023-06-08T18:36:19.308+0300] {dag.py:2726} INFO - Sync 1 DAGs
[2023-06-08T18:36:19.318+0300] {logging_mixin.py:149} INFO - [2023-06-08T18:36:19.318+0300] {dag.py:3486} INFO - Setting next_dagrun for example_complex to None, run_after=None
[2023-06-08T18:36:19.327+0300] {processor.py:179} INFO - Processing /Users/dogukanulu/opt/anaconda3/lib/python3.9/site-packages/airflow/example_dags/example_complex.py took 0.394 seconds
[2023-06-08T18:38:27.199+0300] {processor.py:157} INFO - Started process (PID=16452) to work on /Users/dogukanulu/opt/anaconda3/lib/python3.9/site-packages/airflow/example_dags/example_complex.py
[2023-06-08T18:38:27.199+0300] {processor.py:826} INFO - Processing file /Users/dogukanulu/opt/anaconda3/lib/python3.9/site-packages/airflow/example_dags/example_complex.py for tasks to queue
[2023-06-08T18:38:27.200+0300] {logging_mixin.py:149} INFO - [2023-06-08T18:38:27.200+0300] {dagbag.py:541} INFO - Filling up the DagBag from /Users/dogukanulu/opt/anaconda3/lib/python3.9/site-packages/airflow/example_dags/example_complex.py
[2023-06-08T18:38:27.222+0300] {logging_mixin.py:149} INFO - [2023-06-08T18:38:27.222+0300] {taskmixin.py:211} WARNING - Dependency <Task(BashOperator): create_entry_group>, delete_entry_group already registered for DAG: example_complex
[2023-06-08T18:38:27.222+0300] {logging_mixin.py:149} INFO - [2023-06-08T18:38:27.222+0300] {taskmixin.py:211} WARNING - Dependency <Task(BashOperator): delete_entry_group>, create_entry_group already registered for DAG: example_complex
[2023-06-08T18:38:27.222+0300] {logging_mixin.py:149} INFO - [2023-06-08T18:38:27.222+0300] {taskmixin.py:211} WARNING - Dependency <Task(BashOperator): create_entry_gcs>, delete_entry already registered for DAG: example_complex
[2023-06-08T18:38:27.222+0300] {logging_mixin.py:149} INFO - [2023-06-08T18:38:27.222+0300] {taskmixin.py:211} WARNING - Dependency <Task(BashOperator): delete_entry>, create_entry_gcs already registered for DAG: example_complex
[2023-06-08T18:38:27.222+0300] {logging_mixin.py:149} INFO - [2023-06-08T18:38:27.222+0300] {taskmixin.py:211} WARNING - Dependency <Task(BashOperator): create_tag>, delete_tag already registered for DAG: example_complex
[2023-06-08T18:38:27.222+0300] {logging_mixin.py:149} INFO - [2023-06-08T18:38:27.222+0300] {taskmixin.py:211} WARNING - Dependency <Task(BashOperator): delete_tag>, create_tag already registered for DAG: example_complex
[2023-06-08T18:38:27.230+0300] {processor.py:836} INFO - DAG(s) dict_keys(['example_complex']) retrieved from /Users/dogukanulu/opt/anaconda3/lib/python3.9/site-packages/airflow/example_dags/example_complex.py
[2023-06-08T18:38:27.620+0300] {logging_mixin.py:149} INFO - [2023-06-08T18:38:27.620+0300] {dag.py:2726} INFO - Sync 1 DAGs
[2023-06-08T18:38:27.629+0300] {logging_mixin.py:149} INFO - [2023-06-08T18:38:27.629+0300] {dag.py:3486} INFO - Setting next_dagrun for example_complex to None, run_after=None
[2023-06-08T18:38:27.638+0300] {processor.py:179} INFO - Processing /Users/dogukanulu/opt/anaconda3/lib/python3.9/site-packages/airflow/example_dags/example_complex.py took 0.440 seconds
[2023-06-08T18:40:32.844+0300] {processor.py:157} INFO - Started process (PID=16661) to work on /Users/dogukanulu/opt/anaconda3/lib/python3.9/site-packages/airflow/example_dags/example_complex.py
[2023-06-08T18:40:32.845+0300] {processor.py:826} INFO - Processing file /Users/dogukanulu/opt/anaconda3/lib/python3.9/site-packages/airflow/example_dags/example_complex.py for tasks to queue
[2023-06-08T18:40:32.845+0300] {logging_mixin.py:149} INFO - [2023-06-08T18:40:32.845+0300] {dagbag.py:541} INFO - Filling up the DagBag from /Users/dogukanulu/opt/anaconda3/lib/python3.9/site-packages/airflow/example_dags/example_complex.py
[2023-06-08T18:40:32.867+0300] {logging_mixin.py:149} INFO - [2023-06-08T18:40:32.866+0300] {taskmixin.py:211} WARNING - Dependency <Task(BashOperator): create_entry_group>, delete_entry_group already registered for DAG: example_complex
[2023-06-08T18:40:32.867+0300] {logging_mixin.py:149} INFO - [2023-06-08T18:40:32.867+0300] {taskmixin.py:211} WARNING - Dependency <Task(BashOperator): delete_entry_group>, create_entry_group already registered for DAG: example_complex
[2023-06-08T18:40:32.867+0300] {logging_mixin.py:149} INFO - [2023-06-08T18:40:32.867+0300] {taskmixin.py:211} WARNING - Dependency <Task(BashOperator): create_entry_gcs>, delete_entry already registered for DAG: example_complex
[2023-06-08T18:40:32.867+0300] {logging_mixin.py:149} INFO - [2023-06-08T18:40:32.867+0300] {taskmixin.py:211} WARNING - Dependency <Task(BashOperator): delete_entry>, create_entry_gcs already registered for DAG: example_complex
[2023-06-08T18:40:32.867+0300] {logging_mixin.py:149} INFO - [2023-06-08T18:40:32.867+0300] {taskmixin.py:211} WARNING - Dependency <Task(BashOperator): create_tag>, delete_tag already registered for DAG: example_complex
[2023-06-08T18:40:32.867+0300] {logging_mixin.py:149} INFO - [2023-06-08T18:40:32.867+0300] {taskmixin.py:211} WARNING - Dependency <Task(BashOperator): delete_tag>, create_tag already registered for DAG: example_complex
[2023-06-08T18:40:32.875+0300] {processor.py:836} INFO - DAG(s) dict_keys(['example_complex']) retrieved from /Users/dogukanulu/opt/anaconda3/lib/python3.9/site-packages/airflow/example_dags/example_complex.py
[2023-06-08T18:40:33.222+0300] {logging_mixin.py:149} INFO - [2023-06-08T18:40:33.222+0300] {dag.py:2726} INFO - Sync 1 DAGs
[2023-06-08T18:40:33.231+0300] {logging_mixin.py:149} INFO - [2023-06-08T18:40:33.231+0300] {dag.py:3486} INFO - Setting next_dagrun for example_complex to None, run_after=None
[2023-06-08T18:40:33.241+0300] {processor.py:179} INFO - Processing /Users/dogukanulu/opt/anaconda3/lib/python3.9/site-packages/airflow/example_dags/example_complex.py took 0.398 seconds
[2023-06-08T18:42:37.366+0300] {processor.py:157} INFO - Started process (PID=16828) to work on /Users/dogukanulu/opt/anaconda3/lib/python3.9/site-packages/airflow/example_dags/example_complex.py
[2023-06-08T18:42:37.367+0300] {processor.py:826} INFO - Processing file /Users/dogukanulu/opt/anaconda3/lib/python3.9/site-packages/airflow/example_dags/example_complex.py for tasks to queue
[2023-06-08T18:42:37.367+0300] {logging_mixin.py:149} INFO - [2023-06-08T18:42:37.367+0300] {dagbag.py:541} INFO - Filling up the DagBag from /Users/dogukanulu/opt/anaconda3/lib/python3.9/site-packages/airflow/example_dags/example_complex.py
[2023-06-08T18:42:37.388+0300] {logging_mixin.py:149} INFO - [2023-06-08T18:42:37.388+0300] {taskmixin.py:211} WARNING - Dependency <Task(BashOperator): create_entry_group>, delete_entry_group already registered for DAG: example_complex
[2023-06-08T18:42:37.388+0300] {logging_mixin.py:149} INFO - [2023-06-08T18:42:37.388+0300] {taskmixin.py:211} WARNING - Dependency <Task(BashOperator): delete_entry_group>, create_entry_group already registered for DAG: example_complex
[2023-06-08T18:42:37.388+0300] {logging_mixin.py:149} INFO - [2023-06-08T18:42:37.388+0300] {taskmixin.py:211} WARNING - Dependency <Task(BashOperator): create_entry_gcs>, delete_entry already registered for DAG: example_complex
[2023-06-08T18:42:37.388+0300] {logging_mixin.py:149} INFO - [2023-06-08T18:42:37.388+0300] {taskmixin.py:211} WARNING - Dependency <Task(BashOperator): delete_entry>, create_entry_gcs already registered for DAG: example_complex
[2023-06-08T18:42:37.389+0300] {logging_mixin.py:149} INFO - [2023-06-08T18:42:37.389+0300] {taskmixin.py:211} WARNING - Dependency <Task(BashOperator): create_tag>, delete_tag already registered for DAG: example_complex
[2023-06-08T18:42:37.389+0300] {logging_mixin.py:149} INFO - [2023-06-08T18:42:37.389+0300] {taskmixin.py:211} WARNING - Dependency <Task(BashOperator): delete_tag>, create_tag already registered for DAG: example_complex
[2023-06-08T18:42:37.396+0300] {processor.py:836} INFO - DAG(s) dict_keys(['example_complex']) retrieved from /Users/dogukanulu/opt/anaconda3/lib/python3.9/site-packages/airflow/example_dags/example_complex.py
[2023-06-08T18:42:37.741+0300] {logging_mixin.py:149} INFO - [2023-06-08T18:42:37.741+0300] {dag.py:2726} INFO - Sync 1 DAGs
[2023-06-08T18:42:37.751+0300] {logging_mixin.py:149} INFO - [2023-06-08T18:42:37.750+0300] {dag.py:3486} INFO - Setting next_dagrun for example_complex to None, run_after=None
[2023-06-08T18:42:37.760+0300] {processor.py:179} INFO - Processing /Users/dogukanulu/opt/anaconda3/lib/python3.9/site-packages/airflow/example_dags/example_complex.py took 0.394 seconds
[2023-06-08T18:44:42.154+0300] {processor.py:157} INFO - Started process (PID=17012) to work on /Users/dogukanulu/opt/anaconda3/lib/python3.9/site-packages/airflow/example_dags/example_complex.py
[2023-06-08T18:44:42.156+0300] {processor.py:826} INFO - Processing file /Users/dogukanulu/opt/anaconda3/lib/python3.9/site-packages/airflow/example_dags/example_complex.py for tasks to queue
[2023-06-08T18:44:42.156+0300] {logging_mixin.py:149} INFO - [2023-06-08T18:44:42.156+0300] {dagbag.py:541} INFO - Filling up the DagBag from /Users/dogukanulu/opt/anaconda3/lib/python3.9/site-packages/airflow/example_dags/example_complex.py
[2023-06-08T18:44:42.177+0300] {logging_mixin.py:149} INFO - [2023-06-08T18:44:42.177+0300] {taskmixin.py:211} WARNING - Dependency <Task(BashOperator): create_entry_group>, delete_entry_group already registered for DAG: example_complex
[2023-06-08T18:44:42.177+0300] {logging_mixin.py:149} INFO - [2023-06-08T18:44:42.177+0300] {taskmixin.py:211} WARNING - Dependency <Task(BashOperator): delete_entry_group>, create_entry_group already registered for DAG: example_complex
[2023-06-08T18:44:42.177+0300] {logging_mixin.py:149} INFO - [2023-06-08T18:44:42.177+0300] {taskmixin.py:211} WARNING - Dependency <Task(BashOperator): create_entry_gcs>, delete_entry already registered for DAG: example_complex
[2023-06-08T18:44:42.177+0300] {logging_mixin.py:149} INFO - [2023-06-08T18:44:42.177+0300] {taskmixin.py:211} WARNING - Dependency <Task(BashOperator): delete_entry>, create_entry_gcs already registered for DAG: example_complex
[2023-06-08T18:44:42.177+0300] {logging_mixin.py:149} INFO - [2023-06-08T18:44:42.177+0300] {taskmixin.py:211} WARNING - Dependency <Task(BashOperator): create_tag>, delete_tag already registered for DAG: example_complex
[2023-06-08T18:44:42.177+0300] {logging_mixin.py:149} INFO - [2023-06-08T18:44:42.177+0300] {taskmixin.py:211} WARNING - Dependency <Task(BashOperator): delete_tag>, create_tag already registered for DAG: example_complex
[2023-06-08T18:44:42.185+0300] {processor.py:836} INFO - DAG(s) dict_keys(['example_complex']) retrieved from /Users/dogukanulu/opt/anaconda3/lib/python3.9/site-packages/airflow/example_dags/example_complex.py
[2023-06-08T18:44:42.542+0300] {logging_mixin.py:149} INFO - [2023-06-08T18:44:42.542+0300] {dag.py:2726} INFO - Sync 1 DAGs
[2023-06-08T18:44:42.552+0300] {logging_mixin.py:149} INFO - [2023-06-08T18:44:42.552+0300] {dag.py:3486} INFO - Setting next_dagrun for example_complex to None, run_after=None
[2023-06-08T18:44:42.562+0300] {processor.py:179} INFO - Processing /Users/dogukanulu/opt/anaconda3/lib/python3.9/site-packages/airflow/example_dags/example_complex.py took 0.408 seconds
