[2023-06-08T18:29:46.031+0300] {processor.py:157} INFO - Started process (PID=15639) to work on /Users/dogukanulu/opt/anaconda3/lib/python3.9/site-packages/airflow/example_dags/example_nested_branch_dag.py
[2023-06-08T18:29:46.032+0300] {processor.py:826} INFO - Processing file /Users/dogukanulu/opt/anaconda3/lib/python3.9/site-packages/airflow/example_dags/example_nested_branch_dag.py for tasks to queue
[2023-06-08T18:29:46.032+0300] {logging_mixin.py:149} INFO - [2023-06-08T18:29:46.032+0300] {dagbag.py:541} INFO - Filling up the DagBag from /Users/dogukanulu/opt/anaconda3/lib/python3.9/site-packages/airflow/example_dags/example_nested_branch_dag.py
[2023-06-08T18:29:46.076+0300] {processor.py:836} INFO - DAG(s) dict_keys(['example_nested_branch_dag']) retrieved from /Users/dogukanulu/opt/anaconda3/lib/python3.9/site-packages/airflow/example_dags/example_nested_branch_dag.py
[2023-06-08T18:29:46.452+0300] {logging_mixin.py:149} INFO - [2023-06-08T18:29:46.452+0300] {manager.py:504} INFO - Created Permission View: can delete on DAG:example_nested_branch_dag
[2023-06-08T18:29:46.457+0300] {logging_mixin.py:149} INFO - [2023-06-08T18:29:46.456+0300] {manager.py:504} INFO - Created Permission View: can read on DAG:example_nested_branch_dag
[2023-06-08T18:29:46.459+0300] {logging_mixin.py:149} INFO - [2023-06-08T18:29:46.459+0300] {manager.py:504} INFO - Created Permission View: can edit on DAG:example_nested_branch_dag
[2023-06-08T18:29:46.459+0300] {logging_mixin.py:149} INFO - [2023-06-08T18:29:46.459+0300] {dag.py:2726} INFO - Sync 1 DAGs
[2023-06-08T18:29:46.465+0300] {logging_mixin.py:149} INFO - [2023-06-08T18:29:46.465+0300] {dag.py:2747} INFO - Creating ORM DAG for example_nested_branch_dag
[2023-06-08T18:29:46.470+0300] {logging_mixin.py:149} INFO - [2023-06-08T18:29:46.470+0300] {dag.py:3486} INFO - Setting next_dagrun for example_nested_branch_dag to 2023-06-07T00:00:00+00:00, run_after=2023-06-08T00:00:00+00:00
[2023-06-08T18:29:46.479+0300] {processor.py:179} INFO - Processing /Users/dogukanulu/opt/anaconda3/lib/python3.9/site-packages/airflow/example_dags/example_nested_branch_dag.py took 0.449 seconds
[2023-06-08T18:31:16.817+0300] {processor.py:157} INFO - Started process (PID=15835) to work on /Users/dogukanulu/opt/anaconda3/lib/python3.9/site-packages/airflow/example_dags/example_nested_branch_dag.py
[2023-06-08T18:31:16.819+0300] {processor.py:826} INFO - Processing file /Users/dogukanulu/opt/anaconda3/lib/python3.9/site-packages/airflow/example_dags/example_nested_branch_dag.py for tasks to queue
[2023-06-08T18:31:16.819+0300] {logging_mixin.py:149} INFO - [2023-06-08T18:31:16.819+0300] {dagbag.py:541} INFO - Filling up the DagBag from /Users/dogukanulu/opt/anaconda3/lib/python3.9/site-packages/airflow/example_dags/example_nested_branch_dag.py
[2023-06-08T18:31:16.862+0300] {processor.py:836} INFO - DAG(s) dict_keys(['example_nested_branch_dag']) retrieved from /Users/dogukanulu/opt/anaconda3/lib/python3.9/site-packages/airflow/example_dags/example_nested_branch_dag.py
[2023-06-08T18:31:17.200+0300] {logging_mixin.py:149} INFO - [2023-06-08T18:31:17.200+0300] {dag.py:2726} INFO - Sync 1 DAGs
[2023-06-08T18:31:17.210+0300] {logging_mixin.py:149} INFO - [2023-06-08T18:31:17.210+0300] {dag.py:3486} INFO - Setting next_dagrun for example_nested_branch_dag to 2023-06-07T00:00:00+00:00, run_after=2023-06-08T00:00:00+00:00
[2023-06-08T18:31:17.220+0300] {processor.py:179} INFO - Processing /Users/dogukanulu/opt/anaconda3/lib/python3.9/site-packages/airflow/example_dags/example_nested_branch_dag.py took 0.403 seconds
[2023-06-08T18:33:19.450+0300] {processor.py:157} INFO - Started process (PID=16003) to work on /Users/dogukanulu/opt/anaconda3/lib/python3.9/site-packages/airflow/example_dags/example_nested_branch_dag.py
[2023-06-08T18:33:19.452+0300] {processor.py:826} INFO - Processing file /Users/dogukanulu/opt/anaconda3/lib/python3.9/site-packages/airflow/example_dags/example_nested_branch_dag.py for tasks to queue
[2023-06-08T18:33:19.452+0300] {logging_mixin.py:149} INFO - [2023-06-08T18:33:19.452+0300] {dagbag.py:541} INFO - Filling up the DagBag from /Users/dogukanulu/opt/anaconda3/lib/python3.9/site-packages/airflow/example_dags/example_nested_branch_dag.py
[2023-06-08T18:33:19.496+0300] {processor.py:836} INFO - DAG(s) dict_keys(['example_nested_branch_dag']) retrieved from /Users/dogukanulu/opt/anaconda3/lib/python3.9/site-packages/airflow/example_dags/example_nested_branch_dag.py
[2023-06-08T18:33:19.833+0300] {logging_mixin.py:149} INFO - [2023-06-08T18:33:19.833+0300] {dag.py:2726} INFO - Sync 1 DAGs
[2023-06-08T18:33:19.843+0300] {logging_mixin.py:149} INFO - [2023-06-08T18:33:19.843+0300] {dag.py:3486} INFO - Setting next_dagrun for example_nested_branch_dag to 2023-06-07T00:00:00+00:00, run_after=2023-06-08T00:00:00+00:00
[2023-06-08T18:33:19.853+0300] {processor.py:179} INFO - Processing /Users/dogukanulu/opt/anaconda3/lib/python3.9/site-packages/airflow/example_dags/example_nested_branch_dag.py took 0.403 seconds
[2023-06-08T18:35:26.610+0300] {processor.py:157} INFO - Started process (PID=16176) to work on /Users/dogukanulu/opt/anaconda3/lib/python3.9/site-packages/airflow/example_dags/example_nested_branch_dag.py
[2023-06-08T18:35:26.611+0300] {processor.py:826} INFO - Processing file /Users/dogukanulu/opt/anaconda3/lib/python3.9/site-packages/airflow/example_dags/example_nested_branch_dag.py for tasks to queue
[2023-06-08T18:35:26.611+0300] {logging_mixin.py:149} INFO - [2023-06-08T18:35:26.611+0300] {dagbag.py:541} INFO - Filling up the DagBag from /Users/dogukanulu/opt/anaconda3/lib/python3.9/site-packages/airflow/example_dags/example_nested_branch_dag.py
[2023-06-08T18:35:26.655+0300] {processor.py:836} INFO - DAG(s) dict_keys(['example_nested_branch_dag']) retrieved from /Users/dogukanulu/opt/anaconda3/lib/python3.9/site-packages/airflow/example_dags/example_nested_branch_dag.py
[2023-06-08T18:35:27.008+0300] {logging_mixin.py:149} INFO - [2023-06-08T18:35:27.008+0300] {dag.py:2726} INFO - Sync 1 DAGs
[2023-06-08T18:35:27.018+0300] {logging_mixin.py:149} INFO - [2023-06-08T18:35:27.018+0300] {dag.py:3486} INFO - Setting next_dagrun for example_nested_branch_dag to 2023-06-07T00:00:00+00:00, run_after=2023-06-08T00:00:00+00:00
[2023-06-08T18:35:27.028+0300] {processor.py:179} INFO - Processing /Users/dogukanulu/opt/anaconda3/lib/python3.9/site-packages/airflow/example_dags/example_nested_branch_dag.py took 0.419 seconds
[2023-06-08T18:37:33.130+0300] {processor.py:157} INFO - Started process (PID=16377) to work on /Users/dogukanulu/opt/anaconda3/lib/python3.9/site-packages/airflow/example_dags/example_nested_branch_dag.py
[2023-06-08T18:37:33.130+0300] {processor.py:826} INFO - Processing file /Users/dogukanulu/opt/anaconda3/lib/python3.9/site-packages/airflow/example_dags/example_nested_branch_dag.py for tasks to queue
[2023-06-08T18:37:33.131+0300] {logging_mixin.py:149} INFO - [2023-06-08T18:37:33.131+0300] {dagbag.py:541} INFO - Filling up the DagBag from /Users/dogukanulu/opt/anaconda3/lib/python3.9/site-packages/airflow/example_dags/example_nested_branch_dag.py
[2023-06-08T18:37:33.174+0300] {processor.py:836} INFO - DAG(s) dict_keys(['example_nested_branch_dag']) retrieved from /Users/dogukanulu/opt/anaconda3/lib/python3.9/site-packages/airflow/example_dags/example_nested_branch_dag.py
[2023-06-08T18:37:33.518+0300] {logging_mixin.py:149} INFO - [2023-06-08T18:37:33.517+0300] {dag.py:2726} INFO - Sync 1 DAGs
[2023-06-08T18:37:33.527+0300] {logging_mixin.py:149} INFO - [2023-06-08T18:37:33.527+0300] {dag.py:3486} INFO - Setting next_dagrun for example_nested_branch_dag to 2023-06-07T00:00:00+00:00, run_after=2023-06-08T00:00:00+00:00
[2023-06-08T18:37:33.538+0300] {processor.py:179} INFO - Processing /Users/dogukanulu/opt/anaconda3/lib/python3.9/site-packages/airflow/example_dags/example_nested_branch_dag.py took 0.408 seconds
[2023-06-08T18:39:41.787+0300] {processor.py:157} INFO - Started process (PID=16584) to work on /Users/dogukanulu/opt/anaconda3/lib/python3.9/site-packages/airflow/example_dags/example_nested_branch_dag.py
[2023-06-08T18:39:41.788+0300] {processor.py:826} INFO - Processing file /Users/dogukanulu/opt/anaconda3/lib/python3.9/site-packages/airflow/example_dags/example_nested_branch_dag.py for tasks to queue
[2023-06-08T18:39:41.788+0300] {logging_mixin.py:149} INFO - [2023-06-08T18:39:41.788+0300] {dagbag.py:541} INFO - Filling up the DagBag from /Users/dogukanulu/opt/anaconda3/lib/python3.9/site-packages/airflow/example_dags/example_nested_branch_dag.py
[2023-06-08T18:39:41.833+0300] {processor.py:836} INFO - DAG(s) dict_keys(['example_nested_branch_dag']) retrieved from /Users/dogukanulu/opt/anaconda3/lib/python3.9/site-packages/airflow/example_dags/example_nested_branch_dag.py
[2023-06-08T18:39:42.196+0300] {logging_mixin.py:149} INFO - [2023-06-08T18:39:42.195+0300] {dag.py:2726} INFO - Sync 1 DAGs
[2023-06-08T18:39:42.206+0300] {logging_mixin.py:149} INFO - [2023-06-08T18:39:42.205+0300] {dag.py:3486} INFO - Setting next_dagrun for example_nested_branch_dag to 2023-06-07T00:00:00+00:00, run_after=2023-06-08T00:00:00+00:00
[2023-06-08T18:39:42.216+0300] {processor.py:179} INFO - Processing /Users/dogukanulu/opt/anaconda3/lib/python3.9/site-packages/airflow/example_dags/example_nested_branch_dag.py took 0.429 seconds
[2023-06-08T18:41:46.331+0300] {processor.py:157} INFO - Started process (PID=16756) to work on /Users/dogukanulu/opt/anaconda3/lib/python3.9/site-packages/airflow/example_dags/example_nested_branch_dag.py
[2023-06-08T18:41:46.332+0300] {processor.py:826} INFO - Processing file /Users/dogukanulu/opt/anaconda3/lib/python3.9/site-packages/airflow/example_dags/example_nested_branch_dag.py for tasks to queue
[2023-06-08T18:41:46.332+0300] {logging_mixin.py:149} INFO - [2023-06-08T18:41:46.332+0300] {dagbag.py:541} INFO - Filling up the DagBag from /Users/dogukanulu/opt/anaconda3/lib/python3.9/site-packages/airflow/example_dags/example_nested_branch_dag.py
[2023-06-08T18:41:46.376+0300] {processor.py:836} INFO - DAG(s) dict_keys(['example_nested_branch_dag']) retrieved from /Users/dogukanulu/opt/anaconda3/lib/python3.9/site-packages/airflow/example_dags/example_nested_branch_dag.py
[2023-06-08T18:41:46.721+0300] {logging_mixin.py:149} INFO - [2023-06-08T18:41:46.721+0300] {dag.py:2726} INFO - Sync 1 DAGs
[2023-06-08T18:41:46.731+0300] {logging_mixin.py:149} INFO - [2023-06-08T18:41:46.731+0300] {dag.py:3486} INFO - Setting next_dagrun for example_nested_branch_dag to 2023-06-07T00:00:00+00:00, run_after=2023-06-08T00:00:00+00:00
[2023-06-08T18:41:46.742+0300] {processor.py:179} INFO - Processing /Users/dogukanulu/opt/anaconda3/lib/python3.9/site-packages/airflow/example_dags/example_nested_branch_dag.py took 0.411 seconds
[2023-06-08T18:43:52.062+0300] {processor.py:157} INFO - Started process (PID=16942) to work on /Users/dogukanulu/opt/anaconda3/lib/python3.9/site-packages/airflow/example_dags/example_nested_branch_dag.py
[2023-06-08T18:43:52.063+0300] {processor.py:826} INFO - Processing file /Users/dogukanulu/opt/anaconda3/lib/python3.9/site-packages/airflow/example_dags/example_nested_branch_dag.py for tasks to queue
[2023-06-08T18:43:52.064+0300] {logging_mixin.py:149} INFO - [2023-06-08T18:43:52.064+0300] {dagbag.py:541} INFO - Filling up the DagBag from /Users/dogukanulu/opt/anaconda3/lib/python3.9/site-packages/airflow/example_dags/example_nested_branch_dag.py
[2023-06-08T18:43:52.106+0300] {processor.py:836} INFO - DAG(s) dict_keys(['example_nested_branch_dag']) retrieved from /Users/dogukanulu/opt/anaconda3/lib/python3.9/site-packages/airflow/example_dags/example_nested_branch_dag.py
[2023-06-08T18:43:52.442+0300] {logging_mixin.py:149} INFO - [2023-06-08T18:43:52.442+0300] {dag.py:2726} INFO - Sync 1 DAGs
[2023-06-08T18:43:52.452+0300] {logging_mixin.py:149} INFO - [2023-06-08T18:43:52.452+0300] {dag.py:3486} INFO - Setting next_dagrun for example_nested_branch_dag to 2023-06-07T00:00:00+00:00, run_after=2023-06-08T00:00:00+00:00
[2023-06-08T18:43:52.462+0300] {processor.py:179} INFO - Processing /Users/dogukanulu/opt/anaconda3/lib/python3.9/site-packages/airflow/example_dags/example_nested_branch_dag.py took 0.400 seconds
