[2023-06-08T18:29:54.176+0300] {processor.py:157} INFO - Started process (PID=15651) to work on /Users/dogukanulu/opt/anaconda3/lib/python3.9/site-packages/airflow/example_dags/example_kubernetes_executor.py
[2023-06-08T18:29:54.177+0300] {processor.py:826} INFO - Processing file /Users/dogukanulu/opt/anaconda3/lib/python3.9/site-packages/airflow/example_dags/example_kubernetes_executor.py for tasks to queue
[2023-06-08T18:29:54.177+0300] {logging_mixin.py:149} INFO - [2023-06-08T18:29:54.177+0300] {dagbag.py:541} INFO - Filling up the DagBag from /Users/dogukanulu/opt/anaconda3/lib/python3.9/site-packages/airflow/example_dags/example_kubernetes_executor.py
[2023-06-08T18:29:54.215+0300] {logging_mixin.py:149} INFO - [2023-06-08T18:29:54.215+0300] {example_kubernetes_executor.py:41} WARNING - The example_kubernetes_executor example DAG requires the kubernetes provider. Please install it with: pip install apache-airflow[cncf.kubernetes]
[2023-06-08T18:29:54.216+0300] {processor.py:838} WARNING - No viable dags retrieved from /Users/dogukanulu/opt/anaconda3/lib/python3.9/site-packages/airflow/example_dags/example_kubernetes_executor.py
[2023-06-08T18:29:54.537+0300] {processor.py:179} INFO - Processing /Users/dogukanulu/opt/anaconda3/lib/python3.9/site-packages/airflow/example_dags/example_kubernetes_executor.py took 0.361 seconds
[2023-06-08T18:31:56.573+0300] {processor.py:157} INFO - Started process (PID=15891) to work on /Users/dogukanulu/opt/anaconda3/lib/python3.9/site-packages/airflow/example_dags/example_kubernetes_executor.py
[2023-06-08T18:31:56.575+0300] {processor.py:826} INFO - Processing file /Users/dogukanulu/opt/anaconda3/lib/python3.9/site-packages/airflow/example_dags/example_kubernetes_executor.py for tasks to queue
[2023-06-08T18:31:56.575+0300] {logging_mixin.py:149} INFO - [2023-06-08T18:31:56.575+0300] {dagbag.py:541} INFO - Filling up the DagBag from /Users/dogukanulu/opt/anaconda3/lib/python3.9/site-packages/airflow/example_dags/example_kubernetes_executor.py
[2023-06-08T18:31:56.614+0300] {logging_mixin.py:149} INFO - [2023-06-08T18:31:56.613+0300] {example_kubernetes_executor.py:41} WARNING - The example_kubernetes_executor example DAG requires the kubernetes provider. Please install it with: pip install apache-airflow[cncf.kubernetes]
[2023-06-08T18:31:56.614+0300] {processor.py:838} WARNING - No viable dags retrieved from /Users/dogukanulu/opt/anaconda3/lib/python3.9/site-packages/airflow/example_dags/example_kubernetes_executor.py
[2023-06-08T18:31:56.936+0300] {processor.py:179} INFO - Processing /Users/dogukanulu/opt/anaconda3/lib/python3.9/site-packages/airflow/example_dags/example_kubernetes_executor.py took 0.363 seconds
[2023-06-08T18:34:00.709+0300] {processor.py:157} INFO - Started process (PID=16055) to work on /Users/dogukanulu/opt/anaconda3/lib/python3.9/site-packages/airflow/example_dags/example_kubernetes_executor.py
[2023-06-08T18:34:00.711+0300] {processor.py:826} INFO - Processing file /Users/dogukanulu/opt/anaconda3/lib/python3.9/site-packages/airflow/example_dags/example_kubernetes_executor.py for tasks to queue
[2023-06-08T18:34:00.711+0300] {logging_mixin.py:149} INFO - [2023-06-08T18:34:00.711+0300] {dagbag.py:541} INFO - Filling up the DagBag from /Users/dogukanulu/opt/anaconda3/lib/python3.9/site-packages/airflow/example_dags/example_kubernetes_executor.py
[2023-06-08T18:34:00.748+0300] {logging_mixin.py:149} INFO - [2023-06-08T18:34:00.748+0300] {example_kubernetes_executor.py:41} WARNING - The example_kubernetes_executor example DAG requires the kubernetes provider. Please install it with: pip install apache-airflow[cncf.kubernetes]
[2023-06-08T18:34:00.749+0300] {processor.py:838} WARNING - No viable dags retrieved from /Users/dogukanulu/opt/anaconda3/lib/python3.9/site-packages/airflow/example_dags/example_kubernetes_executor.py
[2023-06-08T18:34:01.069+0300] {processor.py:179} INFO - Processing /Users/dogukanulu/opt/anaconda3/lib/python3.9/site-packages/airflow/example_dags/example_kubernetes_executor.py took 0.360 seconds
[2023-06-08T18:36:09.058+0300] {processor.py:157} INFO - Started process (PID=16235) to work on /Users/dogukanulu/opt/anaconda3/lib/python3.9/site-packages/airflow/example_dags/example_kubernetes_executor.py
[2023-06-08T18:36:09.059+0300] {processor.py:826} INFO - Processing file /Users/dogukanulu/opt/anaconda3/lib/python3.9/site-packages/airflow/example_dags/example_kubernetes_executor.py for tasks to queue
[2023-06-08T18:36:09.059+0300] {logging_mixin.py:149} INFO - [2023-06-08T18:36:09.059+0300] {dagbag.py:541} INFO - Filling up the DagBag from /Users/dogukanulu/opt/anaconda3/lib/python3.9/site-packages/airflow/example_dags/example_kubernetes_executor.py
[2023-06-08T18:36:09.099+0300] {logging_mixin.py:149} INFO - [2023-06-08T18:36:09.099+0300] {example_kubernetes_executor.py:41} WARNING - The example_kubernetes_executor example DAG requires the kubernetes provider. Please install it with: pip install apache-airflow[cncf.kubernetes]
[2023-06-08T18:36:09.099+0300] {processor.py:838} WARNING - No viable dags retrieved from /Users/dogukanulu/opt/anaconda3/lib/python3.9/site-packages/airflow/example_dags/example_kubernetes_executor.py
[2023-06-08T18:36:09.428+0300] {processor.py:179} INFO - Processing /Users/dogukanulu/opt/anaconda3/lib/python3.9/site-packages/airflow/example_dags/example_kubernetes_executor.py took 0.370 seconds
[2023-06-08T18:38:17.347+0300] {processor.py:157} INFO - Started process (PID=16434) to work on /Users/dogukanulu/opt/anaconda3/lib/python3.9/site-packages/airflow/example_dags/example_kubernetes_executor.py
[2023-06-08T18:38:17.348+0300] {processor.py:826} INFO - Processing file /Users/dogukanulu/opt/anaconda3/lib/python3.9/site-packages/airflow/example_dags/example_kubernetes_executor.py for tasks to queue
[2023-06-08T18:38:17.349+0300] {logging_mixin.py:149} INFO - [2023-06-08T18:38:17.348+0300] {dagbag.py:541} INFO - Filling up the DagBag from /Users/dogukanulu/opt/anaconda3/lib/python3.9/site-packages/airflow/example_dags/example_kubernetes_executor.py
[2023-06-08T18:38:17.392+0300] {logging_mixin.py:149} INFO - [2023-06-08T18:38:17.392+0300] {example_kubernetes_executor.py:41} WARNING - The example_kubernetes_executor example DAG requires the kubernetes provider. Please install it with: pip install apache-airflow[cncf.kubernetes]
[2023-06-08T18:38:17.392+0300] {processor.py:838} WARNING - No viable dags retrieved from /Users/dogukanulu/opt/anaconda3/lib/python3.9/site-packages/airflow/example_dags/example_kubernetes_executor.py
[2023-06-08T18:38:17.731+0300] {processor.py:179} INFO - Processing /Users/dogukanulu/opt/anaconda3/lib/python3.9/site-packages/airflow/example_dags/example_kubernetes_executor.py took 0.384 seconds
[2023-06-08T18:40:22.736+0300] {processor.py:157} INFO - Started process (PID=16645) to work on /Users/dogukanulu/opt/anaconda3/lib/python3.9/site-packages/airflow/example_dags/example_kubernetes_executor.py
[2023-06-08T18:40:22.737+0300] {processor.py:826} INFO - Processing file /Users/dogukanulu/opt/anaconda3/lib/python3.9/site-packages/airflow/example_dags/example_kubernetes_executor.py for tasks to queue
[2023-06-08T18:40:22.738+0300] {logging_mixin.py:149} INFO - [2023-06-08T18:40:22.737+0300] {dagbag.py:541} INFO - Filling up the DagBag from /Users/dogukanulu/opt/anaconda3/lib/python3.9/site-packages/airflow/example_dags/example_kubernetes_executor.py
[2023-06-08T18:40:22.784+0300] {logging_mixin.py:149} INFO - [2023-06-08T18:40:22.784+0300] {example_kubernetes_executor.py:41} WARNING - The example_kubernetes_executor example DAG requires the kubernetes provider. Please install it with: pip install apache-airflow[cncf.kubernetes]
[2023-06-08T18:40:22.784+0300] {processor.py:838} WARNING - No viable dags retrieved from /Users/dogukanulu/opt/anaconda3/lib/python3.9/site-packages/airflow/example_dags/example_kubernetes_executor.py
[2023-06-08T18:40:23.163+0300] {processor.py:179} INFO - Processing /Users/dogukanulu/opt/anaconda3/lib/python3.9/site-packages/airflow/example_dags/example_kubernetes_executor.py took 0.427 seconds
[2023-06-08T18:42:27.240+0300] {processor.py:157} INFO - Started process (PID=16812) to work on /Users/dogukanulu/opt/anaconda3/lib/python3.9/site-packages/airflow/example_dags/example_kubernetes_executor.py
[2023-06-08T18:42:27.242+0300] {processor.py:826} INFO - Processing file /Users/dogukanulu/opt/anaconda3/lib/python3.9/site-packages/airflow/example_dags/example_kubernetes_executor.py for tasks to queue
[2023-06-08T18:42:27.242+0300] {logging_mixin.py:149} INFO - [2023-06-08T18:42:27.242+0300] {dagbag.py:541} INFO - Filling up the DagBag from /Users/dogukanulu/opt/anaconda3/lib/python3.9/site-packages/airflow/example_dags/example_kubernetes_executor.py
[2023-06-08T18:42:27.280+0300] {logging_mixin.py:149} INFO - [2023-06-08T18:42:27.280+0300] {example_kubernetes_executor.py:41} WARNING - The example_kubernetes_executor example DAG requires the kubernetes provider. Please install it with: pip install apache-airflow[cncf.kubernetes]
[2023-06-08T18:42:27.280+0300] {processor.py:838} WARNING - No viable dags retrieved from /Users/dogukanulu/opt/anaconda3/lib/python3.9/site-packages/airflow/example_dags/example_kubernetes_executor.py
[2023-06-08T18:42:27.600+0300] {processor.py:179} INFO - Processing /Users/dogukanulu/opt/anaconda3/lib/python3.9/site-packages/airflow/example_dags/example_kubernetes_executor.py took 0.360 seconds
[2023-06-08T18:44:31.746+0300] {processor.py:157} INFO - Started process (PID=16996) to work on /Users/dogukanulu/opt/anaconda3/lib/python3.9/site-packages/airflow/example_dags/example_kubernetes_executor.py
[2023-06-08T18:44:31.748+0300] {processor.py:826} INFO - Processing file /Users/dogukanulu/opt/anaconda3/lib/python3.9/site-packages/airflow/example_dags/example_kubernetes_executor.py for tasks to queue
[2023-06-08T18:44:31.748+0300] {logging_mixin.py:149} INFO - [2023-06-08T18:44:31.748+0300] {dagbag.py:541} INFO - Filling up the DagBag from /Users/dogukanulu/opt/anaconda3/lib/python3.9/site-packages/airflow/example_dags/example_kubernetes_executor.py
[2023-06-08T18:44:31.788+0300] {logging_mixin.py:149} INFO - [2023-06-08T18:44:31.788+0300] {example_kubernetes_executor.py:41} WARNING - The example_kubernetes_executor example DAG requires the kubernetes provider. Please install it with: pip install apache-airflow[cncf.kubernetes]
[2023-06-08T18:44:31.788+0300] {processor.py:838} WARNING - No viable dags retrieved from /Users/dogukanulu/opt/anaconda3/lib/python3.9/site-packages/airflow/example_dags/example_kubernetes_executor.py
[2023-06-08T18:44:32.115+0300] {processor.py:179} INFO - Processing /Users/dogukanulu/opt/anaconda3/lib/python3.9/site-packages/airflow/example_dags/example_kubernetes_executor.py took 0.369 seconds
