[2023-06-08T18:29:09.294+0300] {processor.py:157} INFO - Started process (PID=15591) to work on /Users/dogukanulu/opt/anaconda3/lib/python3.9/site-packages/airflow/example_dags/example_trigger_target_dag.py
[2023-06-08T18:29:09.294+0300] {processor.py:826} INFO - Processing file /Users/dogukanulu/opt/anaconda3/lib/python3.9/site-packages/airflow/example_dags/example_trigger_target_dag.py for tasks to queue
[2023-06-08T18:29:09.295+0300] {logging_mixin.py:149} INFO - [2023-06-08T18:29:09.295+0300] {dagbag.py:541} INFO - Filling up the DagBag from /Users/dogukanulu/opt/anaconda3/lib/python3.9/site-packages/airflow/example_dags/example_trigger_target_dag.py
[2023-06-08T18:29:09.336+0300] {processor.py:836} INFO - DAG(s) dict_keys(['example_trigger_target_dag']) retrieved from /Users/dogukanulu/opt/anaconda3/lib/python3.9/site-packages/airflow/example_dags/example_trigger_target_dag.py
[2023-06-08T18:29:09.709+0300] {logging_mixin.py:149} INFO - [2023-06-08T18:29:09.709+0300] {manager.py:504} INFO - Created Permission View: can delete on DAG:example_trigger_target_dag
[2023-06-08T18:29:09.713+0300] {logging_mixin.py:149} INFO - [2023-06-08T18:29:09.713+0300] {manager.py:504} INFO - Created Permission View: can read on DAG:example_trigger_target_dag
[2023-06-08T18:29:09.715+0300] {logging_mixin.py:149} INFO - [2023-06-08T18:29:09.715+0300] {manager.py:504} INFO - Created Permission View: can edit on DAG:example_trigger_target_dag
[2023-06-08T18:29:09.716+0300] {logging_mixin.py:149} INFO - [2023-06-08T18:29:09.716+0300] {dag.py:2726} INFO - Sync 1 DAGs
[2023-06-08T18:29:09.722+0300] {logging_mixin.py:149} INFO - [2023-06-08T18:29:09.721+0300] {dag.py:2747} INFO - Creating ORM DAG for example_trigger_target_dag
[2023-06-08T18:29:09.726+0300] {logging_mixin.py:149} INFO - [2023-06-08T18:29:09.725+0300] {dag.py:3486} INFO - Setting next_dagrun for example_trigger_target_dag to None, run_after=None
[2023-06-08T18:29:09.734+0300] {processor.py:179} INFO - Processing /Users/dogukanulu/opt/anaconda3/lib/python3.9/site-packages/airflow/example_dags/example_trigger_target_dag.py took 0.441 seconds
[2023-06-08T18:30:40.687+0300] {processor.py:157} INFO - Started process (PID=15778) to work on /Users/dogukanulu/opt/anaconda3/lib/python3.9/site-packages/airflow/example_dags/example_trigger_target_dag.py
[2023-06-08T18:30:40.688+0300] {processor.py:826} INFO - Processing file /Users/dogukanulu/opt/anaconda3/lib/python3.9/site-packages/airflow/example_dags/example_trigger_target_dag.py for tasks to queue
[2023-06-08T18:30:40.688+0300] {logging_mixin.py:149} INFO - [2023-06-08T18:30:40.688+0300] {dagbag.py:541} INFO - Filling up the DagBag from /Users/dogukanulu/opt/anaconda3/lib/python3.9/site-packages/airflow/example_dags/example_trigger_target_dag.py
[2023-06-08T18:30:40.735+0300] {processor.py:836} INFO - DAG(s) dict_keys(['example_trigger_target_dag']) retrieved from /Users/dogukanulu/opt/anaconda3/lib/python3.9/site-packages/airflow/example_dags/example_trigger_target_dag.py
[2023-06-08T18:30:41.103+0300] {logging_mixin.py:149} INFO - [2023-06-08T18:30:41.103+0300] {dag.py:2726} INFO - Sync 1 DAGs
[2023-06-08T18:30:41.112+0300] {logging_mixin.py:149} INFO - [2023-06-08T18:30:41.112+0300] {dag.py:3486} INFO - Setting next_dagrun for example_trigger_target_dag to None, run_after=None
[2023-06-08T18:30:41.122+0300] {processor.py:179} INFO - Processing /Users/dogukanulu/opt/anaconda3/lib/python3.9/site-packages/airflow/example_dags/example_trigger_target_dag.py took 0.435 seconds
[2023-06-08T18:31:42.745+0300] {processor.py:157} INFO - Started process (PID=15874) to work on /Users/dogukanulu/opt/anaconda3/lib/python3.9/site-packages/airflow/example_dags/example_trigger_target_dag.py
[2023-06-08T18:31:42.747+0300] {processor.py:826} INFO - Processing file /Users/dogukanulu/opt/anaconda3/lib/python3.9/site-packages/airflow/example_dags/example_trigger_target_dag.py for tasks to queue
[2023-06-08T18:31:42.747+0300] {logging_mixin.py:149} INFO - [2023-06-08T18:31:42.747+0300] {dagbag.py:541} INFO - Filling up the DagBag from /Users/dogukanulu/opt/anaconda3/lib/python3.9/site-packages/airflow/example_dags/example_trigger_target_dag.py
[2023-06-08T18:31:42.790+0300] {processor.py:836} INFO - DAG(s) dict_keys(['example_trigger_target_dag']) retrieved from /Users/dogukanulu/opt/anaconda3/lib/python3.9/site-packages/airflow/example_dags/example_trigger_target_dag.py
[2023-06-08T18:31:43.129+0300] {logging_mixin.py:149} INFO - [2023-06-08T18:31:43.129+0300] {dag.py:2726} INFO - Sync 1 DAGs
[2023-06-08T18:31:43.138+0300] {logging_mixin.py:149} INFO - [2023-06-08T18:31:43.138+0300] {dag.py:3486} INFO - Setting next_dagrun for example_trigger_target_dag to None, run_after=None
[2023-06-08T18:31:43.148+0300] {processor.py:179} INFO - Processing /Users/dogukanulu/opt/anaconda3/lib/python3.9/site-packages/airflow/example_dags/example_trigger_target_dag.py took 0.403 seconds
[2023-06-08T18:32:44.718+0300] {processor.py:157} INFO - Started process (PID=15954) to work on /Users/dogukanulu/opt/anaconda3/lib/python3.9/site-packages/airflow/example_dags/example_trigger_target_dag.py
[2023-06-08T18:32:44.720+0300] {processor.py:826} INFO - Processing file /Users/dogukanulu/opt/anaconda3/lib/python3.9/site-packages/airflow/example_dags/example_trigger_target_dag.py for tasks to queue
[2023-06-08T18:32:44.720+0300] {logging_mixin.py:149} INFO - [2023-06-08T18:32:44.720+0300] {dagbag.py:541} INFO - Filling up the DagBag from /Users/dogukanulu/opt/anaconda3/lib/python3.9/site-packages/airflow/example_dags/example_trigger_target_dag.py
[2023-06-08T18:32:44.761+0300] {processor.py:836} INFO - DAG(s) dict_keys(['example_trigger_target_dag']) retrieved from /Users/dogukanulu/opt/anaconda3/lib/python3.9/site-packages/airflow/example_dags/example_trigger_target_dag.py
[2023-06-08T18:32:45.097+0300] {logging_mixin.py:149} INFO - [2023-06-08T18:32:45.096+0300] {dag.py:2726} INFO - Sync 1 DAGs
[2023-06-08T18:32:45.105+0300] {logging_mixin.py:149} INFO - [2023-06-08T18:32:45.105+0300] {dag.py:3486} INFO - Setting next_dagrun for example_trigger_target_dag to None, run_after=None
[2023-06-08T18:32:45.115+0300] {processor.py:179} INFO - Processing /Users/dogukanulu/opt/anaconda3/lib/python3.9/site-packages/airflow/example_dags/example_trigger_target_dag.py took 0.397 seconds
[2023-06-08T18:33:45.064+0300] {processor.py:157} INFO - Started process (PID=16035) to work on /Users/dogukanulu/opt/anaconda3/lib/python3.9/site-packages/airflow/example_dags/example_trigger_target_dag.py
[2023-06-08T18:33:45.065+0300] {processor.py:826} INFO - Processing file /Users/dogukanulu/opt/anaconda3/lib/python3.9/site-packages/airflow/example_dags/example_trigger_target_dag.py for tasks to queue
[2023-06-08T18:33:45.066+0300] {logging_mixin.py:149} INFO - [2023-06-08T18:33:45.065+0300] {dagbag.py:541} INFO - Filling up the DagBag from /Users/dogukanulu/opt/anaconda3/lib/python3.9/site-packages/airflow/example_dags/example_trigger_target_dag.py
[2023-06-08T18:33:45.107+0300] {processor.py:836} INFO - DAG(s) dict_keys(['example_trigger_target_dag']) retrieved from /Users/dogukanulu/opt/anaconda3/lib/python3.9/site-packages/airflow/example_dags/example_trigger_target_dag.py
[2023-06-08T18:33:45.453+0300] {logging_mixin.py:149} INFO - [2023-06-08T18:33:45.453+0300] {dag.py:2726} INFO - Sync 1 DAGs
[2023-06-08T18:33:45.462+0300] {logging_mixin.py:149} INFO - [2023-06-08T18:33:45.462+0300] {dag.py:3486} INFO - Setting next_dagrun for example_trigger_target_dag to None, run_after=None
[2023-06-08T18:33:45.472+0300] {processor.py:179} INFO - Processing /Users/dogukanulu/opt/anaconda3/lib/python3.9/site-packages/airflow/example_dags/example_trigger_target_dag.py took 0.409 seconds
[2023-06-08T18:34:50.594+0300] {processor.py:157} INFO - Started process (PID=16123) to work on /Users/dogukanulu/opt/anaconda3/lib/python3.9/site-packages/airflow/example_dags/example_trigger_target_dag.py
[2023-06-08T18:34:50.595+0300] {processor.py:826} INFO - Processing file /Users/dogukanulu/opt/anaconda3/lib/python3.9/site-packages/airflow/example_dags/example_trigger_target_dag.py for tasks to queue
[2023-06-08T18:34:50.596+0300] {logging_mixin.py:149} INFO - [2023-06-08T18:34:50.595+0300] {dagbag.py:541} INFO - Filling up the DagBag from /Users/dogukanulu/opt/anaconda3/lib/python3.9/site-packages/airflow/example_dags/example_trigger_target_dag.py
[2023-06-08T18:34:50.637+0300] {processor.py:836} INFO - DAG(s) dict_keys(['example_trigger_target_dag']) retrieved from /Users/dogukanulu/opt/anaconda3/lib/python3.9/site-packages/airflow/example_dags/example_trigger_target_dag.py
[2023-06-08T18:34:50.973+0300] {logging_mixin.py:149} INFO - [2023-06-08T18:34:50.973+0300] {dag.py:2726} INFO - Sync 1 DAGs
[2023-06-08T18:34:50.981+0300] {logging_mixin.py:149} INFO - [2023-06-08T18:34:50.981+0300] {dag.py:3486} INFO - Setting next_dagrun for example_trigger_target_dag to None, run_after=None
[2023-06-08T18:34:50.991+0300] {processor.py:179} INFO - Processing /Users/dogukanulu/opt/anaconda3/lib/python3.9/site-packages/airflow/example_dags/example_trigger_target_dag.py took 0.398 seconds
[2023-06-08T18:35:55.260+0300] {processor.py:157} INFO - Started process (PID=16212) to work on /Users/dogukanulu/opt/anaconda3/lib/python3.9/site-packages/airflow/example_dags/example_trigger_target_dag.py
[2023-06-08T18:35:55.262+0300] {processor.py:826} INFO - Processing file /Users/dogukanulu/opt/anaconda3/lib/python3.9/site-packages/airflow/example_dags/example_trigger_target_dag.py for tasks to queue
[2023-06-08T18:35:55.262+0300] {logging_mixin.py:149} INFO - [2023-06-08T18:35:55.262+0300] {dagbag.py:541} INFO - Filling up the DagBag from /Users/dogukanulu/opt/anaconda3/lib/python3.9/site-packages/airflow/example_dags/example_trigger_target_dag.py
[2023-06-08T18:35:55.303+0300] {processor.py:836} INFO - DAG(s) dict_keys(['example_trigger_target_dag']) retrieved from /Users/dogukanulu/opt/anaconda3/lib/python3.9/site-packages/airflow/example_dags/example_trigger_target_dag.py
[2023-06-08T18:35:55.639+0300] {logging_mixin.py:149} INFO - [2023-06-08T18:35:55.639+0300] {dag.py:2726} INFO - Sync 1 DAGs
[2023-06-08T18:35:55.648+0300] {logging_mixin.py:149} INFO - [2023-06-08T18:35:55.648+0300] {dag.py:3486} INFO - Setting next_dagrun for example_trigger_target_dag to None, run_after=None
[2023-06-08T18:35:55.658+0300] {processor.py:179} INFO - Processing /Users/dogukanulu/opt/anaconda3/lib/python3.9/site-packages/airflow/example_dags/example_trigger_target_dag.py took 0.398 seconds
[2023-06-08T18:36:56.339+0300] {processor.py:157} INFO - Started process (PID=16326) to work on /Users/dogukanulu/opt/anaconda3/lib/python3.9/site-packages/airflow/example_dags/example_trigger_target_dag.py
[2023-06-08T18:36:56.340+0300] {processor.py:826} INFO - Processing file /Users/dogukanulu/opt/anaconda3/lib/python3.9/site-packages/airflow/example_dags/example_trigger_target_dag.py for tasks to queue
[2023-06-08T18:36:56.340+0300] {logging_mixin.py:149} INFO - [2023-06-08T18:36:56.340+0300] {dagbag.py:541} INFO - Filling up the DagBag from /Users/dogukanulu/opt/anaconda3/lib/python3.9/site-packages/airflow/example_dags/example_trigger_target_dag.py
[2023-06-08T18:36:56.383+0300] {processor.py:836} INFO - DAG(s) dict_keys(['example_trigger_target_dag']) retrieved from /Users/dogukanulu/opt/anaconda3/lib/python3.9/site-packages/airflow/example_dags/example_trigger_target_dag.py
[2023-06-08T18:36:56.718+0300] {logging_mixin.py:149} INFO - [2023-06-08T18:36:56.718+0300] {dag.py:2726} INFO - Sync 1 DAGs
[2023-06-08T18:36:56.727+0300] {logging_mixin.py:149} INFO - [2023-06-08T18:36:56.727+0300] {dag.py:3486} INFO - Setting next_dagrun for example_trigger_target_dag to None, run_after=None
[2023-06-08T18:36:56.737+0300] {processor.py:179} INFO - Processing /Users/dogukanulu/opt/anaconda3/lib/python3.9/site-packages/airflow/example_dags/example_trigger_target_dag.py took 0.399 seconds
[2023-06-08T18:38:01.263+0300] {processor.py:157} INFO - Started process (PID=16411) to work on /Users/dogukanulu/opt/anaconda3/lib/python3.9/site-packages/airflow/example_dags/example_trigger_target_dag.py
[2023-06-08T18:38:01.264+0300] {processor.py:826} INFO - Processing file /Users/dogukanulu/opt/anaconda3/lib/python3.9/site-packages/airflow/example_dags/example_trigger_target_dag.py for tasks to queue
[2023-06-08T18:38:01.265+0300] {logging_mixin.py:149} INFO - [2023-06-08T18:38:01.265+0300] {dagbag.py:541} INFO - Filling up the DagBag from /Users/dogukanulu/opt/anaconda3/lib/python3.9/site-packages/airflow/example_dags/example_trigger_target_dag.py
[2023-06-08T18:38:01.318+0300] {processor.py:836} INFO - DAG(s) dict_keys(['example_trigger_target_dag']) retrieved from /Users/dogukanulu/opt/anaconda3/lib/python3.9/site-packages/airflow/example_dags/example_trigger_target_dag.py
[2023-06-08T18:38:01.784+0300] {logging_mixin.py:149} INFO - [2023-06-08T18:38:01.783+0300] {dag.py:2726} INFO - Sync 1 DAGs
[2023-06-08T18:38:01.796+0300] {logging_mixin.py:149} INFO - [2023-06-08T18:38:01.796+0300] {dag.py:3486} INFO - Setting next_dagrun for example_trigger_target_dag to None, run_after=None
[2023-06-08T18:38:01.811+0300] {processor.py:179} INFO - Processing /Users/dogukanulu/opt/anaconda3/lib/python3.9/site-packages/airflow/example_dags/example_trigger_target_dag.py took 0.548 seconds
[2023-06-08T18:39:06.572+0300] {processor.py:157} INFO - Started process (PID=16506) to work on /Users/dogukanulu/opt/anaconda3/lib/python3.9/site-packages/airflow/example_dags/example_trigger_target_dag.py
[2023-06-08T18:39:06.573+0300] {processor.py:826} INFO - Processing file /Users/dogukanulu/opt/anaconda3/lib/python3.9/site-packages/airflow/example_dags/example_trigger_target_dag.py for tasks to queue
[2023-06-08T18:39:06.573+0300] {logging_mixin.py:149} INFO - [2023-06-08T18:39:06.573+0300] {dagbag.py:541} INFO - Filling up the DagBag from /Users/dogukanulu/opt/anaconda3/lib/python3.9/site-packages/airflow/example_dags/example_trigger_target_dag.py
[2023-06-08T18:39:06.615+0300] {processor.py:836} INFO - DAG(s) dict_keys(['example_trigger_target_dag']) retrieved from /Users/dogukanulu/opt/anaconda3/lib/python3.9/site-packages/airflow/example_dags/example_trigger_target_dag.py
[2023-06-08T18:39:06.966+0300] {logging_mixin.py:149} INFO - [2023-06-08T18:39:06.966+0300] {dag.py:2726} INFO - Sync 1 DAGs
[2023-06-08T18:39:06.975+0300] {logging_mixin.py:149} INFO - [2023-06-08T18:39:06.975+0300] {dag.py:3486} INFO - Setting next_dagrun for example_trigger_target_dag to None, run_after=None
[2023-06-08T18:39:06.985+0300] {processor.py:179} INFO - Processing /Users/dogukanulu/opt/anaconda3/lib/python3.9/site-packages/airflow/example_dags/example_trigger_target_dag.py took 0.414 seconds
[2023-06-08T18:40:08.265+0300] {processor.py:157} INFO - Started process (PID=16624) to work on /Users/dogukanulu/opt/anaconda3/lib/python3.9/site-packages/airflow/example_dags/example_trigger_target_dag.py
[2023-06-08T18:40:08.266+0300] {processor.py:826} INFO - Processing file /Users/dogukanulu/opt/anaconda3/lib/python3.9/site-packages/airflow/example_dags/example_trigger_target_dag.py for tasks to queue
[2023-06-08T18:40:08.266+0300] {logging_mixin.py:149} INFO - [2023-06-08T18:40:08.266+0300] {dagbag.py:541} INFO - Filling up the DagBag from /Users/dogukanulu/opt/anaconda3/lib/python3.9/site-packages/airflow/example_dags/example_trigger_target_dag.py
[2023-06-08T18:40:08.309+0300] {processor.py:836} INFO - DAG(s) dict_keys(['example_trigger_target_dag']) retrieved from /Users/dogukanulu/opt/anaconda3/lib/python3.9/site-packages/airflow/example_dags/example_trigger_target_dag.py
[2023-06-08T18:40:08.658+0300] {logging_mixin.py:149} INFO - [2023-06-08T18:40:08.657+0300] {dag.py:2726} INFO - Sync 1 DAGs
[2023-06-08T18:40:08.667+0300] {logging_mixin.py:149} INFO - [2023-06-08T18:40:08.667+0300] {dag.py:3486} INFO - Setting next_dagrun for example_trigger_target_dag to None, run_after=None
[2023-06-08T18:40:08.676+0300] {processor.py:179} INFO - Processing /Users/dogukanulu/opt/anaconda3/lib/python3.9/site-packages/airflow/example_dags/example_trigger_target_dag.py took 0.412 seconds
[2023-06-08T18:41:10.268+0300] {processor.py:157} INFO - Started process (PID=16709) to work on /Users/dogukanulu/opt/anaconda3/lib/python3.9/site-packages/airflow/example_dags/example_trigger_target_dag.py
[2023-06-08T18:41:10.270+0300] {processor.py:826} INFO - Processing file /Users/dogukanulu/opt/anaconda3/lib/python3.9/site-packages/airflow/example_dags/example_trigger_target_dag.py for tasks to queue
[2023-06-08T18:41:10.270+0300] {logging_mixin.py:149} INFO - [2023-06-08T18:41:10.270+0300] {dagbag.py:541} INFO - Filling up the DagBag from /Users/dogukanulu/opt/anaconda3/lib/python3.9/site-packages/airflow/example_dags/example_trigger_target_dag.py
[2023-06-08T18:41:10.311+0300] {processor.py:836} INFO - DAG(s) dict_keys(['example_trigger_target_dag']) retrieved from /Users/dogukanulu/opt/anaconda3/lib/python3.9/site-packages/airflow/example_dags/example_trigger_target_dag.py
[2023-06-08T18:41:10.645+0300] {logging_mixin.py:149} INFO - [2023-06-08T18:41:10.645+0300] {dag.py:2726} INFO - Sync 1 DAGs
[2023-06-08T18:41:10.654+0300] {logging_mixin.py:149} INFO - [2023-06-08T18:41:10.654+0300] {dag.py:3486} INFO - Setting next_dagrun for example_trigger_target_dag to None, run_after=None
[2023-06-08T18:41:10.663+0300] {processor.py:179} INFO - Processing /Users/dogukanulu/opt/anaconda3/lib/python3.9/site-packages/airflow/example_dags/example_trigger_target_dag.py took 0.395 seconds
[2023-06-08T18:42:13.666+0300] {processor.py:157} INFO - Started process (PID=16795) to work on /Users/dogukanulu/opt/anaconda3/lib/python3.9/site-packages/airflow/example_dags/example_trigger_target_dag.py
[2023-06-08T18:42:13.678+0300] {processor.py:826} INFO - Processing file /Users/dogukanulu/opt/anaconda3/lib/python3.9/site-packages/airflow/example_dags/example_trigger_target_dag.py for tasks to queue
[2023-06-08T18:42:13.679+0300] {logging_mixin.py:149} INFO - [2023-06-08T18:42:13.679+0300] {dagbag.py:541} INFO - Filling up the DagBag from /Users/dogukanulu/opt/anaconda3/lib/python3.9/site-packages/airflow/example_dags/example_trigger_target_dag.py
[2023-06-08T18:42:13.721+0300] {processor.py:836} INFO - DAG(s) dict_keys(['example_trigger_target_dag']) retrieved from /Users/dogukanulu/opt/anaconda3/lib/python3.9/site-packages/airflow/example_dags/example_trigger_target_dag.py
[2023-06-08T18:42:14.057+0300] {logging_mixin.py:149} INFO - [2023-06-08T18:42:14.057+0300] {dag.py:2726} INFO - Sync 1 DAGs
[2023-06-08T18:42:14.066+0300] {logging_mixin.py:149} INFO - [2023-06-08T18:42:14.066+0300] {dag.py:3486} INFO - Setting next_dagrun for example_trigger_target_dag to None, run_after=None
[2023-06-08T18:42:14.076+0300] {processor.py:179} INFO - Processing /Users/dogukanulu/opt/anaconda3/lib/python3.9/site-packages/airflow/example_dags/example_trigger_target_dag.py took 0.411 seconds
[2023-06-08T18:43:17.959+0300] {processor.py:157} INFO - Started process (PID=16891) to work on /Users/dogukanulu/opt/anaconda3/lib/python3.9/site-packages/airflow/example_dags/example_trigger_target_dag.py
[2023-06-08T18:43:17.960+0300] {processor.py:826} INFO - Processing file /Users/dogukanulu/opt/anaconda3/lib/python3.9/site-packages/airflow/example_dags/example_trigger_target_dag.py for tasks to queue
[2023-06-08T18:43:17.961+0300] {logging_mixin.py:149} INFO - [2023-06-08T18:43:17.961+0300] {dagbag.py:541} INFO - Filling up the DagBag from /Users/dogukanulu/opt/anaconda3/lib/python3.9/site-packages/airflow/example_dags/example_trigger_target_dag.py
[2023-06-08T18:43:18.002+0300] {processor.py:836} INFO - DAG(s) dict_keys(['example_trigger_target_dag']) retrieved from /Users/dogukanulu/opt/anaconda3/lib/python3.9/site-packages/airflow/example_dags/example_trigger_target_dag.py
[2023-06-08T18:43:18.338+0300] {logging_mixin.py:149} INFO - [2023-06-08T18:43:18.338+0300] {dag.py:2726} INFO - Sync 1 DAGs
[2023-06-08T18:43:18.346+0300] {logging_mixin.py:149} INFO - [2023-06-08T18:43:18.346+0300] {dag.py:3486} INFO - Setting next_dagrun for example_trigger_target_dag to None, run_after=None
[2023-06-08T18:43:18.356+0300] {processor.py:179} INFO - Processing /Users/dogukanulu/opt/anaconda3/lib/python3.9/site-packages/airflow/example_dags/example_trigger_target_dag.py took 0.397 seconds
[2023-06-08T18:44:18.484+0300] {processor.py:157} INFO - Started process (PID=16979) to work on /Users/dogukanulu/opt/anaconda3/lib/python3.9/site-packages/airflow/example_dags/example_trigger_target_dag.py
[2023-06-08T18:44:18.485+0300] {processor.py:826} INFO - Processing file /Users/dogukanulu/opt/anaconda3/lib/python3.9/site-packages/airflow/example_dags/example_trigger_target_dag.py for tasks to queue
[2023-06-08T18:44:18.485+0300] {logging_mixin.py:149} INFO - [2023-06-08T18:44:18.485+0300] {dagbag.py:541} INFO - Filling up the DagBag from /Users/dogukanulu/opt/anaconda3/lib/python3.9/site-packages/airflow/example_dags/example_trigger_target_dag.py
[2023-06-08T18:44:18.527+0300] {processor.py:836} INFO - DAG(s) dict_keys(['example_trigger_target_dag']) retrieved from /Users/dogukanulu/opt/anaconda3/lib/python3.9/site-packages/airflow/example_dags/example_trigger_target_dag.py
[2023-06-08T18:44:18.863+0300] {logging_mixin.py:149} INFO - [2023-06-08T18:44:18.863+0300] {dag.py:2726} INFO - Sync 1 DAGs
[2023-06-08T18:44:18.872+0300] {logging_mixin.py:149} INFO - [2023-06-08T18:44:18.872+0300] {dag.py:3486} INFO - Setting next_dagrun for example_trigger_target_dag to None, run_after=None
[2023-06-08T18:44:18.881+0300] {processor.py:179} INFO - Processing /Users/dogukanulu/opt/anaconda3/lib/python3.9/site-packages/airflow/example_dags/example_trigger_target_dag.py took 0.398 seconds
