[2023-06-08T18:29:33.675+0300] {processor.py:157} INFO - Started process (PID=15623) to work on /Users/dogukanulu/opt/anaconda3/lib/python3.9/site-packages/airflow/example_dags/example_sensors.py
[2023-06-08T18:29:33.676+0300] {processor.py:826} INFO - Processing file /Users/dogukanulu/opt/anaconda3/lib/python3.9/site-packages/airflow/example_dags/example_sensors.py for tasks to queue
[2023-06-08T18:29:33.676+0300] {logging_mixin.py:149} INFO - [2023-06-08T18:29:33.676+0300] {dagbag.py:541} INFO - Filling up the DagBag from /Users/dogukanulu/opt/anaconda3/lib/python3.9/site-packages/airflow/example_dags/example_sensors.py
[2023-06-08T18:29:33.706+0300] {processor.py:836} INFO - DAG(s) dict_keys(['example_sensors']) retrieved from /Users/dogukanulu/opt/anaconda3/lib/python3.9/site-packages/airflow/example_dags/example_sensors.py
[2023-06-08T18:29:34.099+0300] {logging_mixin.py:149} INFO - [2023-06-08T18:29:34.099+0300] {manager.py:504} INFO - Created Permission View: can read on DAG:example_sensors
[2023-06-08T18:29:34.103+0300] {logging_mixin.py:149} INFO - [2023-06-08T18:29:34.103+0300] {manager.py:504} INFO - Created Permission View: can edit on DAG:example_sensors
[2023-06-08T18:29:34.106+0300] {logging_mixin.py:149} INFO - [2023-06-08T18:29:34.106+0300] {manager.py:504} INFO - Created Permission View: can delete on DAG:example_sensors
[2023-06-08T18:29:34.106+0300] {logging_mixin.py:149} INFO - [2023-06-08T18:29:34.106+0300] {dag.py:2726} INFO - Sync 1 DAGs
[2023-06-08T18:29:34.111+0300] {logging_mixin.py:149} INFO - [2023-06-08T18:29:34.111+0300] {dag.py:2747} INFO - Creating ORM DAG for example_sensors
[2023-06-08T18:29:34.116+0300] {logging_mixin.py:149} INFO - [2023-06-08T18:29:34.116+0300] {dag.py:3486} INFO - Setting next_dagrun for example_sensors to None, run_after=None
[2023-06-08T18:29:34.125+0300] {processor.py:179} INFO - Processing /Users/dogukanulu/opt/anaconda3/lib/python3.9/site-packages/airflow/example_dags/example_sensors.py took 0.450 seconds
[2023-06-08T18:31:04.543+0300] {processor.py:157} INFO - Started process (PID=15817) to work on /Users/dogukanulu/opt/anaconda3/lib/python3.9/site-packages/airflow/example_dags/example_sensors.py
[2023-06-08T18:31:04.544+0300] {processor.py:826} INFO - Processing file /Users/dogukanulu/opt/anaconda3/lib/python3.9/site-packages/airflow/example_dags/example_sensors.py for tasks to queue
[2023-06-08T18:31:04.545+0300] {logging_mixin.py:149} INFO - [2023-06-08T18:31:04.544+0300] {dagbag.py:541} INFO - Filling up the DagBag from /Users/dogukanulu/opt/anaconda3/lib/python3.9/site-packages/airflow/example_dags/example_sensors.py
[2023-06-08T18:31:04.575+0300] {processor.py:836} INFO - DAG(s) dict_keys(['example_sensors']) retrieved from /Users/dogukanulu/opt/anaconda3/lib/python3.9/site-packages/airflow/example_dags/example_sensors.py
[2023-06-08T18:31:04.926+0300] {logging_mixin.py:149} INFO - [2023-06-08T18:31:04.926+0300] {dag.py:2726} INFO - Sync 1 DAGs
[2023-06-08T18:31:04.935+0300] {logging_mixin.py:149} INFO - [2023-06-08T18:31:04.935+0300] {dag.py:3486} INFO - Setting next_dagrun for example_sensors to None, run_after=None
[2023-06-08T18:31:04.944+0300] {processor.py:179} INFO - Processing /Users/dogukanulu/opt/anaconda3/lib/python3.9/site-packages/airflow/example_dags/example_sensors.py took 0.401 seconds
[2023-06-08T18:33:07.791+0300] {processor.py:157} INFO - Started process (PID=15988) to work on /Users/dogukanulu/opt/anaconda3/lib/python3.9/site-packages/airflow/example_dags/example_sensors.py
[2023-06-08T18:33:07.792+0300] {processor.py:826} INFO - Processing file /Users/dogukanulu/opt/anaconda3/lib/python3.9/site-packages/airflow/example_dags/example_sensors.py for tasks to queue
[2023-06-08T18:33:07.792+0300] {logging_mixin.py:149} INFO - [2023-06-08T18:33:07.792+0300] {dagbag.py:541} INFO - Filling up the DagBag from /Users/dogukanulu/opt/anaconda3/lib/python3.9/site-packages/airflow/example_dags/example_sensors.py
[2023-06-08T18:33:07.834+0300] {processor.py:836} INFO - DAG(s) dict_keys(['example_sensors']) retrieved from /Users/dogukanulu/opt/anaconda3/lib/python3.9/site-packages/airflow/example_dags/example_sensors.py
[2023-06-08T18:33:08.263+0300] {logging_mixin.py:149} INFO - [2023-06-08T18:33:08.263+0300] {dag.py:2726} INFO - Sync 1 DAGs
[2023-06-08T18:33:08.274+0300] {logging_mixin.py:149} INFO - [2023-06-08T18:33:08.274+0300] {dag.py:3486} INFO - Setting next_dagrun for example_sensors to None, run_after=None
[2023-06-08T18:33:08.285+0300] {processor.py:179} INFO - Processing /Users/dogukanulu/opt/anaconda3/lib/python3.9/site-packages/airflow/example_dags/example_sensors.py took 0.495 seconds
[2023-06-08T18:35:14.324+0300] {processor.py:157} INFO - Started process (PID=16158) to work on /Users/dogukanulu/opt/anaconda3/lib/python3.9/site-packages/airflow/example_dags/example_sensors.py
[2023-06-08T18:35:14.326+0300] {processor.py:826} INFO - Processing file /Users/dogukanulu/opt/anaconda3/lib/python3.9/site-packages/airflow/example_dags/example_sensors.py for tasks to queue
[2023-06-08T18:35:14.326+0300] {logging_mixin.py:149} INFO - [2023-06-08T18:35:14.326+0300] {dagbag.py:541} INFO - Filling up the DagBag from /Users/dogukanulu/opt/anaconda3/lib/python3.9/site-packages/airflow/example_dags/example_sensors.py
[2023-06-08T18:35:14.357+0300] {processor.py:836} INFO - DAG(s) dict_keys(['example_sensors']) retrieved from /Users/dogukanulu/opt/anaconda3/lib/python3.9/site-packages/airflow/example_dags/example_sensors.py
[2023-06-08T18:35:14.710+0300] {logging_mixin.py:149} INFO - [2023-06-08T18:35:14.709+0300] {dag.py:2726} INFO - Sync 1 DAGs
[2023-06-08T18:35:14.718+0300] {logging_mixin.py:149} INFO - [2023-06-08T18:35:14.718+0300] {dag.py:3486} INFO - Setting next_dagrun for example_sensors to None, run_after=None
[2023-06-08T18:35:14.727+0300] {processor.py:179} INFO - Processing /Users/dogukanulu/opt/anaconda3/lib/python3.9/site-packages/airflow/example_dags/example_sensors.py took 0.404 seconds
[2023-06-08T18:37:20.844+0300] {processor.py:157} INFO - Started process (PID=16359) to work on /Users/dogukanulu/opt/anaconda3/lib/python3.9/site-packages/airflow/example_dags/example_sensors.py
[2023-06-08T18:37:20.846+0300] {processor.py:826} INFO - Processing file /Users/dogukanulu/opt/anaconda3/lib/python3.9/site-packages/airflow/example_dags/example_sensors.py for tasks to queue
[2023-06-08T18:37:20.846+0300] {logging_mixin.py:149} INFO - [2023-06-08T18:37:20.846+0300] {dagbag.py:541} INFO - Filling up the DagBag from /Users/dogukanulu/opt/anaconda3/lib/python3.9/site-packages/airflow/example_dags/example_sensors.py
[2023-06-08T18:37:20.877+0300] {processor.py:836} INFO - DAG(s) dict_keys(['example_sensors']) retrieved from /Users/dogukanulu/opt/anaconda3/lib/python3.9/site-packages/airflow/example_dags/example_sensors.py
[2023-06-08T18:37:21.231+0300] {logging_mixin.py:149} INFO - [2023-06-08T18:37:21.231+0300] {dag.py:2726} INFO - Sync 1 DAGs
[2023-06-08T18:37:21.240+0300] {logging_mixin.py:149} INFO - [2023-06-08T18:37:21.240+0300] {dag.py:3486} INFO - Setting next_dagrun for example_sensors to None, run_after=None
[2023-06-08T18:37:21.250+0300] {processor.py:179} INFO - Processing /Users/dogukanulu/opt/anaconda3/lib/python3.9/site-packages/airflow/example_dags/example_sensors.py took 0.406 seconds
[2023-06-08T18:39:30.685+0300] {processor.py:157} INFO - Started process (PID=16566) to work on /Users/dogukanulu/opt/anaconda3/lib/python3.9/site-packages/airflow/example_dags/example_sensors.py
[2023-06-08T18:39:30.686+0300] {processor.py:826} INFO - Processing file /Users/dogukanulu/opt/anaconda3/lib/python3.9/site-packages/airflow/example_dags/example_sensors.py for tasks to queue
[2023-06-08T18:39:30.687+0300] {logging_mixin.py:149} INFO - [2023-06-08T18:39:30.686+0300] {dagbag.py:541} INFO - Filling up the DagBag from /Users/dogukanulu/opt/anaconda3/lib/python3.9/site-packages/airflow/example_dags/example_sensors.py
[2023-06-08T18:39:30.717+0300] {processor.py:836} INFO - DAG(s) dict_keys(['example_sensors']) retrieved from /Users/dogukanulu/opt/anaconda3/lib/python3.9/site-packages/airflow/example_dags/example_sensors.py
[2023-06-08T18:39:31.067+0300] {logging_mixin.py:149} INFO - [2023-06-08T18:39:31.067+0300] {dag.py:2726} INFO - Sync 1 DAGs
[2023-06-08T18:39:31.076+0300] {logging_mixin.py:149} INFO - [2023-06-08T18:39:31.076+0300] {dag.py:3486} INFO - Setting next_dagrun for example_sensors to None, run_after=None
[2023-06-08T18:39:31.085+0300] {processor.py:179} INFO - Processing /Users/dogukanulu/opt/anaconda3/lib/python3.9/site-packages/airflow/example_dags/example_sensors.py took 0.401 seconds
[2023-06-08T18:41:34.623+0300] {processor.py:157} INFO - Started process (PID=16741) to work on /Users/dogukanulu/opt/anaconda3/lib/python3.9/site-packages/airflow/example_dags/example_sensors.py
[2023-06-08T18:41:34.625+0300] {processor.py:826} INFO - Processing file /Users/dogukanulu/opt/anaconda3/lib/python3.9/site-packages/airflow/example_dags/example_sensors.py for tasks to queue
[2023-06-08T18:41:34.625+0300] {logging_mixin.py:149} INFO - [2023-06-08T18:41:34.625+0300] {dagbag.py:541} INFO - Filling up the DagBag from /Users/dogukanulu/opt/anaconda3/lib/python3.9/site-packages/airflow/example_dags/example_sensors.py
[2023-06-08T18:41:34.655+0300] {processor.py:836} INFO - DAG(s) dict_keys(['example_sensors']) retrieved from /Users/dogukanulu/opt/anaconda3/lib/python3.9/site-packages/airflow/example_dags/example_sensors.py
[2023-06-08T18:41:35.006+0300] {logging_mixin.py:149} INFO - [2023-06-08T18:41:35.006+0300] {dag.py:2726} INFO - Sync 1 DAGs
[2023-06-08T18:41:35.014+0300] {logging_mixin.py:149} INFO - [2023-06-08T18:41:35.014+0300] {dag.py:3486} INFO - Setting next_dagrun for example_sensors to None, run_after=None
[2023-06-08T18:41:35.024+0300] {processor.py:179} INFO - Processing /Users/dogukanulu/opt/anaconda3/lib/python3.9/site-packages/airflow/example_dags/example_sensors.py took 0.401 seconds
[2023-06-08T18:43:39.804+0300] {processor.py:157} INFO - Started process (PID=16925) to work on /Users/dogukanulu/opt/anaconda3/lib/python3.9/site-packages/airflow/example_dags/example_sensors.py
[2023-06-08T18:43:39.806+0300] {processor.py:826} INFO - Processing file /Users/dogukanulu/opt/anaconda3/lib/python3.9/site-packages/airflow/example_dags/example_sensors.py for tasks to queue
[2023-06-08T18:43:39.806+0300] {logging_mixin.py:149} INFO - [2023-06-08T18:43:39.806+0300] {dagbag.py:541} INFO - Filling up the DagBag from /Users/dogukanulu/opt/anaconda3/lib/python3.9/site-packages/airflow/example_dags/example_sensors.py
[2023-06-08T18:43:39.838+0300] {processor.py:836} INFO - DAG(s) dict_keys(['example_sensors']) retrieved from /Users/dogukanulu/opt/anaconda3/lib/python3.9/site-packages/airflow/example_dags/example_sensors.py
[2023-06-08T18:43:40.194+0300] {logging_mixin.py:149} INFO - [2023-06-08T18:43:40.193+0300] {dag.py:2726} INFO - Sync 1 DAGs
[2023-06-08T18:43:40.202+0300] {logging_mixin.py:149} INFO - [2023-06-08T18:43:40.202+0300] {dag.py:3486} INFO - Setting next_dagrun for example_sensors to None, run_after=None
[2023-06-08T18:43:40.211+0300] {processor.py:179} INFO - Processing /Users/dogukanulu/opt/anaconda3/lib/python3.9/site-packages/airflow/example_dags/example_sensors.py took 0.408 seconds
