[2023-06-08T18:29:17.510+0300] {processor.py:157} INFO - Started process (PID=15603) to work on /Users/dogukanulu/opt/anaconda3/lib/python3.9/site-packages/airflow/example_dags/example_task_group.py
[2023-06-08T18:29:17.510+0300] {processor.py:826} INFO - Processing file /Users/dogukanulu/opt/anaconda3/lib/python3.9/site-packages/airflow/example_dags/example_task_group.py for tasks to queue
[2023-06-08T18:29:17.510+0300] {logging_mixin.py:149} INFO - [2023-06-08T18:29:17.510+0300] {dagbag.py:541} INFO - Filling up the DagBag from /Users/dogukanulu/opt/anaconda3/lib/python3.9/site-packages/airflow/example_dags/example_task_group.py
[2023-06-08T18:29:17.537+0300] {processor.py:836} INFO - DAG(s) dict_keys(['example_task_group']) retrieved from /Users/dogukanulu/opt/anaconda3/lib/python3.9/site-packages/airflow/example_dags/example_task_group.py
[2023-06-08T18:29:17.915+0300] {logging_mixin.py:149} INFO - [2023-06-08T18:29:17.915+0300] {manager.py:504} INFO - Created Permission View: can edit on DAG:example_task_group
[2023-06-08T18:29:17.919+0300] {logging_mixin.py:149} INFO - [2023-06-08T18:29:17.919+0300] {manager.py:504} INFO - Created Permission View: can delete on DAG:example_task_group
[2023-06-08T18:29:17.921+0300] {logging_mixin.py:149} INFO - [2023-06-08T18:29:17.921+0300] {manager.py:504} INFO - Created Permission View: can read on DAG:example_task_group
[2023-06-08T18:29:17.922+0300] {logging_mixin.py:149} INFO - [2023-06-08T18:29:17.922+0300] {dag.py:2726} INFO - Sync 1 DAGs
[2023-06-08T18:29:17.927+0300] {logging_mixin.py:149} INFO - [2023-06-08T18:29:17.927+0300] {dag.py:2747} INFO - Creating ORM DAG for example_task_group
[2023-06-08T18:29:17.931+0300] {logging_mixin.py:149} INFO - [2023-06-08T18:29:17.931+0300] {dag.py:3486} INFO - Setting next_dagrun for example_task_group to 2023-06-07T15:29:17.931475+00:00, run_after=2023-06-08T15:29:17.931475+00:00
[2023-06-08T18:29:17.940+0300] {processor.py:179} INFO - Processing /Users/dogukanulu/opt/anaconda3/lib/python3.9/site-packages/airflow/example_dags/example_task_group.py took 0.431 seconds
[2023-06-08T18:30:49.017+0300] {processor.py:157} INFO - Started process (PID=15796) to work on /Users/dogukanulu/opt/anaconda3/lib/python3.9/site-packages/airflow/example_dags/example_task_group.py
[2023-06-08T18:30:49.019+0300] {processor.py:826} INFO - Processing file /Users/dogukanulu/opt/anaconda3/lib/python3.9/site-packages/airflow/example_dags/example_task_group.py for tasks to queue
[2023-06-08T18:30:49.019+0300] {logging_mixin.py:149} INFO - [2023-06-08T18:30:49.019+0300] {dagbag.py:541} INFO - Filling up the DagBag from /Users/dogukanulu/opt/anaconda3/lib/python3.9/site-packages/airflow/example_dags/example_task_group.py
[2023-06-08T18:30:49.046+0300] {processor.py:836} INFO - DAG(s) dict_keys(['example_task_group']) retrieved from /Users/dogukanulu/opt/anaconda3/lib/python3.9/site-packages/airflow/example_dags/example_task_group.py
[2023-06-08T18:30:49.496+0300] {logging_mixin.py:149} INFO - [2023-06-08T18:30:49.496+0300] {dag.py:2726} INFO - Sync 1 DAGs
[2023-06-08T18:30:49.511+0300] {logging_mixin.py:149} INFO - [2023-06-08T18:30:49.510+0300] {dag.py:3486} INFO - Setting next_dagrun for example_task_group to 2023-06-07T15:30:49.510830+00:00, run_after=2023-06-08T15:30:49.510830+00:00
[2023-06-08T18:30:49.523+0300] {processor.py:179} INFO - Processing /Users/dogukanulu/opt/anaconda3/lib/python3.9/site-packages/airflow/example_dags/example_task_group.py took 0.506 seconds
[2023-06-08T18:31:50.441+0300] {processor.py:157} INFO - Started process (PID=15882) to work on /Users/dogukanulu/opt/anaconda3/lib/python3.9/site-packages/airflow/example_dags/example_task_group.py
[2023-06-08T18:31:50.442+0300] {processor.py:826} INFO - Processing file /Users/dogukanulu/opt/anaconda3/lib/python3.9/site-packages/airflow/example_dags/example_task_group.py for tasks to queue
[2023-06-08T18:31:50.443+0300] {logging_mixin.py:149} INFO - [2023-06-08T18:31:50.443+0300] {dagbag.py:541} INFO - Filling up the DagBag from /Users/dogukanulu/opt/anaconda3/lib/python3.9/site-packages/airflow/example_dags/example_task_group.py
[2023-06-08T18:31:50.474+0300] {processor.py:836} INFO - DAG(s) dict_keys(['example_task_group']) retrieved from /Users/dogukanulu/opt/anaconda3/lib/python3.9/site-packages/airflow/example_dags/example_task_group.py
[2023-06-08T18:31:50.822+0300] {logging_mixin.py:149} INFO - [2023-06-08T18:31:50.822+0300] {dag.py:2726} INFO - Sync 1 DAGs
[2023-06-08T18:31:50.831+0300] {logging_mixin.py:149} INFO - [2023-06-08T18:31:50.831+0300] {dag.py:3486} INFO - Setting next_dagrun for example_task_group to 2023-06-07T15:31:50.831471+00:00, run_after=2023-06-08T15:31:50.831471+00:00
[2023-06-08T18:31:50.840+0300] {processor.py:179} INFO - Processing /Users/dogukanulu/opt/anaconda3/lib/python3.9/site-packages/airflow/example_dags/example_task_group.py took 0.400 seconds
[2023-06-08T18:32:50.876+0300] {processor.py:157} INFO - Started process (PID=15962) to work on /Users/dogukanulu/opt/anaconda3/lib/python3.9/site-packages/airflow/example_dags/example_task_group.py
[2023-06-08T18:32:50.878+0300] {processor.py:826} INFO - Processing file /Users/dogukanulu/opt/anaconda3/lib/python3.9/site-packages/airflow/example_dags/example_task_group.py for tasks to queue
[2023-06-08T18:32:50.878+0300] {logging_mixin.py:149} INFO - [2023-06-08T18:32:50.878+0300] {dagbag.py:541} INFO - Filling up the DagBag from /Users/dogukanulu/opt/anaconda3/lib/python3.9/site-packages/airflow/example_dags/example_task_group.py
[2023-06-08T18:32:50.908+0300] {processor.py:836} INFO - DAG(s) dict_keys(['example_task_group']) retrieved from /Users/dogukanulu/opt/anaconda3/lib/python3.9/site-packages/airflow/example_dags/example_task_group.py
[2023-06-08T18:32:51.273+0300] {logging_mixin.py:149} INFO - [2023-06-08T18:32:51.273+0300] {dag.py:2726} INFO - Sync 1 DAGs
[2023-06-08T18:32:51.283+0300] {logging_mixin.py:149} INFO - [2023-06-08T18:32:51.282+0300] {dag.py:3486} INFO - Setting next_dagrun for example_task_group to 2023-06-07T15:32:51.282818+00:00, run_after=2023-06-08T15:32:51.282818+00:00
[2023-06-08T18:32:51.293+0300] {processor.py:179} INFO - Processing /Users/dogukanulu/opt/anaconda3/lib/python3.9/site-packages/airflow/example_dags/example_task_group.py took 0.417 seconds
[2023-06-08T18:33:54.328+0300] {processor.py:157} INFO - Started process (PID=16048) to work on /Users/dogukanulu/opt/anaconda3/lib/python3.9/site-packages/airflow/example_dags/example_task_group.py
[2023-06-08T18:33:54.329+0300] {processor.py:826} INFO - Processing file /Users/dogukanulu/opt/anaconda3/lib/python3.9/site-packages/airflow/example_dags/example_task_group.py for tasks to queue
[2023-06-08T18:33:54.330+0300] {logging_mixin.py:149} INFO - [2023-06-08T18:33:54.330+0300] {dagbag.py:541} INFO - Filling up the DagBag from /Users/dogukanulu/opt/anaconda3/lib/python3.9/site-packages/airflow/example_dags/example_task_group.py
[2023-06-08T18:33:54.357+0300] {processor.py:836} INFO - DAG(s) dict_keys(['example_task_group']) retrieved from /Users/dogukanulu/opt/anaconda3/lib/python3.9/site-packages/airflow/example_dags/example_task_group.py
[2023-06-08T18:33:54.698+0300] {logging_mixin.py:149} INFO - [2023-06-08T18:33:54.698+0300] {dag.py:2726} INFO - Sync 1 DAGs
[2023-06-08T18:33:54.708+0300] {logging_mixin.py:149} INFO - [2023-06-08T18:33:54.708+0300] {dag.py:3486} INFO - Setting next_dagrun for example_task_group to 2023-06-07T15:33:54.708114+00:00, run_after=2023-06-08T15:33:54.708114+00:00
[2023-06-08T18:33:54.717+0300] {processor.py:179} INFO - Processing /Users/dogukanulu/opt/anaconda3/lib/python3.9/site-packages/airflow/example_dags/example_task_group.py took 0.389 seconds
[2023-06-08T18:34:57.755+0300] {processor.py:157} INFO - Started process (PID=16135) to work on /Users/dogukanulu/opt/anaconda3/lib/python3.9/site-packages/airflow/example_dags/example_task_group.py
[2023-06-08T18:34:57.755+0300] {processor.py:826} INFO - Processing file /Users/dogukanulu/opt/anaconda3/lib/python3.9/site-packages/airflow/example_dags/example_task_group.py for tasks to queue
[2023-06-08T18:34:57.756+0300] {logging_mixin.py:149} INFO - [2023-06-08T18:34:57.756+0300] {dagbag.py:541} INFO - Filling up the DagBag from /Users/dogukanulu/opt/anaconda3/lib/python3.9/site-packages/airflow/example_dags/example_task_group.py
[2023-06-08T18:34:57.783+0300] {processor.py:836} INFO - DAG(s) dict_keys(['example_task_group']) retrieved from /Users/dogukanulu/opt/anaconda3/lib/python3.9/site-packages/airflow/example_dags/example_task_group.py
[2023-06-08T18:34:58.137+0300] {logging_mixin.py:149} INFO - [2023-06-08T18:34:58.137+0300] {dag.py:2726} INFO - Sync 1 DAGs
[2023-06-08T18:34:58.148+0300] {logging_mixin.py:149} INFO - [2023-06-08T18:34:58.147+0300] {dag.py:3486} INFO - Setting next_dagrun for example_task_group to 2023-06-07T15:34:58.147861+00:00, run_after=2023-06-08T15:34:58.147861+00:00
[2023-06-08T18:34:58.158+0300] {processor.py:179} INFO - Processing /Users/dogukanulu/opt/anaconda3/lib/python3.9/site-packages/airflow/example_dags/example_task_group.py took 0.404 seconds
[2023-06-08T18:36:02.920+0300] {processor.py:157} INFO - Started process (PID=16226) to work on /Users/dogukanulu/opt/anaconda3/lib/python3.9/site-packages/airflow/example_dags/example_task_group.py
[2023-06-08T18:36:02.921+0300] {processor.py:826} INFO - Processing file /Users/dogukanulu/opt/anaconda3/lib/python3.9/site-packages/airflow/example_dags/example_task_group.py for tasks to queue
[2023-06-08T18:36:02.921+0300] {logging_mixin.py:149} INFO - [2023-06-08T18:36:02.921+0300] {dagbag.py:541} INFO - Filling up the DagBag from /Users/dogukanulu/opt/anaconda3/lib/python3.9/site-packages/airflow/example_dags/example_task_group.py
[2023-06-08T18:36:02.950+0300] {processor.py:836} INFO - DAG(s) dict_keys(['example_task_group']) retrieved from /Users/dogukanulu/opt/anaconda3/lib/python3.9/site-packages/airflow/example_dags/example_task_group.py
[2023-06-08T18:36:03.301+0300] {logging_mixin.py:149} INFO - [2023-06-08T18:36:03.301+0300] {dag.py:2726} INFO - Sync 1 DAGs
[2023-06-08T18:36:03.311+0300] {logging_mixin.py:149} INFO - [2023-06-08T18:36:03.311+0300] {dag.py:3486} INFO - Setting next_dagrun for example_task_group to 2023-06-07T15:36:03.310907+00:00, run_after=2023-06-08T15:36:03.310907+00:00
[2023-06-08T18:36:03.320+0300] {processor.py:179} INFO - Processing /Users/dogukanulu/opt/anaconda3/lib/python3.9/site-packages/airflow/example_dags/example_task_group.py took 0.401 seconds
[2023-06-08T18:37:04.212+0300] {processor.py:157} INFO - Started process (PID=16338) to work on /Users/dogukanulu/opt/anaconda3/lib/python3.9/site-packages/airflow/example_dags/example_task_group.py
[2023-06-08T18:37:04.214+0300] {processor.py:826} INFO - Processing file /Users/dogukanulu/opt/anaconda3/lib/python3.9/site-packages/airflow/example_dags/example_task_group.py for tasks to queue
[2023-06-08T18:37:04.214+0300] {logging_mixin.py:149} INFO - [2023-06-08T18:37:04.214+0300] {dagbag.py:541} INFO - Filling up the DagBag from /Users/dogukanulu/opt/anaconda3/lib/python3.9/site-packages/airflow/example_dags/example_task_group.py
[2023-06-08T18:37:04.249+0300] {processor.py:836} INFO - DAG(s) dict_keys(['example_task_group']) retrieved from /Users/dogukanulu/opt/anaconda3/lib/python3.9/site-packages/airflow/example_dags/example_task_group.py
[2023-06-08T18:37:04.643+0300] {logging_mixin.py:149} INFO - [2023-06-08T18:37:04.643+0300] {dag.py:2726} INFO - Sync 1 DAGs
[2023-06-08T18:37:04.652+0300] {logging_mixin.py:149} INFO - [2023-06-08T18:37:04.652+0300] {dag.py:3486} INFO - Setting next_dagrun for example_task_group to 2023-06-07T15:37:04.652692+00:00, run_after=2023-06-08T15:37:04.652692+00:00
[2023-06-08T18:37:04.662+0300] {processor.py:179} INFO - Processing /Users/dogukanulu/opt/anaconda3/lib/python3.9/site-packages/airflow/example_dags/example_task_group.py took 0.451 seconds
[2023-06-08T18:38:09.106+0300] {processor.py:157} INFO - Started process (PID=16424) to work on /Users/dogukanulu/opt/anaconda3/lib/python3.9/site-packages/airflow/example_dags/example_task_group.py
[2023-06-08T18:38:09.108+0300] {processor.py:826} INFO - Processing file /Users/dogukanulu/opt/anaconda3/lib/python3.9/site-packages/airflow/example_dags/example_task_group.py for tasks to queue
[2023-06-08T18:38:09.108+0300] {logging_mixin.py:149} INFO - [2023-06-08T18:38:09.108+0300] {dagbag.py:541} INFO - Filling up the DagBag from /Users/dogukanulu/opt/anaconda3/lib/python3.9/site-packages/airflow/example_dags/example_task_group.py
[2023-06-08T18:38:09.134+0300] {processor.py:836} INFO - DAG(s) dict_keys(['example_task_group']) retrieved from /Users/dogukanulu/opt/anaconda3/lib/python3.9/site-packages/airflow/example_dags/example_task_group.py
[2023-06-08T18:38:09.473+0300] {logging_mixin.py:149} INFO - [2023-06-08T18:38:09.473+0300] {dag.py:2726} INFO - Sync 1 DAGs
[2023-06-08T18:38:09.482+0300] {logging_mixin.py:149} INFO - [2023-06-08T18:38:09.482+0300] {dag.py:3486} INFO - Setting next_dagrun for example_task_group to 2023-06-07T15:38:09.482785+00:00, run_after=2023-06-08T15:38:09.482785+00:00
[2023-06-08T18:38:09.492+0300] {processor.py:179} INFO - Processing /Users/dogukanulu/opt/anaconda3/lib/python3.9/site-packages/airflow/example_dags/example_task_group.py took 0.386 seconds
[2023-06-08T18:39:14.426+0300] {processor.py:157} INFO - Started process (PID=16516) to work on /Users/dogukanulu/opt/anaconda3/lib/python3.9/site-packages/airflow/example_dags/example_task_group.py
[2023-06-08T18:39:14.428+0300] {processor.py:826} INFO - Processing file /Users/dogukanulu/opt/anaconda3/lib/python3.9/site-packages/airflow/example_dags/example_task_group.py for tasks to queue
[2023-06-08T18:39:14.428+0300] {logging_mixin.py:149} INFO - [2023-06-08T18:39:14.428+0300] {dagbag.py:541} INFO - Filling up the DagBag from /Users/dogukanulu/opt/anaconda3/lib/python3.9/site-packages/airflow/example_dags/example_task_group.py
[2023-06-08T18:39:14.454+0300] {processor.py:836} INFO - DAG(s) dict_keys(['example_task_group']) retrieved from /Users/dogukanulu/opt/anaconda3/lib/python3.9/site-packages/airflow/example_dags/example_task_group.py
[2023-06-08T18:39:14.795+0300] {logging_mixin.py:149} INFO - [2023-06-08T18:39:14.795+0300] {dag.py:2726} INFO - Sync 1 DAGs
[2023-06-08T18:39:14.804+0300] {logging_mixin.py:149} INFO - [2023-06-08T18:39:14.804+0300] {dag.py:3486} INFO - Setting next_dagrun for example_task_group to 2023-06-07T15:39:14.804445+00:00, run_after=2023-06-08T15:39:14.804445+00:00
[2023-06-08T18:39:14.814+0300] {processor.py:179} INFO - Processing /Users/dogukanulu/opt/anaconda3/lib/python3.9/site-packages/airflow/example_dags/example_task_group.py took 0.387 seconds
[2023-06-08T18:40:16.544+0300] {processor.py:157} INFO - Started process (PID=16636) to work on /Users/dogukanulu/opt/anaconda3/lib/python3.9/site-packages/airflow/example_dags/example_task_group.py
[2023-06-08T18:40:16.545+0300] {processor.py:826} INFO - Processing file /Users/dogukanulu/opt/anaconda3/lib/python3.9/site-packages/airflow/example_dags/example_task_group.py for tasks to queue
[2023-06-08T18:40:16.545+0300] {logging_mixin.py:149} INFO - [2023-06-08T18:40:16.545+0300] {dagbag.py:541} INFO - Filling up the DagBag from /Users/dogukanulu/opt/anaconda3/lib/python3.9/site-packages/airflow/example_dags/example_task_group.py
[2023-06-08T18:40:16.571+0300] {processor.py:836} INFO - DAG(s) dict_keys(['example_task_group']) retrieved from /Users/dogukanulu/opt/anaconda3/lib/python3.9/site-packages/airflow/example_dags/example_task_group.py
[2023-06-08T18:40:16.917+0300] {logging_mixin.py:149} INFO - [2023-06-08T18:40:16.917+0300] {dag.py:2726} INFO - Sync 1 DAGs
[2023-06-08T18:40:16.927+0300] {logging_mixin.py:149} INFO - [2023-06-08T18:40:16.926+0300] {dag.py:3486} INFO - Setting next_dagrun for example_task_group to 2023-06-07T15:40:16.926845+00:00, run_after=2023-06-08T15:40:16.926845+00:00
[2023-06-08T18:40:16.936+0300] {processor.py:179} INFO - Processing /Users/dogukanulu/opt/anaconda3/lib/python3.9/site-packages/airflow/example_dags/example_task_group.py took 0.392 seconds
[2023-06-08T18:41:18.547+0300] {processor.py:157} INFO - Started process (PID=16721) to work on /Users/dogukanulu/opt/anaconda3/lib/python3.9/site-packages/airflow/example_dags/example_task_group.py
[2023-06-08T18:41:18.548+0300] {processor.py:826} INFO - Processing file /Users/dogukanulu/opt/anaconda3/lib/python3.9/site-packages/airflow/example_dags/example_task_group.py for tasks to queue
[2023-06-08T18:41:18.548+0300] {logging_mixin.py:149} INFO - [2023-06-08T18:41:18.548+0300] {dagbag.py:541} INFO - Filling up the DagBag from /Users/dogukanulu/opt/anaconda3/lib/python3.9/site-packages/airflow/example_dags/example_task_group.py
[2023-06-08T18:41:18.575+0300] {processor.py:836} INFO - DAG(s) dict_keys(['example_task_group']) retrieved from /Users/dogukanulu/opt/anaconda3/lib/python3.9/site-packages/airflow/example_dags/example_task_group.py
[2023-06-08T18:41:18.915+0300] {logging_mixin.py:149} INFO - [2023-06-08T18:41:18.915+0300] {dag.py:2726} INFO - Sync 1 DAGs
[2023-06-08T18:41:18.925+0300] {logging_mixin.py:149} INFO - [2023-06-08T18:41:18.924+0300] {dag.py:3486} INFO - Setting next_dagrun for example_task_group to 2023-06-07T15:41:18.924872+00:00, run_after=2023-06-08T15:41:18.924872+00:00
[2023-06-08T18:41:18.934+0300] {processor.py:179} INFO - Processing /Users/dogukanulu/opt/anaconda3/lib/python3.9/site-packages/airflow/example_dags/example_task_group.py took 0.387 seconds
[2023-06-08T18:42:21.800+0300] {processor.py:157} INFO - Started process (PID=16805) to work on /Users/dogukanulu/opt/anaconda3/lib/python3.9/site-packages/airflow/example_dags/example_task_group.py
[2023-06-08T18:42:21.801+0300] {processor.py:826} INFO - Processing file /Users/dogukanulu/opt/anaconda3/lib/python3.9/site-packages/airflow/example_dags/example_task_group.py for tasks to queue
[2023-06-08T18:42:21.801+0300] {logging_mixin.py:149} INFO - [2023-06-08T18:42:21.801+0300] {dagbag.py:541} INFO - Filling up the DagBag from /Users/dogukanulu/opt/anaconda3/lib/python3.9/site-packages/airflow/example_dags/example_task_group.py
[2023-06-08T18:42:21.828+0300] {processor.py:836} INFO - DAG(s) dict_keys(['example_task_group']) retrieved from /Users/dogukanulu/opt/anaconda3/lib/python3.9/site-packages/airflow/example_dags/example_task_group.py
[2023-06-08T18:42:22.173+0300] {logging_mixin.py:149} INFO - [2023-06-08T18:42:22.173+0300] {dag.py:2726} INFO - Sync 1 DAGs
[2023-06-08T18:42:22.183+0300] {logging_mixin.py:149} INFO - [2023-06-08T18:42:22.183+0300] {dag.py:3486} INFO - Setting next_dagrun for example_task_group to 2023-06-07T15:42:22.183105+00:00, run_after=2023-06-08T15:42:22.183105+00:00
[2023-06-08T18:42:22.192+0300] {processor.py:179} INFO - Processing /Users/dogukanulu/opt/anaconda3/lib/python3.9/site-packages/airflow/example_dags/example_task_group.py took 0.393 seconds
[2023-06-08T18:43:24.762+0300] {processor.py:157} INFO - Started process (PID=16899) to work on /Users/dogukanulu/opt/anaconda3/lib/python3.9/site-packages/airflow/example_dags/example_task_group.py
[2023-06-08T18:43:24.763+0300] {processor.py:826} INFO - Processing file /Users/dogukanulu/opt/anaconda3/lib/python3.9/site-packages/airflow/example_dags/example_task_group.py for tasks to queue
[2023-06-08T18:43:24.763+0300] {logging_mixin.py:149} INFO - [2023-06-08T18:43:24.763+0300] {dagbag.py:541} INFO - Filling up the DagBag from /Users/dogukanulu/opt/anaconda3/lib/python3.9/site-packages/airflow/example_dags/example_task_group.py
[2023-06-08T18:43:24.790+0300] {processor.py:836} INFO - DAG(s) dict_keys(['example_task_group']) retrieved from /Users/dogukanulu/opt/anaconda3/lib/python3.9/site-packages/airflow/example_dags/example_task_group.py
[2023-06-08T18:43:25.131+0300] {logging_mixin.py:149} INFO - [2023-06-08T18:43:25.131+0300] {dag.py:2726} INFO - Sync 1 DAGs
[2023-06-08T18:43:25.141+0300] {logging_mixin.py:149} INFO - [2023-06-08T18:43:25.141+0300] {dag.py:3486} INFO - Setting next_dagrun for example_task_group to 2023-06-07T15:43:25.140916+00:00, run_after=2023-06-08T15:43:25.140916+00:00
[2023-06-08T18:43:25.150+0300] {processor.py:179} INFO - Processing /Users/dogukanulu/opt/anaconda3/lib/python3.9/site-packages/airflow/example_dags/example_task_group.py took 0.389 seconds
[2023-06-08T18:44:26.452+0300] {processor.py:157} INFO - Started process (PID=16987) to work on /Users/dogukanulu/opt/anaconda3/lib/python3.9/site-packages/airflow/example_dags/example_task_group.py
[2023-06-08T18:44:26.454+0300] {processor.py:826} INFO - Processing file /Users/dogukanulu/opt/anaconda3/lib/python3.9/site-packages/airflow/example_dags/example_task_group.py for tasks to queue
[2023-06-08T18:44:26.454+0300] {logging_mixin.py:149} INFO - [2023-06-08T18:44:26.454+0300] {dagbag.py:541} INFO - Filling up the DagBag from /Users/dogukanulu/opt/anaconda3/lib/python3.9/site-packages/airflow/example_dags/example_task_group.py
[2023-06-08T18:44:26.480+0300] {processor.py:836} INFO - DAG(s) dict_keys(['example_task_group']) retrieved from /Users/dogukanulu/opt/anaconda3/lib/python3.9/site-packages/airflow/example_dags/example_task_group.py
[2023-06-08T18:44:26.825+0300] {logging_mixin.py:149} INFO - [2023-06-08T18:44:26.825+0300] {dag.py:2726} INFO - Sync 1 DAGs
[2023-06-08T18:44:26.835+0300] {logging_mixin.py:149} INFO - [2023-06-08T18:44:26.834+0300] {dag.py:3486} INFO - Setting next_dagrun for example_task_group to 2023-06-07T15:44:26.834830+00:00, run_after=2023-06-08T15:44:26.834830+00:00
[2023-06-08T18:44:26.844+0300] {processor.py:179} INFO - Processing /Users/dogukanulu/opt/anaconda3/lib/python3.9/site-packages/airflow/example_dags/example_task_group.py took 0.392 seconds
