[2023-06-08T18:28:56.922+0300] {processor.py:157} INFO - Started process (PID=15574) to work on /Users/dogukanulu/opt/anaconda3/lib/python3.9/site-packages/airflow/example_dags/tutorial_taskflow_api_virtualenv.py
[2023-06-08T18:28:56.923+0300] {processor.py:826} INFO - Processing file /Users/dogukanulu/opt/anaconda3/lib/python3.9/site-packages/airflow/example_dags/tutorial_taskflow_api_virtualenv.py for tasks to queue
[2023-06-08T18:28:56.923+0300] {logging_mixin.py:149} INFO - [2023-06-08T18:28:56.923+0300] {dagbag.py:541} INFO - Filling up the DagBag from /Users/dogukanulu/opt/anaconda3/lib/python3.9/site-packages/airflow/example_dags/tutorial_taskflow_api_virtualenv.py
[2023-06-08T18:28:56.972+0300] {processor.py:836} INFO - DAG(s) dict_keys(['tutorial_taskflow_api_virtualenv']) retrieved from /Users/dogukanulu/opt/anaconda3/lib/python3.9/site-packages/airflow/example_dags/tutorial_taskflow_api_virtualenv.py
[2023-06-08T18:28:57.376+0300] {logging_mixin.py:149} INFO - [2023-06-08T18:28:57.375+0300] {manager.py:504} INFO - Created Permission View: can delete on DAG:tutorial_taskflow_api_virtualenv
[2023-06-08T18:28:57.380+0300] {logging_mixin.py:149} INFO - [2023-06-08T18:28:57.379+0300] {manager.py:504} INFO - Created Permission View: can edit on DAG:tutorial_taskflow_api_virtualenv
[2023-06-08T18:28:57.382+0300] {logging_mixin.py:149} INFO - [2023-06-08T18:28:57.382+0300] {manager.py:504} INFO - Created Permission View: can read on DAG:tutorial_taskflow_api_virtualenv
[2023-06-08T18:28:57.383+0300] {logging_mixin.py:149} INFO - [2023-06-08T18:28:57.382+0300] {dag.py:2726} INFO - Sync 1 DAGs
[2023-06-08T18:28:57.389+0300] {logging_mixin.py:149} INFO - [2023-06-08T18:28:57.389+0300] {dag.py:2747} INFO - Creating ORM DAG for tutorial_taskflow_api_virtualenv
[2023-06-08T18:28:57.393+0300] {logging_mixin.py:149} INFO - [2023-06-08T18:28:57.393+0300] {dag.py:3486} INFO - Setting next_dagrun for tutorial_taskflow_api_virtualenv to None, run_after=None
[2023-06-08T18:28:57.403+0300] {processor.py:179} INFO - Processing /Users/dogukanulu/opt/anaconda3/lib/python3.9/site-packages/airflow/example_dags/tutorial_taskflow_api_virtualenv.py took 0.482 seconds
[2023-06-08T18:30:29.579+0300] {processor.py:157} INFO - Started process (PID=15698) to work on /Users/dogukanulu/opt/anaconda3/lib/python3.9/site-packages/airflow/example_dags/tutorial_taskflow_api_virtualenv.py
[2023-06-08T18:30:29.580+0300] {processor.py:826} INFO - Processing file /Users/dogukanulu/opt/anaconda3/lib/python3.9/site-packages/airflow/example_dags/tutorial_taskflow_api_virtualenv.py for tasks to queue
[2023-06-08T18:30:29.580+0300] {logging_mixin.py:149} INFO - [2023-06-08T18:30:29.580+0300] {dagbag.py:541} INFO - Filling up the DagBag from /Users/dogukanulu/opt/anaconda3/lib/python3.9/site-packages/airflow/example_dags/tutorial_taskflow_api_virtualenv.py
[2023-06-08T18:30:29.621+0300] {processor.py:836} INFO - DAG(s) dict_keys(['tutorial_taskflow_api_virtualenv']) retrieved from /Users/dogukanulu/opt/anaconda3/lib/python3.9/site-packages/airflow/example_dags/tutorial_taskflow_api_virtualenv.py
[2023-06-08T18:30:29.959+0300] {logging_mixin.py:149} INFO - [2023-06-08T18:30:29.958+0300] {dag.py:2726} INFO - Sync 1 DAGs
[2023-06-08T18:30:29.967+0300] {logging_mixin.py:149} INFO - [2023-06-08T18:30:29.967+0300] {dag.py:3486} INFO - Setting next_dagrun for tutorial_taskflow_api_virtualenv to None, run_after=None
[2023-06-08T18:30:29.977+0300] {processor.py:179} INFO - Processing /Users/dogukanulu/opt/anaconda3/lib/python3.9/site-packages/airflow/example_dags/tutorial_taskflow_api_virtualenv.py took 0.398 seconds
[2023-06-08T18:31:30.692+0300] {processor.py:157} INFO - Started process (PID=15852) to work on /Users/dogukanulu/opt/anaconda3/lib/python3.9/site-packages/airflow/example_dags/tutorial_taskflow_api_virtualenv.py
[2023-06-08T18:31:30.693+0300] {processor.py:826} INFO - Processing file /Users/dogukanulu/opt/anaconda3/lib/python3.9/site-packages/airflow/example_dags/tutorial_taskflow_api_virtualenv.py for tasks to queue
[2023-06-08T18:31:30.694+0300] {logging_mixin.py:149} INFO - [2023-06-08T18:31:30.694+0300] {dagbag.py:541} INFO - Filling up the DagBag from /Users/dogukanulu/opt/anaconda3/lib/python3.9/site-packages/airflow/example_dags/tutorial_taskflow_api_virtualenv.py
[2023-06-08T18:31:30.743+0300] {processor.py:836} INFO - DAG(s) dict_keys(['tutorial_taskflow_api_virtualenv']) retrieved from /Users/dogukanulu/opt/anaconda3/lib/python3.9/site-packages/airflow/example_dags/tutorial_taskflow_api_virtualenv.py
[2023-06-08T18:31:31.089+0300] {logging_mixin.py:149} INFO - [2023-06-08T18:31:31.089+0300] {dag.py:2726} INFO - Sync 1 DAGs
[2023-06-08T18:31:31.098+0300] {logging_mixin.py:149} INFO - [2023-06-08T18:31:31.098+0300] {dag.py:3486} INFO - Setting next_dagrun for tutorial_taskflow_api_virtualenv to None, run_after=None
[2023-06-08T18:31:31.107+0300] {processor.py:179} INFO - Processing /Users/dogukanulu/opt/anaconda3/lib/python3.9/site-packages/airflow/example_dags/tutorial_taskflow_api_virtualenv.py took 0.416 seconds
[2023-06-08T18:32:32.315+0300] {processor.py:157} INFO - Started process (PID=15937) to work on /Users/dogukanulu/opt/anaconda3/lib/python3.9/site-packages/airflow/example_dags/tutorial_taskflow_api_virtualenv.py
[2023-06-08T18:32:32.317+0300] {processor.py:826} INFO - Processing file /Users/dogukanulu/opt/anaconda3/lib/python3.9/site-packages/airflow/example_dags/tutorial_taskflow_api_virtualenv.py for tasks to queue
[2023-06-08T18:32:32.317+0300] {logging_mixin.py:149} INFO - [2023-06-08T18:32:32.317+0300] {dagbag.py:541} INFO - Filling up the DagBag from /Users/dogukanulu/opt/anaconda3/lib/python3.9/site-packages/airflow/example_dags/tutorial_taskflow_api_virtualenv.py
[2023-06-08T18:32:32.373+0300] {processor.py:836} INFO - DAG(s) dict_keys(['tutorial_taskflow_api_virtualenv']) retrieved from /Users/dogukanulu/opt/anaconda3/lib/python3.9/site-packages/airflow/example_dags/tutorial_taskflow_api_virtualenv.py
[2023-06-08T18:32:32.781+0300] {logging_mixin.py:149} INFO - [2023-06-08T18:32:32.781+0300] {dag.py:2726} INFO - Sync 1 DAGs
[2023-06-08T18:32:32.792+0300] {logging_mixin.py:149} INFO - [2023-06-08T18:32:32.792+0300] {dag.py:3486} INFO - Setting next_dagrun for tutorial_taskflow_api_virtualenv to None, run_after=None
[2023-06-08T18:32:32.804+0300] {processor.py:179} INFO - Processing /Users/dogukanulu/opt/anaconda3/lib/python3.9/site-packages/airflow/example_dags/tutorial_taskflow_api_virtualenv.py took 0.490 seconds
[2023-06-08T18:33:32.348+0300] {processor.py:157} INFO - Started process (PID=16019) to work on /Users/dogukanulu/opt/anaconda3/lib/python3.9/site-packages/airflow/example_dags/tutorial_taskflow_api_virtualenv.py
[2023-06-08T18:33:32.349+0300] {processor.py:826} INFO - Processing file /Users/dogukanulu/opt/anaconda3/lib/python3.9/site-packages/airflow/example_dags/tutorial_taskflow_api_virtualenv.py for tasks to queue
[2023-06-08T18:33:32.349+0300] {logging_mixin.py:149} INFO - [2023-06-08T18:33:32.349+0300] {dagbag.py:541} INFO - Filling up the DagBag from /Users/dogukanulu/opt/anaconda3/lib/python3.9/site-packages/airflow/example_dags/tutorial_taskflow_api_virtualenv.py
[2023-06-08T18:33:32.392+0300] {processor.py:836} INFO - DAG(s) dict_keys(['tutorial_taskflow_api_virtualenv']) retrieved from /Users/dogukanulu/opt/anaconda3/lib/python3.9/site-packages/airflow/example_dags/tutorial_taskflow_api_virtualenv.py
[2023-06-08T18:33:32.790+0300] {logging_mixin.py:149} INFO - [2023-06-08T18:33:32.790+0300] {dag.py:2726} INFO - Sync 1 DAGs
[2023-06-08T18:33:32.807+0300] {logging_mixin.py:149} INFO - [2023-06-08T18:33:32.807+0300] {dag.py:3486} INFO - Setting next_dagrun for tutorial_taskflow_api_virtualenv to None, run_after=None
[2023-06-08T18:33:32.840+0300] {processor.py:179} INFO - Processing /Users/dogukanulu/opt/anaconda3/lib/python3.9/site-packages/airflow/example_dags/tutorial_taskflow_api_virtualenv.py took 0.493 seconds
[2023-06-08T18:34:38.331+0300] {processor.py:157} INFO - Started process (PID=16108) to work on /Users/dogukanulu/opt/anaconda3/lib/python3.9/site-packages/airflow/example_dags/tutorial_taskflow_api_virtualenv.py
[2023-06-08T18:34:38.333+0300] {processor.py:826} INFO - Processing file /Users/dogukanulu/opt/anaconda3/lib/python3.9/site-packages/airflow/example_dags/tutorial_taskflow_api_virtualenv.py for tasks to queue
[2023-06-08T18:34:38.333+0300] {logging_mixin.py:149} INFO - [2023-06-08T18:34:38.333+0300] {dagbag.py:541} INFO - Filling up the DagBag from /Users/dogukanulu/opt/anaconda3/lib/python3.9/site-packages/airflow/example_dags/tutorial_taskflow_api_virtualenv.py
[2023-06-08T18:34:38.375+0300] {processor.py:836} INFO - DAG(s) dict_keys(['tutorial_taskflow_api_virtualenv']) retrieved from /Users/dogukanulu/opt/anaconda3/lib/python3.9/site-packages/airflow/example_dags/tutorial_taskflow_api_virtualenv.py
[2023-06-08T18:34:38.710+0300] {logging_mixin.py:149} INFO - [2023-06-08T18:34:38.710+0300] {dag.py:2726} INFO - Sync 1 DAGs
[2023-06-08T18:34:38.719+0300] {logging_mixin.py:149} INFO - [2023-06-08T18:34:38.718+0300] {dag.py:3486} INFO - Setting next_dagrun for tutorial_taskflow_api_virtualenv to None, run_after=None
[2023-06-08T18:34:38.728+0300] {processor.py:179} INFO - Processing /Users/dogukanulu/opt/anaconda3/lib/python3.9/site-packages/airflow/example_dags/tutorial_taskflow_api_virtualenv.py took 0.397 seconds
[2023-06-08T18:35:42.748+0300] {processor.py:157} INFO - Started process (PID=16198) to work on /Users/dogukanulu/opt/anaconda3/lib/python3.9/site-packages/airflow/example_dags/tutorial_taskflow_api_virtualenv.py
[2023-06-08T18:35:42.750+0300] {processor.py:826} INFO - Processing file /Users/dogukanulu/opt/anaconda3/lib/python3.9/site-packages/airflow/example_dags/tutorial_taskflow_api_virtualenv.py for tasks to queue
[2023-06-08T18:35:42.750+0300] {logging_mixin.py:149} INFO - [2023-06-08T18:35:42.750+0300] {dagbag.py:541} INFO - Filling up the DagBag from /Users/dogukanulu/opt/anaconda3/lib/python3.9/site-packages/airflow/example_dags/tutorial_taskflow_api_virtualenv.py
[2023-06-08T18:35:42.796+0300] {processor.py:836} INFO - DAG(s) dict_keys(['tutorial_taskflow_api_virtualenv']) retrieved from /Users/dogukanulu/opt/anaconda3/lib/python3.9/site-packages/airflow/example_dags/tutorial_taskflow_api_virtualenv.py
[2023-06-08T18:35:43.140+0300] {logging_mixin.py:149} INFO - [2023-06-08T18:35:43.139+0300] {dag.py:2726} INFO - Sync 1 DAGs
[2023-06-08T18:35:43.148+0300] {logging_mixin.py:149} INFO - [2023-06-08T18:35:43.148+0300] {dag.py:3486} INFO - Setting next_dagrun for tutorial_taskflow_api_virtualenv to None, run_after=None
[2023-06-08T18:35:43.158+0300] {processor.py:179} INFO - Processing /Users/dogukanulu/opt/anaconda3/lib/python3.9/site-packages/airflow/example_dags/tutorial_taskflow_api_virtualenv.py took 0.410 seconds
[2023-06-08T18:36:44.760+0300] {processor.py:157} INFO - Started process (PID=16308) to work on /Users/dogukanulu/opt/anaconda3/lib/python3.9/site-packages/airflow/example_dags/tutorial_taskflow_api_virtualenv.py
[2023-06-08T18:36:44.761+0300] {processor.py:826} INFO - Processing file /Users/dogukanulu/opt/anaconda3/lib/python3.9/site-packages/airflow/example_dags/tutorial_taskflow_api_virtualenv.py for tasks to queue
[2023-06-08T18:36:44.762+0300] {logging_mixin.py:149} INFO - [2023-06-08T18:36:44.762+0300] {dagbag.py:541} INFO - Filling up the DagBag from /Users/dogukanulu/opt/anaconda3/lib/python3.9/site-packages/airflow/example_dags/tutorial_taskflow_api_virtualenv.py
[2023-06-08T18:36:44.804+0300] {processor.py:836} INFO - DAG(s) dict_keys(['tutorial_taskflow_api_virtualenv']) retrieved from /Users/dogukanulu/opt/anaconda3/lib/python3.9/site-packages/airflow/example_dags/tutorial_taskflow_api_virtualenv.py
[2023-06-08T18:36:45.141+0300] {logging_mixin.py:149} INFO - [2023-06-08T18:36:45.141+0300] {dag.py:2726} INFO - Sync 1 DAGs
[2023-06-08T18:36:45.150+0300] {logging_mixin.py:149} INFO - [2023-06-08T18:36:45.150+0300] {dag.py:3486} INFO - Setting next_dagrun for tutorial_taskflow_api_virtualenv to None, run_after=None
[2023-06-08T18:36:45.160+0300] {processor.py:179} INFO - Processing /Users/dogukanulu/opt/anaconda3/lib/python3.9/site-packages/airflow/example_dags/tutorial_taskflow_api_virtualenv.py took 0.400 seconds
[2023-06-08T18:37:48.650+0300] {processor.py:157} INFO - Started process (PID=16397) to work on /Users/dogukanulu/opt/anaconda3/lib/python3.9/site-packages/airflow/example_dags/tutorial_taskflow_api_virtualenv.py
[2023-06-08T18:37:48.652+0300] {processor.py:826} INFO - Processing file /Users/dogukanulu/opt/anaconda3/lib/python3.9/site-packages/airflow/example_dags/tutorial_taskflow_api_virtualenv.py for tasks to queue
[2023-06-08T18:37:48.652+0300] {logging_mixin.py:149} INFO - [2023-06-08T18:37:48.652+0300] {dagbag.py:541} INFO - Filling up the DagBag from /Users/dogukanulu/opt/anaconda3/lib/python3.9/site-packages/airflow/example_dags/tutorial_taskflow_api_virtualenv.py
[2023-06-08T18:37:48.696+0300] {processor.py:836} INFO - DAG(s) dict_keys(['tutorial_taskflow_api_virtualenv']) retrieved from /Users/dogukanulu/opt/anaconda3/lib/python3.9/site-packages/airflow/example_dags/tutorial_taskflow_api_virtualenv.py
[2023-06-08T18:37:49.035+0300] {logging_mixin.py:149} INFO - [2023-06-08T18:37:49.035+0300] {dag.py:2726} INFO - Sync 1 DAGs
[2023-06-08T18:37:49.044+0300] {logging_mixin.py:149} INFO - [2023-06-08T18:37:49.044+0300] {dag.py:3486} INFO - Setting next_dagrun for tutorial_taskflow_api_virtualenv to None, run_after=None
[2023-06-08T18:37:49.054+0300] {processor.py:179} INFO - Processing /Users/dogukanulu/opt/anaconda3/lib/python3.9/site-packages/airflow/example_dags/tutorial_taskflow_api_virtualenv.py took 0.404 seconds
[2023-06-08T18:38:54.308+0300] {processor.py:157} INFO - Started process (PID=16489) to work on /Users/dogukanulu/opt/anaconda3/lib/python3.9/site-packages/airflow/example_dags/tutorial_taskflow_api_virtualenv.py
[2023-06-08T18:38:54.309+0300] {processor.py:826} INFO - Processing file /Users/dogukanulu/opt/anaconda3/lib/python3.9/site-packages/airflow/example_dags/tutorial_taskflow_api_virtualenv.py for tasks to queue
[2023-06-08T18:38:54.310+0300] {logging_mixin.py:149} INFO - [2023-06-08T18:38:54.310+0300] {dagbag.py:541} INFO - Filling up the DagBag from /Users/dogukanulu/opt/anaconda3/lib/python3.9/site-packages/airflow/example_dags/tutorial_taskflow_api_virtualenv.py
[2023-06-08T18:38:54.351+0300] {processor.py:836} INFO - DAG(s) dict_keys(['tutorial_taskflow_api_virtualenv']) retrieved from /Users/dogukanulu/opt/anaconda3/lib/python3.9/site-packages/airflow/example_dags/tutorial_taskflow_api_virtualenv.py
[2023-06-08T18:38:54.685+0300] {logging_mixin.py:149} INFO - [2023-06-08T18:38:54.685+0300] {dag.py:2726} INFO - Sync 1 DAGs
[2023-06-08T18:38:54.694+0300] {logging_mixin.py:149} INFO - [2023-06-08T18:38:54.694+0300] {dag.py:3486} INFO - Setting next_dagrun for tutorial_taskflow_api_virtualenv to None, run_after=None
[2023-06-08T18:38:54.703+0300] {processor.py:179} INFO - Processing /Users/dogukanulu/opt/anaconda3/lib/python3.9/site-packages/airflow/example_dags/tutorial_taskflow_api_virtualenv.py took 0.396 seconds
[2023-06-08T18:39:56.720+0300] {processor.py:157} INFO - Started process (PID=16605) to work on /Users/dogukanulu/opt/anaconda3/lib/python3.9/site-packages/airflow/example_dags/tutorial_taskflow_api_virtualenv.py
[2023-06-08T18:39:56.721+0300] {processor.py:826} INFO - Processing file /Users/dogukanulu/opt/anaconda3/lib/python3.9/site-packages/airflow/example_dags/tutorial_taskflow_api_virtualenv.py for tasks to queue
[2023-06-08T18:39:56.721+0300] {logging_mixin.py:149} INFO - [2023-06-08T18:39:56.721+0300] {dagbag.py:541} INFO - Filling up the DagBag from /Users/dogukanulu/opt/anaconda3/lib/python3.9/site-packages/airflow/example_dags/tutorial_taskflow_api_virtualenv.py
[2023-06-08T18:39:56.764+0300] {processor.py:836} INFO - DAG(s) dict_keys(['tutorial_taskflow_api_virtualenv']) retrieved from /Users/dogukanulu/opt/anaconda3/lib/python3.9/site-packages/airflow/example_dags/tutorial_taskflow_api_virtualenv.py
[2023-06-08T18:39:57.102+0300] {logging_mixin.py:149} INFO - [2023-06-08T18:39:57.102+0300] {dag.py:2726} INFO - Sync 1 DAGs
[2023-06-08T18:39:57.111+0300] {logging_mixin.py:149} INFO - [2023-06-08T18:39:57.111+0300] {dag.py:3486} INFO - Setting next_dagrun for tutorial_taskflow_api_virtualenv to None, run_after=None
[2023-06-08T18:39:57.121+0300] {processor.py:179} INFO - Processing /Users/dogukanulu/opt/anaconda3/lib/python3.9/site-packages/airflow/example_dags/tutorial_taskflow_api_virtualenv.py took 0.401 seconds
[2023-06-08T18:40:59.285+0300] {processor.py:157} INFO - Started process (PID=16694) to work on /Users/dogukanulu/opt/anaconda3/lib/python3.9/site-packages/airflow/example_dags/tutorial_taskflow_api_virtualenv.py
[2023-06-08T18:40:59.286+0300] {processor.py:826} INFO - Processing file /Users/dogukanulu/opt/anaconda3/lib/python3.9/site-packages/airflow/example_dags/tutorial_taskflow_api_virtualenv.py for tasks to queue
[2023-06-08T18:40:59.287+0300] {logging_mixin.py:149} INFO - [2023-06-08T18:40:59.287+0300] {dagbag.py:541} INFO - Filling up the DagBag from /Users/dogukanulu/opt/anaconda3/lib/python3.9/site-packages/airflow/example_dags/tutorial_taskflow_api_virtualenv.py
[2023-06-08T18:40:59.328+0300] {processor.py:836} INFO - DAG(s) dict_keys(['tutorial_taskflow_api_virtualenv']) retrieved from /Users/dogukanulu/opt/anaconda3/lib/python3.9/site-packages/airflow/example_dags/tutorial_taskflow_api_virtualenv.py
[2023-06-08T18:40:59.663+0300] {logging_mixin.py:149} INFO - [2023-06-08T18:40:59.662+0300] {dag.py:2726} INFO - Sync 1 DAGs
[2023-06-08T18:40:59.671+0300] {logging_mixin.py:149} INFO - [2023-06-08T18:40:59.671+0300] {dag.py:3486} INFO - Setting next_dagrun for tutorial_taskflow_api_virtualenv to None, run_after=None
[2023-06-08T18:40:59.681+0300] {processor.py:179} INFO - Processing /Users/dogukanulu/opt/anaconda3/lib/python3.9/site-packages/airflow/example_dags/tutorial_taskflow_api_virtualenv.py took 0.397 seconds
[2023-06-08T18:42:01.396+0300] {processor.py:157} INFO - Started process (PID=16776) to work on /Users/dogukanulu/opt/anaconda3/lib/python3.9/site-packages/airflow/example_dags/tutorial_taskflow_api_virtualenv.py
[2023-06-08T18:42:01.397+0300] {processor.py:826} INFO - Processing file /Users/dogukanulu/opt/anaconda3/lib/python3.9/site-packages/airflow/example_dags/tutorial_taskflow_api_virtualenv.py for tasks to queue
[2023-06-08T18:42:01.397+0300] {logging_mixin.py:149} INFO - [2023-06-08T18:42:01.397+0300] {dagbag.py:541} INFO - Filling up the DagBag from /Users/dogukanulu/opt/anaconda3/lib/python3.9/site-packages/airflow/example_dags/tutorial_taskflow_api_virtualenv.py
[2023-06-08T18:42:01.439+0300] {processor.py:836} INFO - DAG(s) dict_keys(['tutorial_taskflow_api_virtualenv']) retrieved from /Users/dogukanulu/opt/anaconda3/lib/python3.9/site-packages/airflow/example_dags/tutorial_taskflow_api_virtualenv.py
[2023-06-08T18:42:01.776+0300] {logging_mixin.py:149} INFO - [2023-06-08T18:42:01.776+0300] {dag.py:2726} INFO - Sync 1 DAGs
[2023-06-08T18:42:01.785+0300] {logging_mixin.py:149} INFO - [2023-06-08T18:42:01.784+0300] {dag.py:3486} INFO - Setting next_dagrun for tutorial_taskflow_api_virtualenv to None, run_after=None
[2023-06-08T18:42:01.794+0300] {processor.py:179} INFO - Processing /Users/dogukanulu/opt/anaconda3/lib/python3.9/site-packages/airflow/example_dags/tutorial_taskflow_api_virtualenv.py took 0.399 seconds
[2023-06-08T18:43:05.722+0300] {processor.py:157} INFO - Started process (PID=16873) to work on /Users/dogukanulu/opt/anaconda3/lib/python3.9/site-packages/airflow/example_dags/tutorial_taskflow_api_virtualenv.py
[2023-06-08T18:43:05.724+0300] {processor.py:826} INFO - Processing file /Users/dogukanulu/opt/anaconda3/lib/python3.9/site-packages/airflow/example_dags/tutorial_taskflow_api_virtualenv.py for tasks to queue
[2023-06-08T18:43:05.724+0300] {logging_mixin.py:149} INFO - [2023-06-08T18:43:05.724+0300] {dagbag.py:541} INFO - Filling up the DagBag from /Users/dogukanulu/opt/anaconda3/lib/python3.9/site-packages/airflow/example_dags/tutorial_taskflow_api_virtualenv.py
[2023-06-08T18:43:05.769+0300] {processor.py:836} INFO - DAG(s) dict_keys(['tutorial_taskflow_api_virtualenv']) retrieved from /Users/dogukanulu/opt/anaconda3/lib/python3.9/site-packages/airflow/example_dags/tutorial_taskflow_api_virtualenv.py
[2023-06-08T18:43:06.105+0300] {logging_mixin.py:149} INFO - [2023-06-08T18:43:06.105+0300] {dag.py:2726} INFO - Sync 1 DAGs
[2023-06-08T18:43:06.114+0300] {logging_mixin.py:149} INFO - [2023-06-08T18:43:06.114+0300] {dag.py:3486} INFO - Setting next_dagrun for tutorial_taskflow_api_virtualenv to None, run_after=None
[2023-06-08T18:43:06.124+0300] {processor.py:179} INFO - Processing /Users/dogukanulu/opt/anaconda3/lib/python3.9/site-packages/airflow/example_dags/tutorial_taskflow_api_virtualenv.py took 0.402 seconds
[2023-06-08T18:44:06.225+0300] {processor.py:157} INFO - Started process (PID=16960) to work on /Users/dogukanulu/opt/anaconda3/lib/python3.9/site-packages/airflow/example_dags/tutorial_taskflow_api_virtualenv.py
[2023-06-08T18:44:06.225+0300] {processor.py:826} INFO - Processing file /Users/dogukanulu/opt/anaconda3/lib/python3.9/site-packages/airflow/example_dags/tutorial_taskflow_api_virtualenv.py for tasks to queue
[2023-06-08T18:44:06.226+0300] {logging_mixin.py:149} INFO - [2023-06-08T18:44:06.226+0300] {dagbag.py:541} INFO - Filling up the DagBag from /Users/dogukanulu/opt/anaconda3/lib/python3.9/site-packages/airflow/example_dags/tutorial_taskflow_api_virtualenv.py
[2023-06-08T18:44:06.267+0300] {processor.py:836} INFO - DAG(s) dict_keys(['tutorial_taskflow_api_virtualenv']) retrieved from /Users/dogukanulu/opt/anaconda3/lib/python3.9/site-packages/airflow/example_dags/tutorial_taskflow_api_virtualenv.py
[2023-06-08T18:44:06.602+0300] {logging_mixin.py:149} INFO - [2023-06-08T18:44:06.602+0300] {dag.py:2726} INFO - Sync 1 DAGs
[2023-06-08T18:44:06.611+0300] {logging_mixin.py:149} INFO - [2023-06-08T18:44:06.611+0300] {dag.py:3486} INFO - Setting next_dagrun for tutorial_taskflow_api_virtualenv to None, run_after=None
[2023-06-08T18:44:06.621+0300] {processor.py:179} INFO - Processing /Users/dogukanulu/opt/anaconda3/lib/python3.9/site-packages/airflow/example_dags/tutorial_taskflow_api_virtualenv.py took 0.396 seconds
