[2023-06-08T18:29:01.350+0300] {processor.py:157} INFO - Started process (PID=15578) to work on /Users/dogukanulu/opt/anaconda3/lib/python3.9/site-packages/airflow/example_dags/tutorial_dag.py
[2023-06-08T18:29:01.351+0300] {processor.py:826} INFO - Processing file /Users/dogukanulu/opt/anaconda3/lib/python3.9/site-packages/airflow/example_dags/tutorial_dag.py for tasks to queue
[2023-06-08T18:29:01.351+0300] {logging_mixin.py:149} INFO - [2023-06-08T18:29:01.351+0300] {dagbag.py:541} INFO - Filling up the DagBag from /Users/dogukanulu/opt/anaconda3/lib/python3.9/site-packages/airflow/example_dags/tutorial_dag.py
[2023-06-08T18:29:01.386+0300] {processor.py:836} INFO - DAG(s) dict_keys(['tutorial_dag']) retrieved from /Users/dogukanulu/opt/anaconda3/lib/python3.9/site-packages/airflow/example_dags/tutorial_dag.py
[2023-06-08T18:29:01.771+0300] {logging_mixin.py:149} INFO - [2023-06-08T18:29:01.771+0300] {manager.py:504} INFO - Created Permission View: can edit on DAG:tutorial_dag
[2023-06-08T18:29:01.775+0300] {logging_mixin.py:149} INFO - [2023-06-08T18:29:01.774+0300] {manager.py:504} INFO - Created Permission View: can read on DAG:tutorial_dag
[2023-06-08T18:29:01.777+0300] {logging_mixin.py:149} INFO - [2023-06-08T18:29:01.777+0300] {manager.py:504} INFO - Created Permission View: can delete on DAG:tutorial_dag
[2023-06-08T18:29:01.777+0300] {logging_mixin.py:149} INFO - [2023-06-08T18:29:01.777+0300] {dag.py:2726} INFO - Sync 1 DAGs
[2023-06-08T18:29:01.783+0300] {logging_mixin.py:149} INFO - [2023-06-08T18:29:01.783+0300] {dag.py:2747} INFO - Creating ORM DAG for tutorial_dag
[2023-06-08T18:29:01.787+0300] {logging_mixin.py:149} INFO - [2023-06-08T18:29:01.787+0300] {dag.py:3486} INFO - Setting next_dagrun for tutorial_dag to None, run_after=None
[2023-06-08T18:29:01.796+0300] {processor.py:179} INFO - Processing /Users/dogukanulu/opt/anaconda3/lib/python3.9/site-packages/airflow/example_dags/tutorial_dag.py took 0.446 seconds
[2023-06-08T18:30:33.802+0300] {processor.py:157} INFO - Started process (PID=15713) to work on /Users/dogukanulu/opt/anaconda3/lib/python3.9/site-packages/airflow/example_dags/tutorial_dag.py
[2023-06-08T18:30:33.803+0300] {processor.py:826} INFO - Processing file /Users/dogukanulu/opt/anaconda3/lib/python3.9/site-packages/airflow/example_dags/tutorial_dag.py for tasks to queue
[2023-06-08T18:30:33.803+0300] {logging_mixin.py:149} INFO - [2023-06-08T18:30:33.803+0300] {dagbag.py:541} INFO - Filling up the DagBag from /Users/dogukanulu/opt/anaconda3/lib/python3.9/site-packages/airflow/example_dags/tutorial_dag.py
[2023-06-08T18:30:33.843+0300] {processor.py:836} INFO - DAG(s) dict_keys(['tutorial_dag']) retrieved from /Users/dogukanulu/opt/anaconda3/lib/python3.9/site-packages/airflow/example_dags/tutorial_dag.py
[2023-06-08T18:30:34.219+0300] {logging_mixin.py:149} INFO - [2023-06-08T18:30:34.219+0300] {dag.py:2726} INFO - Sync 1 DAGs
[2023-06-08T18:30:34.229+0300] {logging_mixin.py:149} INFO - [2023-06-08T18:30:34.229+0300] {dag.py:3486} INFO - Setting next_dagrun for tutorial_dag to None, run_after=None
[2023-06-08T18:30:34.238+0300] {processor.py:179} INFO - Processing /Users/dogukanulu/opt/anaconda3/lib/python3.9/site-packages/airflow/example_dags/tutorial_dag.py took 0.436 seconds
[2023-06-08T18:31:35.067+0300] {processor.py:157} INFO - Started process (PID=15861) to work on /Users/dogukanulu/opt/anaconda3/lib/python3.9/site-packages/airflow/example_dags/tutorial_dag.py
[2023-06-08T18:31:35.068+0300] {processor.py:826} INFO - Processing file /Users/dogukanulu/opt/anaconda3/lib/python3.9/site-packages/airflow/example_dags/tutorial_dag.py for tasks to queue
[2023-06-08T18:31:35.069+0300] {logging_mixin.py:149} INFO - [2023-06-08T18:31:35.068+0300] {dagbag.py:541} INFO - Filling up the DagBag from /Users/dogukanulu/opt/anaconda3/lib/python3.9/site-packages/airflow/example_dags/tutorial_dag.py
[2023-06-08T18:31:35.103+0300] {processor.py:836} INFO - DAG(s) dict_keys(['tutorial_dag']) retrieved from /Users/dogukanulu/opt/anaconda3/lib/python3.9/site-packages/airflow/example_dags/tutorial_dag.py
[2023-06-08T18:31:35.441+0300] {logging_mixin.py:149} INFO - [2023-06-08T18:31:35.441+0300] {dag.py:2726} INFO - Sync 1 DAGs
[2023-06-08T18:31:35.450+0300] {logging_mixin.py:149} INFO - [2023-06-08T18:31:35.450+0300] {dag.py:3486} INFO - Setting next_dagrun for tutorial_dag to None, run_after=None
[2023-06-08T18:31:35.459+0300] {processor.py:179} INFO - Processing /Users/dogukanulu/opt/anaconda3/lib/python3.9/site-packages/airflow/example_dags/tutorial_dag.py took 0.393 seconds
[2023-06-08T18:32:36.802+0300] {processor.py:157} INFO - Started process (PID=15943) to work on /Users/dogukanulu/opt/anaconda3/lib/python3.9/site-packages/airflow/example_dags/tutorial_dag.py
[2023-06-08T18:32:36.803+0300] {processor.py:826} INFO - Processing file /Users/dogukanulu/opt/anaconda3/lib/python3.9/site-packages/airflow/example_dags/tutorial_dag.py for tasks to queue
[2023-06-08T18:32:36.803+0300] {logging_mixin.py:149} INFO - [2023-06-08T18:32:36.803+0300] {dagbag.py:541} INFO - Filling up the DagBag from /Users/dogukanulu/opt/anaconda3/lib/python3.9/site-packages/airflow/example_dags/tutorial_dag.py
[2023-06-08T18:32:36.840+0300] {processor.py:836} INFO - DAG(s) dict_keys(['tutorial_dag']) retrieved from /Users/dogukanulu/opt/anaconda3/lib/python3.9/site-packages/airflow/example_dags/tutorial_dag.py
[2023-06-08T18:32:37.193+0300] {logging_mixin.py:149} INFO - [2023-06-08T18:32:37.192+0300] {dag.py:2726} INFO - Sync 1 DAGs
[2023-06-08T18:32:37.203+0300] {logging_mixin.py:149} INFO - [2023-06-08T18:32:37.202+0300] {dag.py:3486} INFO - Setting next_dagrun for tutorial_dag to None, run_after=None
[2023-06-08T18:32:37.213+0300] {processor.py:179} INFO - Processing /Users/dogukanulu/opt/anaconda3/lib/python3.9/site-packages/airflow/example_dags/tutorial_dag.py took 0.411 seconds
[2023-06-08T18:33:36.856+0300] {processor.py:157} INFO - Started process (PID=16025) to work on /Users/dogukanulu/opt/anaconda3/lib/python3.9/site-packages/airflow/example_dags/tutorial_dag.py
[2023-06-08T18:33:36.857+0300] {processor.py:826} INFO - Processing file /Users/dogukanulu/opt/anaconda3/lib/python3.9/site-packages/airflow/example_dags/tutorial_dag.py for tasks to queue
[2023-06-08T18:33:36.857+0300] {logging_mixin.py:149} INFO - [2023-06-08T18:33:36.857+0300] {dagbag.py:541} INFO - Filling up the DagBag from /Users/dogukanulu/opt/anaconda3/lib/python3.9/site-packages/airflow/example_dags/tutorial_dag.py
[2023-06-08T18:33:36.893+0300] {processor.py:836} INFO - DAG(s) dict_keys(['tutorial_dag']) retrieved from /Users/dogukanulu/opt/anaconda3/lib/python3.9/site-packages/airflow/example_dags/tutorial_dag.py
[2023-06-08T18:33:37.248+0300] {logging_mixin.py:149} INFO - [2023-06-08T18:33:37.247+0300] {dag.py:2726} INFO - Sync 1 DAGs
[2023-06-08T18:33:37.257+0300] {logging_mixin.py:149} INFO - [2023-06-08T18:33:37.257+0300] {dag.py:3486} INFO - Setting next_dagrun for tutorial_dag to None, run_after=None
[2023-06-08T18:33:37.266+0300] {processor.py:179} INFO - Processing /Users/dogukanulu/opt/anaconda3/lib/python3.9/site-packages/airflow/example_dags/tutorial_dag.py took 0.411 seconds
[2023-06-08T18:34:42.732+0300] {processor.py:157} INFO - Started process (PID=16114) to work on /Users/dogukanulu/opt/anaconda3/lib/python3.9/site-packages/airflow/example_dags/tutorial_dag.py
[2023-06-08T18:34:42.733+0300] {processor.py:826} INFO - Processing file /Users/dogukanulu/opt/anaconda3/lib/python3.9/site-packages/airflow/example_dags/tutorial_dag.py for tasks to queue
[2023-06-08T18:34:42.733+0300] {logging_mixin.py:149} INFO - [2023-06-08T18:34:42.733+0300] {dagbag.py:541} INFO - Filling up the DagBag from /Users/dogukanulu/opt/anaconda3/lib/python3.9/site-packages/airflow/example_dags/tutorial_dag.py
[2023-06-08T18:34:42.768+0300] {processor.py:836} INFO - DAG(s) dict_keys(['tutorial_dag']) retrieved from /Users/dogukanulu/opt/anaconda3/lib/python3.9/site-packages/airflow/example_dags/tutorial_dag.py
[2023-06-08T18:34:43.112+0300] {logging_mixin.py:149} INFO - [2023-06-08T18:34:43.112+0300] {dag.py:2726} INFO - Sync 1 DAGs
[2023-06-08T18:34:43.120+0300] {logging_mixin.py:149} INFO - [2023-06-08T18:34:43.120+0300] {dag.py:3486} INFO - Setting next_dagrun for tutorial_dag to None, run_after=None
[2023-06-08T18:34:43.130+0300] {processor.py:179} INFO - Processing /Users/dogukanulu/opt/anaconda3/lib/python3.9/site-packages/airflow/example_dags/tutorial_dag.py took 0.399 seconds
[2023-06-08T18:35:47.048+0300] {processor.py:157} INFO - Started process (PID=16202) to work on /Users/dogukanulu/opt/anaconda3/lib/python3.9/site-packages/airflow/example_dags/tutorial_dag.py
[2023-06-08T18:35:47.050+0300] {processor.py:826} INFO - Processing file /Users/dogukanulu/opt/anaconda3/lib/python3.9/site-packages/airflow/example_dags/tutorial_dag.py for tasks to queue
[2023-06-08T18:35:47.050+0300] {logging_mixin.py:149} INFO - [2023-06-08T18:35:47.050+0300] {dagbag.py:541} INFO - Filling up the DagBag from /Users/dogukanulu/opt/anaconda3/lib/python3.9/site-packages/airflow/example_dags/tutorial_dag.py
[2023-06-08T18:35:47.085+0300] {processor.py:836} INFO - DAG(s) dict_keys(['tutorial_dag']) retrieved from /Users/dogukanulu/opt/anaconda3/lib/python3.9/site-packages/airflow/example_dags/tutorial_dag.py
[2023-06-08T18:35:47.425+0300] {logging_mixin.py:149} INFO - [2023-06-08T18:35:47.424+0300] {dag.py:2726} INFO - Sync 1 DAGs
[2023-06-08T18:35:47.433+0300] {logging_mixin.py:149} INFO - [2023-06-08T18:35:47.433+0300] {dag.py:3486} INFO - Setting next_dagrun for tutorial_dag to None, run_after=None
[2023-06-08T18:35:47.442+0300] {processor.py:179} INFO - Processing /Users/dogukanulu/opt/anaconda3/lib/python3.9/site-packages/airflow/example_dags/tutorial_dag.py took 0.394 seconds
[2023-06-08T18:36:49.048+0300] {processor.py:157} INFO - Started process (PID=16314) to work on /Users/dogukanulu/opt/anaconda3/lib/python3.9/site-packages/airflow/example_dags/tutorial_dag.py
[2023-06-08T18:36:49.049+0300] {processor.py:826} INFO - Processing file /Users/dogukanulu/opt/anaconda3/lib/python3.9/site-packages/airflow/example_dags/tutorial_dag.py for tasks to queue
[2023-06-08T18:36:49.049+0300] {logging_mixin.py:149} INFO - [2023-06-08T18:36:49.049+0300] {dagbag.py:541} INFO - Filling up the DagBag from /Users/dogukanulu/opt/anaconda3/lib/python3.9/site-packages/airflow/example_dags/tutorial_dag.py
[2023-06-08T18:36:49.084+0300] {processor.py:836} INFO - DAG(s) dict_keys(['tutorial_dag']) retrieved from /Users/dogukanulu/opt/anaconda3/lib/python3.9/site-packages/airflow/example_dags/tutorial_dag.py
[2023-06-08T18:36:49.435+0300] {logging_mixin.py:149} INFO - [2023-06-08T18:36:49.435+0300] {dag.py:2726} INFO - Sync 1 DAGs
[2023-06-08T18:36:49.444+0300] {logging_mixin.py:149} INFO - [2023-06-08T18:36:49.444+0300] {dag.py:3486} INFO - Setting next_dagrun for tutorial_dag to None, run_after=None
[2023-06-08T18:36:49.453+0300] {processor.py:179} INFO - Processing /Users/dogukanulu/opt/anaconda3/lib/python3.9/site-packages/airflow/example_dags/tutorial_dag.py took 0.406 seconds
[2023-06-08T18:37:52.904+0300] {processor.py:157} INFO - Started process (PID=16403) to work on /Users/dogukanulu/opt/anaconda3/lib/python3.9/site-packages/airflow/example_dags/tutorial_dag.py
[2023-06-08T18:37:52.905+0300] {processor.py:826} INFO - Processing file /Users/dogukanulu/opt/anaconda3/lib/python3.9/site-packages/airflow/example_dags/tutorial_dag.py for tasks to queue
[2023-06-08T18:37:52.906+0300] {logging_mixin.py:149} INFO - [2023-06-08T18:37:52.906+0300] {dagbag.py:541} INFO - Filling up the DagBag from /Users/dogukanulu/opt/anaconda3/lib/python3.9/site-packages/airflow/example_dags/tutorial_dag.py
[2023-06-08T18:37:52.941+0300] {processor.py:836} INFO - DAG(s) dict_keys(['tutorial_dag']) retrieved from /Users/dogukanulu/opt/anaconda3/lib/python3.9/site-packages/airflow/example_dags/tutorial_dag.py
[2023-06-08T18:37:53.283+0300] {logging_mixin.py:149} INFO - [2023-06-08T18:37:53.283+0300] {dag.py:2726} INFO - Sync 1 DAGs
[2023-06-08T18:37:53.292+0300] {logging_mixin.py:149} INFO - [2023-06-08T18:37:53.292+0300] {dag.py:3486} INFO - Setting next_dagrun for tutorial_dag to None, run_after=None
[2023-06-08T18:37:53.301+0300] {processor.py:179} INFO - Processing /Users/dogukanulu/opt/anaconda3/lib/python3.9/site-packages/airflow/example_dags/tutorial_dag.py took 0.397 seconds
[2023-06-08T18:38:58.304+0300] {processor.py:157} INFO - Started process (PID=16495) to work on /Users/dogukanulu/opt/anaconda3/lib/python3.9/site-packages/airflow/example_dags/tutorial_dag.py
[2023-06-08T18:38:58.306+0300] {processor.py:826} INFO - Processing file /Users/dogukanulu/opt/anaconda3/lib/python3.9/site-packages/airflow/example_dags/tutorial_dag.py for tasks to queue
[2023-06-08T18:38:58.306+0300] {logging_mixin.py:149} INFO - [2023-06-08T18:38:58.306+0300] {dagbag.py:541} INFO - Filling up the DagBag from /Users/dogukanulu/opt/anaconda3/lib/python3.9/site-packages/airflow/example_dags/tutorial_dag.py
[2023-06-08T18:38:58.341+0300] {processor.py:836} INFO - DAG(s) dict_keys(['tutorial_dag']) retrieved from /Users/dogukanulu/opt/anaconda3/lib/python3.9/site-packages/airflow/example_dags/tutorial_dag.py
[2023-06-08T18:38:58.686+0300] {logging_mixin.py:149} INFO - [2023-06-08T18:38:58.686+0300] {dag.py:2726} INFO - Sync 1 DAGs
[2023-06-08T18:38:58.695+0300] {logging_mixin.py:149} INFO - [2023-06-08T18:38:58.695+0300] {dag.py:3486} INFO - Setting next_dagrun for tutorial_dag to None, run_after=None
[2023-06-08T18:38:58.704+0300] {processor.py:179} INFO - Processing /Users/dogukanulu/opt/anaconda3/lib/python3.9/site-packages/airflow/example_dags/tutorial_dag.py took 0.400 seconds
[2023-06-08T18:40:00.991+0300] {processor.py:157} INFO - Started process (PID=16609) to work on /Users/dogukanulu/opt/anaconda3/lib/python3.9/site-packages/airflow/example_dags/tutorial_dag.py
[2023-06-08T18:40:00.992+0300] {processor.py:826} INFO - Processing file /Users/dogukanulu/opt/anaconda3/lib/python3.9/site-packages/airflow/example_dags/tutorial_dag.py for tasks to queue
[2023-06-08T18:40:00.992+0300] {logging_mixin.py:149} INFO - [2023-06-08T18:40:00.992+0300] {dagbag.py:541} INFO - Filling up the DagBag from /Users/dogukanulu/opt/anaconda3/lib/python3.9/site-packages/airflow/example_dags/tutorial_dag.py
[2023-06-08T18:40:01.027+0300] {processor.py:836} INFO - DAG(s) dict_keys(['tutorial_dag']) retrieved from /Users/dogukanulu/opt/anaconda3/lib/python3.9/site-packages/airflow/example_dags/tutorial_dag.py
[2023-06-08T18:40:01.365+0300] {logging_mixin.py:149} INFO - [2023-06-08T18:40:01.365+0300] {dag.py:2726} INFO - Sync 1 DAGs
[2023-06-08T18:40:01.374+0300] {logging_mixin.py:149} INFO - [2023-06-08T18:40:01.374+0300] {dag.py:3486} INFO - Setting next_dagrun for tutorial_dag to None, run_after=None
[2023-06-08T18:40:01.383+0300] {processor.py:179} INFO - Processing /Users/dogukanulu/opt/anaconda3/lib/python3.9/site-packages/airflow/example_dags/tutorial_dag.py took 0.392 seconds
[2023-06-08T18:41:02.008+0300] {processor.py:157} INFO - Started process (PID=16698) to work on /Users/dogukanulu/opt/anaconda3/lib/python3.9/site-packages/airflow/example_dags/tutorial_dag.py
[2023-06-08T18:41:02.009+0300] {processor.py:826} INFO - Processing file /Users/dogukanulu/opt/anaconda3/lib/python3.9/site-packages/airflow/example_dags/tutorial_dag.py for tasks to queue
[2023-06-08T18:41:02.010+0300] {logging_mixin.py:149} INFO - [2023-06-08T18:41:02.010+0300] {dagbag.py:541} INFO - Filling up the DagBag from /Users/dogukanulu/opt/anaconda3/lib/python3.9/site-packages/airflow/example_dags/tutorial_dag.py
[2023-06-08T18:41:02.044+0300] {processor.py:836} INFO - DAG(s) dict_keys(['tutorial_dag']) retrieved from /Users/dogukanulu/opt/anaconda3/lib/python3.9/site-packages/airflow/example_dags/tutorial_dag.py
[2023-06-08T18:41:02.384+0300] {logging_mixin.py:149} INFO - [2023-06-08T18:41:02.384+0300] {dag.py:2726} INFO - Sync 1 DAGs
[2023-06-08T18:41:02.393+0300] {logging_mixin.py:149} INFO - [2023-06-08T18:41:02.393+0300] {dag.py:3486} INFO - Setting next_dagrun for tutorial_dag to None, run_after=None
[2023-06-08T18:41:02.402+0300] {processor.py:179} INFO - Processing /Users/dogukanulu/opt/anaconda3/lib/python3.9/site-packages/airflow/example_dags/tutorial_dag.py took 0.395 seconds
[2023-06-08T18:42:05.677+0300] {processor.py:157} INFO - Started process (PID=16783) to work on /Users/dogukanulu/opt/anaconda3/lib/python3.9/site-packages/airflow/example_dags/tutorial_dag.py
[2023-06-08T18:42:05.678+0300] {processor.py:826} INFO - Processing file /Users/dogukanulu/opt/anaconda3/lib/python3.9/site-packages/airflow/example_dags/tutorial_dag.py for tasks to queue
[2023-06-08T18:42:05.678+0300] {logging_mixin.py:149} INFO - [2023-06-08T18:42:05.678+0300] {dagbag.py:541} INFO - Filling up the DagBag from /Users/dogukanulu/opt/anaconda3/lib/python3.9/site-packages/airflow/example_dags/tutorial_dag.py
[2023-06-08T18:42:05.713+0300] {processor.py:836} INFO - DAG(s) dict_keys(['tutorial_dag']) retrieved from /Users/dogukanulu/opt/anaconda3/lib/python3.9/site-packages/airflow/example_dags/tutorial_dag.py
[2023-06-08T18:42:06.054+0300] {logging_mixin.py:149} INFO - [2023-06-08T18:42:06.054+0300] {dag.py:2726} INFO - Sync 1 DAGs
[2023-06-08T18:42:06.062+0300] {logging_mixin.py:149} INFO - [2023-06-08T18:42:06.062+0300] {dag.py:3486} INFO - Setting next_dagrun for tutorial_dag to None, run_after=None
[2023-06-08T18:42:06.072+0300] {processor.py:179} INFO - Processing /Users/dogukanulu/opt/anaconda3/lib/python3.9/site-packages/airflow/example_dags/tutorial_dag.py took 0.395 seconds
[2023-06-08T18:43:09.691+0300] {processor.py:157} INFO - Started process (PID=16879) to work on /Users/dogukanulu/opt/anaconda3/lib/python3.9/site-packages/airflow/example_dags/tutorial_dag.py
[2023-06-08T18:43:09.693+0300] {processor.py:826} INFO - Processing file /Users/dogukanulu/opt/anaconda3/lib/python3.9/site-packages/airflow/example_dags/tutorial_dag.py for tasks to queue
[2023-06-08T18:43:09.693+0300] {logging_mixin.py:149} INFO - [2023-06-08T18:43:09.693+0300] {dagbag.py:541} INFO - Filling up the DagBag from /Users/dogukanulu/opt/anaconda3/lib/python3.9/site-packages/airflow/example_dags/tutorial_dag.py
[2023-06-08T18:43:09.727+0300] {processor.py:836} INFO - DAG(s) dict_keys(['tutorial_dag']) retrieved from /Users/dogukanulu/opt/anaconda3/lib/python3.9/site-packages/airflow/example_dags/tutorial_dag.py
[2023-06-08T18:43:10.068+0300] {logging_mixin.py:149} INFO - [2023-06-08T18:43:10.068+0300] {dag.py:2726} INFO - Sync 1 DAGs
[2023-06-08T18:43:10.077+0300] {logging_mixin.py:149} INFO - [2023-06-08T18:43:10.076+0300] {dag.py:3486} INFO - Setting next_dagrun for tutorial_dag to None, run_after=None
[2023-06-08T18:43:10.086+0300] {processor.py:179} INFO - Processing /Users/dogukanulu/opt/anaconda3/lib/python3.9/site-packages/airflow/example_dags/tutorial_dag.py took 0.395 seconds
[2023-06-08T18:44:10.298+0300] {processor.py:157} INFO - Started process (PID=16966) to work on /Users/dogukanulu/opt/anaconda3/lib/python3.9/site-packages/airflow/example_dags/tutorial_dag.py
[2023-06-08T18:44:10.299+0300] {processor.py:826} INFO - Processing file /Users/dogukanulu/opt/anaconda3/lib/python3.9/site-packages/airflow/example_dags/tutorial_dag.py for tasks to queue
[2023-06-08T18:44:10.299+0300] {logging_mixin.py:149} INFO - [2023-06-08T18:44:10.299+0300] {dagbag.py:541} INFO - Filling up the DagBag from /Users/dogukanulu/opt/anaconda3/lib/python3.9/site-packages/airflow/example_dags/tutorial_dag.py
[2023-06-08T18:44:10.332+0300] {processor.py:836} INFO - DAG(s) dict_keys(['tutorial_dag']) retrieved from /Users/dogukanulu/opt/anaconda3/lib/python3.9/site-packages/airflow/example_dags/tutorial_dag.py
[2023-06-08T18:44:10.671+0300] {logging_mixin.py:149} INFO - [2023-06-08T18:44:10.671+0300] {dag.py:2726} INFO - Sync 1 DAGs
[2023-06-08T18:44:10.679+0300] {logging_mixin.py:149} INFO - [2023-06-08T18:44:10.679+0300] {dag.py:3486} INFO - Setting next_dagrun for tutorial_dag to None, run_after=None
[2023-06-08T18:44:10.689+0300] {processor.py:179} INFO - Processing /Users/dogukanulu/opt/anaconda3/lib/python3.9/site-packages/airflow/example_dags/tutorial_dag.py took 0.391 seconds
