[2023-06-08T18:29:03.145+0300] {processor.py:157} INFO - Started process (PID=15583) to work on /Users/dogukanulu/opt/anaconda3/lib/python3.9/site-packages/airflow/example_dags/tutorial.py
[2023-06-08T18:29:03.146+0300] {processor.py:826} INFO - Processing file /Users/dogukanulu/opt/anaconda3/lib/python3.9/site-packages/airflow/example_dags/tutorial.py for tasks to queue
[2023-06-08T18:29:03.146+0300] {logging_mixin.py:149} INFO - [2023-06-08T18:29:03.146+0300] {dagbag.py:541} INFO - Filling up the DagBag from /Users/dogukanulu/opt/anaconda3/lib/python3.9/site-packages/airflow/example_dags/tutorial.py
[2023-06-08T18:29:03.171+0300] {processor.py:836} INFO - DAG(s) dict_keys(['tutorial']) retrieved from /Users/dogukanulu/opt/anaconda3/lib/python3.9/site-packages/airflow/example_dags/tutorial.py
[2023-06-08T18:29:03.551+0300] {logging_mixin.py:149} INFO - [2023-06-08T18:29:03.551+0300] {manager.py:504} INFO - Created Permission View: can delete on DAG:tutorial
[2023-06-08T18:29:03.554+0300] {logging_mixin.py:149} INFO - [2023-06-08T18:29:03.554+0300] {manager.py:504} INFO - Created Permission View: can edit on DAG:tutorial
[2023-06-08T18:29:03.557+0300] {logging_mixin.py:149} INFO - [2023-06-08T18:29:03.557+0300] {manager.py:504} INFO - Created Permission View: can read on DAG:tutorial
[2023-06-08T18:29:03.557+0300] {logging_mixin.py:149} INFO - [2023-06-08T18:29:03.557+0300] {dag.py:2726} INFO - Sync 1 DAGs
[2023-06-08T18:29:03.563+0300] {logging_mixin.py:149} INFO - [2023-06-08T18:29:03.563+0300] {dag.py:2747} INFO - Creating ORM DAG for tutorial
[2023-06-08T18:29:03.567+0300] {logging_mixin.py:149} INFO - [2023-06-08T18:29:03.567+0300] {dag.py:3486} INFO - Setting next_dagrun for tutorial to 2023-06-07T15:29:03.567343+00:00, run_after=2023-06-08T15:29:03.567343+00:00
[2023-06-08T18:29:03.576+0300] {processor.py:179} INFO - Processing /Users/dogukanulu/opt/anaconda3/lib/python3.9/site-packages/airflow/example_dags/tutorial.py took 0.431 seconds
[2023-06-08T18:30:35.662+0300] {processor.py:157} INFO - Started process (PID=15736) to work on /Users/dogukanulu/opt/anaconda3/lib/python3.9/site-packages/airflow/example_dags/tutorial.py
[2023-06-08T18:30:35.662+0300] {processor.py:826} INFO - Processing file /Users/dogukanulu/opt/anaconda3/lib/python3.9/site-packages/airflow/example_dags/tutorial.py for tasks to queue
[2023-06-08T18:30:35.663+0300] {logging_mixin.py:149} INFO - [2023-06-08T18:30:35.663+0300] {dagbag.py:541} INFO - Filling up the DagBag from /Users/dogukanulu/opt/anaconda3/lib/python3.9/site-packages/airflow/example_dags/tutorial.py
[2023-06-08T18:30:35.689+0300] {processor.py:836} INFO - DAG(s) dict_keys(['tutorial']) retrieved from /Users/dogukanulu/opt/anaconda3/lib/python3.9/site-packages/airflow/example_dags/tutorial.py
[2023-06-08T18:30:36.033+0300] {logging_mixin.py:149} INFO - [2023-06-08T18:30:36.033+0300] {dag.py:2726} INFO - Sync 1 DAGs
[2023-06-08T18:30:36.042+0300] {logging_mixin.py:149} INFO - [2023-06-08T18:30:36.042+0300] {dag.py:3486} INFO - Setting next_dagrun for tutorial to 2023-06-07T15:30:36.042634+00:00, run_after=2023-06-08T15:30:36.042634+00:00
[2023-06-08T18:30:36.051+0300] {processor.py:179} INFO - Processing /Users/dogukanulu/opt/anaconda3/lib/python3.9/site-packages/airflow/example_dags/tutorial.py took 0.390 seconds
[2023-06-08T18:31:36.852+0300] {processor.py:157} INFO - Started process (PID=15864) to work on /Users/dogukanulu/opt/anaconda3/lib/python3.9/site-packages/airflow/example_dags/tutorial.py
[2023-06-08T18:31:36.854+0300] {processor.py:826} INFO - Processing file /Users/dogukanulu/opt/anaconda3/lib/python3.9/site-packages/airflow/example_dags/tutorial.py for tasks to queue
[2023-06-08T18:31:36.854+0300] {logging_mixin.py:149} INFO - [2023-06-08T18:31:36.854+0300] {dagbag.py:541} INFO - Filling up the DagBag from /Users/dogukanulu/opt/anaconda3/lib/python3.9/site-packages/airflow/example_dags/tutorial.py
[2023-06-08T18:31:36.881+0300] {processor.py:836} INFO - DAG(s) dict_keys(['tutorial']) retrieved from /Users/dogukanulu/opt/anaconda3/lib/python3.9/site-packages/airflow/example_dags/tutorial.py
[2023-06-08T18:31:37.222+0300] {logging_mixin.py:149} INFO - [2023-06-08T18:31:37.221+0300] {dag.py:2726} INFO - Sync 1 DAGs
[2023-06-08T18:31:37.231+0300] {logging_mixin.py:149} INFO - [2023-06-08T18:31:37.231+0300] {dag.py:3486} INFO - Setting next_dagrun for tutorial to 2023-06-07T15:31:37.231239+00:00, run_after=2023-06-08T15:31:37.231239+00:00
[2023-06-08T18:31:37.240+0300] {processor.py:179} INFO - Processing /Users/dogukanulu/opt/anaconda3/lib/python3.9/site-packages/airflow/example_dags/tutorial.py took 0.388 seconds
[2023-06-08T18:32:38.596+0300] {processor.py:157} INFO - Started process (PID=15947) to work on /Users/dogukanulu/opt/anaconda3/lib/python3.9/site-packages/airflow/example_dags/tutorial.py
[2023-06-08T18:32:38.598+0300] {processor.py:826} INFO - Processing file /Users/dogukanulu/opt/anaconda3/lib/python3.9/site-packages/airflow/example_dags/tutorial.py for tasks to queue
[2023-06-08T18:32:38.598+0300] {logging_mixin.py:149} INFO - [2023-06-08T18:32:38.598+0300] {dagbag.py:541} INFO - Filling up the DagBag from /Users/dogukanulu/opt/anaconda3/lib/python3.9/site-packages/airflow/example_dags/tutorial.py
[2023-06-08T18:32:38.625+0300] {processor.py:836} INFO - DAG(s) dict_keys(['tutorial']) retrieved from /Users/dogukanulu/opt/anaconda3/lib/python3.9/site-packages/airflow/example_dags/tutorial.py
[2023-06-08T18:32:38.969+0300] {logging_mixin.py:149} INFO - [2023-06-08T18:32:38.969+0300] {dag.py:2726} INFO - Sync 1 DAGs
[2023-06-08T18:32:38.979+0300] {logging_mixin.py:149} INFO - [2023-06-08T18:32:38.978+0300] {dag.py:3486} INFO - Setting next_dagrun for tutorial to 2023-06-07T15:32:38.978892+00:00, run_after=2023-06-08T15:32:38.978892+00:00
[2023-06-08T18:32:38.988+0300] {processor.py:179} INFO - Processing /Users/dogukanulu/opt/anaconda3/lib/python3.9/site-packages/airflow/example_dags/tutorial.py took 0.392 seconds
[2023-06-08T18:33:38.792+0300] {processor.py:157} INFO - Started process (PID=16028) to work on /Users/dogukanulu/opt/anaconda3/lib/python3.9/site-packages/airflow/example_dags/tutorial.py
[2023-06-08T18:33:38.794+0300] {processor.py:826} INFO - Processing file /Users/dogukanulu/opt/anaconda3/lib/python3.9/site-packages/airflow/example_dags/tutorial.py for tasks to queue
[2023-06-08T18:33:38.794+0300] {logging_mixin.py:149} INFO - [2023-06-08T18:33:38.794+0300] {dagbag.py:541} INFO - Filling up the DagBag from /Users/dogukanulu/opt/anaconda3/lib/python3.9/site-packages/airflow/example_dags/tutorial.py
[2023-06-08T18:33:38.849+0300] {processor.py:836} INFO - DAG(s) dict_keys(['tutorial']) retrieved from /Users/dogukanulu/opt/anaconda3/lib/python3.9/site-packages/airflow/example_dags/tutorial.py
[2023-06-08T18:33:39.297+0300] {logging_mixin.py:149} INFO - [2023-06-08T18:33:39.297+0300] {dag.py:2726} INFO - Sync 1 DAGs
[2023-06-08T18:33:39.309+0300] {logging_mixin.py:149} INFO - [2023-06-08T18:33:39.309+0300] {dag.py:3486} INFO - Setting next_dagrun for tutorial to 2023-06-07T15:33:39.308891+00:00, run_after=2023-06-08T15:33:39.308891+00:00
[2023-06-08T18:33:39.320+0300] {processor.py:179} INFO - Processing /Users/dogukanulu/opt/anaconda3/lib/python3.9/site-packages/airflow/example_dags/tutorial.py took 0.528 seconds
[2023-06-08T18:34:44.454+0300] {processor.py:157} INFO - Started process (PID=16116) to work on /Users/dogukanulu/opt/anaconda3/lib/python3.9/site-packages/airflow/example_dags/tutorial.py
[2023-06-08T18:34:44.455+0300] {processor.py:826} INFO - Processing file /Users/dogukanulu/opt/anaconda3/lib/python3.9/site-packages/airflow/example_dags/tutorial.py for tasks to queue
[2023-06-08T18:34:44.455+0300] {logging_mixin.py:149} INFO - [2023-06-08T18:34:44.455+0300] {dagbag.py:541} INFO - Filling up the DagBag from /Users/dogukanulu/opt/anaconda3/lib/python3.9/site-packages/airflow/example_dags/tutorial.py
[2023-06-08T18:34:44.481+0300] {processor.py:836} INFO - DAG(s) dict_keys(['tutorial']) retrieved from /Users/dogukanulu/opt/anaconda3/lib/python3.9/site-packages/airflow/example_dags/tutorial.py
[2023-06-08T18:34:44.824+0300] {logging_mixin.py:149} INFO - [2023-06-08T18:34:44.823+0300] {dag.py:2726} INFO - Sync 1 DAGs
[2023-06-08T18:34:44.834+0300] {logging_mixin.py:149} INFO - [2023-06-08T18:34:44.834+0300] {dag.py:3486} INFO - Setting next_dagrun for tutorial to 2023-06-07T15:34:44.834001+00:00, run_after=2023-06-08T15:34:44.834001+00:00
[2023-06-08T18:34:44.844+0300] {processor.py:179} INFO - Processing /Users/dogukanulu/opt/anaconda3/lib/python3.9/site-packages/airflow/example_dags/tutorial.py took 0.390 seconds
[2023-06-08T18:35:49.174+0300] {processor.py:157} INFO - Started process (PID=16205) to work on /Users/dogukanulu/opt/anaconda3/lib/python3.9/site-packages/airflow/example_dags/tutorial.py
[2023-06-08T18:35:49.176+0300] {processor.py:826} INFO - Processing file /Users/dogukanulu/opt/anaconda3/lib/python3.9/site-packages/airflow/example_dags/tutorial.py for tasks to queue
[2023-06-08T18:35:49.176+0300] {logging_mixin.py:149} INFO - [2023-06-08T18:35:49.176+0300] {dagbag.py:541} INFO - Filling up the DagBag from /Users/dogukanulu/opt/anaconda3/lib/python3.9/site-packages/airflow/example_dags/tutorial.py
[2023-06-08T18:35:49.202+0300] {processor.py:836} INFO - DAG(s) dict_keys(['tutorial']) retrieved from /Users/dogukanulu/opt/anaconda3/lib/python3.9/site-packages/airflow/example_dags/tutorial.py
[2023-06-08T18:35:49.540+0300] {logging_mixin.py:149} INFO - [2023-06-08T18:35:49.540+0300] {dag.py:2726} INFO - Sync 1 DAGs
[2023-06-08T18:35:49.549+0300] {logging_mixin.py:149} INFO - [2023-06-08T18:35:49.549+0300] {dag.py:3486} INFO - Setting next_dagrun for tutorial to 2023-06-07T15:35:49.549450+00:00, run_after=2023-06-08T15:35:49.549450+00:00
[2023-06-08T18:35:49.559+0300] {processor.py:179} INFO - Processing /Users/dogukanulu/opt/anaconda3/lib/python3.9/site-packages/airflow/example_dags/tutorial.py took 0.385 seconds
[2023-06-08T18:36:50.896+0300] {processor.py:157} INFO - Started process (PID=16318) to work on /Users/dogukanulu/opt/anaconda3/lib/python3.9/site-packages/airflow/example_dags/tutorial.py
[2023-06-08T18:36:50.898+0300] {processor.py:826} INFO - Processing file /Users/dogukanulu/opt/anaconda3/lib/python3.9/site-packages/airflow/example_dags/tutorial.py for tasks to queue
[2023-06-08T18:36:50.898+0300] {logging_mixin.py:149} INFO - [2023-06-08T18:36:50.898+0300] {dagbag.py:541} INFO - Filling up the DagBag from /Users/dogukanulu/opt/anaconda3/lib/python3.9/site-packages/airflow/example_dags/tutorial.py
[2023-06-08T18:36:50.924+0300] {processor.py:836} INFO - DAG(s) dict_keys(['tutorial']) retrieved from /Users/dogukanulu/opt/anaconda3/lib/python3.9/site-packages/airflow/example_dags/tutorial.py
[2023-06-08T18:36:51.266+0300] {logging_mixin.py:149} INFO - [2023-06-08T18:36:51.265+0300] {dag.py:2726} INFO - Sync 1 DAGs
[2023-06-08T18:36:51.275+0300] {logging_mixin.py:149} INFO - [2023-06-08T18:36:51.275+0300] {dag.py:3486} INFO - Setting next_dagrun for tutorial to 2023-06-07T15:36:51.275293+00:00, run_after=2023-06-08T15:36:51.275293+00:00
[2023-06-08T18:36:51.284+0300] {processor.py:179} INFO - Processing /Users/dogukanulu/opt/anaconda3/lib/python3.9/site-packages/airflow/example_dags/tutorial.py took 0.389 seconds
[2023-06-08T18:37:55.026+0300] {processor.py:157} INFO - Started process (PID=16404) to work on /Users/dogukanulu/opt/anaconda3/lib/python3.9/site-packages/airflow/example_dags/tutorial.py
[2023-06-08T18:37:55.028+0300] {processor.py:826} INFO - Processing file /Users/dogukanulu/opt/anaconda3/lib/python3.9/site-packages/airflow/example_dags/tutorial.py for tasks to queue
[2023-06-08T18:37:55.028+0300] {logging_mixin.py:149} INFO - [2023-06-08T18:37:55.028+0300] {dagbag.py:541} INFO - Filling up the DagBag from /Users/dogukanulu/opt/anaconda3/lib/python3.9/site-packages/airflow/example_dags/tutorial.py
[2023-06-08T18:37:55.055+0300] {processor.py:836} INFO - DAG(s) dict_keys(['tutorial']) retrieved from /Users/dogukanulu/opt/anaconda3/lib/python3.9/site-packages/airflow/example_dags/tutorial.py
[2023-06-08T18:37:55.395+0300] {logging_mixin.py:149} INFO - [2023-06-08T18:37:55.394+0300] {dag.py:2726} INFO - Sync 1 DAGs
[2023-06-08T18:37:55.404+0300] {logging_mixin.py:149} INFO - [2023-06-08T18:37:55.404+0300] {dag.py:3486} INFO - Setting next_dagrun for tutorial to 2023-06-07T15:37:55.404218+00:00, run_after=2023-06-08T15:37:55.404218+00:00
[2023-06-08T18:37:55.413+0300] {processor.py:179} INFO - Processing /Users/dogukanulu/opt/anaconda3/lib/python3.9/site-packages/airflow/example_dags/tutorial.py took 0.387 seconds
[2023-06-08T18:39:00.431+0300] {processor.py:157} INFO - Started process (PID=16496) to work on /Users/dogukanulu/opt/anaconda3/lib/python3.9/site-packages/airflow/example_dags/tutorial.py
[2023-06-08T18:39:00.432+0300] {processor.py:826} INFO - Processing file /Users/dogukanulu/opt/anaconda3/lib/python3.9/site-packages/airflow/example_dags/tutorial.py for tasks to queue
[2023-06-08T18:39:00.433+0300] {logging_mixin.py:149} INFO - [2023-06-08T18:39:00.433+0300] {dagbag.py:541} INFO - Filling up the DagBag from /Users/dogukanulu/opt/anaconda3/lib/python3.9/site-packages/airflow/example_dags/tutorial.py
[2023-06-08T18:39:00.458+0300] {processor.py:836} INFO - DAG(s) dict_keys(['tutorial']) retrieved from /Users/dogukanulu/opt/anaconda3/lib/python3.9/site-packages/airflow/example_dags/tutorial.py
[2023-06-08T18:39:00.799+0300] {logging_mixin.py:149} INFO - [2023-06-08T18:39:00.799+0300] {dag.py:2726} INFO - Sync 1 DAGs
[2023-06-08T18:39:00.809+0300] {logging_mixin.py:149} INFO - [2023-06-08T18:39:00.809+0300] {dag.py:3486} INFO - Setting next_dagrun for tutorial to 2023-06-07T15:39:00.809118+00:00, run_after=2023-06-08T15:39:00.809118+00:00
[2023-06-08T18:39:00.818+0300] {processor.py:179} INFO - Processing /Users/dogukanulu/opt/anaconda3/lib/python3.9/site-packages/airflow/example_dags/tutorial.py took 0.388 seconds
[2023-06-08T18:40:02.863+0300] {processor.py:157} INFO - Started process (PID=16616) to work on /Users/dogukanulu/opt/anaconda3/lib/python3.9/site-packages/airflow/example_dags/tutorial.py
[2023-06-08T18:40:02.864+0300] {processor.py:826} INFO - Processing file /Users/dogukanulu/opt/anaconda3/lib/python3.9/site-packages/airflow/example_dags/tutorial.py for tasks to queue
[2023-06-08T18:40:02.864+0300] {logging_mixin.py:149} INFO - [2023-06-08T18:40:02.864+0300] {dagbag.py:541} INFO - Filling up the DagBag from /Users/dogukanulu/opt/anaconda3/lib/python3.9/site-packages/airflow/example_dags/tutorial.py
[2023-06-08T18:40:02.891+0300] {processor.py:836} INFO - DAG(s) dict_keys(['tutorial']) retrieved from /Users/dogukanulu/opt/anaconda3/lib/python3.9/site-packages/airflow/example_dags/tutorial.py
[2023-06-08T18:40:03.248+0300] {logging_mixin.py:149} INFO - [2023-06-08T18:40:03.248+0300] {dag.py:2726} INFO - Sync 1 DAGs
[2023-06-08T18:40:03.257+0300] {logging_mixin.py:149} INFO - [2023-06-08T18:40:03.257+0300] {dag.py:3486} INFO - Setting next_dagrun for tutorial to 2023-06-07T15:40:03.257661+00:00, run_after=2023-06-08T15:40:03.257661+00:00
[2023-06-08T18:40:03.266+0300] {processor.py:179} INFO - Processing /Users/dogukanulu/opt/anaconda3/lib/python3.9/site-packages/airflow/example_dags/tutorial.py took 0.404 seconds
[2023-06-08T18:41:04.137+0300] {processor.py:157} INFO - Started process (PID=16701) to work on /Users/dogukanulu/opt/anaconda3/lib/python3.9/site-packages/airflow/example_dags/tutorial.py
[2023-06-08T18:41:04.139+0300] {processor.py:826} INFO - Processing file /Users/dogukanulu/opt/anaconda3/lib/python3.9/site-packages/airflow/example_dags/tutorial.py for tasks to queue
[2023-06-08T18:41:04.139+0300] {logging_mixin.py:149} INFO - [2023-06-08T18:41:04.139+0300] {dagbag.py:541} INFO - Filling up the DagBag from /Users/dogukanulu/opt/anaconda3/lib/python3.9/site-packages/airflow/example_dags/tutorial.py
[2023-06-08T18:41:04.164+0300] {processor.py:836} INFO - DAG(s) dict_keys(['tutorial']) retrieved from /Users/dogukanulu/opt/anaconda3/lib/python3.9/site-packages/airflow/example_dags/tutorial.py
[2023-06-08T18:41:04.501+0300] {logging_mixin.py:149} INFO - [2023-06-08T18:41:04.501+0300] {dag.py:2726} INFO - Sync 1 DAGs
[2023-06-08T18:41:04.510+0300] {logging_mixin.py:149} INFO - [2023-06-08T18:41:04.510+0300] {dag.py:3486} INFO - Setting next_dagrun for tutorial to 2023-06-07T15:41:04.510793+00:00, run_after=2023-06-08T15:41:04.510793+00:00
[2023-06-08T18:41:04.520+0300] {processor.py:179} INFO - Processing /Users/dogukanulu/opt/anaconda3/lib/python3.9/site-packages/airflow/example_dags/tutorial.py took 0.383 seconds
[2023-06-08T18:42:07.531+0300] {processor.py:157} INFO - Started process (PID=16788) to work on /Users/dogukanulu/opt/anaconda3/lib/python3.9/site-packages/airflow/example_dags/tutorial.py
[2023-06-08T18:42:07.532+0300] {processor.py:826} INFO - Processing file /Users/dogukanulu/opt/anaconda3/lib/python3.9/site-packages/airflow/example_dags/tutorial.py for tasks to queue
[2023-06-08T18:42:07.533+0300] {logging_mixin.py:149} INFO - [2023-06-08T18:42:07.533+0300] {dagbag.py:541} INFO - Filling up the DagBag from /Users/dogukanulu/opt/anaconda3/lib/python3.9/site-packages/airflow/example_dags/tutorial.py
[2023-06-08T18:42:07.559+0300] {processor.py:836} INFO - DAG(s) dict_keys(['tutorial']) retrieved from /Users/dogukanulu/opt/anaconda3/lib/python3.9/site-packages/airflow/example_dags/tutorial.py
[2023-06-08T18:42:07.906+0300] {logging_mixin.py:149} INFO - [2023-06-08T18:42:07.906+0300] {dag.py:2726} INFO - Sync 1 DAGs
[2023-06-08T18:42:07.916+0300] {logging_mixin.py:149} INFO - [2023-06-08T18:42:07.916+0300] {dag.py:3486} INFO - Setting next_dagrun for tutorial to 2023-06-07T15:42:07.916140+00:00, run_after=2023-06-08T15:42:07.916140+00:00
[2023-06-08T18:42:07.926+0300] {processor.py:179} INFO - Processing /Users/dogukanulu/opt/anaconda3/lib/python3.9/site-packages/airflow/example_dags/tutorial.py took 0.395 seconds
[2023-06-08T18:43:11.818+0300] {processor.py:157} INFO - Started process (PID=16882) to work on /Users/dogukanulu/opt/anaconda3/lib/python3.9/site-packages/airflow/example_dags/tutorial.py
[2023-06-08T18:43:11.819+0300] {processor.py:826} INFO - Processing file /Users/dogukanulu/opt/anaconda3/lib/python3.9/site-packages/airflow/example_dags/tutorial.py for tasks to queue
[2023-06-08T18:43:11.820+0300] {logging_mixin.py:149} INFO - [2023-06-08T18:43:11.820+0300] {dagbag.py:541} INFO - Filling up the DagBag from /Users/dogukanulu/opt/anaconda3/lib/python3.9/site-packages/airflow/example_dags/tutorial.py
[2023-06-08T18:43:11.848+0300] {processor.py:836} INFO - DAG(s) dict_keys(['tutorial']) retrieved from /Users/dogukanulu/opt/anaconda3/lib/python3.9/site-packages/airflow/example_dags/tutorial.py
[2023-06-08T18:43:12.193+0300] {logging_mixin.py:149} INFO - [2023-06-08T18:43:12.192+0300] {dag.py:2726} INFO - Sync 1 DAGs
[2023-06-08T18:43:12.202+0300] {logging_mixin.py:149} INFO - [2023-06-08T18:43:12.202+0300] {dag.py:3486} INFO - Setting next_dagrun for tutorial to 2023-06-07T15:43:12.202213+00:00, run_after=2023-06-08T15:43:12.202213+00:00
[2023-06-08T18:43:12.211+0300] {processor.py:179} INFO - Processing /Users/dogukanulu/opt/anaconda3/lib/python3.9/site-packages/airflow/example_dags/tutorial.py took 0.394 seconds
[2023-06-08T18:44:12.059+0300] {processor.py:157} INFO - Started process (PID=16969) to work on /Users/dogukanulu/opt/anaconda3/lib/python3.9/site-packages/airflow/example_dags/tutorial.py
[2023-06-08T18:44:12.060+0300] {processor.py:826} INFO - Processing file /Users/dogukanulu/opt/anaconda3/lib/python3.9/site-packages/airflow/example_dags/tutorial.py for tasks to queue
[2023-06-08T18:44:12.060+0300] {logging_mixin.py:149} INFO - [2023-06-08T18:44:12.060+0300] {dagbag.py:541} INFO - Filling up the DagBag from /Users/dogukanulu/opt/anaconda3/lib/python3.9/site-packages/airflow/example_dags/tutorial.py
[2023-06-08T18:44:12.086+0300] {processor.py:836} INFO - DAG(s) dict_keys(['tutorial']) retrieved from /Users/dogukanulu/opt/anaconda3/lib/python3.9/site-packages/airflow/example_dags/tutorial.py
[2023-06-08T18:44:12.429+0300] {logging_mixin.py:149} INFO - [2023-06-08T18:44:12.428+0300] {dag.py:2726} INFO - Sync 1 DAGs
[2023-06-08T18:44:12.438+0300] {logging_mixin.py:149} INFO - [2023-06-08T18:44:12.438+0300] {dag.py:3486} INFO - Setting next_dagrun for tutorial to 2023-06-07T15:44:12.438225+00:00, run_after=2023-06-08T15:44:12.438225+00:00
[2023-06-08T18:44:12.448+0300] {processor.py:179} INFO - Processing /Users/dogukanulu/opt/anaconda3/lib/python3.9/site-packages/airflow/example_dags/tutorial.py took 0.389 seconds
