[2023-06-08T18:28:59.138+0300] {processor.py:157} INFO - Started process (PID=15577) to work on /Users/dogukanulu/opt/anaconda3/lib/python3.9/site-packages/airflow/example_dags/tutorial_taskflow_api.py
[2023-06-08T18:28:59.139+0300] {processor.py:826} INFO - Processing file /Users/dogukanulu/opt/anaconda3/lib/python3.9/site-packages/airflow/example_dags/tutorial_taskflow_api.py for tasks to queue
[2023-06-08T18:28:59.139+0300] {logging_mixin.py:149} INFO - [2023-06-08T18:28:59.139+0300] {dagbag.py:541} INFO - Filling up the DagBag from /Users/dogukanulu/opt/anaconda3/lib/python3.9/site-packages/airflow/example_dags/tutorial_taskflow_api.py
[2023-06-08T18:28:59.183+0300] {processor.py:836} INFO - DAG(s) dict_keys(['tutorial_taskflow_api']) retrieved from /Users/dogukanulu/opt/anaconda3/lib/python3.9/site-packages/airflow/example_dags/tutorial_taskflow_api.py
[2023-06-08T18:28:59.582+0300] {logging_mixin.py:149} INFO - [2023-06-08T18:28:59.582+0300] {manager.py:504} INFO - Created Permission View: can read on DAG:tutorial_taskflow_api
[2023-06-08T18:28:59.586+0300] {logging_mixin.py:149} INFO - [2023-06-08T18:28:59.586+0300] {manager.py:504} INFO - Created Permission View: can edit on DAG:tutorial_taskflow_api
[2023-06-08T18:28:59.589+0300] {logging_mixin.py:149} INFO - [2023-06-08T18:28:59.589+0300] {manager.py:504} INFO - Created Permission View: can delete on DAG:tutorial_taskflow_api
[2023-06-08T18:28:59.589+0300] {logging_mixin.py:149} INFO - [2023-06-08T18:28:59.589+0300] {dag.py:2726} INFO - Sync 1 DAGs
[2023-06-08T18:28:59.595+0300] {logging_mixin.py:149} INFO - [2023-06-08T18:28:59.595+0300] {dag.py:2747} INFO - Creating ORM DAG for tutorial_taskflow_api
[2023-06-08T18:28:59.600+0300] {logging_mixin.py:149} INFO - [2023-06-08T18:28:59.600+0300] {dag.py:3486} INFO - Setting next_dagrun for tutorial_taskflow_api to None, run_after=None
[2023-06-08T18:28:59.609+0300] {processor.py:179} INFO - Processing /Users/dogukanulu/opt/anaconda3/lib/python3.9/site-packages/airflow/example_dags/tutorial_taskflow_api.py took 0.472 seconds
[2023-06-08T18:30:31.694+0300] {processor.py:157} INFO - Started process (PID=15703) to work on /Users/dogukanulu/opt/anaconda3/lib/python3.9/site-packages/airflow/example_dags/tutorial_taskflow_api.py
[2023-06-08T18:30:31.695+0300] {processor.py:826} INFO - Processing file /Users/dogukanulu/opt/anaconda3/lib/python3.9/site-packages/airflow/example_dags/tutorial_taskflow_api.py for tasks to queue
[2023-06-08T18:30:31.695+0300] {logging_mixin.py:149} INFO - [2023-06-08T18:30:31.695+0300] {dagbag.py:541} INFO - Filling up the DagBag from /Users/dogukanulu/opt/anaconda3/lib/python3.9/site-packages/airflow/example_dags/tutorial_taskflow_api.py
[2023-06-08T18:30:31.739+0300] {processor.py:836} INFO - DAG(s) dict_keys(['tutorial_taskflow_api']) retrieved from /Users/dogukanulu/opt/anaconda3/lib/python3.9/site-packages/airflow/example_dags/tutorial_taskflow_api.py
[2023-06-08T18:30:32.086+0300] {logging_mixin.py:149} INFO - [2023-06-08T18:30:32.086+0300] {dag.py:2726} INFO - Sync 1 DAGs
[2023-06-08T18:30:32.094+0300] {logging_mixin.py:149} INFO - [2023-06-08T18:30:32.094+0300] {dag.py:3486} INFO - Setting next_dagrun for tutorial_taskflow_api to None, run_after=None
[2023-06-08T18:30:32.104+0300] {processor.py:179} INFO - Processing /Users/dogukanulu/opt/anaconda3/lib/python3.9/site-packages/airflow/example_dags/tutorial_taskflow_api.py took 0.411 seconds
[2023-06-08T18:31:32.877+0300] {processor.py:157} INFO - Started process (PID=15859) to work on /Users/dogukanulu/opt/anaconda3/lib/python3.9/site-packages/airflow/example_dags/tutorial_taskflow_api.py
[2023-06-08T18:31:32.878+0300] {processor.py:826} INFO - Processing file /Users/dogukanulu/opt/anaconda3/lib/python3.9/site-packages/airflow/example_dags/tutorial_taskflow_api.py for tasks to queue
[2023-06-08T18:31:32.878+0300] {logging_mixin.py:149} INFO - [2023-06-08T18:31:32.878+0300] {dagbag.py:541} INFO - Filling up the DagBag from /Users/dogukanulu/opt/anaconda3/lib/python3.9/site-packages/airflow/example_dags/tutorial_taskflow_api.py
[2023-06-08T18:31:32.921+0300] {processor.py:836} INFO - DAG(s) dict_keys(['tutorial_taskflow_api']) retrieved from /Users/dogukanulu/opt/anaconda3/lib/python3.9/site-packages/airflow/example_dags/tutorial_taskflow_api.py
[2023-06-08T18:31:33.311+0300] {logging_mixin.py:149} INFO - [2023-06-08T18:31:33.311+0300] {dag.py:2726} INFO - Sync 1 DAGs
[2023-06-08T18:31:33.322+0300] {logging_mixin.py:149} INFO - [2023-06-08T18:31:33.322+0300] {dag.py:3486} INFO - Setting next_dagrun for tutorial_taskflow_api to None, run_after=None
[2023-06-08T18:31:33.334+0300] {processor.py:179} INFO - Processing /Users/dogukanulu/opt/anaconda3/lib/python3.9/site-packages/airflow/example_dags/tutorial_taskflow_api.py took 0.458 seconds
[2023-06-08T18:32:34.623+0300] {processor.py:157} INFO - Started process (PID=15940) to work on /Users/dogukanulu/opt/anaconda3/lib/python3.9/site-packages/airflow/example_dags/tutorial_taskflow_api.py
[2023-06-08T18:32:34.624+0300] {processor.py:826} INFO - Processing file /Users/dogukanulu/opt/anaconda3/lib/python3.9/site-packages/airflow/example_dags/tutorial_taskflow_api.py for tasks to queue
[2023-06-08T18:32:34.624+0300] {logging_mixin.py:149} INFO - [2023-06-08T18:32:34.624+0300] {dagbag.py:541} INFO - Filling up the DagBag from /Users/dogukanulu/opt/anaconda3/lib/python3.9/site-packages/airflow/example_dags/tutorial_taskflow_api.py
[2023-06-08T18:32:34.669+0300] {processor.py:836} INFO - DAG(s) dict_keys(['tutorial_taskflow_api']) retrieved from /Users/dogukanulu/opt/anaconda3/lib/python3.9/site-packages/airflow/example_dags/tutorial_taskflow_api.py
[2023-06-08T18:32:35.010+0300] {logging_mixin.py:149} INFO - [2023-06-08T18:32:35.010+0300] {dag.py:2726} INFO - Sync 1 DAGs
[2023-06-08T18:32:35.019+0300] {logging_mixin.py:149} INFO - [2023-06-08T18:32:35.019+0300] {dag.py:3486} INFO - Setting next_dagrun for tutorial_taskflow_api to None, run_after=None
[2023-06-08T18:32:35.029+0300] {processor.py:179} INFO - Processing /Users/dogukanulu/opt/anaconda3/lib/python3.9/site-packages/airflow/example_dags/tutorial_taskflow_api.py took 0.406 seconds
[2023-06-08T18:33:34.607+0300] {processor.py:157} INFO - Started process (PID=16022) to work on /Users/dogukanulu/opt/anaconda3/lib/python3.9/site-packages/airflow/example_dags/tutorial_taskflow_api.py
[2023-06-08T18:33:34.608+0300] {processor.py:826} INFO - Processing file /Users/dogukanulu/opt/anaconda3/lib/python3.9/site-packages/airflow/example_dags/tutorial_taskflow_api.py for tasks to queue
[2023-06-08T18:33:34.608+0300] {logging_mixin.py:149} INFO - [2023-06-08T18:33:34.608+0300] {dagbag.py:541} INFO - Filling up the DagBag from /Users/dogukanulu/opt/anaconda3/lib/python3.9/site-packages/airflow/example_dags/tutorial_taskflow_api.py
[2023-06-08T18:33:34.650+0300] {processor.py:836} INFO - DAG(s) dict_keys(['tutorial_taskflow_api']) retrieved from /Users/dogukanulu/opt/anaconda3/lib/python3.9/site-packages/airflow/example_dags/tutorial_taskflow_api.py
[2023-06-08T18:33:34.993+0300] {logging_mixin.py:149} INFO - [2023-06-08T18:33:34.992+0300] {dag.py:2726} INFO - Sync 1 DAGs
[2023-06-08T18:33:35.002+0300] {logging_mixin.py:149} INFO - [2023-06-08T18:33:35.001+0300] {dag.py:3486} INFO - Setting next_dagrun for tutorial_taskflow_api to None, run_after=None
[2023-06-08T18:33:35.012+0300] {processor.py:179} INFO - Processing /Users/dogukanulu/opt/anaconda3/lib/python3.9/site-packages/airflow/example_dags/tutorial_taskflow_api.py took 0.405 seconds
[2023-06-08T18:34:40.533+0300] {processor.py:157} INFO - Started process (PID=16109) to work on /Users/dogukanulu/opt/anaconda3/lib/python3.9/site-packages/airflow/example_dags/tutorial_taskflow_api.py
[2023-06-08T18:34:40.535+0300] {processor.py:826} INFO - Processing file /Users/dogukanulu/opt/anaconda3/lib/python3.9/site-packages/airflow/example_dags/tutorial_taskflow_api.py for tasks to queue
[2023-06-08T18:34:40.535+0300] {logging_mixin.py:149} INFO - [2023-06-08T18:34:40.535+0300] {dagbag.py:541} INFO - Filling up the DagBag from /Users/dogukanulu/opt/anaconda3/lib/python3.9/site-packages/airflow/example_dags/tutorial_taskflow_api.py
[2023-06-08T18:34:40.584+0300] {processor.py:836} INFO - DAG(s) dict_keys(['tutorial_taskflow_api']) retrieved from /Users/dogukanulu/opt/anaconda3/lib/python3.9/site-packages/airflow/example_dags/tutorial_taskflow_api.py
[2023-06-08T18:34:40.961+0300] {logging_mixin.py:149} INFO - [2023-06-08T18:34:40.961+0300] {dag.py:2726} INFO - Sync 1 DAGs
[2023-06-08T18:34:40.970+0300] {logging_mixin.py:149} INFO - [2023-06-08T18:34:40.970+0300] {dag.py:3486} INFO - Setting next_dagrun for tutorial_taskflow_api to None, run_after=None
[2023-06-08T18:34:40.981+0300] {processor.py:179} INFO - Processing /Users/dogukanulu/opt/anaconda3/lib/python3.9/site-packages/airflow/example_dags/tutorial_taskflow_api.py took 0.449 seconds
[2023-06-08T18:35:44.892+0300] {processor.py:157} INFO - Started process (PID=16199) to work on /Users/dogukanulu/opt/anaconda3/lib/python3.9/site-packages/airflow/example_dags/tutorial_taskflow_api.py
[2023-06-08T18:35:44.894+0300] {processor.py:826} INFO - Processing file /Users/dogukanulu/opt/anaconda3/lib/python3.9/site-packages/airflow/example_dags/tutorial_taskflow_api.py for tasks to queue
[2023-06-08T18:35:44.894+0300] {logging_mixin.py:149} INFO - [2023-06-08T18:35:44.894+0300] {dagbag.py:541} INFO - Filling up the DagBag from /Users/dogukanulu/opt/anaconda3/lib/python3.9/site-packages/airflow/example_dags/tutorial_taskflow_api.py
[2023-06-08T18:35:44.941+0300] {processor.py:836} INFO - DAG(s) dict_keys(['tutorial_taskflow_api']) retrieved from /Users/dogukanulu/opt/anaconda3/lib/python3.9/site-packages/airflow/example_dags/tutorial_taskflow_api.py
[2023-06-08T18:35:45.279+0300] {logging_mixin.py:149} INFO - [2023-06-08T18:35:45.279+0300] {dag.py:2726} INFO - Sync 1 DAGs
[2023-06-08T18:35:45.288+0300] {logging_mixin.py:149} INFO - [2023-06-08T18:35:45.288+0300] {dag.py:3486} INFO - Setting next_dagrun for tutorial_taskflow_api to None, run_after=None
[2023-06-08T18:35:45.298+0300] {processor.py:179} INFO - Processing /Users/dogukanulu/opt/anaconda3/lib/python3.9/site-packages/airflow/example_dags/tutorial_taskflow_api.py took 0.406 seconds
[2023-06-08T18:36:46.892+0300] {processor.py:157} INFO - Started process (PID=16311) to work on /Users/dogukanulu/opt/anaconda3/lib/python3.9/site-packages/airflow/example_dags/tutorial_taskflow_api.py
[2023-06-08T18:36:46.894+0300] {processor.py:826} INFO - Processing file /Users/dogukanulu/opt/anaconda3/lib/python3.9/site-packages/airflow/example_dags/tutorial_taskflow_api.py for tasks to queue
[2023-06-08T18:36:46.894+0300] {logging_mixin.py:149} INFO - [2023-06-08T18:36:46.894+0300] {dagbag.py:541} INFO - Filling up the DagBag from /Users/dogukanulu/opt/anaconda3/lib/python3.9/site-packages/airflow/example_dags/tutorial_taskflow_api.py
[2023-06-08T18:36:46.937+0300] {processor.py:836} INFO - DAG(s) dict_keys(['tutorial_taskflow_api']) retrieved from /Users/dogukanulu/opt/anaconda3/lib/python3.9/site-packages/airflow/example_dags/tutorial_taskflow_api.py
[2023-06-08T18:36:47.277+0300] {logging_mixin.py:149} INFO - [2023-06-08T18:36:47.277+0300] {dag.py:2726} INFO - Sync 1 DAGs
[2023-06-08T18:36:47.286+0300] {logging_mixin.py:149} INFO - [2023-06-08T18:36:47.286+0300] {dag.py:3486} INFO - Setting next_dagrun for tutorial_taskflow_api to None, run_after=None
[2023-06-08T18:36:47.296+0300] {processor.py:179} INFO - Processing /Users/dogukanulu/opt/anaconda3/lib/python3.9/site-packages/airflow/example_dags/tutorial_taskflow_api.py took 0.404 seconds
[2023-06-08T18:37:50.782+0300] {processor.py:157} INFO - Started process (PID=16398) to work on /Users/dogukanulu/opt/anaconda3/lib/python3.9/site-packages/airflow/example_dags/tutorial_taskflow_api.py
[2023-06-08T18:37:50.783+0300] {processor.py:826} INFO - Processing file /Users/dogukanulu/opt/anaconda3/lib/python3.9/site-packages/airflow/example_dags/tutorial_taskflow_api.py for tasks to queue
[2023-06-08T18:37:50.783+0300] {logging_mixin.py:149} INFO - [2023-06-08T18:37:50.783+0300] {dagbag.py:541} INFO - Filling up the DagBag from /Users/dogukanulu/opt/anaconda3/lib/python3.9/site-packages/airflow/example_dags/tutorial_taskflow_api.py
[2023-06-08T18:37:50.826+0300] {processor.py:836} INFO - DAG(s) dict_keys(['tutorial_taskflow_api']) retrieved from /Users/dogukanulu/opt/anaconda3/lib/python3.9/site-packages/airflow/example_dags/tutorial_taskflow_api.py
[2023-06-08T18:37:51.164+0300] {logging_mixin.py:149} INFO - [2023-06-08T18:37:51.164+0300] {dag.py:2726} INFO - Sync 1 DAGs
[2023-06-08T18:37:51.172+0300] {logging_mixin.py:149} INFO - [2023-06-08T18:37:51.172+0300] {dag.py:3486} INFO - Setting next_dagrun for tutorial_taskflow_api to None, run_after=None
[2023-06-08T18:37:51.182+0300] {processor.py:179} INFO - Processing /Users/dogukanulu/opt/anaconda3/lib/python3.9/site-packages/airflow/example_dags/tutorial_taskflow_api.py took 0.401 seconds
[2023-06-08T18:38:56.153+0300] {processor.py:157} INFO - Started process (PID=16490) to work on /Users/dogukanulu/opt/anaconda3/lib/python3.9/site-packages/airflow/example_dags/tutorial_taskflow_api.py
[2023-06-08T18:38:56.155+0300] {processor.py:826} INFO - Processing file /Users/dogukanulu/opt/anaconda3/lib/python3.9/site-packages/airflow/example_dags/tutorial_taskflow_api.py for tasks to queue
[2023-06-08T18:38:56.155+0300] {logging_mixin.py:149} INFO - [2023-06-08T18:38:56.155+0300] {dagbag.py:541} INFO - Filling up the DagBag from /Users/dogukanulu/opt/anaconda3/lib/python3.9/site-packages/airflow/example_dags/tutorial_taskflow_api.py
[2023-06-08T18:38:56.196+0300] {processor.py:836} INFO - DAG(s) dict_keys(['tutorial_taskflow_api']) retrieved from /Users/dogukanulu/opt/anaconda3/lib/python3.9/site-packages/airflow/example_dags/tutorial_taskflow_api.py
[2023-06-08T18:38:56.532+0300] {logging_mixin.py:149} INFO - [2023-06-08T18:38:56.532+0300] {dag.py:2726} INFO - Sync 1 DAGs
[2023-06-08T18:38:56.541+0300] {logging_mixin.py:149} INFO - [2023-06-08T18:38:56.541+0300] {dag.py:3486} INFO - Setting next_dagrun for tutorial_taskflow_api to None, run_after=None
[2023-06-08T18:38:56.551+0300] {processor.py:179} INFO - Processing /Users/dogukanulu/opt/anaconda3/lib/python3.9/site-packages/airflow/example_dags/tutorial_taskflow_api.py took 0.398 seconds
[2023-06-08T18:39:58.857+0300] {processor.py:157} INFO - Started process (PID=16608) to work on /Users/dogukanulu/opt/anaconda3/lib/python3.9/site-packages/airflow/example_dags/tutorial_taskflow_api.py
[2023-06-08T18:39:58.857+0300] {processor.py:826} INFO - Processing file /Users/dogukanulu/opt/anaconda3/lib/python3.9/site-packages/airflow/example_dags/tutorial_taskflow_api.py for tasks to queue
[2023-06-08T18:39:58.857+0300] {logging_mixin.py:149} INFO - [2023-06-08T18:39:58.857+0300] {dagbag.py:541} INFO - Filling up the DagBag from /Users/dogukanulu/opt/anaconda3/lib/python3.9/site-packages/airflow/example_dags/tutorial_taskflow_api.py
[2023-06-08T18:39:58.899+0300] {processor.py:836} INFO - DAG(s) dict_keys(['tutorial_taskflow_api']) retrieved from /Users/dogukanulu/opt/anaconda3/lib/python3.9/site-packages/airflow/example_dags/tutorial_taskflow_api.py
[2023-06-08T18:39:59.235+0300] {logging_mixin.py:149} INFO - [2023-06-08T18:39:59.235+0300] {dag.py:2726} INFO - Sync 1 DAGs
[2023-06-08T18:39:59.244+0300] {logging_mixin.py:149} INFO - [2023-06-08T18:39:59.244+0300] {dag.py:3486} INFO - Setting next_dagrun for tutorial_taskflow_api to None, run_after=None
[2023-06-08T18:39:59.254+0300] {processor.py:179} INFO - Processing /Users/dogukanulu/opt/anaconda3/lib/python3.9/site-packages/airflow/example_dags/tutorial_taskflow_api.py took 0.398 seconds
[2023-06-08T18:41:00.934+0300] {processor.py:157} INFO - Started process (PID=16695) to work on /Users/dogukanulu/opt/anaconda3/lib/python3.9/site-packages/airflow/example_dags/tutorial_taskflow_api.py
[2023-06-08T18:41:00.936+0300] {processor.py:826} INFO - Processing file /Users/dogukanulu/opt/anaconda3/lib/python3.9/site-packages/airflow/example_dags/tutorial_taskflow_api.py for tasks to queue
[2023-06-08T18:41:00.936+0300] {logging_mixin.py:149} INFO - [2023-06-08T18:41:00.936+0300] {dagbag.py:541} INFO - Filling up the DagBag from /Users/dogukanulu/opt/anaconda3/lib/python3.9/site-packages/airflow/example_dags/tutorial_taskflow_api.py
[2023-06-08T18:41:00.977+0300] {processor.py:836} INFO - DAG(s) dict_keys(['tutorial_taskflow_api']) retrieved from /Users/dogukanulu/opt/anaconda3/lib/python3.9/site-packages/airflow/example_dags/tutorial_taskflow_api.py
[2023-06-08T18:41:01.311+0300] {logging_mixin.py:149} INFO - [2023-06-08T18:41:01.311+0300] {dag.py:2726} INFO - Sync 1 DAGs
[2023-06-08T18:41:01.320+0300] {logging_mixin.py:149} INFO - [2023-06-08T18:41:01.320+0300] {dag.py:3486} INFO - Setting next_dagrun for tutorial_taskflow_api to None, run_after=None
[2023-06-08T18:41:01.330+0300] {processor.py:179} INFO - Processing /Users/dogukanulu/opt/anaconda3/lib/python3.9/site-packages/airflow/example_dags/tutorial_taskflow_api.py took 0.396 seconds
[2023-06-08T18:42:03.538+0300] {processor.py:157} INFO - Started process (PID=16781) to work on /Users/dogukanulu/opt/anaconda3/lib/python3.9/site-packages/airflow/example_dags/tutorial_taskflow_api.py
[2023-06-08T18:42:03.540+0300] {processor.py:826} INFO - Processing file /Users/dogukanulu/opt/anaconda3/lib/python3.9/site-packages/airflow/example_dags/tutorial_taskflow_api.py for tasks to queue
[2023-06-08T18:42:03.540+0300] {logging_mixin.py:149} INFO - [2023-06-08T18:42:03.540+0300] {dagbag.py:541} INFO - Filling up the DagBag from /Users/dogukanulu/opt/anaconda3/lib/python3.9/site-packages/airflow/example_dags/tutorial_taskflow_api.py
[2023-06-08T18:42:03.582+0300] {processor.py:836} INFO - DAG(s) dict_keys(['tutorial_taskflow_api']) retrieved from /Users/dogukanulu/opt/anaconda3/lib/python3.9/site-packages/airflow/example_dags/tutorial_taskflow_api.py
[2023-06-08T18:42:03.921+0300] {logging_mixin.py:149} INFO - [2023-06-08T18:42:03.921+0300] {dag.py:2726} INFO - Sync 1 DAGs
[2023-06-08T18:42:03.930+0300] {logging_mixin.py:149} INFO - [2023-06-08T18:42:03.930+0300] {dag.py:3486} INFO - Setting next_dagrun for tutorial_taskflow_api to None, run_after=None
[2023-06-08T18:42:03.940+0300] {processor.py:179} INFO - Processing /Users/dogukanulu/opt/anaconda3/lib/python3.9/site-packages/airflow/example_dags/tutorial_taskflow_api.py took 0.402 seconds
[2023-06-08T18:43:07.535+0300] {processor.py:157} INFO - Started process (PID=16878) to work on /Users/dogukanulu/opt/anaconda3/lib/python3.9/site-packages/airflow/example_dags/tutorial_taskflow_api.py
[2023-06-08T18:43:07.537+0300] {processor.py:826} INFO - Processing file /Users/dogukanulu/opt/anaconda3/lib/python3.9/site-packages/airflow/example_dags/tutorial_taskflow_api.py for tasks to queue
[2023-06-08T18:43:07.537+0300] {logging_mixin.py:149} INFO - [2023-06-08T18:43:07.537+0300] {dagbag.py:541} INFO - Filling up the DagBag from /Users/dogukanulu/opt/anaconda3/lib/python3.9/site-packages/airflow/example_dags/tutorial_taskflow_api.py
[2023-06-08T18:43:07.578+0300] {processor.py:836} INFO - DAG(s) dict_keys(['tutorial_taskflow_api']) retrieved from /Users/dogukanulu/opt/anaconda3/lib/python3.9/site-packages/airflow/example_dags/tutorial_taskflow_api.py
[2023-06-08T18:43:07.913+0300] {logging_mixin.py:149} INFO - [2023-06-08T18:43:07.913+0300] {dag.py:2726} INFO - Sync 1 DAGs
[2023-06-08T18:43:07.922+0300] {logging_mixin.py:149} INFO - [2023-06-08T18:43:07.922+0300] {dag.py:3486} INFO - Setting next_dagrun for tutorial_taskflow_api to None, run_after=None
[2023-06-08T18:43:07.932+0300] {processor.py:179} INFO - Processing /Users/dogukanulu/opt/anaconda3/lib/python3.9/site-packages/airflow/example_dags/tutorial_taskflow_api.py took 0.397 seconds
[2023-06-08T18:44:08.155+0300] {processor.py:157} INFO - Started process (PID=16965) to work on /Users/dogukanulu/opt/anaconda3/lib/python3.9/site-packages/airflow/example_dags/tutorial_taskflow_api.py
[2023-06-08T18:44:08.155+0300] {processor.py:826} INFO - Processing file /Users/dogukanulu/opt/anaconda3/lib/python3.9/site-packages/airflow/example_dags/tutorial_taskflow_api.py for tasks to queue
[2023-06-08T18:44:08.155+0300] {logging_mixin.py:149} INFO - [2023-06-08T18:44:08.155+0300] {dagbag.py:541} INFO - Filling up the DagBag from /Users/dogukanulu/opt/anaconda3/lib/python3.9/site-packages/airflow/example_dags/tutorial_taskflow_api.py
[2023-06-08T18:44:08.197+0300] {processor.py:836} INFO - DAG(s) dict_keys(['tutorial_taskflow_api']) retrieved from /Users/dogukanulu/opt/anaconda3/lib/python3.9/site-packages/airflow/example_dags/tutorial_taskflow_api.py
[2023-06-08T18:44:08.537+0300] {logging_mixin.py:149} INFO - [2023-06-08T18:44:08.537+0300] {dag.py:2726} INFO - Sync 1 DAGs
[2023-06-08T18:44:08.546+0300] {logging_mixin.py:149} INFO - [2023-06-08T18:44:08.546+0300] {dag.py:3486} INFO - Setting next_dagrun for tutorial_taskflow_api to None, run_after=None
[2023-06-08T18:44:08.556+0300] {processor.py:179} INFO - Processing /Users/dogukanulu/opt/anaconda3/lib/python3.9/site-packages/airflow/example_dags/tutorial_taskflow_api.py took 0.401 seconds
