[2023-06-08T18:28:47.776+0300] {processor.py:157} INFO - Started process (PID=15564) to work on /Users/dogukanulu/opt/anaconda3/lib/python3.9/site-packages/airflow/example_dags/subdags/subdag.py
[2023-06-08T18:28:47.776+0300] {processor.py:826} INFO - Processing file /Users/dogukanulu/opt/anaconda3/lib/python3.9/site-packages/airflow/example_dags/subdags/subdag.py for tasks to queue
[2023-06-08T18:28:47.777+0300] {logging_mixin.py:149} INFO - [2023-06-08T18:28:47.777+0300] {dagbag.py:541} INFO - Filling up the DagBag from /Users/dogukanulu/opt/anaconda3/lib/python3.9/site-packages/airflow/example_dags/subdags/subdag.py
[2023-06-08T18:28:47.778+0300] {processor.py:838} WARNING - No viable dags retrieved from /Users/dogukanulu/opt/anaconda3/lib/python3.9/site-packages/airflow/example_dags/subdags/subdag.py
[2023-06-08T18:28:48.126+0300] {processor.py:179} INFO - Processing /Users/dogukanulu/opt/anaconda3/lib/python3.9/site-packages/airflow/example_dags/subdags/subdag.py took 0.351 seconds
[2023-06-08T18:30:20.880+0300] {processor.py:157} INFO - Started process (PID=15686) to work on /Users/dogukanulu/opt/anaconda3/lib/python3.9/site-packages/airflow/example_dags/subdags/subdag.py
[2023-06-08T18:30:20.881+0300] {processor.py:826} INFO - Processing file /Users/dogukanulu/opt/anaconda3/lib/python3.9/site-packages/airflow/example_dags/subdags/subdag.py for tasks to queue
[2023-06-08T18:30:20.882+0300] {logging_mixin.py:149} INFO - [2023-06-08T18:30:20.882+0300] {dagbag.py:541} INFO - Filling up the DagBag from /Users/dogukanulu/opt/anaconda3/lib/python3.9/site-packages/airflow/example_dags/subdags/subdag.py
[2023-06-08T18:30:20.883+0300] {processor.py:838} WARNING - No viable dags retrieved from /Users/dogukanulu/opt/anaconda3/lib/python3.9/site-packages/airflow/example_dags/subdags/subdag.py
[2023-06-08T18:30:21.227+0300] {processor.py:179} INFO - Processing /Users/dogukanulu/opt/anaconda3/lib/python3.9/site-packages/airflow/example_dags/subdags/subdag.py took 0.348 seconds
[2023-06-08T18:31:21.053+0300] {processor.py:157} INFO - Started process (PID=15840) to work on /Users/dogukanulu/opt/anaconda3/lib/python3.9/site-packages/airflow/example_dags/subdags/subdag.py
[2023-06-08T18:31:21.054+0300] {processor.py:826} INFO - Processing file /Users/dogukanulu/opt/anaconda3/lib/python3.9/site-packages/airflow/example_dags/subdags/subdag.py for tasks to queue
[2023-06-08T18:31:21.054+0300] {logging_mixin.py:149} INFO - [2023-06-08T18:31:21.054+0300] {dagbag.py:541} INFO - Filling up the DagBag from /Users/dogukanulu/opt/anaconda3/lib/python3.9/site-packages/airflow/example_dags/subdags/subdag.py
[2023-06-08T18:31:21.056+0300] {processor.py:838} WARNING - No viable dags retrieved from /Users/dogukanulu/opt/anaconda3/lib/python3.9/site-packages/airflow/example_dags/subdags/subdag.py
[2023-06-08T18:31:21.412+0300] {processor.py:179} INFO - Processing /Users/dogukanulu/opt/anaconda3/lib/python3.9/site-packages/airflow/example_dags/subdags/subdag.py took 0.360 seconds
[2023-06-08T18:32:23.263+0300] {processor.py:157} INFO - Started process (PID=15927) to work on /Users/dogukanulu/opt/anaconda3/lib/python3.9/site-packages/airflow/example_dags/subdags/subdag.py
[2023-06-08T18:32:23.265+0300] {processor.py:826} INFO - Processing file /Users/dogukanulu/opt/anaconda3/lib/python3.9/site-packages/airflow/example_dags/subdags/subdag.py for tasks to queue
[2023-06-08T18:32:23.265+0300] {logging_mixin.py:149} INFO - [2023-06-08T18:32:23.265+0300] {dagbag.py:541} INFO - Filling up the DagBag from /Users/dogukanulu/opt/anaconda3/lib/python3.9/site-packages/airflow/example_dags/subdags/subdag.py
[2023-06-08T18:32:23.267+0300] {processor.py:838} WARNING - No viable dags retrieved from /Users/dogukanulu/opt/anaconda3/lib/python3.9/site-packages/airflow/example_dags/subdags/subdag.py
[2023-06-08T18:32:23.660+0300] {processor.py:179} INFO - Processing /Users/dogukanulu/opt/anaconda3/lib/python3.9/site-packages/airflow/example_dags/subdags/subdag.py took 0.398 seconds
[2023-06-08T18:33:23.379+0300] {processor.py:157} INFO - Started process (PID=16009) to work on /Users/dogukanulu/opt/anaconda3/lib/python3.9/site-packages/airflow/example_dags/subdags/subdag.py
[2023-06-08T18:33:23.380+0300] {processor.py:826} INFO - Processing file /Users/dogukanulu/opt/anaconda3/lib/python3.9/site-packages/airflow/example_dags/subdags/subdag.py for tasks to queue
[2023-06-08T18:33:23.380+0300] {logging_mixin.py:149} INFO - [2023-06-08T18:33:23.380+0300] {dagbag.py:541} INFO - Filling up the DagBag from /Users/dogukanulu/opt/anaconda3/lib/python3.9/site-packages/airflow/example_dags/subdags/subdag.py
[2023-06-08T18:33:23.382+0300] {processor.py:838} WARNING - No viable dags retrieved from /Users/dogukanulu/opt/anaconda3/lib/python3.9/site-packages/airflow/example_dags/subdags/subdag.py
[2023-06-08T18:33:23.732+0300] {processor.py:179} INFO - Processing /Users/dogukanulu/opt/anaconda3/lib/python3.9/site-packages/airflow/example_dags/subdags/subdag.py took 0.354 seconds
[2023-06-08T18:34:29.151+0300] {processor.py:157} INFO - Started process (PID=16096) to work on /Users/dogukanulu/opt/anaconda3/lib/python3.9/site-packages/airflow/example_dags/subdags/subdag.py
[2023-06-08T18:34:29.153+0300] {processor.py:826} INFO - Processing file /Users/dogukanulu/opt/anaconda3/lib/python3.9/site-packages/airflow/example_dags/subdags/subdag.py for tasks to queue
[2023-06-08T18:34:29.153+0300] {logging_mixin.py:149} INFO - [2023-06-08T18:34:29.153+0300] {dagbag.py:541} INFO - Filling up the DagBag from /Users/dogukanulu/opt/anaconda3/lib/python3.9/site-packages/airflow/example_dags/subdags/subdag.py
[2023-06-08T18:34:29.154+0300] {processor.py:838} WARNING - No viable dags retrieved from /Users/dogukanulu/opt/anaconda3/lib/python3.9/site-packages/airflow/example_dags/subdags/subdag.py
[2023-06-08T18:34:29.500+0300] {processor.py:179} INFO - Processing /Users/dogukanulu/opt/anaconda3/lib/python3.9/site-packages/airflow/example_dags/subdags/subdag.py took 0.349 seconds
[2023-06-08T18:35:32.774+0300] {processor.py:157} INFO - Started process (PID=16186) to work on /Users/dogukanulu/opt/anaconda3/lib/python3.9/site-packages/airflow/example_dags/subdags/subdag.py
[2023-06-08T18:35:32.775+0300] {processor.py:826} INFO - Processing file /Users/dogukanulu/opt/anaconda3/lib/python3.9/site-packages/airflow/example_dags/subdags/subdag.py for tasks to queue
[2023-06-08T18:35:32.776+0300] {logging_mixin.py:149} INFO - [2023-06-08T18:35:32.776+0300] {dagbag.py:541} INFO - Filling up the DagBag from /Users/dogukanulu/opt/anaconda3/lib/python3.9/site-packages/airflow/example_dags/subdags/subdag.py
[2023-06-08T18:35:32.777+0300] {processor.py:838} WARNING - No viable dags retrieved from /Users/dogukanulu/opt/anaconda3/lib/python3.9/site-packages/airflow/example_dags/subdags/subdag.py
[2023-06-08T18:35:33.149+0300] {processor.py:179} INFO - Processing /Users/dogukanulu/opt/anaconda3/lib/python3.9/site-packages/airflow/example_dags/subdags/subdag.py took 0.375 seconds
[2023-06-08T18:36:36.174+0300] {processor.py:157} INFO - Started process (PID=16294) to work on /Users/dogukanulu/opt/anaconda3/lib/python3.9/site-packages/airflow/example_dags/subdags/subdag.py
[2023-06-08T18:36:36.175+0300] {processor.py:826} INFO - Processing file /Users/dogukanulu/opt/anaconda3/lib/python3.9/site-packages/airflow/example_dags/subdags/subdag.py for tasks to queue
[2023-06-08T18:36:36.175+0300] {logging_mixin.py:149} INFO - [2023-06-08T18:36:36.175+0300] {dagbag.py:541} INFO - Filling up the DagBag from /Users/dogukanulu/opt/anaconda3/lib/python3.9/site-packages/airflow/example_dags/subdags/subdag.py
[2023-06-08T18:36:36.177+0300] {processor.py:838} WARNING - No viable dags retrieved from /Users/dogukanulu/opt/anaconda3/lib/python3.9/site-packages/airflow/example_dags/subdags/subdag.py
[2023-06-08T18:36:36.539+0300] {processor.py:179} INFO - Processing /Users/dogukanulu/opt/anaconda3/lib/python3.9/site-packages/airflow/example_dags/subdags/subdag.py took 0.366 seconds
[2023-06-08T18:37:39.284+0300] {processor.py:157} INFO - Started process (PID=16384) to work on /Users/dogukanulu/opt/anaconda3/lib/python3.9/site-packages/airflow/example_dags/subdags/subdag.py
[2023-06-08T18:37:39.286+0300] {processor.py:826} INFO - Processing file /Users/dogukanulu/opt/anaconda3/lib/python3.9/site-packages/airflow/example_dags/subdags/subdag.py for tasks to queue
[2023-06-08T18:37:39.286+0300] {logging_mixin.py:149} INFO - [2023-06-08T18:37:39.286+0300] {dagbag.py:541} INFO - Filling up the DagBag from /Users/dogukanulu/opt/anaconda3/lib/python3.9/site-packages/airflow/example_dags/subdags/subdag.py
[2023-06-08T18:37:39.287+0300] {processor.py:838} WARNING - No viable dags retrieved from /Users/dogukanulu/opt/anaconda3/lib/python3.9/site-packages/airflow/example_dags/subdags/subdag.py
[2023-06-08T18:37:39.642+0300] {processor.py:179} INFO - Processing /Users/dogukanulu/opt/anaconda3/lib/python3.9/site-packages/airflow/example_dags/subdags/subdag.py took 0.358 seconds
[2023-06-08T18:38:45.147+0300] {processor.py:157} INFO - Started process (PID=16477) to work on /Users/dogukanulu/opt/anaconda3/lib/python3.9/site-packages/airflow/example_dags/subdags/subdag.py
[2023-06-08T18:38:45.149+0300] {processor.py:826} INFO - Processing file /Users/dogukanulu/opt/anaconda3/lib/python3.9/site-packages/airflow/example_dags/subdags/subdag.py for tasks to queue
[2023-06-08T18:38:45.149+0300] {logging_mixin.py:149} INFO - [2023-06-08T18:38:45.149+0300] {dagbag.py:541} INFO - Filling up the DagBag from /Users/dogukanulu/opt/anaconda3/lib/python3.9/site-packages/airflow/example_dags/subdags/subdag.py
[2023-06-08T18:38:45.150+0300] {processor.py:838} WARNING - No viable dags retrieved from /Users/dogukanulu/opt/anaconda3/lib/python3.9/site-packages/airflow/example_dags/subdags/subdag.py
[2023-06-08T18:38:45.495+0300] {processor.py:179} INFO - Processing /Users/dogukanulu/opt/anaconda3/lib/python3.9/site-packages/airflow/example_dags/subdags/subdag.py took 0.348 seconds
[2023-06-08T18:39:48.062+0300] {processor.py:157} INFO - Started process (PID=16593) to work on /Users/dogukanulu/opt/anaconda3/lib/python3.9/site-packages/airflow/example_dags/subdags/subdag.py
[2023-06-08T18:39:48.063+0300] {processor.py:826} INFO - Processing file /Users/dogukanulu/opt/anaconda3/lib/python3.9/site-packages/airflow/example_dags/subdags/subdag.py for tasks to queue
[2023-06-08T18:39:48.063+0300] {logging_mixin.py:149} INFO - [2023-06-08T18:39:48.063+0300] {dagbag.py:541} INFO - Filling up the DagBag from /Users/dogukanulu/opt/anaconda3/lib/python3.9/site-packages/airflow/example_dags/subdags/subdag.py
[2023-06-08T18:39:48.064+0300] {processor.py:838} WARNING - No viable dags retrieved from /Users/dogukanulu/opt/anaconda3/lib/python3.9/site-packages/airflow/example_dags/subdags/subdag.py
[2023-06-08T18:39:48.408+0300] {processor.py:179} INFO - Processing /Users/dogukanulu/opt/anaconda3/lib/python3.9/site-packages/airflow/example_dags/subdags/subdag.py took 0.347 seconds
[2023-06-08T18:40:50.316+0300] {processor.py:157} INFO - Started process (PID=16682) to work on /Users/dogukanulu/opt/anaconda3/lib/python3.9/site-packages/airflow/example_dags/subdags/subdag.py
[2023-06-08T18:40:50.318+0300] {processor.py:826} INFO - Processing file /Users/dogukanulu/opt/anaconda3/lib/python3.9/site-packages/airflow/example_dags/subdags/subdag.py for tasks to queue
[2023-06-08T18:40:50.318+0300] {logging_mixin.py:149} INFO - [2023-06-08T18:40:50.318+0300] {dagbag.py:541} INFO - Filling up the DagBag from /Users/dogukanulu/opt/anaconda3/lib/python3.9/site-packages/airflow/example_dags/subdags/subdag.py
[2023-06-08T18:40:50.319+0300] {processor.py:838} WARNING - No viable dags retrieved from /Users/dogukanulu/opt/anaconda3/lib/python3.9/site-packages/airflow/example_dags/subdags/subdag.py
[2023-06-08T18:40:50.665+0300] {processor.py:179} INFO - Processing /Users/dogukanulu/opt/anaconda3/lib/python3.9/site-packages/airflow/example_dags/subdags/subdag.py took 0.349 seconds
[2023-06-08T18:41:52.414+0300] {processor.py:157} INFO - Started process (PID=16765) to work on /Users/dogukanulu/opt/anaconda3/lib/python3.9/site-packages/airflow/example_dags/subdags/subdag.py
[2023-06-08T18:41:52.415+0300] {processor.py:826} INFO - Processing file /Users/dogukanulu/opt/anaconda3/lib/python3.9/site-packages/airflow/example_dags/subdags/subdag.py for tasks to queue
[2023-06-08T18:41:52.415+0300] {logging_mixin.py:149} INFO - [2023-06-08T18:41:52.415+0300] {dagbag.py:541} INFO - Filling up the DagBag from /Users/dogukanulu/opt/anaconda3/lib/python3.9/site-packages/airflow/example_dags/subdags/subdag.py
[2023-06-08T18:41:52.416+0300] {processor.py:838} WARNING - No viable dags retrieved from /Users/dogukanulu/opt/anaconda3/lib/python3.9/site-packages/airflow/example_dags/subdags/subdag.py
[2023-06-08T18:41:52.764+0300] {processor.py:179} INFO - Processing /Users/dogukanulu/opt/anaconda3/lib/python3.9/site-packages/airflow/example_dags/subdags/subdag.py took 0.351 seconds
[2023-06-08T18:42:55.692+0300] {processor.py:157} INFO - Started process (PID=16858) to work on /Users/dogukanulu/opt/anaconda3/lib/python3.9/site-packages/airflow/example_dags/subdags/subdag.py
[2023-06-08T18:42:55.693+0300] {processor.py:826} INFO - Processing file /Users/dogukanulu/opt/anaconda3/lib/python3.9/site-packages/airflow/example_dags/subdags/subdag.py for tasks to queue
[2023-06-08T18:42:55.694+0300] {logging_mixin.py:149} INFO - [2023-06-08T18:42:55.694+0300] {dagbag.py:541} INFO - Filling up the DagBag from /Users/dogukanulu/opt/anaconda3/lib/python3.9/site-packages/airflow/example_dags/subdags/subdag.py
[2023-06-08T18:42:55.695+0300] {processor.py:838} WARNING - No viable dags retrieved from /Users/dogukanulu/opt/anaconda3/lib/python3.9/site-packages/airflow/example_dags/subdags/subdag.py
[2023-06-08T18:42:56.056+0300] {processor.py:179} INFO - Processing /Users/dogukanulu/opt/anaconda3/lib/python3.9/site-packages/airflow/example_dags/subdags/subdag.py took 0.365 seconds
[2023-06-08T18:43:57.358+0300] {processor.py:157} INFO - Started process (PID=16949) to work on /Users/dogukanulu/opt/anaconda3/lib/python3.9/site-packages/airflow/example_dags/subdags/subdag.py
[2023-06-08T18:43:57.359+0300] {processor.py:826} INFO - Processing file /Users/dogukanulu/opt/anaconda3/lib/python3.9/site-packages/airflow/example_dags/subdags/subdag.py for tasks to queue
[2023-06-08T18:43:57.359+0300] {logging_mixin.py:149} INFO - [2023-06-08T18:43:57.359+0300] {dagbag.py:541} INFO - Filling up the DagBag from /Users/dogukanulu/opt/anaconda3/lib/python3.9/site-packages/airflow/example_dags/subdags/subdag.py
[2023-06-08T18:43:57.360+0300] {processor.py:838} WARNING - No viable dags retrieved from /Users/dogukanulu/opt/anaconda3/lib/python3.9/site-packages/airflow/example_dags/subdags/subdag.py
[2023-06-08T18:43:57.711+0300] {processor.py:179} INFO - Processing /Users/dogukanulu/opt/anaconda3/lib/python3.9/site-packages/airflow/example_dags/subdags/subdag.py took 0.353 seconds
